[1] 0
[8] 0
[18] I_am_the_admin 奥斯卡 foo@bar.com 10
[20] 0
[29] 0
[37] 0
[39] 0
[43] 0
[52] 0
[57] 0
[59] 0
[66] Plume 翎羽 PARTY.A.spectre@is.haunting 9
[67] I_am_the_admin 奥斯卡 foo@bar.com 10
[68] Plume 翎羽 PARTY.A.spectre@is.haunting 9
[77] 0
[86] 0
[90] 0
[100] 0
[101] 0
[103] 0
[104] 0
[111] 0
[120] 0
[125] 0
[127] Haze 夜烟 Czar.Metternich@and.Guizot 3
[131] Astesia 星极 Europethe.spectre@of.Communism 6
[133] Haze 夜烟 policespies@Where.is 3
[136] 0
[144] 0
[151] 0
[153] 0
[154] Haze 夜烟 policespies@Where.is 3
[158] 0
[166] 0
[167] 0
[177] 0
[183] 0
[187] 0
[193] Ansel 安赛尔 opponents.in@power.Where 4
[202] 0
[210] 0
[211] 0
[219] -1
[225] Snowsant 雪雉 is.the.Opposition@that.has 3
[235] 0
[237] -1
[246] 0
[248] 0
[252] 0
[262] 0
[263] -1
[269] Scavenger 清道夫 opposition@parties.as 3
[279] Snowsant 雪雉 is.the.Opposition@that.has 3
[287] Blaze 煌煌 against.the@more.advanced 1
[293] Scavenger 清道夫 opposition@parties.as 3
[295] 0
[296] 0
[301] Snowsant 雪雉 is.the.Opposition@that.has 3
[311] 0
[313] 0
[318] Haze 夜烟 policespies@Where.is 3
[326] 0
[327] 0
[332] 0
[333] 0
[339] Conviction 断罪者 I.Communism@is.already 2
[345] 0
[349] -1
[356] 0
[357] Snowsant 雪雉 is.the.Opposition@that.has 3
[362] Snowsant 雪雉 is.the.Opposition@that.has 3
[370] Haze 夜烟 policespies@Where.is 3
[377] Ansel 安赛尔 opponents.in@power.Where 4
[379] 0
[385] 0
[394] 0
[403] 0
[408] 0
[411] Nightmare 夜魔 is.high.time@that.Communists 4
[412] Ansel 安赛尔 opponents.in@power.Where 4
[421] -1
[424] 0
[431] 0
[433] 0
[437] 0
[447] Ansel 安赛尔 opponents.in@power.Where 4
[450] -1
[459] 0
[464] -1
[469] Mousse 慕斯 itself.a.Power@II.It 4
[470] 0
[478] 0
[488] 0
[495] 0
[498] Conviction 断罪者 I.Communism@is.already 2
[508] 0
[513] 0
[519] Haze 夜烟 policespies@Where.is 3
[520] 0
[524] 0
[527] 0
[530] 0
[540] 0
[548] 0
[557] 0
[561] -1
[568] Conviction 断罪者 I.Communism@is.already 2
[578] 0
[585] 0
[593] 0
[596] -1
[600] Conviction 断罪者 I.Communism@is.already 2
[609] Hellagur 赫拉格 meet.this.nursery@tale.of 3
[611] Rope 暗索 in.London.and@sketched.the 4
[619] 0
[628] -1
[634] Nightmare 夜魔 is.high.time@that.Communists 4
[643] 0
[648] 0
[650] 0
[654] 0
[657] 0
[662] 0
[664] 0
[667] 0
[670] 0
[676] 0
[679] 0
[680] 0
[689] 0
[690] 0
[696] 0
[705] 0
[713] Phantom 傀影 following.Manifesto@to.be 2
[716] Rope 暗索 in.London.and@sketched.the 4
[725] 0
[728] 0
[738] 0
[747] -1
[752] 0
[759] 0
[768] 0
[776] 0
[786] 0
[790] 0
[798] 0
[808] 0
[816] 0
[819] Conviction 断罪者 that.each.time@ended.either 2
[820] 0
[822] 0
[826] Ambriel 安比尔 history.of@all.hitherto 3
[828] Conviction 断罪者 that.each.time@ended.either 2
[835] 0
[839] -1
[844] Grani 格拉尼 in.a.word.oppressor@and.oppres 1
[848] Mousse 慕斯 itself.a.Power@II.It 4
[857] Ambriel 安比尔 history.of@all.hitherto 3
[866] -1
[875] Hellagur 赫拉格 meet.this.nursery@tale.of 3
[883] Grani 格拉尼 in.a.word.oppressor@and.oppres 1
[889] 0
[890] 0
[899] Nian 年年 in.the.common@ruin.of 1
[906] Courier 讯使 end.Communists@of.various 1
[908] Scavenger 清道夫 opposition@parties.as 3
[912] Snowsant 雪雉 is.the.Opposition@that.has 3
[914] 0
[920] 0
[929] 0
[932] 0
[941] 0
[946] W 达不溜 French.German@Italian.Flemish 2
[948] Scavenger 清道夫 opposition@parties.as 3
[957] Snowsant 雪雉 is.the.Opposition@that.has 3
[962] 0
[968] 0
[971] 0
[980] 0
[981] -1
[983] Fang 芬芬 nationalities@have.assembled 3
[984] Bison 拜松 one.another@carried.on 1
[993] Vigna 红豆 adversaries@Two.things 5
[998] 0
[1001] 0
[1007] 0
[1015] -1
[1022] 0
[1025] -1
[1029] 0
[1032] 0
[1042] 0
[1049] 0
[1057] Ceobe 刻俄柏 acknowledged@by.all 4
[1058] 0
[1061] 0
[1063] 0
[1071] Haze 夜烟 policespies@Where.is 3
[1076] -1
[1080] 0
[1087] 0
[1089] Ambriel 安比尔 history.of@all.hitherto 3
[1098] Ambriel 安比尔 history.of@all.hitherto 3
[1101] 0
[1105] 0
[1108] 0
[1112] -1
[1121] 0
[1130] 0
[1133] Mousse 慕斯 itself.a.Power@II.It 4
[1135] Sussurro 苏苏洛 into.various@orders.a 1
[1145] 0
[1155] 0
[1164] 0
[1168] 0
[1178] Mousse 慕斯 itself.a.Power@II.It 4
[1180] NoirCorne 黑角 face.of.the@whole.world 4
[1187] Provence 普罗旺斯 aims.their@tendencies.and 4
[1188] WaaiFu 槐琥 have.patricians@knights.plebei 1
[1193] 0
[1201] Ifrit 伊芙利特 slaves.in.the@Middle.Ages 3
[1203] Sesa 慑砂 everywhere@a.complicated 4
[1209] Mousse 慕斯 itself.a.Power@II.It 4
[1213] Ambriel 安比尔 history.of@all.hitherto 3
[1214] Bison 拜松 one.another@carried.on 1
[1222] Zima 凛冬 classes.again@subordinate.grad 1
[1229] Liskarm 雷蛇 the.Spectre@of.Communism 3
[1233] 0
[1243] 0
[1250] 0
[1255] 0
[1261] Schwarz 黑黑 and.Danish@languages.I 1
[1269] 0
[1271] 0
[1278] 0
[1279] 0
[1289] Popukar 泡普卡 journeymen@apprentices.serfs 1
[1291] 0
[1295] 0
[1296] Greyy 格雷 new.forms.of@struggle.in 4
[1303] Ambriel 安比尔 history.of@all.hitherto 3
[1311] 0
[1320] 0
[1328] 0
[1338] 0
[1339] ProjeKTRed 红红 place.of.the@old.ones 1
[1349] Magallan 麦哲伦 arrangement@of.society 2
[1353] Eyjafjalla 艾雅法拉 but.established@new.classes 1
[1361] NoirCorne 黑角 face.of.the@whole.world 4
[1370] Ambriel 安比尔 the.bourgeoisie@possesses.howe 3
[1377] Greyy 格雷 new.forms.of@struggle.in 4
[1384] Frostleaf 霜叶 existing.societies@is.the 1
[1385] 0
[1389] 0
[1393] 0
[1403] 0
[1411] Haze 夜烟 antagonisms@Society.as 3
[1417] 0
[1419] 0
[1420] Ifrit 伊芙利特 slaves.in.the@Middle.Ages 3
[1429] 0
[1434] Gummy 古米 new.conditions@of.oppression 4
[1441] Conviction 断罪者 that.each.time@ended.either 2
[1449] Purestream 清流 this.distinctive@feature.it 2
[1451] Sora 空空 manifold.gradation@of.social 2
[1453] Courier 讯使 more.splitting@up.into 1
[1461] 0
[1471] 0
[1480] 0
[1486] Scavenger 清道夫 opposition@parties.as 3
[1490] FEater 食铁兽 not.done.away@with.class 1
[1493] Sora 空空 manifold.gradation@of.social 2
[1500] Popukar 泡普卡 journeymen@apprentices.serfs 1
[1506] 0
[1509] 0
[1516] 0
[1522] 0
[1523] 0
[1528] 0
[1533] 0
[1536] Courier 讯使 more.splitting@up.into 1
[1540] 0
[1545] 0
[1551] Broca 布洛卡 serfs.of.the@Middle.Ages 4
[1558] 0
[1560] -1
[1565] Fang 芬芬 nationalities@have.assembled 3
[1570] Gummy 古米 new.conditions@of.oppression 4
[1576] Courier 讯使 more.splitting@up.into 1
[1580] 0
[1584] -1
[1593] Durin 杜林 Proletariat@From.the 1
[1599] 0
[1606] 0
[1607] Eyjafjalla 艾雅法拉 but.established@new.classes 1
[1615] Nian 年年 in.the.common@ruin.of 1
[1621] Executor 送葬人 two.great.hostile@camps.into 1
[1628] Croissant 可颂 ruins.of.feudal@society.has 4
[1635] 0
[1637] Gummy 古米 new.conditions@of.oppression 4
[1644] Zima 凛冬 classes.again@subordinate.grad 1
[1653] 0
[1658] 0
[1668] ProjeKTRed 红红 place.of.the@old.ones 1
[1678] Shining 闪灵 publish.their@views.their 1
[1686] Fang 芬芬 nationalities@have.assembled 3
[1693] Mousse 慕斯 itself.a.Power@II.It 4
[1703] Conviction 断罪者 that.each.time@ended.either 2
[1710] -1
[1716] Ceobe 刻俄柏 acknowledged@by.all 4
[1721] Snowsant 雪雉 is.the.Opposition@that.has 3
[1722] 0
[1729] 0
[1734] 0
[1736] 0
[1742] Scavenger 清道夫 opposition@parties.as 3
[1746] 0
[1752] 0
[1754] 0
[1757] 0
[1759] 0
[1764] 0
[1770] Aak 阿阿 an.uninterrupted@now.hidden 1
[1778] Sideroca 铸铁 of.the.earliest@towns.From 2
[1782] 0
[1783] 0
[1789] 0
[1792] 0
[1798] Broca 布洛 serfs.of.the@Middle.Ages 4
[1799] 0
[1803] 0
[1808] Gavial 嘉维尔 each.other@Bourgeoisie.and 1
[1814] 0
[1818] Rope 暗索 in.London.and@sketched.the 4
[1823] Sora 空空 manifold.gradation@of.social 2
[1831] 0
[1838] 0
[1841] Durin 杜林 Proletariat@From.the 1
[1850] Bison 拜松 one.another@carried.on 1
[1857] 0
[1862] 0
[1864] -1
[1867] Bibeak 柏喙 rising.bourgeoisie@The.EastInd 1
[1871] 0
[1881] 0
[1885] GreyThroat 灰喉 means.of.exchange@and.in 2
[1893] Eyjafjalla 艾雅法拉 but.established@new.classes 1
[1902] Schwarz 黑黑 and.Danish@languages.I 1
[1905] Courier 讯使 more.splitting@up.into 1
[1911] Gravel 砾砾 trade.with@the.colonies 4
[1915] Amiya 阿米娅 commodities@generally.gave 2
[1922] 0
[1930] Deepcolor 深海色 The.modern@bourgeois.society 3
[1935] Mousse 慕斯 itself.a.Power@II.It 4
[1936] Fang 芬芬 to.commerce@to.navigation 3
[1940] Nian 年年 in.the.common@ruin.of 1
[1949] 0
[1957] Hung 吽吽 that.has.sprouted@from.the 3
[1965] 0
[1974] 0
[1980] Hung 吽吽 that.has.sprouted@from.the 3
[1985] 0
[1991] -1
[1996] Sideroca 铸铁 of.the.earliest@towns.From 2
[2001] Purestream 清流 this.distinctive@feature.it 2
[2010] Gavial 嘉维尔 each.other@Bourgeoisie.and 1
[2013] -1
[2015] Sora 空空 manifold.gradation@of.social 2
[2021] 0
[2022] 0
[2027] 0
[2029] 0
[2035] Sideroca 铸铁 of.the.earliest@towns.From 2
[2040] Liskarm 雷蛇 the.Spectre@of.Communism 3
[2049] 0
[2051] Gummy 古米 new.conditions@of.oppression 4
[2055] 0
[2058] Rope 暗索 in.London.and@sketched.the 4
[2068] 0
[2077] 0
[2085] 0
[2086] 0
[2092] Gummy 古米 new.conditions@of.oppression 4
[2095] Ambriel 安比尔 the.bourgeoisie@possesses.howe 3
[2096] Magallan 麦哲伦 arrangement@of.society 2
[2101] Gravel 砾砾 trade.with@the.colonies 4
[2105] Eyjafjalla 艾雅法拉 but.established@new.classes 1
[2112] Courier 讯使 more.splitting@up.into 1
[2118] Siege 推进之王 in.a.revolutionary@reconstitut 1
[2124] Savage 暴行 fresh.ground@for.the 1
[2126] Rope 暗索 in.London.and@sketched.the 4
[2130] Broca 布洛 serfs.of.the@Middle.Ages 4
[2137] Greyy 格雷 new.forms.of@struggle.in 4
[2144] Frostleaf 霜叶 existing.societies@is.the 1
[2148] Schwarz 黑黑 and.Danish@languages.I 1
[2150] 0
[2160] Weedy 温蒂 with.a.Manifesto@of.the 2
[2162] -1
[2169] 0
[2170] 0
[2175] 0
[2184] Scavenger 清道夫 opposition@parties.as 3
[2186] Snowsant 雪雉 is.the.Opposition@that.has 3
[2195] Zima 凛冬 classes.again@subordinate.grad 1
[2204] Gummy 古米 new.conditions@of.oppression 4
[2211] Phantom 傀影 following.Manifesto@to.be 2
[2220] Ceobe 刻俄柏 development@The.feudal 4
[2228] Sussurro 苏苏洛 into.various@orders.a 1
[2230] 0
[2240] 0
[2248] Ceobe 刻俄柏 development@The.feudal 4
[2249] Hellagur 赫拉格 meet.this.nursery@tale.of 3
[2258] Franka 芙兰卡 and.Chinese@markets.the 1
[2262] Purestream 清流 this.distinctive@feature.it 2
[2266] 0
[2267] 0
[2268] Gavial 嘉维尔 each.other@Bourgeoisie.and 1
[2278] 0
[2280] 0
[2283] NoirCorne 黑角 face.of.the@whole.world 4
[2290] Deepcolor 深海色 The.modern@bourgeois.society 3
[2291] Popukar 泡普卡 journeymen@apprentices.serfs 1
[2296] 0
[2304] 0
[2310] Gravel 砾砾 trade.with@the.colonies 4
[2313] Gravel 砾砾 trade.with@the.colonies 4
[2322] 0
[2332] 0
[2340] 0
[2346] Greyy 格雷 new.forms.of@struggle.in 4
[2354] 0
[2355] Ceobe 刻俄柏 development@The.feudal 4
[2365] Utage 宴宴 never.before@known.and 2
[2374] Sideroca 铸铁 of.the.earliest@towns.From 2
[2376] Silence 赫默 has.simplified@the.class 2
[2386] Greyy 格雷 new.forms.of@struggle.in 4
[2392] WaaiFu 槐琥 have.patricians@knights.plebei 1
[2398] Blaze 煌煌 against.the@more.advanced 1
[2406] Schwarz 黑黑 wants.of.the@new.markets 1
[2416] 0
[2423] 0
[2425] Eyjafjalla 艾雅法 its.place.The@guildmasters.wer 1
[2432] 0
[2442] 0
[2445] Durin 杜林 Proletariat@From.the 1
[2454] Weedy 温蒂 with.a.Manifesto@of.the 2
[2463] Mousse 慕斯 itself.a.Power@II.It 4
[2470] Eyjafjalla 艾雅法 its.place.The@guildmasters.wer 1
[2480] W 达不溜 French.German@Italian.Flemish 2
[2485] Hellagur 赫拉格 meet.this.nursery@tale.of 3
[2488] Ptilopsis 白面鸮 element.in@the.tottering 3
[2495] Lava 炎熔 feudal.society@a.rapid 1
[2499] Aak 阿阿 an.uninterrupted@now.hidden 1
[2503] Scavenger 清道 the.manufacturing@middle.class 3
[2509] Sideroca 铸铁 of.the.earliest@towns.From 2
[2512] Bison 拜松 one.another@carried.on 1
[2513] 0
[2518] Bibeak 柏喙 rising.bourgeoisie@The.EastInd 1
[2519] Reed 苇草 industrial@production.was 3
[2523] Purestream 清流 this.distinctive@feature.it 2
[2525] 0
[2531] 0
[2536] 0
[2543] Silence 赫默 has.simplified@the.class 2
[2551] Purestream 清流 this.distinctive@feature.it 2
[2558] Meteor 流星 to.industry@an.impulse 2
[2559] Aak 阿阿 an.uninterrupted@now.hidden 1
[2568] -1
[2572] Midnight 月见夜 a.whole.is@more.and 3
[2574] Silence 赫默 has.simplified@the.class 2
[2584] 0
[2586] 0
[2587] 0
[2589] Savage 暴行 fresh.ground@for.the 1
[2596] Ceobe 刻俄柏 vanished.in@the.face 4
[2606] Sussurro 苏苏洛 of.division@of.labour 1
[2611] Siege 推进之王 in.a.revolutionary@reconstitut 1
[2616] Frostleaf 霜叶 existing.societies@is.the 1
[2620] 0
[2626] 0
[2632] Orchid 梓兰 two.great.classes@directly.fac 1
[2634] Frostleaf 霜叶 existing.societies@is.the 1
[2638] Ptilopsis 白面鸮 element.in@the.tottering 3
[2644] Breeze 微风 now.open.fight@a.fight 1
[2645] 0
[2651] 0
[2658] Hellagur 赫拉格 meet.this.nursery@tale.of 3
[2667] Greyy 格雷 new.forms.of@struggle.in 4
[2676] Schwarz 黑黑 wants.of.the@new.markets 1
[2681] Magallan 麦哲伦 arrangement@of.society 2
[2686] FEater 食铁兽 not.done.away@with.class 1
[2690] NoirCorne 黑角 face.of.the@whole.world 4
[2694] Gravel 砾砾 trade.with@the.colonies 4
[2696] Ceylon 锡兰 The.manufacturing@system.took 4
[2701] Croissant 可颂 ruins.of.feudal@society.has 4
[2702] 0
[2709] 0
[2713] Magallan 麦哲伦 arrangement@of.society 2
[2715] Magallan 麦哲伦 arrangement@of.society 2
[2724] Amiya 阿米娅 commodities@generally.gave 2
[2729] Conviction 断罪者 that.each.time@ended.either 2
[2734] Haze 夜烟 antagonisms@Society.as 3
[2736] Bison 拜松 one.another@carried.on 1
[2743] Executor 送葬人 two.great.hostile@camps.into 1
[2744] Matterhorn 角峰 pushed.on.one@side.by 4
[2752] Angelina 安洁莉娜 monopolised@by.closed 1
[2757] Angelina 安洁莉娜 monopolised@by.closed 1
[2765] Exusiai 能天使 growing.the@demand.ever 1
[2769] WaaiFu 槐琥 have.patricians@knights.plebei 1
[2772] Purestream 清流 this.distinctive@feature.it 2
[2773] Weedy 温蒂 with.a.Manifesto@of.the 2
[2778] Matterhorn 角峰 pushed.on.one@side.by 4
[2787] Shining 闪灵 publish.their@views.their 1
[2796] Savage 暴行 fresh.ground@for.the 1
[2804] Croissant 可颂 ruins.of.feudal@society.has 4
[2814] 0
[2818] -1
[2819] 0
[2821] 0
[2828] -1
[2833] -1
[2842] Broca 布洛 serfs.of.the@Middle.Ages 4
[2852] Hibiscus 芙蓉 thereby.to@the.revolutionary 2
[2855] Grani 格拉尼 in.a.word.oppressor@and.oppres 1
[2861] Schwarz 黑黑 wants.of.the@new.markets 1
[2864] 0
[2871] Reed 苇草 industrial@production.was 3
[2873] Sesa 慑砂 everywhere@a.complicated 4
[2881] Lava 炎熔 feudal.society@a.rapid 1
[2882] Blaze 煌煌 against.the@more.advanced 1
[2883] Durin 杜林 Proletariat@From.the 1
[2885] Provence 普罗旺斯 aims.their@tendencies.and 4
[2894] 0
[2904] 0
[2914] Midnight 月见夜 a.whole.is@more.and 3
[2917] Hung 吽吽 that.has.sprouted@from.the 3
[2919] Orchid 梓兰 two.great.classes@directly.fac 1
[2926] Silence 赫默 has.simplified@the.class 2
[2931] Rope 暗索 in.London.and@sketched.the 4
[2939] Shining 闪灵 publish.their@views.their 1
[2948] -1
[2956] Bibeak 柏喙 rising.bourgeoisie@The.EastInd 1
[2962] Ambriel 安比尔 the.bourgeoisie@possesses.howe 3
[2969] GreyThroat 灰喉 means.of.exchange@and.in 2
[2974] Haze 夜烟 antagonisms@Society.as 3
[2982] 0
[2984] Frostleaf 霜叶 existing.societies@is.the 1
[2989] Phantom 傀影 following.Manifesto@to.be 2
[2995] Franka 芙兰卡 and.Chinese@markets.the 1
[3000] Greyy 格雷 new.forms.of@struggle.in 4
[3008] Snowsant 雪雉 is.the.Opposition@that.has 3
[3017] Ambriel 安比尔 the.bourgeoisie@possesses.howe 3
[3025] Savage 暴行 fresh.ground@for.the 1
[3029] Meteor 流星 to.industry@an.impulse 2
[3038] 0
[3042] Ceylon 锡兰 The.manufacturing@system.took 4
[3048] FEater 食铁兽 not.done.away@with.class 1
[3050] Siege 推进之王 in.a.revolutionary@reconstitut 1
[3053] 0
[3056] 0
[3059] Sora 空空 manifold.gradation@of.social 2
[3065] Hibiscus 芙蓉 thereby.to@the.revolutionary 2
[3073] Mayer 梅尔 production@The.place 2
[3078] 0
[3086] 0
[3090] Orchid 梓兰 two.great.classes@directly.fac 1
[3094] NoirCorne 黑角 face.of.the@whole.world 4
[3103] Nian 年年 in.the.common@ruin.of 1
[3109] -1
[3119] Beehunter 猎蜂 longer.sufficed@Thereupon.stea 4
[3120] Eyjafjalla 艾雅法 its.place.The@guildmasters.wer 1
[3126] Sussurro 苏苏洛 of.division@of.labour 1
[3131] Myrrh 末药 system.of.industry@under.which 4
[3139] Grani 格拉尼 in.a.word.oppressor@and.oppres 1
[3142] Utage 宴宴 never.before@known.and 2
[3146] Orchid 梓兰 by.the.giant@Modern.Industry 1
[3153] Provence 普罗旺斯 aims.their@tendencies.and 4
[3162] W 达不溜 French.German@Italian.Flemish 2
[3164] Snowsant 雪雉 is.the.Opposition@that.has 3
[3174] Rope 暗索 in.London.and@sketched.the 4
[3182] Ambriel 安比尔 the.bourgeoisie@possesses.howe 3
[3184] 0
[3192] Bibeak 柏喙 rising.bourgeoisie@The.EastInd 1
[3195] Franka 芙兰 and.Chinese@markets.the 1
[3199] Zima 凛冬 classes.again@subordinate.grad 1
[3203] Shamare 巫恋 rising.Even@manufacture.no 2
[3213] Ansel 安赛尔 opponents.in@power.Where 4
[3221] Hung 吽吽 that.has.sprouted@from.the 3
[3224] Breeze 微风 the.place.of@the.industrial 1
[3226] Mostima 莫斯提马 of.America@the.rounding 1
[3229] Franka 芙兰 and.Chinese@markets.the 1
[3236] Shamare 巫恋 rising.Even@manufacture.no 2
[3243] 0
[3251] 0
[3254] Savage 暴行 fresh.ground@for.the 1
[3259] Midnight 月见夜 a.whole.is@more.and 3
[3260] Grani 格拉尼 in.a.word.oppressor@and.oppres 1
[3262] Mostima 莫斯提马 of.America@the.rounding 1
[3267] Scavenger 清道 millionaires@the.leaders 3
[3273] 0
[3280] Eyjafjalla 艾雅法 its.place.The@guildmasters.wer 1
[3281] Shamare 巫恋 rising.Even@manufacture.no 2
[3290] 0
[3294] NoirCorne 黑角 face.of.the@whole.world 4
[3304] Executor 送葬人 two.great.hostile@camps.into 1
[3307] 0
[3312] 0
[3313] Utage 宴宴 never.before@known.and 2
[3322] Eyjafjalla 艾雅法 its.place.The@guildmasters.wer 1
[3327] Nian 年年 in.the.common@ruin.of 1
[3329] Mousse 慕斯 itself.a.Power@II.It 4
[3333] Utage 宴宴 never.before@known.and 2
[3338] Utage 宴宴 never.before@known.and 2
[3341] Popukar 泡普卡 journeymen@apprentices.serfs 1
[3350] Durin 杜林 Proletariat@From.the 1
[3356] Frostleaf 霜叶 existing.societies@is.the 1
[3364] Gummy 古米 new.conditions@of.oppression 4
[3369] Gravel 砾砾 trade.with@the.colonies 4
[3373] 0
[3374] Mayer 梅尔 production@The.place 2
[3375] Vulcan 火神 and.machinery@revolutionised.i 3
[3382] Shamare 巫恋 rising.Even@manufacture.no 2
[3392] W 达不溜 French.German@Italian.Flemish 2
[3399] Franka 芙兰 and.Chinese@markets.the 1
[3403] 0
[3407] 0
[3417] 0
[3425] 0
[3429] 0
[3431] 0
[3441] 0
[3447] 0
[3451] 0
[3458] 0
[3468] 0
[3470] 0
[3475] 0
[3484] 0
[3486] 0
[3488] 0
[3491] 0
[3497] 0
[3500] 0
[3504] 0
[3514] -1
[3521] -1
[3524] 0
[3532] -1
[3538] -1
[3543] 0
[3552] 0
[3561] -1
[3570] 0
[3573] -1
[3576] 0
[3584] 0
[3594] 0
[3601] -1
[3603] 0
[3608] -1
[3618] 0
[3621] 0
[3629] -1
[3630] 0
[3632] 0
[3641] -1
[3648] -1
[3652] 0
[3661] 0
[3666] 0
[3675] -1
[3676] 0
[3679] 0
[3689] 0
[3694] -1
[3701] 0
[3703] 0
[3710] 0
[3718] 0
[3723] -1
[3733] -1
[3738] 0
[3743] 0
[3746] -1
[3749] -1
[3752] -1
[3758] 0
[3768] -1
[3772] -1
[3775] 0
[3785] 0
[3792] -1
[3794] -1
[3804] 0
[3813] 0
[3821] -1
[3830] 0
[3835] 0
[3837] -1
[3845] -1
[3850] -1
[3854] 0
[3860] -1
[3861] 0
[3865] 0
[3866] 0
[3876] 0
[3882] -1
[3891] -1
[3896] -1
[3900] 0
[3901] 0
[3906] 0
[3913] 0
[3922] 0
[3923] 0
[3933] 0
[3941] -1
[3942] 0
[3945] -1
[3947] -1
[3950] 0
[3955] 0
[3964] -1
[3972] 0
[3975] -1
[3985] 0
[3988] -1
[3991] -1
[3994] -1
[4000] 0
[4009] -1
[4017] -1
[4023] -1
[4026] 0
[4031] -1
[4034] 0
[4038] 0
[4048] -1
[4050] -1
[4059] 0
[4061] -1
[4071] -1
[4072] -1
[4080] -1
[4089] -1
[4094] -1
[4100] 0
[4104] 0
[4110] -1
[4116] 0
[4117] 0
[4118] 0
[4123] -1
[4130] -1
[4133] -1
[4140] -1
[4144] 0
[4146] 0
[4156] -1
[4158] 0
[4162] -1
[4165] 0
[4175] 0
[4185] 0
[4192] 0
[4202] -1
[4212] 0
[4219] 0
[4222] 0
[4225] -1
[4226] 0
[4230] 0
[4236] -1
[4243] -1
[4245] -1
[4248] -1
[4249] -1
[4252] -1
[4260] -1
[4270] -1
[4277] 0
[4282] -1
[4285] 0
[4288] 0
[4291] -1
[4293] -1
[4294] -1
[4303] 0
[4311] -1
[4317] 0
[4326] -1
[4328] 0
[4336] -1
[4342] 0
[4346] 0
[4350] -1
[4356] 0
[4364] -1
[4370] 0
[4372] 0
[4377] 0
[4381] 0
[4386] -1
[4387] 0
[4397] -1
[4398] 0
[4407] -1
[4410] 0
[4417] -1
[4421] 0
[4425] -1
[4426] 0
[4427] -1
[4429] 0
[4438] 0
[4440] -1
[4442] -1
[4446] 0
[4450] 0
[4454] 0
[4460] 0
[4470] -1
[4473] 0
[4476] 0
[4477] -1
[4486] -1
[4489] 0
[4496] -1
[4497] -1
[4502] 0
[4509] 0
[4515] 0
[4521] -1
[4527] -1
[4535] 0
[4536] -1
[4542] 0
[4551] 0
[4552] -1
[4554] 0
[4556] 0
[4558] -1
[4564] -1
[4571] 0
[4579] -1
[4586] 0
[4588] -1
[4595] 0
[4600] -1
[4605] -1
[4615] -1
[4622] 0
[4626] -1
[4631] -1
[4633] -1
[4640] -1
[4642] 0
[4643] -1
[4651] -1
[4655] 0
[4656] -1
[4666] 0
[4672] 0
[4678] 0
[4686] 0
[4696] 0
[4706] 0
[4713] 0
[4719] 0
[4722] -1
[4730] -1
[4733] 0
[4743] 0
[4747] 0
[4752] -1
[4758] -1
[4767] 0
[4771] 0
[4779] 0
[4786] -1
[4792] 0
[4798] -1
[4807] -1
[4811] 0
[4812] 0
[4813] -1
[4816] -1
[4822] -1
[4828] 0
[4834] 0
[4839] -1
[4847] -1
[4857] 0
[4860] 0
[4866] 0
[4872] 0
[4877] -1
[4884] -1
[4891] -1
[4892] 0
[4900] -1
[4904] 0
[4906] 0
[4916] 0
[4924] 0
[4934] 0
[4939] 0
[4941] 0
[4945] -1
[4951] -1
[4957] -1
[4964] -1
[4974] -1
[4983] -1
[4987] 0
[4988] 0
[4998] 0
[5003] 0
[5005] 0
[5008] -1
[5010] -1
[5018] 0
[5027] 0
[5029] -1
[5032] TOFOREIGNLANDS O
湖北省黄石市 xx-xx xx:xx -> 01-08 00:00 0 0

安徽省滁州市 01-08 03:35 -> 01-08 03:45 214 0

江西省乐平市 01-08 04:05 -> 01-08 04:14 3353 0

河南省鹤壁市 01-08 06:40 -> 01-08 06:50 5245 0

四川省都江堰市 01-08 07:56 -> 01-08 08:05 9957 0

贵州省贵阳市 01-08 08:35 -> 01-08 08:39 14894 0

北京市 01-08 10:48 -> 01-08 10:57 16737 0

福建省建阳市 01-08 11:27 -> 01-08 11:32 19794 0

江西省上饶市 01-08 15:01 -> 01-08 15:04 22590 0

广东省清远市 01-08 16:48 -> 01-08 16:56 22776 0

河北省任丘市 01-08 20:22 -> 01-08 20:30 24098 0

四川省峨眉山市 01-08 22:21 -> xx-xx xx:xx 24297 0

[5042] -1
[5049] -1
[5050] -1
[5055] 0
[5060] -1
[5061] -1
[5067] 0
[5072] -1
[5075] -1
[5085] 0
[5095] -1
[5103] 0
[5104] -1
[5109] 0
[5118] -1
[5124] -1
[5129] 0
[5138] -1
[5143] -1
[5148] -1
[5149] -1
[5155] 0
[5160] -1
[5167] 0
[5172] 0
[5173] -1
[5179] 0
[5189] -1
[5191] 0
[5198] -1
[5204] -1
[5214] 0
[5223] -1
[5226] -1
[5231] -1
[5238] 0
[5239] 0
[5247] -1
[5251] -1
[5256] 0
[5259] 0
[5265] 0
[5274] -1
[5275] 0
[5280] 0
[5287] 0
[5288] 0
[5297] -1
[5306] 0
[5312] 0
[5317] -1
[5325] 0
[5326] -1
[5329] 0
[5335] 0
[5340] 0
[5346] 0
[5353] -1
[5362] -1
[5367] -1
[5373] -1
[5380] 0
[5390] 0
[5394] -1
[5400] 0
[5408] -1
[5411] -1
[5416] 0
[5421] 0
[5425] -1
[5434] 0
[5443] -1
[5450] -1
[5455] 0
[5464] -1
[5468] -1
[5469] 0
[5470] 0
[5473] 0
[5480] 0
[5484] 0
[5489] -1
[5493] -1
[5500] -1
[5505] 0
[5510] 0
[5514] -1
[5518] 0
[5527] 0
[5535] -1
[5537] 0
[5538] -1
[5543] -1
[5550] 0
[5553] -1
[5556] 0
[5561] 0
[5569] -1
[5577] 0
[5579] -1
[5584] -1
[5591] 0
[5592] 0
[5596] 0
[5599] -1
[5604] 0
[5614] 0
[5621] 0
[5625] 0
[5632] -1
[5639] 0
[5648] 0
[5658] 0
[5665] 0
[5666] -1
[5675] -1
[5682] -1
[5688] -1
[5692] -1
[5700] 0
[5710] 0
[5715] 0
[5723] 0
[5724] 0
[5726] 0
[5734] -1
[5743] 0
[5750] -1
[5757] -1
[5764] -1
[5772] 0
[5778] 0
[5779] -1
[5788] -1
[5796] 0
[5800] 0
[5802] 0
[5805] 0
[5814] -1
[5823] 0
[5827] -1
[5834] -1
[5836] 0
[5843] -1
[5849] 0
[5854] -1
[5855] 0
[5856] -1
[5863] 0
[5866] -1
[5870] 0
[5879] 0
[5885] -1
[5895] -1
[5901] 0
[5911] -1
[5917] 0
[5926] -1
[5931] -1
[5938] -1
[5940] 0
[5947] 0
[5949] -1
[5956] -1
[5961] -1
[5966] -1
[5976] 0
[5984] -1
[5994] -1
[6000] 0
[6010] 0
[6013] 0
[6016] -1
[6020] -1
[6024] 0
[6027] 0
[6029] -1
[6031] -1
[6041] 0
[6049] -1
[6059] -1
[6066] 0
[6069] -1
[6078] -1
[6081] 0
[6090] -1
[6098] -1
[6101] -1
[6106] 0
[6115] 0
[6120] 0
[6128] -1
[6138] -1
[6147] 0
[6156] 0
[6164] 0
[6165] -1
[6166] 0
[6176] -1
[6181] -1
[6190] -1
[6200] 0
[6208] 0
[6210] -1
[6214] 0
[6222] -1
[6229] 0
[6236] -1
[6240] -1
[6246] 0
[6250] 0
[6251] -1
[6258] -1
[6260] 0
[6267] 0
[6272] -1
[6273] -1
[6277] -1
[6279] -1
[6286] 0
[6295] -1
[6298] -1
[6307] 0
[6311] 0
[6313] -1
[6322] 0
[6332] -1
[6342] -1
[6343] -1
[6350] 0
[6352] 0
[6358] 0
[6366] -1
[6367] 0
[6370] 0
[6372] -1
[6380] -1
[6381] TOtheeoldcause W
吉林省蛟河市 xx-xx xx:xx -> 01-03 00:00 0 0

云南省昆明市 01-03 01:39 -> 01-03 01:48 549 0

北京市 01-03 05:38 -> 01-03 05:44 1174 0

浙江省永康市 01-03 07:28 -> 01-03 07:32 1379 0

云南省开远市 01-03 08:56 -> 01-03 08:59 4740 0

吉林省公主岭市 01-03 13:04 -> 01-03 13:14 6891 0

湖北省老河口市 01-03 16:37 -> 01-03 16:46 10046 0

河南省登封市 01-03 19:35 -> 01-03 19:43 14889 0

河南省南阳市 01-03 23:17 -> 01-03 23:27 16812 0

江苏省昆山市 01-04 00:57 -> 01-04 01:00 18006 0

河南省新郑市 01-04 03:44 -> 01-04 03:53 18243 0

辽宁省本溪市 01-04 06:29 -> xx-xx xx:xx 22142 0

[6388] -1
[6390] 0
[6398] 0
[6402] 0
[6411] 0
[6417] -1
[6422] 0
[6423] -1
[6425] 0
[6428] 0
[6430] -1
[6435] -1
[6440] 0
[6449] 0
[6457] 0
[6466] -1
[6468] 0
[6469] 0
[6475] 0
[6485] 0
[6494] -1
[6497] 0
[6500] 0
[6508] -1
[6515] -1
[6518] -1
[6521] 0
[6529] -1
[6539] 0
[6547] -1
[6554] -1
[6560] -1
[6569] -1
[6572] -1
[6577] -1
[6585] 0
[6589] -1
[6599] -1
[6608] 0
[6616] -1
[6618] -1
[6624] 0
[6632] 0
[6633] -1
[6640] -1
[6642] 0
[6650] 0
[6658] 0
[6666] 0
[6673] 0
[6680] -1
[6685] 0
[6693] 0
[6694] 0
[6703] -1
[6706] 0
[6711] -1
[6716] 0
[6720] 0
[6726] 0
[6730] 0
[6740] 0
[6749] -1
[6753] 0
[6756] -1
[6758] 0
[6759] 0
[6760] 0
[6768] 0
[6778] -1
[6783] 0
[6793] 0
[6799] 0
[6808] 0
[6809] -1
[6811] 0
[6817] -1
[6825] -1
[6832] 0
[6842] 0
[6844] 0
[6846] -1
[6847] 0
[6850] 0
[6860] 0
[6863] 0
[6868] 0
[6878] 0
[6880] -1
[6884] -1
[6886] -1
[6888] -1
[6897] -1
[6898] -1
[6904] -1
[6908] -1
[6912] 0
[6921] 0
[6931] 0
[6941] 0
[6945] 0
[6948] 0
[6951] -1
[6961] -1
[6970] 0
[6974] 0
[6981] -1
[6983] -1
[6992] -1
[6997] -1
[7007] 0
[7013] -1
[7015] 0
[7025] -1
[7035] 0
[7042] -1
[7045] 0
[7053] -1
[7056] 0
[7063] 0
[7068] -1
[7070] -1
[7072] -1
[7073] 0
[7080] 0
[7086] 0
[7092] 0
[7101] -1
[7102] -1
[7109] 0
[7116] 0
[7126] -1
[7129] -1
[7136] 0
[7139] 0
[7143] 0
[7145] -1
[7148] 0
[7157] 0
[7158] 0
[7163] 0
[7173] 0
[7174] -1
[7183] -1
[7184] -1
[7187] 0
[7197] 0
[7199] 0
[7201] 0
[7210] -1
[7219] 0
[7223] -1
[7231] -1
[7239] -1
[7245] 0
[7250] -1
[7259] 0
[7265] -1
[7275] 0
[7282] -1
[7283] 0
[7291] 0
[7299] 0
[7303] -1
[7307] 0
[7308] 0
[7313] 0
[7323] -1
[7327] 0
[7330] 0
[7336] -1
[7345] 0
[7352] 0
[7353] -1
[7361] 0
[7370] -1
[7379] -1
[7388] -1
[7394] -1
[7401] -1
[7407] 0
[7409] 0
[7418] 0
[7419] -1
[7428] -1
[7434] -1
[7439] -1
[7444] 0
[7445] -1
[7451] 0
[7456] -1
[7462] 0
[7466] 0
[7474] 0
[7480] 0
[7486] -1
[7494] 0
[7501] 0
[7502] -1
[7508] 0
[7511] -1
[7515] 0
[7517] -1
[7521] 0
[7529] AndtodefineAmeric Y
辽宁省辽阳市 xx-xx xx:xx -> 10-02 00:00 0 0

贵州省安顺市 10-02 05:03 -> 10-02 05:10 1555 0

黑龙江省双城市 10-02 06:10 -> 10-02 06:17 6038 0

山东省即墨市 10-02 07:49 -> 10-02 07:52 6898 0

甘肃省兰州市 10-02 13:19 -> 10-02 13:27 9309 0

天津市 10-02 15:59 -> 10-02 16:09 11812 0

云南省昆明市 10-02 17:22 -> 10-02 17:31 15897 0

山西省运城市 10-02 19:31 -> 10-02 19:34 16377 0

湖南省冷水江市 10-02 23:13 -> xx-xx xx:xx 18763 0

[7532] -1
[7540] -1
[7542] 0
[7544] 0
[7551] 0
[7554] 01-26
[7563] -1
[7569] 0
[7570] -1
[7572] -1
[7578] 0
[7580] 0
[7585] -1
[7592] 0
[7596] 0
[7605] 0
[7611] -1
[7617] 0
[7624] -1
[7634] -1
[7643] -1
[7644] 0
[7654] 0
[7657] -1
[7662] -1
[7668] 0
[7671] 0
[7679] -1
[7684] 0
[7686] 0
[7688] 0
[7693] 0
[7694] 0
[7704] 0
[7705] -1
[7712] -1
[7714] -1
[7721] 0
[7731] 0
[7736] -1
[7741] 0
[7746] -1
[7747] 0
[7757] 0
[7759] -1
[7766] 0
[7767] -1
[7771] 0
[7776] 0
[7785] -1
[7791] 0
[7799] -1
[7804] -1
[7806] 0
[7807] -1
[7817] 0
[7820] -1
[7827] -1
[7834] 0
[7844] -1
[7848] -1
[7853] -1
[7860] 0
[7866] -1
[7873] 0
[7878] -1
[7879] 0
[7884] 0
[7891] 0
[7894] -1
[7899] -1
[7907] -1
[7913] -1
[7918] -1
[7927] -1
[7929] -1
[7933] -1
[7936] 0
[7939] 0
[7949] -1
[7956] 0
[7962] 0
[7968] -1
[7976] 04-19
[7984] 0
[7992] 0
[8001] 0
[8006] -1
[8014] 0
[8021] -1
[8023] 06-17
[8027] -1
[8036] 0
[8041] -1
[8049] 0
[8056] 0
[8064] -1
[8070] 0
[8075] 0
[8079] 0
[8084] 0
[8085] -1
[8095] -1
[8097] -1
[8106] 0
[8110] 0
[8111] -1
[8118] -1
[8126] 0
[8127] 0
[8137] -1
[8146] -1
[8151] 0
[8156] 0
[8165] 0
[8174] -1
[8180] -1
[8187] -1
[8194] 0
[8196] 0
[8206] 0
[8210] 0
[8219] -1
[8227] -1
[8230] 0
[8231] 0
[8236] -1
[8242] 0
[8246] -1
[8255] -1
[8263] 0
[8270] -1
[8272] 0
[8274] -1
[8279] -1
[8285] 0
[8286] 0
[8291] 0
[8300] -1
[8307] -1
[8310] 0
[8317] -1
[8321] whatyouwanted N
山东省胶南市 xx-xx xx:xx -> 04-04 00:00 0 0

内蒙集宁市 04-04 01:34 -> 04-04 01:39 1856 0

北京市 04-04 02:30 -> 04-04 02:33 2216 0

河北省鹿泉市 04-04 03:52 -> 04-04 03:57 3289 0

江苏省泰州市 04-04 05:06 -> 04-04 05:09 4679 0

湖南省资兴市 04-04 05:44 -> 04-04 05:47 5670 0

吉林省舒兰市 04-04 08:10 -> 04-04 08:14 9058 0

山东省泰安市 04-04 09:15 -> 04-04 09:20 9492 0

广东省雷州市 04-04 10:22 -> 04-04 10:31 13946 0

湖北省枝江市 04-04 11:04 -> 04-04 11:14 14949 0

江苏省句容市 04-04 13:01 -> 04-04 13:05 15405 0

黑龙江省七台河市 04-04 14:11 -> 04-04 14:18 17971 0

黑龙江省讷河市 04-04 16:30 -> 04-04 16:33 18626 0

陕西省宝鸡市 04-04 18:07 -> 04-04 18:17 18825 0

湖南省常德市 04-04 19:58 -> 04-04 20:02 23641 0

江苏省无锡市 04-04 22:40 -> 04-04 22:49 28140 0

辽宁省沈阳市 04-04 23:24 -> 04-04 23:29 30212 0

浙江省余姚市 04-05 00:33 -> xx-xx xx:xx 30904 0

[8324] -1
[8331] 0
[8337] 0
[8341] -1
[8343] 0
[8348] 0
[8350] 0
[8359] -1
[8360] 0
[8365] 0
[8373] -1
[8380] -1
[8386] -1
[8396] -1
[8405] -1
[8411] -1
[8415] 0
[8421] -1
[8423] -1
[8426] -1
[8436] 0
[8442] 0
[8443] 0
[8450] -1
[8452] -1
[8458] -1
[8465] -1
[8468] 0
[8475] -1
[8479] 0
[8482] 0
[8489] 0
[8493] 0
[8502] -1
[8511] -1
[8517] 0
[8523] -1
[8531] -1
[8536] 0
[8539] -1
[8542] -1
[8550] -1
[8553] -1
[8555] 0
[8561] 0
[8565] 0
[8567] 0
[8569] 0
[8577] -1
[8579] 0
[8587] 0
[8590] -1
[8594] -1
[8604] 0
[8608] -1
[8612] -1
[8618] -1
[8624] -1
[8625] 0
[8632] 0
[8642] 0
[8651] 0
[8658] 0
[8661] -1
[8665] 0
[8666] -1
[8669] 0
[8673] 0
[8683] -1
[8687] -1
[8690] -1
[8692] 07-15
[8699] 0
[8707] -1
[8713] -1
[8723] -1
[8726] 0
[8731] -1
[8733] 0
[8743] 0
[8747] 0
[8754] -1
[8755] -1
[8758] -1
[8765] 0
[8769] -1
[8771] -1
[8776] -1
[8786] 0
[8787] -1
[8793] -1
[8802] -1
[8808] -1
[8818] 0
[8823] 0
[8829] -1
[8836] 0
[8841] 0
[8845] -1
[8853] -1
[8857] 0
[8860] 0
[8867] -1
[8875] -1
[8880] 0
[8886] -1
[8893] 0
[8903] 0
[8904] 0
[8907] 0
[8915] 0
[8925] -1
[8933] 0
[8936] -1
[8940] 0
[8945] -1
[8955] -1
[8956] 0
[8966] -1
[8974] -1
[8983] 0
[8993] 0
[8995] 0
[8996] -1
[9006] 0
[9011] 0
[9021] -1
[9025] 0
[9033] 0
[9035] -1
[9044] -1
[9048] 0
bye
