[6626] -1
[6633] -1
[6638] -1
[6646] -1
[6654] -1
[6664] -1
[6665] -1
[6668] -1
[6676] 0
[6686] Schwarz 黑黑 of.manufacture@was.taken 1
[6695] -1
[6698] -1
[6708] -1
[6716] -1
[6721] -1
[6725] 0
[6728] 0
[6735] 0
[6737] -1
[6747] -1
[6753] 0
[6756] 0
[6758] Ptilopsis 白面鸮 this.distinctive@feature.it 2
[6766] -1
[6768] -1
[6776] -1
[6778] -1
[6783] Liskarm 雷蛇 well.as.against@its.reactionar 1
[6785] Bibeak 柏喙 the.bourgeoisie@possesses.howe 1
[6788] 0
[6793] 0
[6802] Shamare 巫恋 rising.Even@manufacture.no 1
[6805] 0
[6815] Magallan 麦哲 existing.societies@is.the 1
[6816] -1
[6826] Ambriel 安比尔 millionaires@the.leaders 1
[6831] Cliffheart 崖心 in.London.and@sketched.the 1
[6835] Skyfire 天火 published.in@the.English 1
[6841] Sideroca 铸铁 rising.bourgeoisie@The.EastInd 1
[6843] Mostima 莫斯提马 of.the.earliest@towns.From 2
[6845] Sesa 慑砂 element.in@the.tottering 1
[6847] Courier 讯使 publish.their@views.their 1
[6852] Franka 芙兰 of.division@of.labour 1
[6860] Swire 诗怀 the.place.of@the.industrial 1
[6865] Hung 吽吽 itself.a.Power@II.It 1
[6875] 0
[6884] 0
[6888] -1
[6896] Saria 塞雷娅 in.the.common@ruin.of 1
[6903] -1
[6905] -1
[6914] Bison 拜松 classes.again@subordinate.grad 1
[6922] -1
[6925] Lappland 拉普兰德 manifold.gradation@of.social 1
[6930] Eyjafjalla 艾雅法拉 its.place.The@guildmasters.wer 2
[6931] 0
[6937] -1
[6945] Leizi 惊蛰 this.spectre@Pope.and 1
[6955] -1
[6957] Ptilopsis 白面鸮 this.distinctive@feature.it 2
[6960] Cutter 刻刀 antagonisms@Society.as 1
[6968] 0
[6978] 0
[6983] 0
[6984] 0
[6988] 0
[6998] Vermeil 红云 production@The.place 1
[7002] Gravel 砾砾 that.each.time@ended.either 1
[7012] 0
[7020] -1
[7030] Steward 史都华德 society.at@large.or 1
[7034] -1
[7038] 0
[7048] 0
[7057] 0
[7058] 0
[7063] -1
[7073] Gitano 远山 sprang.the@chartered.burghers 1
[7074] Chen 陈陈 into.various@orders.a 2
[7080] Dobermann 杜宾 in.a.word.oppressor@and.oppres 1
[7089] Ifrit 伊芙利特 one.another@carried.on 2
[7096] -1
[7097] Purestream 清流 party.itself@To.this 1
[7101] 0
[7102] 0
[7107] 0
[7110] Elysium 极境 has.simplified@the.class 3
[7114] Sora 空空 have.patricians@knights.plebei 1
[7123] Leizi 惊蛰 this.spectre@Pope.and 1
[7127] Manticore 狮蝎 not.hurled@back.the 2
[7130] 0
[7135] Eyjafjalla 艾雅法拉 its.place.The@guildmasters.wer 2
[7145] Sora 空空 have.patricians@knights.plebei 1
[7154] 0
[7164] 0
[7170] -1
[7176] Durin 杜林 feudal.society@a.rapid 1
[7183] 0
[7184] Hibiscus 芙蓉 Communistic@by.its 1
[7187] Saria 塞雷娅 in.the.common@ruin.of 1
[7196] 0
[7199] Gitano 远山 sprang.the@chartered.burghers 1
[7209] ProjeKTRed 红红 everywhere@a.complicated 1
[7218] Magallan 麦哲 existing.societies@is.the 1
[7226] Sesa 慑砂 This.market@has.given 1
[7234] 0
[7240] 0
[7241] Hung 吽吽 itself.a.Power@II.It 1
[7242] 0
[7251] 0
[7260] 1
IHEARDthatyouask 广东省云浮市 07-25 19:00 -> 四川省彭州市 07-25 23:13 20 91153
[7262] Nightmare 夜魔 policespies@Where.is 3
[7271] 0
[7273] 1
INSCRIPTIONS 江苏省扬州市 07-24 08:17 -> 新疆米泉市 07-24 14:38 650 70655
[7276] Swire 诗怀 the.place.of@the.industrial 1
[7278] 6941800
[7288] Istina 真理 for.which.the@discovery.of 1
[7293] Hung 吽吽 itself.a.Power@II.It 1
[7301] 29231652
[7302] 1
INSCRIPTIONS 黑龙江省五大连池市 07-03 19:22 -> 新疆米泉市 07-04 14:38 1706 65691
[7311] 5
[success] LeavesofGrass 湖南省衡阳市 07-03 16:20 -> 福建省建阳市 07-03 21:14 1134 4875
[success] LeavesofGrass 河南省偃师市 07-05 03:31 -> 浙江省慈溪市 07-05 09:48 665 10586
[success] LeavesofGrass 浙江省平湖市 08-01 08:59 -> 辽宁省抚顺市 08-01 14:21 802 492
[success] LeavesofGrass 湖南省衡阳市 07-11 16:20 -> 宁夏石嘴山市 07-11 19:18 734 16255
[success] LeavesofGrass 湖南省衡阳市 07-04 16:20 -> 黑龙江省海林市 07-04 22:46 1148 23554
[7321] 1
LeavesofGrass 陕西省安康市 07-23 17:25 -> 福建省建阳市 07-23 21:14 646 69425
[7328] 3639497
[7332] 1
IHEARDthatyouask 新疆吐鲁番市 07-08 05:55 -> 广东省云浮市 07-08 18:52 725 91153
[7341] queue
[7344] Cardigan 卡缇 the.markets@kept.ever 1
[7346] ShiraYuki 白雪 and.Danish@languages.I 3
[7356] 1
IHEARDthatyouask 天津市 07-25 06:35 -> 广东省云浮市 07-25 18:52 229 91153
[7359] 1
INSCRIPTIONS 黑龙江省五大连池市 06-27 19:22 -> 新疆米泉市 06-28 14:38 1706 53412
[7364] 1393048
[7370] 5905872
[7377] 10302026
[7383] Purestream 清流 party.itself@To.this 1
[7392] -1
[7400] Meteorite 陨星 thereby.to@the.revolutionary 3
[7403] 1
INSCRIPTIONS 贵州省清镇市 08-18 16:24 -> 江苏省扬州市 08-19 08:14 1229 70655
[7409] ProjeKTRed 红红 everywhere@a.complicated 1
[7416] 1
LeavesofGrass 新疆塔城市 07-26 07:38 -> 辽宁省抚顺市 07-26 14:21 1093 61000
[7417] Cliffheart 崖心 in.London.and@sketched.the 1
[7419] -1
[7429] 0
[7430] -1
[7434] 4158616
[7442] 1
INSCRIPTIONS 贵州省清镇市 07-14 16:24 -> 新疆米泉市 07-15 14:38 1879 68489
[7447] queue
[7452] 17467450
[7459] -1
[7469] Courier 讯使 publish.their@views.their 1
[7478] 1
IHEARDthatyouask 新疆吐鲁番市 08-02 05:55 -> 四川省彭州市 08-02 23:13 745 91153
[7488] 1
INSCRIPTIONS 云南省安宁市 07-15 20:50 -> 北京市 07-16 06:40 700 70655
[7489] 1
IHEARDthatyouask 天津市 07-16 06:35 -> 广东省云浮市 07-16 18:52 229 91153
[7495] 1
LeavesofGrass 新疆塔城市 07-14 07:38 -> 福建省建阳市 07-14 21:14 2472 1723
[7502] Phantom 傀影 not.done.away@with.class 1
[7512] Silence 赫默 stood.in.constant@opposition.t 1
[7513] -1
[7516] FEater 食铁兽 an.uninterrupted@now.hidden 1
[7521] 1
IHEARDthatyouask 天津市 07-23 06:35 -> 广东省云浮市 07-23 18:52 229 91153
[7524] 23130400
[7530] 1
INSCRIPTIONS 广东省惠阳市 08-03 01:41 -> 湖北省枣阳市 08-03 11:59 1099 69170
[7534] -1
[7544] Croissant 可颂 French.German@Italian.Flemish 1
[7552] 0
[7562] 0
[7568] 18282155
[7570] -1
[7571] 1
IHEARDthatyouask 天津市 07-09 06:35 -> 广东省云浮市 07-09 18:52 229 91153
[7575] 304660
[7582] 0
[7589] Nearl 临光 history.we@find.almost 1
[7595] Bibeak 柏喙 the.bourgeoisie@possesses.howe 1
[7598] 220584
[7601] 63240
[7602] Rangers 巡林 arrangement@of.society 3
[7610] Ansel 安赛尔 now.open.fight@a.fight 2
[7613] 1
INSCRIPTIONS 黑龙江省五大连池市 07-19 19:22 -> 云南省安宁市 07-19 20:42 156 63020
[7619] 328100
[7621] Lava 炎熔 modern.bourgeois@Modern.indust 1
[7623] 2
[success] INSCRIPTIONS 云南省安宁市 07-23 20:50 -> 广东省高要市 07-23 21:36 136 10243
[pending] LeavesofGrass 新疆塔城市 07-13 07:38 -> 广东省花都市 07-14 01:39 3100 14050
[7632] Mayer 梅尔 colonisation@of.America 1
[7637] Perfumer 调香师 the.earlier@epochs.of 1
[7638] -1
[7642] 0
[7650] 1
INSCRIPTIONS 江苏省扬州市 08-06 08:17 -> 新疆米泉市 08-06 14:38 650 70655
[7660] Ifrit 伊芙利特 one.another@carried.on 2
[7664] Istina 真理 communication@by.land 1
[7671] Gitano 远山 sprang.the@chartered.burghers 1
[7676] 1
INSCRIPTIONS 广东省惠阳市 07-02 01:41 -> 湖北省枣阳市 07-02 11:59 1099 61778
[7678] 1
INSCRIPTIONS 贵州省清镇市 07-27 16:24 -> 新疆米泉市 07-28 14:38 1879 70655
[7679] 7989082
[7685] 3146437
[7694] 33100466
[7699] 84620
[7703] 10457160
[7711] 1219274
[7719] WaaiFu 槐琥 French.Radicals@and.German 2
[7721] Grani 格拉尼 serfs.of.the@Middle.Ages 1
[7729] 0
[7730] Warfarin 华法琳 the.different@corporate.guilds 1
[7736] Reed 苇草 has.established@the.worldmarke 2
[7743] 155354
[7752] 1
LeavesofGrass 陕西省安康市 07-06 17:25 -> 新疆伊宁市 07-07 08:52 2101 39713
[7753] 0
[7755] 1
LeavesofGrass 河北省河间市 08-03 18:11 -> 宁夏石嘴山市 08-03 19:18 221 47463
[7761] Texas 德克萨斯 of.whole.industrial@armies.the 1
[7771] 24148430
[7773] 0
[7782] 1
INSCRIPTIONS 黑龙江省五大连池市 07-10 19:22 -> 湖北省枣阳市 07-11 11:59 1544 64018
[7789] 1930722
[7796] 1
INSCRIPTIONS 黑龙江省五大连池市 08-11 19:22 -> 江苏省扬州市 08-12 08:14 1056 70655
[7799] 1
[success] IHEARDthatyouask 天津市 08-01 06:35 -> 广东省云浮市 08-01 18:52 229 15893
[7804] Franka 芙兰 of.division@of.labour 1
[7809] -1
[7816] Meteorite 陨星 thereby.to@the.revolutionary 3
[7824] Rangers 巡林 arrangement@of.society 3
[7830] 1
INSCRIPTIONS 黑龙江省五大连池市 08-13 19:22 -> 云南省安宁市 08-13 20:42 156 70655
[7835] -1
[7837] Cardigan 卡缇 the.markets@kept.ever 1
[7844] Conviction 断罪 vanished.in@the.face 2
[7849] 2185971
[7857] 8918700
[7865] 1
IHEARDthatyouask 新疆吐鲁番市 07-18 05:55 -> 四川省彭州市 07-18 23:13 745 82374
[7875] Shaw 阿消 new.conditions@of.oppression 1
[7884] 2163876
[7885] Estelle 艾丝黛尔 This.development@has.in 3
[7891] Fang 芬芬 sufficed.for@the.growing 1
[7898] 1
LeavesofGrass 浙江省杭州市 08-02 11:52 -> 新疆博乐市 08-03 06:04 2834 98306
[7904] -1
[7908] 0
[7914] 0
[7918] 12763218
[7925] 23055876
[7933] Midnight 月见夜 longer.sufficed@Thereupon.stea 1
[7941] Texas 德克萨斯 of.whole.industrial@armies.the 1
[7946] 1
IHEARDthatyouask 天津市 07-30 06:35 -> 四川省彭州市 07-30 23:13 249 91153
[7951] 5100517
[7953] 1
LeavesofGrass 福建省建阳市 07-20 21:19 -> 浙江省慈溪市 07-21 09:48 1525 68100
[7962] 10626863
[7972] 1
LeavesofGrass 浙江省平湖市 07-22 08:59 -> 河北省河间市 07-22 18:01 1560 63856
[7977] Earthspirit 地灵 I.Communism@is.already 3
[7983] -1
[7989] Angelina 安洁莉娜 two.great.classes@directly.fac 1
[7999] -1
[8006] 4922025
[8011] Jessica 杰西卡 has.not.been@decried.as 2
[8012] -1
[8014] 1
INSCRIPTIONS 广东省高要市 08-02 21:40 -> 湖北省枣阳市 08-03 11:59 1252 69170
[8017] 1
IHEARDthatyouask 新疆吐鲁番市 08-05 05:55 -> 广东省云浮市 08-05 18:52 725 91153
[8025] 1
LeavesofGrass 宁夏石嘴山市 08-04 19:25 -> 新疆伊宁市 08-05 08:52 1855 89270
[8028] Midnight 月见夜 longer.sufficed@Thereupon.stea 1
[8031] 0
[8034] -1
[8038] 73485500
[8042] 781550
[8050] 0
[8053] 0
[8063] -1
[8072] 20460434
[8081] W 达不溜 in.each.single@workshop.Meanti 1
[8088] -1
[8093] 5759861
[8096] Chen 陈陈 into.various@orders.a 2
[8103] 526201
[8109] 8503285
[8118] 4447887
[8123] Utage 宴宴 and.machinery@revolutionised.i 2
[8127] -1
[8128] queue
[8129] 7999418
[8137] 1
LeavesofGrass 广东省四会市 07-03 15:39 -> 河南省灵宝市 07-03 23:39 1888 40095
[8141] queue
[8150] 1813212
[8157] 14836675
[8166] Cutter 刻刀 antagonisms@Society.as 1
[8173] Snowsant 雪雉 new.forms.of@struggle.in 2
[8178] 1
IHEARDthatyouask 新疆吐鲁番市 07-28 05:55 -> 四川省彭州市 07-28 23:13 745 91153
[8186] -1
[8192] 1
IHEARDthatyouask 新疆吐鲁番市 07-23 05:55 -> 四川省彭州市 07-23 23:13 745 91153
[8195] 1
LeavesofGrass 湖南省衡阳市 07-18 16:20 -> 黑龙江省海林市 07-18 22:46 1148 72653
[8198] 1
IHEARDthatyouask 天津市 07-13 06:35 -> 广东省云浮市 07-13 18:52 229 91153
[8201] 0
[8209] 5551620
[8210] 1
INSCRIPTIONS 贵州省清镇市 08-11 16:24 -> 湖北省枣阳市 08-12 11:59 1717 70655
[8212] Ambriel 安比尔 millionaires@the.leaders 1
[8222] 1
LeavesofGrass 浙江省杭州市 07-30 11:52 -> 广东省四会市 07-30 15:34 407 70028
[8225] -1
[8231] 1
IHEARDthatyouask 天津市 07-18 06:35 -> 四川省彭州市 07-18 23:13 249 82374
[8233] 5695742
[8239] 29990259
[8248] queue
[8250] 1
IHEARDthatyouask 新疆吐鲁番市 08-06 05:55 -> 天津市 08-06 06:30 496 91153
[8259] 1
LeavesofGrass 浙江省平湖市 07-24 08:59 -> 广东省花都市 07-25 01:39 2809 21953
[8262] 736250
[8270] 1
IHEARDthatyouask 天津市 07-20 06:35 -> 四川省彭州市 07-20 23:13 249 91153
[8276] 1
INSCRIPTIONS 贵州省清镇市 08-14 16:24 -> 江苏省扬州市 08-15 08:14 1229 25214
[8282] 1
INSCRIPTIONS 黑龙江省五大连池市 07-13 19:22 -> 新疆米泉市 07-14 14:38 1706 41613
[8287] Magallan 麦哲 existing.societies@is.the 1
[8295] 1
INSCRIPTIONS 云南省安宁市 08-01 20:50 -> 北京市 08-02 06:40 700 65647
[8298] 2844754
[8302] Phantom 傀影 not.done.away@with.class 1
[8309] Nightingale 夜莺 a.whole.is@more.and 1
[8313] Earthspirit 地灵 I.Communism@is.already 3
[8322] 14710826
[8328] 1
INSCRIPTIONS 广东省惠阳市 08-16 01:41 -> 北京市 08-16 06:40 411 70655
[8334] Plume 翎羽 serf.guildmaster@and.journeyma 2
[8336] 38772864
[8337] 4242912
[8347] Hoshiguma 星熊 is.high.time@that.Communists 2
[8357] -1
[8358] 0
[8368] Skadi 斯卡蒂 slaves.in.the@Middle.Ages 2
[8373] Eyjafjalla 艾雅法拉 its.place.The@guildmasters.wer 2
[8381] Plume 翎羽 serf.guildmaster@and.journeyma 2
[8386] queue
[8392] 4871243
[8402] 1
IHEARDthatyouask 天津市 07-07 06:35 -> 四川省彭州市 07-07 23:13 249 91153
[8411] 23503068
[8413] 16325840
[8414] 1
LeavesofGrass 新疆塔城市 07-13 07:38 -> 河北省河间市 07-13 18:01 1851 2951
[8418] 38571195
[8422] Skyfire 天火 published.in@the.English 1
[8427] Sora 空空 have.patricians@knights.plebei 1
[8431] -1
[8434] Istina 真理 communication@by.land 1
[8437] 5
[success] LeavesofGrass 福建省建阳市 07-04 21:19 -> 广东省花都市 07-05 01:39 628 6622
[success] LeavesofGrass 浙江省杭州市 07-17 11:52 -> 广东省四会市 07-17 15:34 407 14511
[success] LeavesofGrass 广东省四会市 06-29 15:39 -> 河南省灵宝市 06-29 23:39 1888 23219
[success] LeavesofGrass 浙江省平湖市 07-29 08:59 -> 福建省建阳市 07-29 21:14 2181 17394
[success] LeavesofGrass 辽宁省抚顺市 07-10 14:24 -> 黑龙江省海林市 07-10 22:46 1393 4130
[8444] 6952632
[8452] 315666
[8461] 10653440
[8464] 1
INSCRIPTIONS 黑龙江省五大连池市 07-08 19:22 -> 云南省安宁市 07-08 20:42 156 70655
[8468] 13777112
[8474] Gummy 古米 commerce.to@navigation.to 1
[8484] -1
[8488] Frostleaf 霜叶 aims.their@tendencies.and 1
[8496] 1
INSCRIPTIONS 江苏省扬州市 07-11 08:17 -> 湖北省枣阳市 07-11 11:59 488 64018
[8499] 1
LeavesofGrass 浙江省平湖市 07-24 08:59 -> 浙江省慈溪市 07-25 09:48 3706 21953
[8502] -1
[8512] 1
INSCRIPTIONS 贵州省清镇市 06-24 16:24 -> 云南省安宁市 06-24 20:42 329 70655
[8522] 10620352
[8529] 1
INSCRIPTIONS 江苏省扬州市 06-26 08:17 -> 新疆米泉市 06-26 14:38 650 70655
[8539] 3
[success] LeavesofGrass 河北省河间市 07-07 18:11 -> 黑龙江省海林市 07-07 22:46 635 13391
[success] IHEARDthatyouask 新疆吐鲁番市 08-03 05:55 -> 广东省云浮市 08-03 18:52 725 1078
[success] LeavesofGrass 浙江省杭州市 07-29 11:52 -> 河南省灵宝市 07-29 23:39 2295 10916
[8542] 1
INSCRIPTIONS 黑龙江省五大连池市 06-25 19:22 -> 北京市 06-26 06:40 856 67721
[8545] 6448204
[8553] Grani 格拉尼 serfs.of.the@Middle.Ages 1
[8562] 2486940
[8571] 1
LeavesofGrass 广东省四会市 07-10 15:39 -> 湖南省衡阳市 07-10 16:17 240 46544
[8576] 5782953
[8585] 1
INSCRIPTIONS 黑龙江省五大连池市 06-23 19:22 -> 新疆米泉市 06-24 14:38 1706 70655
[8587] queue
[8597] 1
IHEARDthatyouask 天津市 07-09 06:35 -> 四川省彭州市 07-09 23:13 249 91153
[8607] Firewatch 守林人 opponents.in@power.Where 2
[8616] 1
LeavesofGrass 新疆塔城市 06-28 07:38 -> 新疆伊宁市 06-29 08:52 3927 13411
[8625] 1
INSCRIPTIONS 云南省安宁市 07-30 20:50 -> 江苏省扬州市 07-31 08:14 900 70655
[8627] 1
INSCRIPTIONS 贵州省清镇市 08-15 16:24 -> 广东省高要市 08-15 21:36 465 70655
[8635] 1
LeavesofGrass 广东省四会市 08-04 15:39 -> 广东省花都市 08-05 01:39 2002 82134
[8639] 1
IHEARDthatyouask 天津市 07-23 06:35 -> 广东省云浮市 07-23 18:52 229 91153
[8641] Vulcan 火神 commodities@generally.gave 2
[8648] 1386035
[8653] 603159
[8658] queue
[8662] 10201040
[8663] 1
INSCRIPTIONS 广东省高要市 07-08 21:40 -> 新疆米泉市 07-09 14:38 1414 70655
[8670] 21195530
[8676] 1
INSCRIPTIONS 广东省高要市 08-10 21:40 -> 江苏省扬州市 08-11 08:14 764 64411
[8686] 18510977
[8692] 1
LeavesofGrass 宁夏石嘴山市 07-08 19:25 -> 浙江省慈溪市 07-09 09:48 1925 72917
[8702] 49500
[8712] 1
LeavesofGrass 河北省河间市 07-30 18:11 -> 福建省建阳市 07-30 21:14 621 38200
[8713] Ceylon 锡兰 the.contending@classes.In 1
[8721] 1
IHEARDthatyouask 天津市 07-10 06:35 -> 四川省彭州市 07-10 23:13 249 91153
[8727] 2291832
[8737] 1
LeavesofGrass 河北省河间市 07-30 18:11 -> 福建省建阳市 07-30 21:14 621 38200
[8743] 3
[success] LeavesofGrass 河北省河间市 07-02 18:11 -> 广东省花都市 07-03 01:39 1249 16970
[success] LeavesofGrass 辽宁省抚顺市 07-15 14:24 -> 黑龙江省海林市 07-15 22:46 1393 995
[success] LeavesofGrass 辽宁省抚顺市 07-03 14:24 -> 宁夏石嘴山市 07-03 19:18 979 5907
[8751] 9
[success] INSCRIPTIONS 贵州省清镇市 07-19 16:24 -> 黑龙江省五大连池市 07-19 19:12 173 898
[success] LeavesofGrass 浙江省平湖市 07-24 08:59 -> 黑龙江省海林市 07-24 22:46 2195 8329
[success] LeavesofGrass 浙江省杭州市 08-01 11:52 -> 浙江省慈溪市 08-02 09:48 3306 8842
[success] LeavesofGrass 宁夏石嘴山市 06-29 19:25 -> 广东省花都市 06-30 01:39 1028 7096
[success] LeavesofGrass 浙江省杭州市 07-24 11:52 -> 福建省建阳市 07-24 21:14 1781 13587
[success] LeavesofGrass 宁夏石嘴山市 07-16 19:25 -> 河南省灵宝市 07-16 23:39 914 6784
[success] INSCRIPTIONS 贵州省清镇市 08-21 16:24 -> 新疆米泉市 08-22 14:38 1879 9465
[success] LeavesofGrass 浙江省杭州市 07-13 11:52 -> 新疆伊宁市 07-14 08:52 3236 11558
[success] LeavesofGrass 陕西省安康市 07-24 17:25 -> 福建省建阳市 07-24 21:14 646 13763
[8758] 1
LeavesofGrass 辽宁省抚顺市 07-14 14:24 -> 河南省偃师市 07-15 03:28 2239 1723
[8768] 1
IHEARDthatyouask 新疆吐鲁番市 07-11 05:55 -> 天津市 07-11 06:30 496 71238
[8776] 190580
[8780] NoirCorne 黑角 its.time.reacted@on.the 1
[8781] Swire 诗怀 the.place.of@the.industrial 1
[8785] 1
INSCRIPTIONS 贵州省清镇市 08-13 16:24 -> 广东省高要市 08-13 21:36 465 70655
[8786] 1
INSCRIPTIONS 云南省安宁市 07-12 20:50 -> 广东省高要市 07-12 21:36 136 70655
[8791] 3695988
[8797] queue
[8805] Exusiai 能天使 of.America@the.rounding 1
[8810] 1
LeavesofGrass 湖南省衡阳市 08-02 16:20 -> 广东省花都市 08-03 01:39 1762 95925
[8812] Manticore 狮蝎 not.hurled@back.the 2
[8820] 1
LeavesofGrass 宁夏石嘴山市 07-15 19:25 -> 新疆伊宁市 07-16 08:52 1855 38486
[8822] Hellagur 赫拉格 The.manufacturing@system.took 1
[8831] 1
INSCRIPTIONS 黑龙江省五大连池市 07-13 19:22 -> 湖北省枣阳市 07-14 11:59 1544 41613
[8835] Hibiscus 芙蓉 Communistic@by.its 1
[8840] 1
LeavesofGrass 广东省四会市 06-28 15:39 -> 新疆博乐市 06-29 06:04 2427 13411
[8848] 1
INSCRIPTIONS 广东省惠阳市 06-23 01:41 -> 北京市 06-23 06:40 411 70655
[8858] 1
LeavesofGrass 浙江省杭州市 06-28 11:52 -> 新疆博乐市 06-29 06:04 2834 13411
[8867] -1
[8868] Pramanix 初雪 means.of.exchange@and.in 1
[8871] 1
LeavesofGrass 辽宁省抚顺市 07-21 14:24 -> 湖南省衡阳市 07-21 16:17 245 98306
[8875] 4797092
[8883] -1
[8890] 1
INSCRIPTIONS 贵州省清镇市 08-20 16:24 -> 黑龙江省五大连池市 08-20 19:12 173 70655
[8892] 9640008
[8896] 0
[8902] 0
[8904] 0
[8910] 1782688
[8915] Leizi 惊蛰 this.spectre@Pope.and 1
[8920] Shamare 巫恋 rising.Even@manufacture.no 1
[8924] Bagpipe 风笛 following.Manifesto@to.be 2
[8931] queue
[8939] 1
LeavesofGrass 湖南省衡阳市 08-01 16:20 -> 河北省河间市 08-01 18:01 513 54717
[8947] 1
IHEARDthatyouask 新疆吐鲁番市 07-30 05:55 -> 广东省云浮市 07-30 18:52 725 68880
[8952] 1
LeavesofGrass 广东省四会市 07-01 15:39 -> 河南省灵宝市 07-01 23:39 1888 25788
[8962] 1060270
[8964] 1
INSCRIPTIONS 北京市 07-27 06:46 -> 新疆米泉市 07-27 14:38 850 70655
[8968] 1
IHEARDthatyouask 天津市 08-05 06:35 -> 四川省彭州市 08-05 23:13 249 91153
[8971] Gravel 砾砾 that.each.time@ended.either 1
[8975] 16147710
[8981] 1
IHEARDthatyouask 新疆吐鲁番市 07-14 05:55 -> 广东省云浮市 07-14 18:52 725 91153
[8985] -1
[8990] 1
LeavesofGrass 辽宁省抚顺市 07-26 14:24 -> 新疆伊宁市 07-27 08:52 2834 27148
[9000] -1
[9010] 17108840
[9013] 34381980
[9014] 1
LeavesofGrass 湖南省衡阳市 07-12 16:20 -> 河北省河间市 07-12 18:01 513 34598
[9024] 1
IHEARDthatyouask 新疆吐鲁番市 07-29 05:55 -> 天津市 07-29 06:30 496 84364
[9031] Estelle 艾丝黛尔 This.development@has.in 3
[9033] -1
[9034] 2062398
[9042] 1
IHEARDthatyouask 新疆吐鲁番市 07-08 05:55 -> 四川省彭州市 07-08 23:13 745 81145
[9049] queue
[9058] -1
[9060] 27910062
[9061] -1
[9069] Saria 塞雷娅 in.the.common@ruin.of 1
[9077] Siege 推进之王 monopolised@by.closed 1
[9087] 1
INSCRIPTIONS 云南省安宁市 06-25 20:50 -> 广东省高要市 06-25 21:36 136 67721
[9092] 1
INSCRIPTIONS 黑龙江省五大连池市 07-05 19:22 -> 湖北省枣阳市 07-06 11:59 1544 61288
[9100] 5
[success] LeavesofGrass 辽宁省抚顺市 07-10 14:24 -> 黑龙江省海林市 07-10 22:46 1393 23762
[success] IHEARDthatyouask 广东省云浮市 08-04 19:00 -> 四川省彭州市 08-04 23:13 20 3162
[success] LeavesofGrass 陕西省安康市 08-04 17:25 -> 河北省河间市 08-04 18:01 25 469
[success] LeavesofGrass 广东省四会市 07-02 15:39 -> 浙江省慈溪市 07-03 09:48 2899 23767
[refunded] LeavesofGrass 浙江省杭州市 07-22 11:52 -> 辽宁省抚顺市 07-22 14:21 402 9807
[9106] 0
[9115] 1
LeavesofGrass 河南省偃师市 07-22 03:31 -> 浙江省慈溪市 07-22 09:48 665 98306
[9120] Cardigan 卡缇 the.markets@kept.ever 1
[9127] 4201463
[9134] Aak 阿阿 in.almost.all@of.these 1
[9135] Steward 史都华德 society.at@large.or 1
[9136] Broca 布洛卡 branding.reproach@of.Communism 1
[9141] Ambriel 安比尔 millionaires@the.leaders 1
[9151] 7687576
[9158] Meteorite 陨星 thereby.to@the.revolutionary 3
[9165] ProjeKTRed 红红 everywhere@a.complicated 1
[9167] 11
[success] INSCRIPTIONS 贵州省清镇市 06-24 16:24 -> 湖北省枣阳市 06-25 11:59 1717 10781
[pending] LeavesofGrass 河南省灵宝市 07-04 23:45 -> 广东省花都市 07-05 01:39 114 23649
[success] LeavesofGrass 浙江省平湖市 07-31 08:59 -> 宁夏石嘴山市 07-31 19:18 1781 16839
[success] INSCRIPTIONS 黑龙江省五大连池市 07-13 19:22 -> 云南省安宁市 07-13 20:42 156 13871
[success] INSCRIPTIONS 黑龙江省五大连池市 07-18 19:22 -> 北京市 07-19 06:40 856 10381
[success] LeavesofGrass 陕西省安康市 07-31 17:25 -> 广东省花都市 08-01 01:39 1274 21139
[success] LeavesofGrass 黑龙江省海林市 07-19 22:56 -> 浙江省慈溪市 07-20 09:48 1511 21903
[success] LeavesofGrass 广东省四会市 07-28 15:39 -> 宁夏石嘴山市 07-28 19:18 974 12046
[success] LeavesofGrass 浙江省平湖市 07-06 08:59 -> 广东省四会市 07-06 15:34 807 3065
[success] LeavesofGrass 陕西省安康市 07-11 17:25 -> 河南省灵宝市 07-11 23:39 1160 10737
[success] LeavesofGrass 福建省建阳市 07-04 21:19 -> 广东省花都市 07-05 01:39 628 22385
[9172] 1
IHEARDthatyouask 广东省云浮市 07-13 19:00 -> 四川省彭州市 07-13 23:13 20 91153
[9173] Grani 格拉尼 serfs.of.the@Middle.Ages 1
[9178] Ambriel 安比尔 millionaires@the.leaders 1
[9185] 5746600
[9187] 10382000
[9197] Ansel 安赛尔 now.open.fight@a.fight 2
[9206] 1
LeavesofGrass 宁夏石嘴山市 07-12 19:25 -> 新疆博乐市 07-13 06:04 1453 24464
[9210] 8574510
[9216] 1
INSCRIPTIONS 黑龙江省五大连池市 07-16 19:22 -> 广东省高要市 07-16 21:36 292 70655
[9221] 3
[success] IHEARDthatyouask 天津市 08-03 06:35 -> 广东省云浮市 08-03 18:52 229 18528
[success] INSCRIPTIONS 云南省安宁市 07-23 20:50 -> 广东省高要市 07-23 21:36 136 10243
[pending] LeavesofGrass 新疆塔城市 07-13 07:38 -> 广东省花都市 07-14 01:39 3100 14050
[9227] 1
IHEARDthatyouask 新疆吐鲁番市 07-30 05:55 -> 四川省彭州市 07-30 23:13 745 68880
[9237] queue
[9247] 58648590
[9257] -1
[9265] 3431874
[9274] Orchid 梓兰 middle.class@by.industrial 1
[9276] 0
[9284] 17120274
[9287] 1
IHEARDthatyouask 新疆吐鲁番市 07-19 05:55 -> 广东省云浮市 07-19 18:52 725 91153
[9293] 1
INSCRIPTIONS 贵州省清镇市 07-23 16:24 -> 云南省安宁市 07-23 20:42 329 70655
[9296] 7513112
[9303] -1
[9310] 12595300
[9311] 1
LeavesofGrass 广东省四会市 07-14 15:39 -> 黑龙江省海林市 07-14 22:46 1388 1723
[9314] Texas 德克萨斯 of.whole.industrial@armies.the 1
[9317] Istina 真理 commerce.navigation@railways.e 1
[9326] Vermeil 红云 production@The.place 1
[9336] 23553800
[9341] 14730603
[9343] 1
LeavesofGrass 福建省建阳市 07-04 21:19 -> 浙江省慈溪市 07-05 09:48 1525 273
[9351] Saria 塞雷娅 in.the.common@ruin.of 1
[9356] 10599439
[9358] 0
[9362] Steward 史都华德 society.at@large.or 1
[9372] 0
[9378] 4197570
[9381] 1
IHEARDthatyouask 新疆吐鲁番市 07-22 05:55 -> 广东省云浮市 07-22 18:52 725 91153
[9386] 1
LeavesofGrass 浙江省平湖市 08-01 08:59 -> 陕西省安康市 08-01 17:15 1535 54225
[9389] -1
[9391] 1
LeavesofGrass 黑龙江省海林市 06-30 22:56 -> 河南省偃师市 07-01 03:28 846 88268
[9400] 4614820
[9409] Midnight 月见夜 longer.sufficed@Thereupon.stea 1
[9414] 0
[9418] Durin 杜林 feudal.society@a.rapid 1
[9422] 0
[9430] 1
IHEARDthatyouask 新疆吐鲁番市 07-18 05:55 -> 四川省彭州市 07-18 23:13 745 82374
[9437] -1
[9447] W 达不溜 in.each.single@workshop.Meanti 1
[9452] Texas 德克萨斯 of.whole.industrial@armies.the 1
[9458] 7383495
[9460] 1
IHEARDthatyouask 天津市 07-08 06:35 -> 四川省彭州市 07-08 23:13 249 62798
[9466] 1
INSCRIPTIONS 云南省安宁市 06-30 20:50 -> 江苏省扬州市 07-01 08:14 900 70655
[9469] 14131250
[9477] 1
INSCRIPTIONS 黑龙江省五大连池市 08-14 19:22 -> 广东省惠阳市 08-15 01:32 445 25214
[9486] 1
INSCRIPTIONS 云南省安宁市 06-21 20:50 -> 新疆米泉市 06-22 14:38 1550 60969
[9490] Gravel 砾砾 that.each.time@ended.either 1
[9500] 1
IHEARDthatyouask 新疆吐鲁番市 07-23 05:55 -> 四川省彭州市 07-23 23:13 745 88678
[9501] Durin 杜林 feudal.society@a.rapid 1
[9508] queue
[9518] 1
LeavesofGrass 黑龙江省海林市 07-17 22:56 -> 广东省花都市 07-18 01:39 614 98306
[9521] 197020
[9528] 1
INSCRIPTIONS 广东省惠阳市 06-17 01:41 -> 江苏省扬州市 06-17 08:14 611 69102
[9536] 25976702
[9539] 6575904
[9542] 0
[9544] 0
[9551] 9834661
[9557] Swire 诗怀 the.place.of@the.industrial 1
[9563] 28929675
[9565] Ifrit 伊芙利特 one.another@carried.on 2
[9566] Nightingale 夜莺 a.whole.is@more.and 1
[9568] 1
LeavesofGrass 浙江省平湖市 07-19 08:59 -> 陕西省安康市 07-19 17:15 1535 83000
[9573] 0
[9577] 976952
[9579] 1
IHEARDthatyouask 天津市 08-03 06:35 -> 四川省彭州市 08-03 23:13 249 71547
[9587] 1
INSCRIPTIONS 云南省安宁市 08-01 20:50 -> 广东省高要市 08-01 21:36 136 65647
[9591] 6102624
[9594] 2756268
[9598] 1784252
[9601] 0
[9606] 10179078
[9611] 1
LeavesofGrass 福建省建阳市 06-29 21:19 -> 新疆博乐市 06-30 06:04 1053 25555
[9620] 0
[9621] 1
LeavesofGrass 辽宁省抚顺市 07-03 14:24 -> 新疆博乐市 07-04 06:04 2432 40095
[9624] 1
IHEARDthatyouask 新疆吐鲁番市 07-15 05:55 -> 四川省彭州市 07-15 23:13 745 80293
[9626] 1
IHEARDthatyouask 广东省云浮市 07-25 19:00 -> 四川省彭州市 07-25 23:13 20 91153
[9630] 10724945
[9637] -1
[9642] Dobermann 杜宾 in.a.word.oppressor@and.oppres 1
[9650] 1
LeavesofGrass 河北省河间市 07-21 18:11 -> 黑龙江省海林市 07-21 22:46 635 98306
[9652] 1
LeavesofGrass 浙江省杭州市 07-01 11:52 -> 宁夏石嘴山市 07-01 19:18 1381 25788
[9653] Aak 阿阿 in.almost.all@of.these 1
[9657] Greyy 格雷伊 bourgeoisie@developed.increase 4
[9664] 1
INSCRIPTIONS 广东省惠阳市 07-29 01:41 -> 江苏省扬州市 07-29 08:14 611 64876
[9669] 7163597
[9672] 1
INSCRIPTIONS 广东省惠阳市 07-31 01:41 -> 北京市 07-31 06:40 411 70655
[9677] -1
[9679] 2383281
[9688] Gravel 砾砾 that.each.time@ended.either 1
[9696] 132175
[9704] 1
INSCRIPTIONS 广东省高要市 08-12 21:40 -> 北京市 08-13 06:40 564 63023
[9708] Bison 拜松 classes.again@subordinate.grad 1
[9715] 0
[9722] 1
LeavesofGrass 浙江省平湖市 07-20 08:59 -> 福建省建阳市 07-20 21:14 2181 63037
[9727] -1
[9728] 784020
[9734] Istina 真理 commerce.navigation@railways.e 1
[9743] 1
IHEARDthatyouask 新疆吐鲁番市 08-01 05:55 -> 广东省云浮市 08-01 18:52 725 75260
[9744] Reed 苇草 has.established@the.worldmarke 2
[9745] 8514961
[9751] 1
LeavesofGrass 湖南省衡阳市 07-14 16:20 -> 陕西省安康市 07-14 17:15 488 1723
[9761] 41139319
[9769] 1
LeavesofGrass 陕西省安康市 07-08 17:25 -> 河南省偃师市 07-09 03:28 1506 72917
[9772] 1
INSCRIPTIONS 黑龙江省五大连池市 08-13 19:22 -> 湖北省枣阳市 08-14 11:59 1544 70655
[9773] 1
LeavesofGrass 黑龙江省海林市 07-22 22:56 -> 浙江省慈溪市 07-23 09:48 1511 22025
[9778] 12808796
[9779] Nightmare 夜魔 policespies@Where.is 3
[9785] Phantom 傀影 not.done.away@with.class 1
[9791] Skadi 斯卡蒂 slaves.in.the@Middle.Ages 2
[9793] -1
[9800] 1
INSCRIPTIONS 黑龙江省五大连池市 06-16 19:22 -> 北京市 06-17 06:40 856 57846
[9806] 1
IHEARDthatyouask 新疆吐鲁番市 07-10 05:55 -> 四川省彭州市 07-10 23:13 745 81302
[9814] 5
[success] INSCRIPTIONS 云南省安宁市 06-15 20:50 -> 新疆米泉市 06-16 14:38 1550 475
[success] LeavesofGrass 河北省河间市 08-01 18:11 -> 福建省建阳市 08-01 21:14 621 23783
[success] LeavesofGrass 辽宁省抚顺市 07-23 14:24 -> 河南省灵宝市 07-23 23:39 1893 6029
[success] LeavesofGrass 辽宁省抚顺市 07-29 14:24 -> 广东省花都市 07-30 01:39 2007 17588
[success] LeavesofGrass 浙江省杭州市 07-30 11:52 -> 浙江省慈溪市 07-31 09:48 3306 20674
[9823] Pramanix 初雪 means.of.exchange@and.in 1
[9831] Bibeak 柏喙 into.the.background@every.clas 1
[9837] -1
[9843] 0
[9850] Executor 送葬人 history.of@all.hitherto 1
[9860] 54657801
[9863] 5980390
[9871] Sora 空空 have.patricians@knights.plebei 1
[9878] -1
[9886] 0
[9887] 3662361
[9889] 33300004
[9894] -1
[9895] 1
LeavesofGrass 宁夏石嘴山市 07-12 19:25 -> 新疆伊宁市 07-13 08:52 1855 24464
[9904] NoirCorne 黑角 its.time.reacted@on.the 1
[9907] 0
[9915] Yato 夜刀 meet.this.nursery@tale.of 3
[9924] 1
LeavesofGrass 黑龙江省海林市 07-04 22:56 -> 河南省灵宝市 07-04 23:39 500 2467
[9932] 1
LeavesofGrass 湖南省衡阳市 07-01 16:20 -> 河南省偃师市 07-02 03:28 1994 25788
[9934] 1
IHEARDthatyouask 新疆吐鲁番市 08-07 05:55 -> 广东省云浮市 08-07 18:52 725 91153
[9936] 1
INSCRIPTIONS 云南省安宁市 08-12 20:50 -> 广东省高要市 08-12 21:36 136 63023
[9942] 1
INSCRIPTIONS 黑龙江省五大连池市 07-10 19:22 -> 广东省高要市 07-10 21:36 292 70655
[9943] Cardigan 卡缇 the.markets@kept.ever 1
[9953] 1
INSCRIPTIONS 贵州省清镇市 08-08 16:24 -> 北京市 08-09 06:40 1029 44079
[9954] Zima 凛冬 industrial@production.was 2
[9960] 1
IHEARDthatyouask 新疆吐鲁番市 07-14 05:55 -> 天津市 07-14 06:30 496 91153
[9961] 0
[9965] 1
INSCRIPTIONS 广东省惠阳市 07-13 01:41 -> 新疆米泉市 07-13 14:38 1261 61281
[9968] 0
[9973] 0
[9975] Orchid 梓兰 middle.class@by.industrial 1
[9981] 0
[9986] 2955276
[9996] 14151888
[10004] 851139
[10008] Flamebringer 炎客 nationalities@have.assembled 2
[10010] 1
LeavesofGrass 辽宁省抚顺市 08-04 14:24 -> 浙江省慈溪市 08-05 09:48 2904 75607
[10015] -1
[10020] 1
IHEARDthatyouask 新疆吐鲁番市 07-29 05:55 -> 广东省云浮市 07-29 18:52 725 84364
[10025] -1
[10032] 1
INSCRIPTIONS 云南省安宁市 07-19 20:50 -> 新疆米泉市 07-20 14:38 1550 63020
[10033] 1535611
[10039] 1
puzzletheNewWorld 北京市 06-13 02:54 -> 河南省登封市 06-13 09:52 455 47885
[10047] 1
LeavesofGrass 辽宁省抚顺市 07-20 14:24 -> 广东省花都市 07-21 01:39 2007 40348
[10049] 1289369
[10055] FEater 食铁兽 an.uninterrupted@now.hidden 1
[10061] Purestream 清流 party.itself@To.this 1
[10062] 6190415
[10069] 13965025
[10079] Jessica 杰西卡 has.not.been@decried.as 2
[10088] Executor 送葬人 history.of@all.hitherto 1
[10092] -1
[10096] 0
[10106] 3
[success] INSCRIPTIONS 贵州省清镇市 07-07 16:24 -> 广东省高要市 07-07 21:36 465 3606
[success] LeavesofGrass 浙江省平湖市 07-16 08:59 -> 福建省建阳市 07-16 21:14 2181 20628
[success] LeavesofGrass 浙江省杭州市 07-20 11:52 -> 宁夏石嘴山市 07-20 19:18 1381 1987
[10108] Jessica 杰西卡 has.not.been@decried.as 2
[10116] 10475226
[10121] 5121127
[10123] 1
puzzletheNewWorld 河南省登封市 07-03 09:56 -> 四川省绵竹市 07-03 14:44 299 47885
[10124] 12500159
[10134] -1
[10137] queue
[10146] 1
LeavesofGrass 宁夏石嘴山市 06-30 19:25 -> 福建省建阳市 06-30 21:14 400 71016
[10155] 196587
[10163] 1
INSCRIPTIONS 广东省高要市 06-27 21:40 -> 广东省惠阳市 06-28 01:32 153 53412
[10170] 1
IHEARDthatyouask 新疆吐鲁番市 07-15 05:55 -> 四川省彭州市 07-15 23:13 745 80293
[10177] 2193396
[10186] 1
puzzletheNewWorld 辽宁省辽阳市 07-11 13:05 -> 黑龙江省尚志市 07-11 20:04 805 47885
[10187] 4774400
[10190] 7338110
[10197] 4500537
[10202] 1933920
[10205] 1
INSCRIPTIONS 广东省惠阳市 08-06 01:41 -> 北京市 08-06 06:40 411 70655
[10210] 1
puzzletheNewWorld 黑龙江省尚志市 08-13 20:11 -> 河南省登封市 08-14 09:52 614 47885
[10219] 1
IHEARDthatyouask 广东省云浮市 08-03 19:00 -> 四川省彭州市 08-03 23:13 20 91153
[10229] Steward 史都华德 society.at@large.or 1
[10233] queue
[10239] 2039056
[10242] 5969583
[10246] Courier 讯使 publish.their@views.their 1
[10250] 0
[10257] 1
IHEARDthatyouask 新疆吐鲁番市 07-10 05:55 -> 天津市 07-10 06:30 496 91153
[10267] 3
[success] INSCRIPTIONS 贵州省清镇市 07-07 16:24 -> 广东省高要市 07-07 21:36 465 3606
[success] LeavesofGrass 浙江省平湖市 07-16 08:59 -> 福建省建阳市 07-16 21:14 2181 20628
[success] LeavesofGrass 浙江省杭州市 07-20 11:52 -> 宁夏石嘴山市 07-20 19:18 1381 1987
[10272] 307260
[10275] 15943875
[10277] Firewatch 守林人 opponents.in@power.Where 2
[10286] 1
INSCRIPTIONS 云南省安宁市 07-02 20:50 -> 北京市 07-03 06:40 700 65873
[10292] 1
LeavesofGrass 浙江省杭州市 07-29 11:52 -> 宁夏石嘴山市 07-29 19:18 1381 2735
[10293] 1
puzzletheNewWorld 黑龙江省尚志市 07-14 20:11 -> 北京市 07-15 02:45 159 47885
[10302] 1
LeavesofGrass 宁夏石嘴山市 07-14 19:25 -> 河南省偃师市 07-15 03:28 1260 54700
[10303] 9748384
[10309] 0
[10319] Sussurro 苏苏 to.industry@an.impulse 2
[10326] -1
[10328] 0
[10335] 9514536
[10344] 1
IHEARDthatyouask 天津市 07-26 06:35 -> 广东省云浮市 07-26 18:52 229 91153
[10345] queue
[10350] queue
[10357] 24173335
[10367] Weedy 温蒂 development@The.feudal 2
[10372] -1
[10376] 3290329
[10385] 1
INSCRIPTIONS 贵州省清镇市 08-08 16:24 -> 云南省安宁市 08-08 20:42 329 58876
[10386] 2381020
[10389] 0
[10397] 3841240
[10405] Shining 闪灵 the.Spectre@of.Communism 2
[10414] 1
LeavesofGrass 陕西省安康市 07-15 17:25 -> 浙江省慈溪市 07-16 09:48 2171 16930
[10419] -1
[10422] 1
LeavesofGrass 湖南省衡阳市 07-11 16:20 -> 广东省花都市 07-12 01:39 1762 2725
[10424] 0
[10430] 1600500
[10440] Texas 德克萨斯 of.whole.industrial@armies.the 1
[10447] puzzletheNewWorld O
辽宁省辽阳市 xx-xx xx:xx -> 08-12 13:05 0 47885
湖南省岳阳市 08-12 16:56 -> 08-12 17:01 379 47885
黑龙江省尚志市 08-12 20:04 -> 08-12 20:11 805 47885
北京市 08-13 02:45 -> 08-13 02:54 964 47885
河南省登封市 08-13 09:52 -> 08-13 09:56 1419 47885
四川省绵竹市 08-13 14:44 -> xx-xx xx:xx 1718 x
[10450] 17841294
[10453] 378556
[10460] 1
IHEARDthatyouask 新疆吐鲁番市 07-18 05:55 -> 四川省彭州市 07-18 23:13 745 82374
[10468] 0
[10469] 1
INSCRIPTIONS 云南省安宁市 07-29 20:50 -> 北京市 07-30 06:40 700 64748
[10477] -1
[10483] 1
INSCRIPTIONS 湖北省枣阳市 07-17 12:03 -> 新疆米泉市 07-17 14:38 162 70655
[10485] 13944492
[10486] 1
LeavesofGrass 辽宁省抚顺市 06-28 14:24 -> 黑龙江省海林市 06-28 22:46 1393 29816
[10489] 1
puzzletheNewWorld 黑龙江省尚志市 07-18 20:11 -> 四川省绵竹市 07-19 14:44 913 47885
[10494] 3950604
[10502] Cutter 刻刀 antagonisms@Society.as 1
[10512] -1
[10519] Pramanix 初雪 means.of.exchange@and.in 1
[10522] -1
[10523] -1
[10527] 11121536
[10537] 0
[10544] 4291124
[10549] -1
[10555] 33153400
[10560] Croissant 可颂 French.German@Italian.Flemish 1
[10570] 0
[10571] Beehunter 猎蜂 these.burgesses@the.first 2
[10576] 1
LeavesofGrass 河北省河间市 07-30 18:11 -> 河南省偃师市 07-31 03:28 1481 2370
[10586] 1758900
[10593] Cutter 刻刀 antagonisms@Society.as 1
[10598] 0
[10603] queue
[10609] Myrtle 桃金娘 in.proportion@as.industry 1
[10610] 14244438
[10616] Angelina 安洁莉娜 two.great.classes@directly.fac 1
[10619] Ansel 安赛尔 now.open.fight@a.fight 2
[10627] 897840
[10637] 1
LeavesofGrass 辽宁省抚顺市 07-30 14:24 -> 河北省河间市 07-30 18:01 758 70028
[10645] 1
LeavesofGrass 河南省灵宝市 07-21 23:45 -> 河南省偃师市 07-22 03:28 346 93617
[10649] 1
LeavesofGrass 新疆塔城市 07-11 07:38 -> 河南省偃师市 07-12 03:28 3332 2725
[10652] 1
puzzletheNewWorld 湖南省岳阳市 08-06 17:01 -> 黑龙江省尚志市 08-06 20:04 426 47885
[10658] FEater 食铁兽 an.uninterrupted@now.hidden 1
[10664] queue
[10665] Orchid 梓兰 middle.class@by.industrial 1
[10667] -1
[10672] 1
puzzletheNewWorld 北京市 06-30 02:54 -> 四川省绵竹市 06-30 14:44 754 47885
[10675] 1
puzzletheNewWorld 湖南省岳阳市 06-24 17:01 -> 黑龙江省尚志市 06-24 20:04 426 47885
[10679] -1
[10683] 1
[success] LeavesofGrass 黑龙江省海林市 07-04 22:56 -> 浙江省慈溪市 07-05 09:48 1511 21600
[10693] 8
[pending] LeavesofGrass 浙江省杭州市 07-07 11:52 -> 广东省花都市 07-08 01:39 2409 15419
[success] LeavesofGrass 浙江省杭州市 07-20 11:52 -> 广东省花都市 07-21 01:39 2409 22689
[success] INSCRIPTIONS 广东省高要市 08-08 21:40 -> 新疆米泉市 08-09 14:38 1414 14797
[success] INSCRIPTIONS 云南省安宁市 06-19 20:50 -> 北京市 06-20 06:40 700 42
[success] INSCRIPTIONS 贵州省清镇市 08-06 16:24 -> 北京市 08-07 06:40 1029 17460
[success] LeavesofGrass 浙江省杭州市 07-05 11:52 -> 宁夏石嘴山市 07-05 19:18 1381 18329
[success] LeavesofGrass 河北省河间市 07-10 18:11 -> 河南省偃师市 07-11 03:28 1481 11152
[success] LeavesofGrass 浙江省平湖市 07-17 08:59 -> 河北省河间市 07-17 18:01 1560 22056
[10699] Hoshiguma 星熊 is.high.time@that.Communists 2
[10705] 9
[success] INSCRIPTIONS 黑龙江省五大连池市 06-21 19:22 -> 云南省安宁市 06-21 20:42 156 11275
[success] INSCRIPTIONS 贵州省清镇市 07-19 16:24 -> 新疆米泉市 07-20 14:38 1879 12865
[success] LeavesofGrass 河南省偃师市 08-02 03:31 -> 新疆伊宁市 08-02 08:52 595 7756
[success] LeavesofGrass 浙江省平湖市 08-03 08:59 -> 陕西省安康市 08-03 17:15 1535 5586
[success] LeavesofGrass 广东省四会市 07-10 15:39 -> 宁夏石嘴山市 07-10 19:18 974 5900
[success] IHEARDthatyouask 天津市 07-15 06:35 -> 广东省云浮市 07-15 18:52 229 10860
[success] LeavesofGrass 广东省四会市 07-09 15:39 -> 浙江省慈溪市 07-10 09:48 2899 13305
[success] LeavesofGrass 陕西省安康市 07-25 17:25 -> 福建省建阳市 07-25 21:14 646 12383
[success] LeavesofGrass 湖南省衡阳市 07-27 16:20 -> 河南省偃师市 07-28 03:28 1994 10261
[10711] 1
puzzletheNewWorld 辽宁省辽阳市 07-27 13:05 -> 黑龙江省尚志市 07-27 20:04 805 47885
[10717] 1
puzzletheNewWorld 北京市 07-28 02:54 -> 河南省登封市 07-28 09:52 455 47885
[10723] 1
LeavesofGrass 湖南省衡阳市 07-05 16:20 -> 福建省建阳市 07-05 21:14 1134 8492
[10730] -1
[10732] -1
[10739] 1
puzzletheNewWorld 辽宁省辽阳市 07-03 13:05 -> 北京市 07-04 02:45 964 47885
[10741] 1
IHEARDthatyouask 天津市 07-13 06:35 -> 四川省彭州市 07-13 23:13 249 87957
[10747] 1
LeavesofGrass 浙江省杭州市 07-25 11:52 -> 河北省河间市 07-25 18:01 1160 12950
[10753] 484866
[10757] 13087022
[10767] Scavenger 清道夫 division.of@labour.between 1
[10774] 1
puzzletheNewWorld 辽宁省辽阳市 07-12 13:05 -> 黑龙江省尚志市 07-12 20:04 805 47885
[10780] 1
puzzletheNewWorld 辽宁省辽阳市 06-15 13:05 -> 北京市 06-16 02:45 964 47885
[10784] 1
puzzletheNewWorld 黑龙江省尚志市 08-13 20:11 -> 北京市 08-14 02:45 159 47885
[10794] 0
[10800] Leizi 惊蛰 this.spectre@Pope.and 1
[10805] Platinum 白金 handed.down@from.the 2
[10815] Swire 诗怀 the.place.of@the.industrial 1
[10821] -1
[10827] 1
INSCRIPTIONS 云南省安宁市 06-30 20:50 -> 湖北省枣阳市 07-01 11:59 1388 70655
[10836] 612464
[10846] -1
[10854] -1
[10864] 3682448
[10870] 1
puzzletheNewWorld 湖南省岳阳市 08-10 17:01 -> 四川省绵竹市 08-11 14:44 1339 47885
[10880] queue
[10886] 302000
[10896] 2939415
[10900] -1
[10908] 1893367
[10911] 1
puzzletheNewWorld 黑龙江省尚志市 06-30 20:11 -> 四川省绵竹市 07-01 14:44 913 47885
[10916] Gitano 远山 sprang.the@chartered.burghers 1
[10925] FEater 食铁兽 an.uninterrupted@now.hidden 1
[10934] 1
LeavesofGrass 辽宁省抚顺市 07-26 14:24 -> 新疆博乐市 07-27 06:04 2432 27148
[10942] 1
INSCRIPTIONS 北京市 07-05 06:46 -> 江苏省扬州市 07-05 08:14 200 57684
[10951] 15447301
[10957] -1
[10964] 4354347
[10973] 10416700
[10974] 1
IHEARDthatyouask 天津市 08-02 06:35 -> 广东省云浮市 08-02 18:52 229 64160
[10975] Plume 翎羽 serf.guildmaster@and.journeyma 2
[10977] 1
puzzletheNewWorld 辽宁省辽阳市 07-04 13:05 -> 河南省登封市 07-05 09:52 1419 47885
[10985] 1
puzzletheNewWorld 辽宁省辽阳市 07-22 13:05 -> 黑龙江省尚志市 07-22 20:04 805 47885
[10986] 1
IHEARDthatyouask 新疆吐鲁番市 07-07 05:55 -> 天津市 07-07 06:30 496 91153
[10994] 1
[success] LeavesofGrass 广东省四会市 07-29 15:39 -> 河南省偃师市 07-30 03:28 2234 599
[11001] 1
IHEARDthatyouask 新疆吐鲁番市 07-14 05:55 -> 广东省云浮市 07-14 18:52 725 91153
[11010] 1
INSCRIPTIONS 黑龙江省五大连池市 08-04 19:22 -> 北京市 08-05 06:40 856 70655
[11018] 1
INSCRIPTIONS 北京市 07-28 06:46 -> 江苏省扬州市 07-28 08:14 200 70655
[11023] 1
LeavesofGrass 浙江省杭州市 07-17 11:52 -> 新疆博乐市 07-18 06:04 2834 61739
[11024] 19747933
[11032] 1
LeavesofGrass 浙江省平湖市 06-29 08:59 -> 河南省灵宝市 06-29 23:39 2695 21485
[11034] Bibeak 柏喙 into.the.background@every.clas 1
[11039] 510774
[11045] Mostima 莫斯提马 of.the.earliest@towns.From 2
[11053] 1
LeavesofGrass 陕西省安康市 06-28 17:25 -> 新疆博乐市 06-29 06:04 1699 13411
[11062] W 达不溜 in.each.single@workshop.Meanti 1
[11064] Bison 拜松 classes.again@subordinate.grad 1
[11068] 1
IHEARDthatyouask 广东省云浮市 08-07 19:00 -> 四川省彭州市 08-07 23:13 20 91153
[11077] -1
[11079] 17761766
[11088] 1
puzzletheNewWorld 北京市 07-19 02:54 -> 四川省绵竹市 07-19 14:44 754 47885
[11098] Pramanix 初雪 means.of.exchange@and.in 1
[11101] 2190300
[11104] 1
LeavesofGrass 新疆塔城市 07-12 07:38 -> 辽宁省抚顺市 07-12 14:21 1093 81818
[11109] 1
LeavesofGrass 广东省四会市 08-01 15:39 -> 浙江省慈溪市 08-02 09:48 2899 40703
[11115] 1
LeavesofGrass 广东省四会市 07-25 15:39 -> 新疆博乐市 07-26 06:04 2427 12950
[11117] 1
INSCRIPTIONS 云南省安宁市 08-17 20:50 -> 北京市 08-18 06:40 700 70655
[11119] 4788768
[11121] Grani 格拉尼 serfs.of.the@Middle.Ages 1
[11127] -1
[11129] Phantom 傀影 not.done.away@with.class 1
[11137] queue
[11143] 1
INSCRIPTIONS 黑龙江省五大连池市 08-14 19:22 -> 广东省高要市 08-14 21:36 292 38819
[11144] queue
[11152] ShiraYuki 白雪 and.Danish@languages.I 3
[11154] 14095458
[11155] 158284
[11161] 1
puzzletheNewWorld 辽宁省辽阳市 07-25 13:05 -> 河南省登封市 07-26 09:52 1419 47885
[11168] Dobermann 杜宾 in.a.word.oppressor@and.oppres 1
[11177] Vermeil 红云 production@The.place 1
[11186] Cliffheart 崖心 in.London.and@sketched.the 1
[11195] 1
LeavesofGrass 黑龙江省海林市 07-05 22:56 -> 河南省偃师市 07-06 03:28 846 50544
[11203] 0
[11213] 0
[11216] -1
[11221] Saria 塞雷娅 in.the.common@ruin.of 1
[11229] 1797903
[11231] 2893204
[11234] Swire 诗怀 the.place.of@the.industrial 1
[11238] 1
puzzletheNewWorld 辽宁省辽阳市 08-08 13:05 -> 湖南省岳阳市 08-08 16:56 379 47885
[11239] Skyfire 天火 published.in@the.English 1
[11247] Glaucus 格劳克斯 the.increase@in.the 2
[11256] 816672
[11260] 0
[11264] 1
puzzletheNewWorld 辽宁省辽阳市 08-18 13:05 -> 湖南省岳阳市 08-18 16:56 379 47885
[11272] 19597104
[11274] 0
[11280] Nian 年年 wants.of.the@new.markets 1
[11289] 1
INSCRIPTIONS 广东省惠阳市 08-06 01:41 -> 北京市 08-06 06:40 411 70655
[11294] 8270592
[11297] 1
LeavesofGrass 河北省河间市 06-28 18:11 -> 河南省灵宝市 06-28 23:39 1135 21762
[11301] 1
LeavesofGrass 广东省四会市 07-26 15:39 -> 广东省花都市 07-27 01:39 2002 27148
[11310] 1
LeavesofGrass 黑龙江省海林市 07-09 22:56 -> 河南省偃师市 07-10 03:28 846 56660
[11313] 1
INSCRIPTIONS 云南省安宁市 08-22 20:50 -> 湖北省枣阳市 08-23 11:59 1388 65949
[11323] 1
puzzletheNewWorld 辽宁省辽阳市 07-29 13:05 -> 河南省登封市 07-30 09:52 1419 47885
[11325] 1
INSCRIPTIONS 湖北省枣阳市 07-08 12:03 -> 新疆米泉市 07-08 14:38 162 70655
[11331] Aak 阿阿 in.almost.all@of.these 1
[11339] -1
[11340] -1
[11342] 4924920
[11345] 5636624
[11353] 1184550
[11354] 1
LeavesofGrass 广东省四会市 07-19 15:39 -> 河南省灵宝市 07-19 23:39 1888 69342
[11358] Estelle 艾丝黛 Middle.Ages@We.see 3
[11364] Durnar 坚雷 adversaries@Two.things 1
[11372] ShiraYuki 白雪 and.Danish@languages.I 3
[11376] 10856140
[11386] Ptilopsis 白面鸮 this.distinctive@feature.it 2
[11396] 1
LeavesofGrass 辽宁省抚顺市 07-08 14:24 -> 黑龙江省海林市 07-08 22:46 1393 72229
[11399] Purestream 清流 party.itself@To.this 1
[11402] 3
[success] LeavesofGrass 浙江省平湖市 07-24 08:59 -> 新疆伊宁市 07-25 08:52 3636 6341
[success] LeavesofGrass 陕西省安康市 08-03 17:25 -> 福建省建阳市 08-03 21:14 646 12367
[success] LeavesofGrass 新疆塔城市 07-05 07:38 -> 新疆伊宁市 07-06 08:52 3927 16537
[11409] 1
puzzletheNewWorld 湖南省岳阳市 07-19 17:01 -> 北京市 07-20 02:45 585 47885
[11416] 4911556
[11425] Myrtle 桃金娘 in.proportion@as.industry 1
[11426] 1
INSCRIPTIONS 黑龙江省五大连池市 07-28 19:22 -> 北京市 07-29 06:40 856 62191
[11429] Blaze 煌煌 therefore.how@the.modern 4
[11430] Durin 杜林 feudal.society@a.rapid 1
[11433] 58963156
[11437] Hoshiguma 星熊 is.high.time@that.Communists 2
[11445] 1
LeavesofGrass 浙江省杭州市 07-03 11:52 -> 浙江省慈溪市 07-04 09:48 3306 11396
[11455] 6175650
[11462] -1
[11472] Ambriel 安比尔 millionaires@the.leaders 1
[11473] 4244050
[11481] 7581050
[11483] 1
puzzletheNewWorld 湖南省岳阳市 06-11 17:01 -> 河南省登封市 06-12 09:52 1040 47885
[11490] 11170800
[11493] -1
[11498] 5
[success] INSCRIPTIONS 江苏省扬州市 08-16 08:17 -> 湖北省枣阳市 08-16 11:59 488 7546
[success] LeavesofGrass 河北省河间市 08-02 18:11 -> 宁夏石嘴山市 08-02 19:18 221 2381
[success] INSCRIPTIONS 黑龙江省五大连池市 07-06 19:22 -> 新疆米泉市 07-07 14:38 1706 14155
[success] LeavesofGrass 浙江省杭州市 07-03 11:52 -> 河北省河间市 07-03 18:01 1160 19940
[success] LeavesofGrass 广东省四会市 07-27 15:39 -> 广东省花都市 07-28 01:39 2002 8725
[11501] 359445
[11510] 1
IHEARDthatyouask 新疆吐鲁番市 07-10 05:55 -> 广东省云浮市 07-10 18:52 725 91153
[11520] 1
puzzletheNewWorld 辽宁省辽阳市 08-05 13:05 -> 北京市 08-06 02:45 964 46686
[11521] 0
[11526] Meteorite 陨星 thereby.to@the.revolutionary 3
[11530] 1
puzzletheNewWorld 河南省登封市 07-01 09:56 -> 四川省绵竹市 07-01 14:44 299 47885
[11534] queue
[11544] -1
[11554] -1
[11558] 1
LeavesofGrass 辽宁省抚顺市 07-25 14:24 -> 陕西省安康市 07-25 17:15 733 25333
[11568] 0
[11569] 0
[11571] 0
[11580] 2368236
[11586] 1
IHEARDthatyouask 天津市 07-28 06:35 -> 广东省云浮市 07-28 18:52 229 91153
[11592] 955200
[11597] Plume 翎羽 serf.guildmaster@and.journeyma 2
[11604] 34669176
[11609] -1
[11613] 1
INSCRIPTIONS 贵州省清镇市 06-24 16:24 -> 云南省安宁市 06-24 20:42 329 44693
[11622] 1547582
[11624] 6351897
[11629] BluePoison 蓝毒 that.has.sprouted@from.the 1
[11635] 1
INSCRIPTIONS 广东省高要市 07-04 21:40 -> 江苏省扬州市 07-05 08:14 764 57684
[11642] 6541304
[11648] queue
[11657] 0
[11664] 1
INSCRIPTIONS 贵州省清镇市 08-13 16:24 -> 广东省惠阳市 08-14 01:32 618 67526
[11673] Schwarz 黑黑 of.manufacture@was.taken 1
[11678] ShiraYuki 白雪 and.Danish@languages.I 3
[11686] 1
puzzletheNewWorld 河南省登封市 08-12 09:56 -> 四川省绵竹市 08-12 14:44 299 47885
[11693] Estelle 艾丝黛 Middle.Ages@We.see 3
[11703] Midnight 月见夜 longer.sufficed@Thereupon.stea 1
[11712] Glaucus 格劳克斯 the.increase@in.the 2
[11718] Conviction 断罪 vanished.in@the.face 2
[11725] 9790544
[11730] Yato 夜刀 meet.this.nursery@tale.of 3
[11734] 1
puzzletheNewWorld 湖南省岳阳市 08-01 17:01 -> 河南省登封市 08-02 09:52 1040 47885
[11735] 4172780
[11745] 1
LeavesofGrass 河北省河间市 07-19 18:11 -> 黑龙江省海林市 07-19 22:46 635 78417
[11748] 931801
[11754] 9339656
[11764] 41912849
[11774] 12843067
[11776] 1
LeavesofGrass 浙江省杭州市 07-09 11:52 -> 宁夏石嘴山市 07-09 19:18 1381 33996
[11778] 1
LeavesofGrass 浙江省杭州市 07-12 11:52 -> 宁夏石嘴山市 07-12 19:18 1381 34598
[11783] 1
LeavesofGrass 湖南省衡阳市 08-01 16:20 -> 广东省花都市 08-02 01:39 1762 40703
[11784] 9071940
[11792] -1
[11801] 1
IHEARDthatyouask 新疆吐鲁番市 08-06 05:55 -> 天津市 08-06 06:30 496 91153
[11804] 5167838
[11811] 1
LeavesofGrass 广东省花都市 07-17 01:43 -> 新疆伊宁市 07-17 08:52 827 83607
[11813] 392673
[11814] 3804216
[11821] 1
puzzletheNewWorld 辽宁省辽阳市 08-08 13:05 -> 湖南省岳阳市 08-08 16:56 379 47885
[11825] 1
LeavesofGrass 浙江省平湖市 07-22 08:59 -> 广东省四会市 07-22 15:34 807 65653
[11835] Hibiscus 芙蓉 Communistic@by.its 1
[11839] 1836960
[11845] 1
puzzletheNewWorld 辽宁省辽阳市 07-06 13:05 -> 河南省登封市 07-07 09:52 1419 47885
[11846] 1
LeavesofGrass 福建省建阳市 07-17 21:19 -> 浙江省慈溪市 07-18 09:48 1525 98306
[11856] 1
IHEARDthatyouask 天津市 07-10 06:35 -> 广东省云浮市 07-10 18:52 229 91153
[11862] Platinum 白金 handed.down@from.the 2
[11867] 0
[11871] 11218158
[11875] 0
[11884] 0
[11886] 1
INSCRIPTIONS 贵州省清镇市 08-04 16:24 -> 湖北省枣阳市 08-05 11:59 1717 70655
[11893] 1
puzzletheNewWorld 河南省登封市 07-07 09:56 -> 四川省绵竹市 07-07 14:44 299 47885
[11896] 13619648
[11899] 3163545
[11903] 1
LeavesofGrass 湖南省衡阳市 07-19 16:20 -> 新疆伊宁市 07-20 08:52 2589 53182
[11907] 3065168
[11916] Gummy 古米 commerce.to@navigation.to 1
[11921] 1
LeavesofGrass 河北省河间市 08-04 18:11 -> 新疆伊宁市 08-05 08:52 2076 80761
[11928] Skadi 斯卡蒂 slaves.in.the@Middle.Ages 2
[11930] 1
LeavesofGrass 辽宁省抚顺市 07-27 14:24 -> 宁夏石嘴山市 07-27 19:18 979 64311
[11934] 1774780
[11941] 1
INSCRIPTIONS 黑龙江省五大连池市 08-11 19:22 -> 广东省惠阳市 08-12 01:32 445 70655
[11945] Grani 格拉尼 serfs.of.the@Middle.Ages 1
[11947] 9826608
[11953] 1
LeavesofGrass 浙江省杭州市 07-21 11:52 -> 辽宁省抚顺市 07-21 14:21 402 98306
[11957] 8227100
[11963] 23929591
[11970] 2011890
[11974] Plume 翎羽 serf.guildmaster@and.journeyma 2
[11976] Aak 阿阿 in.almost.all@of.these 1
[11983] 1
whatyouwanted 四川省华蓥市 07-11 09:39 -> 内蒙东胜市 07-11 20:46 2267 30519
[11986] -1
[11989] 1
whatyouwanted 广东省揭阳市 07-27 06:37 -> 广东省高州市 07-27 10:58 868 30519
[11996] 1
LeavesofGrass 河南省灵宝市 07-04 23:45 -> 浙江省慈溪市 07-05 09:48 1011 192
[12003] -1
[12012] 0
[12019] 1706070
[12022] 1
INSCRIPTIONS 广东省高要市 07-13 21:40 -> 江苏省扬州市 07-14 08:14 764 55484
[12031] 1
LeavesofGrass 陕西省安康市 07-04 17:25 -> 福建省建阳市 07-04 21:14 646 21287
[12033] 1
IHEARDthatyouask 新疆吐鲁番市 07-16 05:55 -> 天津市 07-16 06:30 496 91153
[12041] 10057267
[12046] 1
whatyouwanted 山东省莱州市 07-10 10:08 -> 吉林省双辽市 07-10 14:29 405 30519
[12047] 2073084
[12049] 23217076
[12051] 1
whatyouwanted 山东省乳山市 07-22 04:53 -> 安徽省阜阳市 07-22 08:17 674 30519
[12059] -1
[12062] 3110366
[12064] 1
LeavesofGrass 陕西省安康市 07-12 17:25 -> 河南省偃师市 07-13 03:28 1506 24464
[12070] 1
IHEARDthatyouask 新疆吐鲁番市 08-06 05:55 -> 天津市 08-06 06:30 496 91153
[12080] queue
[12090] 1
LeavesofGrass 广东省四会市 06-28 15:39 -> 湖南省衡阳市 06-28 16:17 240 49313
[12097] 1291979
[12098] Mayer 梅尔 colonisation@of.America 1
[12104] Durin 杜林 feudal.society@a.rapid 1
[12106] 0
[12109] queue
[12111] 1809584
[12115] -1
[12123] 2895560
[12128] 7035574
[12133] 1561000
[12136] 1
INSCRIPTIONS 云南省安宁市 08-18 20:50 -> 北京市 08-19 06:40 700 69011
[12139] 0
[12147] 10622656
[12148] 9438282
[12158] 1
whatyouwanted 甘肃省兰州市 07-28 21:27 -> 四川省华蓥市 07-29 09:33 1434 30519
[12164] 5001168
[12171] 1
IHEARDthatyouask 天津市 07-07 06:35 -> 四川省彭州市 07-07 23:13 249 91153
[12181] 1
LeavesofGrass 陕西省安康市 07-31 17:25 -> 广东省花都市 08-01 01:39 1274 4397
[12185] 1997936
[12195] -1
[12203] 1
IHEARDthatyouask 新疆吐鲁番市 07-24 05:55 -> 天津市 07-24 06:30 496 69741
[12212] -1
[12218] 1
puzzletheNewWorld 辽宁省辽阳市 07-10 13:05 -> 黑龙江省尚志市 07-10 20:04 805 47885
[12224] Greyy 格雷伊 bourgeoisie@developed.increase 4
[12233] Mousse 慕斯 history.of@class.struggles 1
[12236] 0
[12238] W 达不溜 in.each.single@workshop.Meanti 1
[12242] 16476720
[12246] Snowsant 雪雉 new.forms.of@struggle.in 2
[12254] 0
[12261] 10698324
[12262] Steward 史都华德 society.at@large.or 1
[12272] 0
[12278] 3849588
[12280] 32332770
[12287] BluePoison 蓝毒 that.has.sprouted@from.the 1
[12292] 619404
[12294] 2000635
[12297] 12531189
[12300] Earthspirit 地灵 I.Communism@is.already 3
[12301] Shining 闪灵 the.Spectre@of.Communism 2
[12306] NoirCorne 黑角 its.time.reacted@on.the 1
[12315] -1
[12318] 5599308
[12321] 1
INSCRIPTIONS 江苏省扬州市 07-01 08:17 -> 新疆米泉市 07-01 14:38 650 70655
[12329] 0
[12332] 1939399
[12335] Ambriel 安比尔 millionaires@the.leaders 1
[12342] 23890824
[12343] 1
whatyouwanted 福建省建阳市 07-20 00:03 -> 内蒙东胜市 07-20 20:46 3494 30519
[12353] 1
LeavesofGrass 河北省河间市 08-02 18:11 -> 新疆伊宁市 08-03 08:52 2076 58844
[12354] 1
puzzletheNewWorld 辽宁省辽阳市 06-11 13:05 -> 河南省登封市 06-12 09:52 1419 47885
[12361] Mayer 梅尔 colonisation@of.America 1
[12368] 14446160
[12378] 1
INSCRIPTIONS 云南省安宁市 07-11 20:50 -> 广东省惠阳市 07-12 01:32 289 45249
[12386] 4888000
[12393] 1
puzzletheNewWorld 湖南省岳阳市 07-10 17:01 -> 河南省登封市 07-11 09:52 1040 47885
[12403] Hellagur 赫拉格 The.manufacturing@system.took 1
[12411] 0
[12417] 1
LeavesofGrass 陕西省安康市 07-13 17:25 -> 广东省花都市 07-14 01:39 1274 5148
[12420] 2379442
[12421] 1
IHEARDthatyouask 天津市 07-26 06:35 -> 四川省彭州市 07-26 23:13 249 91153
[12431] 24272427
[12432] queue
[12433] 5991000
[12443] 10060449
[12450] 5767375
[12452] 13101140
[12462] 11418464
[12465] 1
LeavesofGrass 黑龙江省海林市 07-29 22:56 -> 新疆博乐市 07-30 06:04 1039 47178
[12466] 5088716
[12472] 1
INSCRIPTIONS 黑龙江省五大连池市 07-05 19:22 -> 北京市 07-06 06:40 856 45203
[12475] Estelle 艾丝黛 Middle.Ages@We.see 3
[12479] 32761264
[12486] 1
IHEARDthatyouask 新疆吐鲁番市 08-03 05:55 -> 天津市 08-03 06:30 496 90075
[12488] 16191216
[12489] 1
whatyouwanted 四川省华蓥市 08-04 09:39 -> 内蒙东胜市 08-04 20:46 2267 30519
[12499] 1
puzzletheNewWorld 黑龙江省尚志市 07-21 20:11 -> 北京市 07-22 02:45 159 47885
[12502] 1163565
[12509] Franka 芙兰 of.division@of.labour 1
[12513] 0
[12522] Platinum 白金 handed.down@from.the 2
[12530] 1
IHEARDthatyouask 天津市 07-14 06:35 -> 广东省云浮市 07-14 18:52 229 78448
[12531] 1
INSCRIPTIONS 广东省惠阳市 06-28 01:41 -> 湖北省枣阳市 06-28 11:59 1099 53412
[12539] queue
[12541] 1
INSCRIPTIONS 黑龙江省五大连池市 07-05 19:22 -> 广东省惠阳市 07-06 01:32 445 45203
[12550] Catapult 空爆 two.great.hostile@camps.into 1
[12559] Sideroca 铸铁 rising.bourgeoisie@The.EastInd 1
[12567] 15
[success] INSCRIPTIONS 贵州省清镇市 07-13 16:24 -> 云南省安宁市 07-13 20:42 329 9454
[success] puzzletheNewWorld 北京市 06-20 02:54 -> 河南省登封市 06-20 09:52 455 10824
[success] IHEARDthatyouask 新疆吐鲁番市 08-02 05:55 -> 天津市 08-02 06:30 496 4111
[pending] LeavesofGrass 河北省河间市 07-31 18:11 -> 新疆伊宁市 08-01 08:52 2076 7118
[success] IHEARDthatyouask 天津市 08-02 06:35 -> 广东省云浮市 08-02 18:52 229 22363
[success] LeavesofGrass 河北省河间市 07-22 18:11 -> 广东省花都市 07-23 01:39 1249 20798
[success] IHEARDthatyouask 天津市 07-12 06:35 -> 广东省云浮市 07-12 18:52 229 18330
[success] LeavesofGrass 广东省四会市 07-29 15:39 -> 新疆伊宁市 07-30 08:52 2829 5207
[success] IHEARDthatyouask 天津市 07-08 06:35 -> 广东省云浮市 07-08 18:52 229 10008
[success] LeavesofGrass 辽宁省抚顺市 07-06 14:24 -> 福建省建阳市 07-06 21:14 1379 4676
[success] INSCRIPTIONS 黑龙江省五大连池市 07-15 19:22 -> 湖北省枣阳市 07-16 11:59 1544 4503
[success] LeavesofGrass 湖南省衡阳市 07-31 16:20 -> 新疆伊宁市 08-01 08:52 2589 14976
[success] IHEARDthatyouask 广东省云浮市 07-21 19:00 -> 四川省彭州市 07-21 23:13 20 4231
[success] LeavesofGrass 广东省花都市 07-07 01:43 -> 新疆博乐市 07-07 06:04 425 772
[success] LeavesofGrass 河北省河间市 07-28 18:11 -> 新疆博乐市 07-29 06:04 1674 3528
[12570] 1
IHEARDthatyouask 新疆吐鲁番市 08-03 05:55 -> 天津市 08-03 06:30 496 90075
[12579] 1
INSCRIPTIONS 江苏省扬州市 07-21 08:17 -> 湖北省枣阳市 07-21 11:59 488 61097
[12582] 1
whatyouwanted 甘肃省兰州市 07-12 21:27 -> 福建省建阳市 07-12 23:59 207 30519
[12589] 1
puzzletheNewWorld 河南省登封市 07-30 09:56 -> 四川省绵竹市 07-30 14:44 299 47885
[12599] -1
[12607] Zima 凛冬 industrial@production.was 2
[12608] 2356122
[12613] Reed 苇草 has.established@the.worldmarke 2
[12620] -1
[12630] 4759165
[12632] 8730904
[12640] 1
puzzletheNewWorld 湖南省岳阳市 06-17 17:01 -> 北京市 06-18 02:45 585 47885
[12648] Specter 幽灵鲨 and.plebeian@lord.and 1
[12658] 1865383
[12660] queue
[12668] -1
[12671] 1
whatyouwanted 甘肃省兰州市 07-07 21:27 -> 四川省华蓥市 07-08 09:33 1434 30519
[12674] 1
LeavesofGrass 河南省灵宝市 07-16 23:45 -> 广东省花都市 07-17 01:39 114 83607
[12681] 0
[12687] Gravel 砾砾 that.each.time@ended.either 1
[12697] 8253048
[12707] -1
[12711] 126140
[12715] Pramanix 初雪 means.of.exchange@and.in 1
[12720] 1
puzzletheNewWorld 河南省登封市 07-25 09:56 -> 四川省绵竹市 07-25 14:44 299 47885
[12722] Gummy 古米 commerce.to@navigation.to 1
[12724] Myrtle 桃金娘 in.proportion@as.industry 1
[12734] -1
[12740] Gravel 砾砾 that.each.time@ended.either 1
[12745] Shining 闪灵 the.Spectre@of.Communism 2
[12749] 1
whatyouwanted 甘肃省兰州市 07-28 21:27 -> 四川省华蓥市 07-29 09:33 1434 30519
[12757] Kroos 克洛丝 extension.of@industry.and 1
[12758] 8605170
[12761] 1
whatyouwanted 辽宁省盖州市 08-07 20:30 -> 北京市 08-08 02:07 1076 30519
[12763] ProjeKTRed 红红 everywhere@a.complicated 1
[12768] 1
IHEARDthatyouask 新疆吐鲁番市 07-29 05:55 -> 天津市 07-29 06:30 496 84364
[12773] 0
[12778] Flamebringer 炎客 nationalities@have.assembled 2
[12788] Angelina 安洁莉 two.great.classes@directly.fac 1
[12791] Nightmare 夜魔 policespies@Where.is 3
[12794] 13226590
[12795] Cliffheart 崖心 in.London.and@sketched.the 1
[12797] 1
LeavesofGrass 浙江省平湖市 07-26 08:59 -> 陕西省安康市 07-26 17:15 1535 39803
[12804] 1617278
[12813] Franka 芙兰 of.division@of.labour 1
[12817] Bagpipe 风笛 bourgeoisie@is.itself 2
[12818] 1
LeavesofGrass 浙江省平湖市 07-05 08:59 -> 浙江省慈溪市 07-06 09:48 3706 8492
[12820] bye
