[12824] -1
[12828] -1
[12837] -1
[12843] -1
[12844] -1
[12854] -1
[12861] -1
[12865] -1
[12874] 0
[12876] -1
[12883] -1
[12891] -1
[12892] -1
[12900] 0
[12904] Vigna 红豆 the.manufacturing@middle.class 1
[12911] -1
[12919] -1
[12929] -1
[12937] Skadi 斯卡 slaves.in.the@Middle.Ages 2
[12939] Shamare 巫恋 rising.Even@manufacture.no 1
[12946] -1
[12953] -1
[12958] -1
[12961] Bibeak 柏喙 into.the.background@every.clas 1
[12965] -1
[12966] Ifrit 伊芙利特 one.another@carried.on 2
[12971] -1
[12976] 0
[12980] -1
[12982] ProjeKTRed 红红 everywhere@a.complicated 1
[12992] Yato 夜刀 meet.this.nursery@tale.of 3
[12998] 0
[13001] -1
[13004] 0
[13011] -1
[13016] -1
[13021] -1
[13023] Weedy 温蒂 development@The.feudal 2
[13033] -1
[13042] 0
[13046] -1
[13047] 0
[13051] Ambriel 安比尔 millionaires@the.leaders 1
[13059] Cuora 蛇屠箱 trade.with@the.colonies 1
[13060] ProjeKTRed 红红 everywhere@a.complicated 1
[13064] -1
[13066] -1
[13069] Mostima 莫斯提马 of.the.earliest@towns.From 2
[13076] Scavenger 清道夫 division.of@labour.between 1
[13084] -1
[13090] -1
[13097] Specter 幽灵鲨 and.plebeian@lord.and 1
[13105] Blaze 煌煌 of.a.series@of.revolutions 4
[13111] -1
[13116] 0
[13126] Purestream 清流 party.itself@To.this 1
[13130] -1
[13134] 0
[13144] Sesa 慑砂 This.market@has.given 1
[13145] Siege 推进之王 monopolised@by.closed 1
[13146] Myrtle 桃金娘 in.proportion@as.industry 1
[13153] -1
[13163] Hung 吽吽 itself.a.Power@II.It 1
[13166] Conviction 断罪 vanished.in@the.face 2
[13173] Nearl 临光 history.we@find.almost 1
[13178] Provence 普罗旺 face.of.the@whole.world 1
[13185] -1
[13193] -1
[13194] -1
[13202] 0
[13205] 0
[13214] -1
[13219] -1
[13222] Vermeil 红云 production@The.place 1
[13232] 0
[13241] Firewatch 守林人 opponents.in@power.Where 2
[13249] 0
[13256] -1
[13260] Matoimaru 缠丸 in.the.same@proportion.the 1
[13266] -1
[13272] 0
[13273] Sussurro 苏苏 to.industry@an.impulse 2
[13278] Myrtle 桃金娘 in.proportion@as.industry 1
[13280] Sussurro 苏苏 to.industry@an.impulse 2
[13289] Schwarz 黑黑 of.manufacture@was.taken 1
[13299] 0
[13301] 0
[13302] -1
[13310] -1
[13316] -1
[13322] Bibeak 柏喙 into.the.background@every.clas 1
[13323] Steward 史都华德 society.at@large.or 1
[13330] -1
[13339] Glaucus 格劳克斯 the.increase@in.the 2
[13345] -1
[13350] -1
[13354] Cardigan 卡缇 the.markets@kept.ever 1
[13363] Gitano 远山 sprang.the@chartered.burghers 1
[13369] 0
[13372] Catapult 空爆 two.great.hostile@camps.into 1
[13381] 0
[13390] 0
[13392] 6744800
[13397] -1
[13407] 7428184
[13411] -1
[13420] 1
whatyouwanted 山东省莱州市 07-15 10:08 -> 江西省高安市 07-15 17:46 1248 30519
[13430] Bison 拜松 classes.again@subordinate.grad 1
[13438] 1
puzzletheNewWorld 黑龙江省尚志市 07-10 20:11 -> 四川省绵竹市 07-11 14:44 913 47885
[13440] Haze 夜烟 result.from@this.fact 1
[13443] -1
[13447] -1
[13454] -1
[13461] 0
[13464] Orchid 梓兰 and.of.exchange@Each.step 1
[13465] Glaucus 格劳克斯 the.increase@in.the 2
[13470] -1
[13472] -1
[13479] 4981980
[13488] -1
[13489] 7379775
[13499] 1
puzzletheNewWorld 湖南省岳阳市 07-20 17:01 -> 河南省登封市 07-21 09:52 1040 47885
[13509] 1
LeavesofGrass 宁夏石嘴山市 07-06 19:25 -> 新疆伊宁市 07-07 08:52 1855 8018
[13519] 1
puzzletheNewWorld 辽宁省辽阳市 07-04 13:05 -> 四川省绵竹市 07-05 14:44 1718 47885
[13520] 1
whatyouwanted 山东省莱州市 08-04 10:08 -> 广东省高州市 08-04 10:58 176 30519
[13529] 1
LeavesofGrass 浙江省平湖市 07-21 08:59 -> 宁夏石嘴山市 07-21 19:18 1781 93617
[13539] 1
LeavesofGrass 宁夏石嘴山市 06-28 19:25 -> 新疆伊宁市 06-29 08:52 1855 8355
[13546] 15418256
[13551] -1
[13556] 0
[13565] 1
puzzletheNewWorld 黑龙江省尚志市 06-20 20:11 -> 四川省绵竹市 06-21 14:44 913 47885
[13573] 5014132
[13579] 3908970
[13582] 1
whatyouwanted 福建省建阳市 07-22 00:03 -> 湖北省松滋市 07-22 21:35 3707 30519
[13592] 1
whatyouwanted 安徽省阜阳市 07-14 08:24 -> 山东省莱州市 07-14 10:04 486 30519
[13594] 11156300
[13595] 1
puzzletheNewWorld 湖南省岳阳市 07-23 17:01 -> 北京市 07-24 02:45 585 47885
[13599] -1
[13600] 5452128
[13601] 9339450
[13611] queue
[13612] 10913488
[13615] 1
LeavesofGrass 河南省灵宝市 07-11 23:45 -> 浙江省慈溪市 07-12 09:48 1011 41253
[13618] Matterhorn 角峰 an.immense@development.to 1
[13622] 1
whatyouwanted 山东省乳山市 07-28 04:53 -> 广东省揭阳市 07-28 06:33 468 30519
[13624] 0
[13627] 1
whatyouwanted 山东省乳山市 08-09 04:53 -> 新疆阿克苏市 08-09 15:55 1916 30519
[13633] -1
[13639] 1
[success] LeavesofGrass 新疆塔城市 07-14 07:38 -> 河北省河间市 07-14 18:01 1851 23933
[13644] 25960075
[13645] 1
AndtodefineAmeric 河南省周口市 07-18 06:54 -> 湖南省吉首市 07-18 11:01 601 80198
[13647] 2454642
[13648] 0
[13649] -1
[13658] 21493981
[13660] -1
[13664] Ansel 安赛尔 now.open.fight@a.fight 2
[13669] 1
puzzletheNewWorld 湖南省岳阳市 07-12 17:01 -> 四川省绵竹市 07-13 14:44 1339 47885
[13678] Hibiscus 芙蓉 Communistic@by.its 1
[13680] 248248
[13681] Earthspirit 地灵 I.Communism@is.already 3
[13682] 1
LeavesofGrass 新疆塔城市 08-04 07:38 -> 湖南省衡阳市 08-04 16:17 1338 76234
[13683] 1
AndtodefineAmeric 辽宁省朝阳市 08-01 18:50 -> 吉林省榆树市 08-02 03:30 647 80198
[13684] 2782512
[13689] Exusiai 能天使 of.America@the.rounding 1
[13692] 1
AndtodefineAmeric 北京市 07-01 22:48 -> 湖北省黄冈市 07-02 01:07 50 80198
[13700] 68469600
[13704] 1
INSCRIPTIONS 黑龙江省五大连池市 08-06 19:22 -> 广东省高要市 08-06 21:36 292 47554
[13706] 5201443
[13708] Leizi 惊蛰 this.spectre@Pope.and 1
[13717] -1
[13727] -1
[13737] Beagle 米格 Europethe.spectre@of.Communism 4
[13743] 1
whatyouwanted 甘肃省兰州市 07-28 21:27 -> 新疆阿克苏市 07-29 15:55 2657 30519
[13749] 1
IHEARDthatyouask 天津市 07-12 06:35 -> 四川省彭州市 07-12 23:13 249 72823
[13752] 13
[success] INSCRIPTIONS 湖北省枣阳市 07-11 12:03 -> 新疆米泉市 07-11 14:38 162 17176
[success] LeavesofGrass 陕西省安康市 07-22 17:25 -> 河南省偃师市 07-23 03:28 1506 3718
[success] puzzletheNewWorld 湖南省岳阳市 06-30 17:01 -> 黑龙江省尚志市 06-30 20:04 426 1454
[pending] LeavesofGrass 浙江省杭州市 07-13 11:52 -> 河南省偃师市 07-14 03:28 2641 11233
[success] LeavesofGrass 福建省建阳市 07-24 21:19 -> 浙江省慈溪市 07-25 09:48 1525 10455
[success] LeavesofGrass 广东省四会市 07-06 15:39 -> 河南省偃师市 07-07 03:28 2234 14906
[success] INSCRIPTIONS 贵州省清镇市 08-06 16:24 -> 新疆米泉市 08-07 14:38 1879 5641
[success] INSCRIPTIONS 黑龙江省五大连池市 06-17 19:22 -> 湖北省枣阳市 06-18 11:59 1544 8923
[success] LeavesofGrass 河南省灵宝市 07-15 23:45 -> 广东省花都市 07-16 01:39 114 2769
[success] LeavesofGrass 广东省四会市 07-12 15:39 -> 新疆博乐市 07-13 06:04 2427 9684
[pending] LeavesofGrass 湖南省衡阳市 07-14 16:20 -> 新疆博乐市 07-15 06:04 2187 24112
[success] INSCRIPTIONS 广东省惠阳市 07-13 01:41 -> 湖北省枣阳市 07-13 11:59 1099 9374
[success] INSCRIPTIONS 黑龙江省五大连池市 06-18 19:22 -> 江苏省扬州市 06-19 08:14 1056 8250
[13754] -1
[13763] 1
LeavesofGrass 广东省花都市 07-19 01:43 -> 浙江省慈溪市 07-19 09:48 897 90620
[13767] 7200440
[13777] 34227333
[13783] Rope 暗索 pushed.on.one@side.by 1
[13790] Matterhorn 角峰 an.immense@development.to 1
[13795] -1
[13801] 1
IHEARDthatyouask 新疆吐鲁番市 07-23 05:55 -> 天津市 07-23 06:30 496 80974
[13809] 4152457
[13810] Reed 苇草 has.established@the.worldmarke 2
[13820] -1
[13830] Firewatch 守林人 opponents.in@power.Where 2
[13838] -1
[13845] -1
[13853] -1
[13863] 1
AndtodefineAmeric 天津市 06-29 08:57 -> 山西省榆次市 06-29 16:11 1942 80198
[13869] 6462400
[13879] Pramanix 初雪 means.of.exchange@and.in 1
[13889] 1
LeavesofGrass 福建省建阳市 07-20 21:19 -> 新疆博乐市 07-21 06:04 1053 31829
[13894] 1936116
[13899] 9796530
[13903] 0
[13906] 3551451
[13908] 1
LeavesofGrass 辽宁省抚顺市 07-29 14:24 -> 福建省建阳市 07-29 21:14 1379 2735
[13918] 1
whatyouwanted 广东省高州市 07-22 11:08 -> 吉林省四平市 07-22 18:18 1489 30519
[13922] 1
puzzletheNewWorld 河南省登封市 07-03 09:56 -> 四川省绵竹市 07-03 14:44 299 47885
[13924] Sora 空空 have.patricians@knights.plebei 1
[13933] 947760
[13935] queue
[13940] Bibeak 柏喙 in.the.development@of.the 1
[13949] 0
[13954] Breeze 微风 America.paved@the.way 1
[13964] -1
[13968] -1
[13971] -1
[13976] 1
puzzletheNewWorld 北京市 08-09 02:54 -> 河南省登封市 08-09 09:52 455 47885
[13983] 14763665
[13991] 1
INSCRIPTIONS 黑龙江省五大连池市 08-03 19:22 -> 广东省高要市 08-03 21:36 292 53166
[13992] -1
[13997] 1
INSCRIPTIONS 黑龙江省五大连池市 06-25 19:22 -> 湖北省枣阳市 06-26 11:59 1544 56817
[14003] Hellagur 赫拉格 The.manufacturing@system.took 1
[14005] 1
LeavesofGrass 河南省灵宝市 07-05 23:45 -> 浙江省慈溪市 07-06 09:48 1011 50544
[14012] 1
LeavesofGrass 宁夏石嘴山市 06-29 19:25 -> 河南省灵宝市 06-29 23:39 914 21712
[14020] 1
INSCRIPTIONS 广东省高要市 08-07 21:40 -> 广东省惠阳市 08-08 01:32 153 56762
[14030] queue
[14034] 1
INSCRIPTIONS 贵州省清镇市 07-23 16:24 -> 新疆米泉市 07-24 14:38 1879 58536
[14037] 1
LeavesofGrass 黑龙江省海林市 07-20 22:56 -> 河南省偃师市 07-21 03:28 846 31829
[14043] Lava 炎熔 modern.bourgeois@Modern.indust 1
[14049] Scavenger 清道夫 division.of@labour.between 1
[14052] 1
IHEARDthatyouask 天津市 07-15 06:35 -> 广东省云浮市 07-15 18:52 229 80293
[14054] 1
puzzletheNewWorld 北京市 06-12 02:54 -> 河南省登封市 06-12 09:52 455 47885
[14060] 5782942
[14067] -1
[14074] 1
puzzletheNewWorld 湖南省岳阳市 07-17 17:01 -> 河南省登封市 07-18 09:52 1040 47885
[14084] 1
IHEARDthatyouask 广东省云浮市 08-04 19:00 -> 四川省彭州市 08-04 23:13 20 87991
[14091] 1
IHEARDthatyouask 新疆吐鲁番市 07-20 05:55 -> 广东省云浮市 07-20 18:52 725 91153
[14092] 1
INSCRIPTIONS 广东省高要市 08-01 21:40 -> 广东省惠阳市 08-02 01:32 153 60484
[14097] 1
AndtodefineAmeric 山西省榆次市 08-26 16:15 -> 河南省周口市 08-27 06:51 1082 80198
[14104] 1
whatyouwanted 广东省揭阳市 07-13 06:37 -> 山东省莱州市 07-13 10:04 692 30519
[14111] 1
whatyouwanted 辽宁省盖州市 07-08 20:30 -> 湖北省利川市 07-08 22:24 503 30519
[14114] Ethan 伊桑 acknowledged@by.all 3
[14123] 251620
[14126] -1
[14129] 1128400
[14130] -1
[14136] 1
IHEARDthatyouask 新疆吐鲁番市 07-14 05:55 -> 广东省云浮市 07-14 18:52 725 78448
[14142] Courier 讯使 publish.their@views.their 1
[14150] -1
[14159] 1
INSCRIPTIONS 广东省高要市 08-06 21:40 -> 新疆米泉市 08-07 14:38 1414 47554
[14165] 13369000
[14174] -1
[14182] 1
puzzletheNewWorld 辽宁省辽阳市 06-27 13:05 -> 河南省登封市 06-28 09:52 1419 47885
[14186] Warfarin 华法琳 the.different@corporate.guilds 1
[14187] -1
[14190] 5134941
[14198] 1
AndtodefineAmeric 山东省高密市 07-09 13:02 -> 湖北省黄冈市 07-10 01:07 1500 80198
[14201] Nian 年年 wants.of.the@new.markets 1
[14205] 12334078
[14215] -1
[14221] Cuora 蛇屠箱 trade.with@the.colonies 1
[14224] 1
AndtodefineAmeric 北京市 07-23 22:48 -> 湖南省吉首市 07-24 11:01 1042 80198
[14227] -1
[14232] Lappland 拉普兰德 manifold.gradation@of.social 1
[14237] 1
IHEARDthatyouask 天津市 07-28 06:35 -> 四川省彭州市 07-28 23:13 249 75790
[14244] 1121120
[14245] 1
INSCRIPTIONS 贵州省清镇市 08-01 16:24 -> 湖北省枣阳市 08-02 11:59 1717 60484
[14253] -1
[14260] 2132190
[14263] Warfarin 华法琳 the.different@corporate.guilds 1
[14265] 1
IHEARDthatyouask 广东省云浮市 07-14 19:00 -> 四川省彭州市 07-14 23:13 20 78448
[14272] Angelina 安洁莉 two.great.classes@directly.fac 1
[14275] 1
puzzletheNewWorld 辽宁省辽阳市 08-04 13:05 -> 黑龙江省尚志市 08-04 20:04 805 47885
[14278] 9731800
[14285] 801560
[14287] 8584938
[14290] 1
IHEARDthatyouask 天津市 07-18 06:35 -> 广东省云浮市 07-18 18:52 229 82374
[14299] 0
[14307] Matoimaru 缠丸 in.the.same@proportion.the 1
[14308] 1
IHEARDthatyouask 新疆吐鲁番市 07-31 05:55 -> 广东省云浮市 07-31 18:52 725 71921
[14315] -1
[14324] -1
[14325] 1
whatyouwanted 辽宁省盖州市 07-08 20:30 -> 北京市 07-09 02:07 1076 30519
[14331] 0
[14333] Meteorite 陨星 bourgeoisie@was.accompanied 3
[14341] Chen 陈陈 into.various@orders.a 2
[14351] 0
[14358] 0
[14368] -1
[14372] -1
[14382] 1
whatyouwanted 北京市 07-24 02:12 -> 湖北省松滋市 07-24 21:35 3269 30519
[14389] 33940
[14390] 0
[14391] 18414000
[14397] 0
[14400] 11072704
[14405] 1
whatyouwanted 河南省洛阳市 07-13 13:03 -> 新疆阿克苏市 07-13 15:55 417 30519
[14409] -1
[14415] 1
AndtodefineAmeric 广东省高明市 07-16 13:35 -> 吉林省榆树市 07-17 03:30 1427 80198
[14425] 1
LeavesofGrass 辽宁省抚顺市 07-03 14:24 -> 黑龙江省海林市 07-03 22:46 1393 11396
[14431] 1
IHEARDthatyouask 新疆吐鲁番市 07-21 05:55 -> 广东省云浮市 07-21 18:52 725 70205
[14433] 1
LeavesofGrass 福建省建阳市 07-08 21:19 -> 河南省灵宝市 07-08 23:39 514 75785
[14439] Rangers 巡林 arrangement@of.society 3
[14441] Glaucus 格劳克斯 the.increase@in.the 2
[14451] -1
[14456] -1
[14465] 225885
[14473] 1
LeavesofGrass 湖南省衡阳市 07-28 16:20 -> 福建省建阳市 07-28 21:14 1134 5509
[14477] 9551943
[14484] 1
puzzletheNewWorld 辽宁省辽阳市 07-01 13:05 -> 北京市 07-02 02:45 964 47885
[14485] -1
[14494] 0
[14496] Lava 炎熔 modern.bourgeois@Modern.indust 1
[14503] 1
puzzletheNewWorld 辽宁省辽阳市 06-17 13:05 -> 四川省绵竹市 06-18 14:44 1718 47885
[14505] 1
puzzletheNewWorld 河南省登封市 06-15 09:56 -> 四川省绵竹市 06-15 14:44 299 47885
[14514] 6
[success] INSCRIPTIONS 黑龙江省五大连池市 07-17 19:22 -> 江苏省扬州市 07-18 08:14 1056 7832
[success] INSCRIPTIONS 广东省高要市 06-17 21:40 -> 北京市 06-18 06:40 564 1448
[success] LeavesofGrass 新疆塔城市 07-09 07:38 -> 浙江省杭州市 07-09 11:46 691 10367
[pending] LeavesofGrass 新疆塔城市 07-31 07:38 -> 浙江省慈溪市 08-01 09:48 3997 22374
[success] IHEARDthatyouask 新疆吐鲁番市 07-11 05:55 -> 四川省彭州市 07-11 23:13 745 19915
[success] LeavesofGrass 黑龙江省海林市 07-30 22:56 -> 广东省花都市 07-31 01:39 614 20787
[14515] Shamare 巫恋 rising.Even@manufacture.no 1
[14524] 1
INSCRIPTIONS 云南省安宁市 07-22 20:50 -> 广东省惠阳市 07-23 01:32 289 70655
[14530] 1
INSCRIPTIONS 黑龙江省五大连池市 07-26 19:22 -> 广东省惠阳市 07-27 01:32 445 65676
[14534] ProjeKTRed 红红 everywhere@a.complicated 1
[14540] Meteorite 陨星 bourgeoisie@was.accompanied 3
[14545] -1
[14546] Schwarz 黑黑 of.manufacture@was.taken 1
[14555] Executor 送葬人 history.of@all.hitherto 1
[14565] Silence 赫默 stood.in.constant@opposition.t 1
[14566] 1338324
[14575] 1
IHEARDthatyouask 新疆吐鲁番市 07-30 05:55 -> 广东省云浮市 07-30 18:52 725 68880
[14576] 11
[success] INSCRIPTIONS 北京市 07-19 06:46 -> 江苏省扬州市 07-19 08:14 200 4776
[success] INSCRIPTIONS 贵州省清镇市 08-21 16:24 -> 江苏省扬州市 08-22 08:14 1229 12569
[success] INSCRIPTIONS 北京市 07-05 06:46 -> 湖北省枣阳市 07-05 11:59 688 1305
[success] INSCRIPTIONS 广东省高要市 08-10 21:40 -> 北京市 08-11 06:40 564 3889
[success] LeavesofGrass 广东省花都市 07-03 01:43 -> 新疆博乐市 07-03 06:04 425 8326
[success] LeavesofGrass 辽宁省抚顺市 07-13 14:24 -> 浙江省慈溪市 07-14 09:48 2904 16399
[success] LeavesofGrass 河北省河间市 07-27 18:11 -> 河南省偃师市 07-28 03:28 1481 13901
[success] LeavesofGrass 宁夏石嘴山市 07-29 19:25 -> 黑龙江省海林市 07-29 22:46 414 5204
[success] LeavesofGrass 浙江省杭州市 08-03 11:52 -> 宁夏石嘴山市 08-03 19:18 1381 21107
[success] LeavesofGrass 辽宁省抚顺市 07-06 14:24 -> 河北省河间市 07-06 18:01 758 8673
[success] LeavesofGrass 福建省建阳市 07-30 21:19 -> 黑龙江省海林市 07-30 22:46 14 2433
[14578] Vermeil 红云 production@The.place 1
[14588] 1
LeavesofGrass 新疆伊宁市 07-13 08:57 -> 浙江省慈溪市 07-13 09:48 70 79931
[14594] 1
AndtodefineAmeric 山东省高密市 07-23 13:02 -> 江西省吉安市 07-23 21:09 1185 80198
[14598] 8317080
[14602] 1
IHEARDthatyouask 新疆吐鲁番市 07-23 05:55 -> 天津市 07-23 06:30 496 80974
[14612] 1
whatyouwanted 福建省建阳市 07-21 00:03 -> 湖北省松滋市 07-21 21:35 3707 30519
[14616] 8665200
[14618] -1
[14619] 1
INSCRIPTIONS 广东省高要市 06-22 21:40 -> 湖北省枣阳市 06-23 11:59 1252 70655
[14625] 1
INSCRIPTIONS 广东省惠阳市 08-10 01:41 -> 江苏省扬州市 08-10 08:14 611 56479
[14632] 0
[14639] 1
LeavesofGrass 辽宁省抚顺市 07-31 14:24 -> 浙江省慈溪市 08-01 09:48 2904 4397
[14647] 1
AndtodefineAmeric 江苏省吴江市 08-07 17:00 -> 江西省南康市 08-08 05:58 769 80198
[14653] 20400
[14660] -1
[14665] -1
[14675] 3348840
[14676] 11729536
[14682] -1
[14683] 1
whatyouwanted 福建省建阳市 07-28 00:03 -> 湖北省松滋市 07-28 21:35 3707 30519
[14684] 13342844
[14685] Estelle 艾丝黛 Middle.Ages@We.see 3
[14689] queue
[14698] 3901752
[14702] 1
LeavesofGrass 新疆塔城市 07-27 07:38 -> 河南省偃师市 07-28 03:28 3332 28381
[14712] 1
puzzletheNewWorld 北京市 08-05 02:54 -> 河南省登封市 08-05 09:52 455 47885
[14718] 900900
[14719] 1
LeavesofGrass 浙江省平湖市 07-20 08:59 -> 浙江省慈溪市 07-21 09:48 3706 21438
[14725] Yato 夜刀 meet.this.nursery@tale.of 3
[14728] Warfarin 华法琳 the.different@corporate.guilds 1
[14736] 0
[14743] 3858384
[14747] -1
[14748] -1
[14754] 1
AndtodefineAmeric 辽宁省朝阳市 06-21 18:50 -> 吉林省榆树市 06-22 03:30 647 80198
[14755] -1
[14765] Ptilopsis 白面鸮 this.distinctive@feature.it 2
[14770] -1
[14779] Firewatch 守林人 opponents.in@power.Where 2
[14788] 11172600
[14798] 1
whatyouwanted 河南省洛阳市 07-11 13:03 -> 吉林省四平市 07-11 18:18 1326 30519
[14804] GreyThroat 灰喉 Freeman.and@slave.patrician 1
[14806] 1
INSCRIPTIONS 贵州省清镇市 08-07 16:24 -> 新疆米泉市 08-08 14:38 1879 55683
[14812] -1
[14819] Matterhorn 角峰 an.immense@development.to 1
[14826] 1
INSCRIPTIONS 贵州省清镇市 07-31 16:24 -> 广东省惠阳市 08-01 01:32 618 70655
[14827] 1
LeavesofGrass 辽宁省抚顺市 07-26 14:24 -> 新疆伊宁市 07-27 08:52 2834 27148
[14836] Elysium 极境 has.simplified@the.class 3
[14839] -1
[14849] 8621700
[14857] 18060224
[14865] 5299532
[14866] 8431150
[14873] Ansel 安赛尔 now.open.fight@a.fight 2
[14879] queue
[14885] 46963952
[14889] Exusiai 能天使 of.America@the.rounding 1
[14898] 2070618
[14905] -1
[14913] 0
[14921] 23942215
[14924] -1
[14925] 1
INSCRIPTIONS 黑龙江省五大连池市 06-17 19:22 -> 湖北省枣阳市 06-18 11:59 1544 47268
[14930] -1
[14933] 1
AndtodefineAmeric 江苏省吴江市 07-01 17:00 -> 湖南省吉首市 07-02 11:01 1543 74617
[14934] 1
LeavesofGrass 辽宁省抚顺市 07-27 14:24 -> 广东省花都市 07-28 01:39 2007 28381
[14938] Nightingale 夜莺 of.that.class@An.oppressed 1
[14944] -1
[14945] -1
[14954] 1
IHEARDthatyouask 新疆吐鲁番市 07-19 05:55 -> 四川省彭州市 07-19 23:13 745 75765
[14959] 56574988
[14969] -1
[14976] Silence 赫默 stood.in.constant@opposition.t 1
[14979] 1
IHEARDthatyouask 天津市 07-17 06:35 -> 四川省彭州市 07-17 23:13 249 91153
[14987] Ambriel 安比尔 millionaires@the.leaders 1
[14995] -1
[15002] Ethan 伊桑 acknowledged@by.all 3
[15003] 1
whatyouwanted 福建省建阳市 07-09 00:03 -> 广东省高州市 07-09 10:58 1870 30519
[15009] -1
[15014] Saria 塞雷娅 in.the.common@ruin.of 1
[15024] 1
puzzletheNewWorld 河南省登封市 06-22 09:56 -> 四川省绵竹市 06-22 14:44 299 47885
[15028] SilverAsh 银灰 feudal.lords@vassals.guildmast 1
[15038] 1836126
[15041] 1
INSCRIPTIONS 江苏省扬州市 06-26 08:17 -> 湖北省枣阳市 06-26 11:59 488 59751
[15046] 1
AndtodefineAmeric 云南省保山市 06-21 09:33 -> 江西省吉安市 06-21 21:09 1918 80198
[15054] 41385536
[15061] 1
AndtodefineAmeric 山东省乐陵市 06-24 14:14 -> 吉林省榆树市 06-25 03:30 963 80198
[15063] -1
[15064] 1
LeavesofGrass 浙江省平湖市 07-20 08:59 -> 福建省建阳市 07-20 21:14 2181 21438
[15071] 1
INSCRIPTIONS 贵州省清镇市 07-28 16:24 -> 云南省安宁市 07-28 20:42 329 62191
[15079] -1
[15083] queue
[15092] Shaw 阿消 new.conditions@of.oppression 1
[15094] 8491320
[15102] queue
[15112] 16135560
[15117] 568425
[15121] 4227522
[15129] -1
[15138] 802287
[15145] 1
AndtodefineAmeric 天津市 08-24 08:57 -> 山东省高密市 08-24 12:55 1133 80198
[15154] 1
IHEARDthatyouask 新疆吐鲁番市 08-01 05:55 -> 天津市 08-01 06:30 496 59067
[15164] 1
IHEARDthatyouask 新疆吐鲁番市 08-02 05:55 -> 四川省彭州市 08-02 23:13 745 64160
[15172] Skadi 斯卡 slaves.in.the@Middle.Ages 2
[15180] 1
LeavesofGrass 河北省河间市 07-10 18:11 -> 黑龙江省海林市 07-10 22:46 635 6034
[15188] -1
[15195] 1
puzzletheNewWorld 河南省登封市 08-13 09:56 -> 四川省绵竹市 08-13 14:44 299 47885
[15204] queue
[15208] 1
AndtodefineAmeric 云南省保山市 07-21 09:33 -> 河南省周口市 07-22 06:51 2624 80198
[15213] 16039175
[15215] Purestream 清流 party.itself@To.this 1
[15225] Bison 拜松 classes.again@subordinate.grad 1
[15232] 1
AndtodefineAmeric 天津市 07-10 08:57 -> 江苏省吴江市 07-10 16:50 2082 80198
[15240] -1
[15248] -1
[15249] 1
whatyouwanted 广东省揭阳市 08-06 06:37 -> 内蒙东胜市 08-06 20:46 2492 30519
[15250] WaaiFu 槐琥 French.Radicals@and.German 2
[15252] 1
IHEARDthatyouask 天津市 07-09 06:35 -> 广东省云浮市 07-09 18:52 229 32053
[15260] 439939
[15263] 1
whatyouwanted 湖北省利川市 08-03 22:30 -> 广东省揭阳市 08-04 06:33 1137 23354
[15273] 1
AndtodefineAmeric 天津市 07-17 08:57 -> 湖南省吉首市 07-18 11:01 3625 80198
[15277] 10079884
[15284] 5068695
[15286] 5
[success] LeavesofGrass 陕西省安康市 07-11 17:25 -> 黑龙江省海林市 07-11 22:46 660 1436
[success] INSCRIPTIONS 广东省惠阳市 06-29 01:41 -> 北京市 06-29 06:40 411 8641
[success] LeavesofGrass 辽宁省抚顺市 07-23 14:24 -> 河南省灵宝市 07-23 23:39 1893 18081
[success] LeavesofGrass 广东省四会市 07-28 15:39 -> 陕西省安康市 07-28 17:15 728 341
[success] LeavesofGrass 宁夏石嘴山市 07-19 19:25 -> 福建省建阳市 07-19 21:14 400 16862
[15287] 2099994
[15293] 1
puzzletheNewWorld 黑龙江省尚志市 08-02 20:11 -> 北京市 08-03 02:45 159 47885
[15301] 1
whatyouwanted 北京市 07-22 02:12 -> 四川省华蓥市 07-22 09:33 789 30519
[15304] Fang 芬芬 sufficed.for@the.growing 1
[15314] 10672
[15323] 1
IHEARDthatyouask 新疆吐鲁番市 07-17 05:55 -> 四川省彭州市 07-17 23:13 745 91153
[15330] -1
[15335] 62160714
[15338] 1
whatyouwanted 山东省乳山市 07-07 04:53 -> 山东省莱州市 07-07 10:04 1160 30519
[15346] Shining 闪灵 the.Spectre@of.Communism 2
[15348] -1
[15349] 38882770
[15355] 29785470
[15360] -1
[15369] Ethan 伊桑 acknowledged@by.all 3
[15379] 1
AndtodefineAmeric 云南省保山市 07-01 09:33 -> 吉林省榆树市 07-02 03:30 2368 74617
[15389] -1
[15391] 2316069
[15397] 1
puzzletheNewWorld 辽宁省辽阳市 08-13 13:05 -> 河南省登封市 08-14 09:52 1419 47885
[15405] Istina 真理 commerce.navigation@railways.e 1
[15410] 3563042
[15419] 0
[15420] -1
[15424] 3410512
[15425] -1
[15426] 2205670
[15429] 1
whatyouwanted 安徽省阜阳市 07-29 08:24 -> 新疆阿克苏市 07-29 15:55 1242 30519
[15435] 13695738
[15444] -1
[15452] 1
LeavesofGrass 河南省灵宝市 08-04 23:45 -> 新疆博乐市 08-05 06:04 539 55962
[15458] 1
puzzletheNewWorld 辽宁省辽阳市 07-13 13:05 -> 黑龙江省尚志市 07-13 20:04 805 47885
[15464] -1
[15466] -1
[15471] 1
puzzletheNewWorld 北京市 06-14 02:54 -> 河南省登封市 06-14 09:52 455 47885
[15478] 16251807
[15483] 1
whatyouwanted 安徽省阜阳市 07-17 08:24 -> 山东省莱州市 07-17 10:04 486 30519
[15489] 1929936
[15497] 10697232
[15498] 1
AndtodefineAmeric 辽宁省朝阳市 08-08 18:50 -> 湖北省黄冈市 08-09 01:07 512 80198
[15504] 1
whatyouwanted 甘肃省兰州市 07-05 21:27 -> 新疆阿克苏市 07-06 15:55 2657 30519
[15505] 0
[15511] 1
whatyouwanted 河南省洛阳市 08-07 13:03 -> 吉林省双辽市 08-07 14:29 66 30519
[15518] 7318629
[15525] 1
INSCRIPTIONS 贵州省清镇市 06-14 16:24 -> 云南省安宁市 06-14 20:42 329 54547
[15528] 1
LeavesofGrass 浙江省平湖市 07-31 08:59 -> 新疆博乐市 08-01 06:04 3234 4397
[15535] 2734550
[15541] 1
LeavesofGrass 辽宁省抚顺市 07-29 14:24 -> 新疆博乐市 07-30 06:04 2432 2735
[15543] -1
[15550] 170404
[15554] Orchid 梓兰 and.of.exchange@Each.step 1
[15558] 0
[15560] 5635784
[15567] 1
AndtodefineAmeric 天津市 08-25 08:57 -> 湖北省孝感市 08-26 09:22 3174 80198
[15570] 7940596
[15574] 1
AndtodefineAmeric 吉林省榆树市 07-23 03:33 -> 河南省周口市 07-23 06:51 256 80198
[15577] -1
[15580] 35759020
[15590] queue
[15593] 1
puzzletheNewWorld 辽宁省辽阳市 06-26 13:05 -> 四川省绵竹市 06-27 14:44 1718 47885
[15602] Gitano 远山 sprang.the@chartered.burghers 1
[15605] 1
whatyouwanted 甘肃省兰州市 07-10 21:27 -> 河南省洛阳市 07-11 12:55 2240 30519
[15609] 1
whatyouwanted 辽宁省盖州市 08-09 20:30 -> 北京市 08-10 02:07 1076 30519
[15618] Sideroca 铸铁 rising.bourgeoisie@The.EastInd 1
[15623] GreyThroat 灰喉 Freeman.and@slave.patrician 1
[15632] Blaze 煌煌 of.a.series@of.revolutions 4
[15640] Vigna 红豆 the.manufacturing@middle.class 1
[15644] Istina 真理 commerce.navigation@railways.e 1
[15653] 9
[success] LeavesofGrass 新疆塔城市 07-09 07:38 -> 宁夏石嘴山市 07-09 19:18 2072 22666
[success] whatyouwanted 山东省乳山市 07-31 04:53 -> 吉林省四平市 07-31 18:18 2825 3306
[success] INSCRIPTIONS 广东省高要市 07-19 21:40 -> 江苏省扬州市 07-20 08:14 764 6563
[success] INSCRIPTIONS 湖北省枣阳市 07-28 12:03 -> 新疆米泉市 07-28 14:38 162 2993
[pending] LeavesofGrass 新疆塔城市 07-11 07:38 -> 福建省建阳市 07-11 21:14 2472 8643
[success] INSCRIPTIONS 云南省安宁市 07-11 20:50 -> 广东省高要市 07-11 21:36 136 13108
[success] LeavesofGrass 河北省河间市 07-02 18:11 -> 广东省花都市 07-03 01:39 1249 16970
[success] LeavesofGrass 辽宁省抚顺市 07-15 14:24 -> 黑龙江省海林市 07-15 22:46 1393 995
[success] LeavesofGrass 辽宁省抚顺市 07-03 14:24 -> 宁夏石嘴山市 07-03 19:18 979 5907
[15656] -1
[15662] Vermeil 红云 production@The.place 1
[15666] queue
[15667] Spot 斑点 with.a.Manifesto@of.the 1
[15676] 3334500
[15685] Estelle 艾丝黛 Middle.Ages@We.see 3
[15691] 6623438
[15694] -1
[15696] Texas 德克萨斯 of.whole.industrial@armies.the 1
[15697] 1
LeavesofGrass 浙江省平湖市 07-23 08:59 -> 浙江省杭州市 07-23 11:46 400 98306
[15703] 0
[15712] queue
[15721] 1
IHEARDthatyouask 天津市 08-02 06:35 -> 广东省云浮市 08-02 18:52 229 64160
[15729] Sora 空空 have.patricians@knights.plebei 1
[15738] 33801070
[15743] 841940
[15745] 515146
[15748] 21776876
[15750] 1
puzzletheNewWorld 黑龙江省尚志市 06-18 20:11 -> 河南省登封市 06-19 09:52 614 47885
[15754] 0
[15757] 1
whatyouwanted 甘肃省兰州市 07-29 21:27 -> 广东省揭阳市 07-30 06:33 1209 30519
[15763] 1
AndtodefineAmeric 山东省胶州市 08-26 12:18 -> 江西省吉安市 08-26 21:09 1451 80198
[15768] 1
puzzletheNewWorld 北京市 06-13 02:54 -> 四川省绵竹市 06-13 14:44 754 47885
[15769] SilverAsh 银灰 feudal.lords@vassals.guildmast 1
[15778] queue
[15788] 17038080
[15797] -1
[15804] 7693
[15808] -1
[15818] Weedy 温蒂 development@The.feudal 2
[15828] 1
whatyouwanted 北京市 07-16 02:12 -> 内蒙东胜市 07-16 20:46 3056 30519
[15837] 5
[success] INSCRIPTIONS 广东省高要市 08-15 21:40 -> 江苏省扬州市 08-16 08:14 764 4012
[success] LeavesofGrass 浙江省杭州市 07-23 11:52 -> 河南省偃师市 07-24 03:28 2641 1580
[success] LeavesofGrass 浙江省平湖市 07-24 08:59 -> 新疆伊宁市 07-25 08:52 3636 6341
[success] LeavesofGrass 陕西省安康市 08-03 17:25 -> 福建省建阳市 08-03 21:14 646 12367
[success] LeavesofGrass 新疆塔城市 07-05 07:38 -> 新疆伊宁市 07-06 08:52 3927 16537
[15842] 4196196
[15847] Pramanix 初雪 means.of.exchange@and.in 1
[15848] 1
LeavesofGrass 新疆塔城市 07-16 07:38 -> 广东省四会市 07-16 15:34 1098 61708
[15849] 1
INSCRIPTIONS 广东省高要市 07-13 21:40 -> 新疆米泉市 07-14 14:38 1414 55484
[15851] 673275
[15860] 11144400
[15870] 1
IHEARDthatyouask 天津市 07-21 06:35 -> 四川省彭州市 07-21 23:13 249 70205
[15878] Phantom 傀影 not.done.away@with.class 1
[15887] -1
[15894] 1532856
[15901] 0
[15906] 1
INSCRIPTIONS 贵州省清镇市 08-06 16:24 -> 广东省惠阳市 08-07 01:32 618 47554
[15914] 1
AndtodefineAmeric 吉林省图们市 06-18 10:50 -> 广东省高明市 06-18 13:28 567 80198
[15922] 0
[15924] Yato 夜刀 meet.this.nursery@tale.of 3
[15929] Breeze 微风 America.paved@the.way 1
[15933] -1
[15940] Beagle 米格 Europethe.spectre@of.Communism 4
[15942] 1
INSCRIPTIONS 黑龙江省五大连池市 06-28 19:22 -> 江苏省扬州市 06-29 08:14 1056 53237
[15949] 1
LeavesofGrass 陕西省安康市 06-30 17:25 -> 福建省建阳市 06-30 21:14 646 43008
[15958] 1
IHEARDthatyouask 新疆吐鲁番市 08-01 05:55 -> 天津市 08-01 06:30 496 59067
[15966] 0
[15975] 1
INSCRIPTIONS 北京市 07-19 06:46 -> 新疆米泉市 07-19 14:38 850 65879
[15978] 0
[15979] queue
[15987] 2209150
[15992] 1585152
[15998] -1
[16008] Midnight 月见夜 longer.sufficed@Thereupon.stea 1
[16017] queue
[16024] 1
IHEARDthatyouask 新疆吐鲁番市 08-04 05:55 -> 四川省彭州市 08-04 23:13 745 64941
[16026] 1
AndtodefineAmeric 江西省吉安市 08-05 21:19 -> 江西省南康市 08-06 05:58 533 80198
[16031] 3360422
[16038] 3172218
[16045] 1
TOTHEEOLDCAUSE 山东省聊城市 06-09 13:46 -> 安徽省桐城市 06-10 11:13 1900 33971
[16048] 25510155
[16049] queue
[16054] Myrtle 桃金娘 in.proportion@as.industry 1
[16055] 4657120
[16058] 0
[16062] 1
TOTHEEOLDCAUSE 山东省聊城市 07-29 13:46 -> 山东省滕州市 07-30 01:56 977 33971
[16072] 1
puzzletheNewWorld 辽宁省辽阳市 07-19 13:05 -> 北京市 07-20 02:45 964 47885
[16081] Catapult 空爆 two.great.hostile@camps.into 1
[16084] Executor 送葬人 history.of@all.hitherto 1
[16092] 1
puzzletheNewWorld 北京市 07-10 02:54 -> 四川省绵竹市 07-10 14:44 754 47885
[16097] -1
[16106] 0
[16116] 0
[16122] 1
puzzletheNewWorld 黑龙江省尚志市 08-07 20:11 -> 四川省绵竹市 08-08 14:44 913 47885
[16123] 1
INSCRIPTIONS 黑龙江省五大连池市 06-15 19:22 -> 江苏省扬州市 06-16 08:14 1056 67686
[16127] 1
INSCRIPTIONS 贵州省清镇市 07-16 16:24 -> 湖北省枣阳市 07-17 11:59 1717 58244
[16134] 499735
[16143] 9900394
[16150] 1
TOFOREIGNLANDS 河北省张家口市 06-21 22:51 -> 辽宁省铁岭市 06-22 12:11 1385 92870
[16152] 5554172
[16154] 2
[success] IHEARDthatyouask 新疆吐鲁番市 08-01 05:55 -> 天津市 08-01 06:30 496 22003
[success] LeavesofGrass 福建省建阳市 07-13 21:19 -> 河南省偃师市 07-14 03:28 860 5793
[16158] 0
[16161] 1
TOFOREIGNLANDS 河北省张家口市 07-19 22:51 -> 北京市 07-20 02:50 500 92870
[16171] Mostima 莫斯提马 of.the.earliest@towns.From 2
[16180] 1
puzzletheNewWorld 黑龙江省尚志市 08-02 20:11 -> 北京市 08-03 02:45 159 47885
[16189] 1
whatyouwanted 安徽省阜阳市 07-11 08:24 -> 山东省莱州市 07-11 10:04 486 30519
[16194] 1
TOFOREIGNLANDS 江西省鹰潭市 07-09 08:47 -> 甘肃省敦煌市 07-09 20:48 1642 92870
[16197] 1
INSCRIPTIONS 云南省安宁市 07-25 20:50 -> 新疆米泉市 07-26 14:38 1550 48525
[16207] 14116212
[16214] 7847840
[16220] Skyfire 天火 published.in@the.English 1
[16230] -1
[16232] 1
whatyouwanted 广东省高州市 08-07 11:08 -> 江西省高安市 08-07 17:46 1072 30519
[16239] 1
LeavesofGrass 广东省四会市 07-08 15:39 -> 河北省河间市 07-08 18:01 753 64781
[16247] 850335
[16252] Bibeak 柏喙 in.the.development@of.the 1
[16256] -1
[16261] 1
LeavesofGrass 河北省河间市 06-30 18:11 -> 浙江省慈溪市 07-01 09:48 2146 43008
[16266] Ethan 伊桑 acknowledged@by.all 3
[16268] Cardigan 卡缇 the.markets@kept.ever 1
[16272] 1
AndtodefineAmeric 江苏省吴江市 08-03 17:00 -> 北京市 08-03 22:38 501 80198
[16277] -1
[16283] 1
TOFOREIGNLANDS 河北省张家口市 07-09 22:51 -> 四川省攀枝花市 07-10 20:01 2268 92870
[16289] Eyjafjalla 艾雅法拉 its.place.The@guildmasters.wer 2
[16291] Ambriel 安比尔 millionaires@the.leaders 1
[16294] 9
[success] LeavesofGrass 新疆塔城市 07-09 07:38 -> 宁夏石嘴山市 07-09 19:18 2072 22666
[success] whatyouwanted 山东省乳山市 07-31 04:53 -> 吉林省四平市 07-31 18:18 2825 3306
[success] INSCRIPTIONS 广东省高要市 07-19 21:40 -> 江苏省扬州市 07-20 08:14 764 6563
[success] INSCRIPTIONS 湖北省枣阳市 07-28 12:03 -> 新疆米泉市 07-28 14:38 162 2993
[pending] LeavesofGrass 新疆塔城市 07-11 07:38 -> 福建省建阳市 07-11 21:14 2472 8643
[success] INSCRIPTIONS 云南省安宁市 07-11 20:50 -> 广东省高要市 07-11 21:36 136 13108
[success] LeavesofGrass 河北省河间市 07-02 18:11 -> 广东省花都市 07-03 01:39 1249 16970
[success] LeavesofGrass 辽宁省抚顺市 07-15 14:24 -> 黑龙江省海林市 07-15 22:46 1393 995
[success] LeavesofGrass 辽宁省抚顺市 07-03 14:24 -> 宁夏石嘴山市 07-03 19:18 979 5907
[16304] 10513225
[16306] 17711331
[16307] 27771016
[16312] 1
TOTHEEOLDCAUSE 河北省唐山市 08-01 15:34 -> 河南省周口市 08-01 23:49 829 33971
[16313] 23563100
[16320] Silence 赫默 stood.in.constant@opposition.t 1
[16329] 1
INSCRIPTIONS 云南省安宁市 08-21 20:50 -> 湖北省枣阳市 08-22 11:59 1388 16919
[16336] Skyfire 天火 published.in@the.English 1
[16345] 10900784
[16355] 10925050
[16356] 1
puzzletheNewWorld 辽宁省辽阳市 08-11 13:05 -> 河南省登封市 08-12 09:52 1419 47885
[16365] 1
puzzletheNewWorld 北京市 06-20 02:54 -> 四川省绵竹市 06-20 14:44 754 37061
[16369] -1
[16374] Hellagur 赫拉格 The.manufacturing@system.took 1
[16383] queue
[16385] 1
LeavesofGrass 浙江省平湖市 07-08 08:59 -> 陕西省安康市 07-08 17:15 1535 64781
[16391] -1
[16396] Nian 年年 wants.of.the@new.markets 1
[16403] 1
TOFOREIGNLANDS 江苏省淮安市 06-24 19:20 -> 四川省攀枝花市 06-24 20:01 231 92870
[16407] 1254240
[16415] 1
INSCRIPTIONS 云南省安宁市 06-20 20:50 -> 广东省惠阳市 06-21 01:32 289 65844
[16421] 0
[16425] 5124085
[16426] 1
TOFOREIGNLANDS 河北省张家口市 07-13 22:51 -> 江苏省淮安市 07-14 19:12 2037 92870
[16433] 1
TOFOREIGNLANDS 湖南省常宁市 06-08 02:20 -> 江苏省淮安市 06-08 19:12 1598 92870
[16438] 0
[16444] -1
[16453] 5734400
[16456] Meteor 流星 but.established@new.classes 1
[16465] 1
AndtodefineAmeric 天津市 06-28 08:57 -> 湖北省黄冈市 06-29 01:07 2633 80198
[16472] 0
[16481] Indra 因陀罗 ruins.of.feudal@society.has 1
[16483] 10484390
[16491] Haze 夜烟 result.from@this.fact 1
[16501] -1
[16504] 1
puzzletheNewWorld 黑龙江省尚志市 08-09 20:11 -> 河南省登封市 08-10 09:52 614 47885
[16511] -1
[16515] 1
INSCRIPTIONS 广东省惠阳市 08-21 01:41 -> 江苏省扬州市 08-21 08:14 611 59500
[16523] ProjeKTRed 红红 everywhere@a.complicated 1
[16531] 8800257
[16533] 1
TOTHEEOLDCAUSE 山西省太原市 07-16 07:56 -> 四川省绵阳市 07-16 17:54 708 33971
[16539] 23116366
[16544] -1
[16554] 1
AndtodefineAmeric 山东省高密市 07-08 13:02 -> 广东省高明市 07-08 13:28 208 80198
[16564] -1
[16569] 453152
[16574] Cuora 蛇屠箱 trade.with@the.colonies 1
[16582] 1
IHEARDthatyouask 新疆吐鲁番市 07-28 05:55 -> 四川省彭州市 07-28 23:13 745 71499
[16591] -1
[16601] 1
TOFOREIGNLANDS 湖南省常宁市 07-16 02:20 -> 甘肃省敦煌市 07-16 20:48 2016 92870
[16611] Silence 赫默 stood.in.constant@opposition.t 1
[16612] 4
[success] AndtodefineAmeric 云南省保山市 07-24 09:33 -> 吉林省榆树市 07-25 03:30 2368 17477
[success] LeavesofGrass 浙江省杭州市 08-01 11:52 -> 福建省建阳市 08-01 21:14 1781 7628
[success] LeavesofGrass 辽宁省抚顺市 07-15 14:24 -> 河南省偃师市 07-16 03:28 2239 19633
[success] LeavesofGrass 湖南省衡阳市 07-07 16:20 -> 宁夏石嘴山市 07-07 19:18 734 3232
[16614] 2188648
[16624] 6355512
[16626] 459200
[16636] 1
TOTHEEOLDCAUSE 山西省太原市 06-15 07:56 -> 四川省绵阳市 06-15 17:54 708 33971
[16646] 1
TOFOREIGNLANDS 浙江省临安市 06-10 21:04 -> 河北省张家口市 06-10 22:48 412 92870
[16649] Steward 史都华德 society.at@large.or 1
[16658] 54870
[16664] 0
[16667] -1
[16673] -1
[16682] 22
[success] whatyouwanted 新疆阿克苏市 08-04 15:58 -> 湖北省松滋市 08-04 21:35 1257 7001
[success] LeavesofGrass 新疆塔城市 07-21 07:38 -> 宁夏石嘴山市 07-21 19:18 2072 13403
[success] IHEARDthatyouask 天津市 08-06 06:35 -> 四川省彭州市 08-06 23:13 249 3415
[success] INSCRIPTIONS 北京市 07-01 06:46 -> 湖北省枣阳市 07-01 11:59 688 2304
[pending] LeavesofGrass 浙江省平湖市 07-29 08:59 -> 黑龙江省海林市 07-29 22:46 2195 19208
[success] LeavesofGrass 陕西省安康市 08-04 17:25 -> 广东省花都市 08-05 01:39 1274 14176
[success] LeavesofGrass 陕西省安康市 06-29 17:25 -> 福建省建阳市 06-29 21:14 646 19093
[success] LeavesofGrass 河南省偃师市 07-16 03:31 -> 浙江省慈溪市 07-16 09:48 665 22201
[success] INSCRIPTIONS 黑龙江省五大连池市 08-01 19:22 -> 江苏省扬州市 08-02 08:14 1056 5163
[success] IHEARDthatyouask 新疆吐鲁番市 07-25 05:55 -> 四川省彭州市 07-25 23:13 745 18745
[success] LeavesofGrass 新疆塔城市 07-04 07:38 -> 河北省河间市 07-04 18:01 1851 5208
[success] INSCRIPTIONS 北京市 06-17 06:46 -> 湖北省枣阳市 06-17 11:59 688 1553
[success] INSCRIPTIONS 云南省安宁市 07-05 20:50 -> 广东省惠阳市 07-06 01:32 289 9367
[pending] LeavesofGrass 浙江省平湖市 07-04 08:59 -> 陕西省安康市 07-04 17:15 1535 23018
[success] LeavesofGrass 新疆塔城市 07-25 07:38 -> 广东省四会市 07-25 15:34 1098 2919
[success] LeavesofGrass 河北省河间市 07-29 18:11 -> 宁夏石嘴山市 07-29 19:18 221 13309
[success] INSCRIPTIONS 贵州省清镇市 07-13 16:24 -> 北京市 07-14 06:40 1029 15171
[success] LeavesofGrass 广东省花都市 07-29 01:43 -> 新疆伊宁市 07-29 08:52 827 16611
[success] LeavesofGrass 浙江省杭州市 07-23 11:52 -> 黑龙江省海林市 07-23 22:46 1795 13472
[success] LeavesofGrass 河南省灵宝市 06-28 23:45 -> 新疆博乐市 06-29 06:04 539 22553
[success] INSCRIPTIONS 贵州省清镇市 08-12 16:24 -> 新疆米泉市 08-13 14:38 1879 7632
[success] LeavesofGrass 广东省四会市 07-05 15:39 -> 福建省建阳市 07-05 21:14 1374 21326
[16685] 4710016
[16688] queue
[16696] 1
whatyouwanted 北京市 07-24 02:12 -> 吉林省四平市 07-24 18:18 2921 30519
[16697] Snowsant 雪雉 new.forms.of@struggle.in 2
[16703] 1
LeavesofGrass 河南省偃师市 07-19 03:31 -> 新疆博乐市 07-19 06:04 193 59205
[16712] -1
[16713] 1
whatyouwanted 山东省莱州市 07-14 10:08 -> 吉林省双辽市 07-14 14:29 405 30519
[16717] 19477824
[16720] 1
TOTHEEOLDCAUSE 新疆奎屯市 06-26 11:20 -> 吉林省长春市 06-27 04:46 1257 33971
[16724] 1
TOFOREIGNLANDS 北京市 07-23 02:59 -> 四川省攀枝花市 07-23 20:01 1768 92870
[16731] 1
ThereforeIsendyou 天津市 07-13 17:39 -> 浙江省舟山市 07-14 10:35 1141 3759
[16739] 1
puzzletheNewWorld 辽宁省辽阳市 07-11 13:05 -> 黑龙江省尚志市 07-11 20:04 805 41203
[16740] 1
whatyouwanted 安徽省阜阳市 07-07 08:24 -> 吉林省四平市 07-07 18:18 2151 30519
[16741] -1
[16749] 1
IHEARDthatyouask 新疆吐鲁番市 07-28 05:55 -> 广东省云浮市 07-28 18:52 725 71499
[16750] -1
[16753] -1
[16754] 4761900
[16761] Fang 芬芬 sufficed.for@the.growing 1
[16766] 6151465
[16776] Nian 年年 wants.of.the@new.markets 1
[16781] Manticore 狮蝎 not.hurled@back.the 2
[16791] 1
whatyouwanted 湖北省利川市 07-13 22:30 -> 山东省莱州市 07-14 10:04 1829 30519
[16801] 1
LeavesofGrass 浙江省平湖市 07-29 08:59 -> 辽宁省抚顺市 07-29 14:21 802 69996
[16807] 29441412
[16809] 1300622
[16810] 1
whatyouwanted 内蒙东胜市 07-06 20:49 -> 湖北省松滋市 07-06 21:35 213 30519
[16814] 6112000
[16816] 11685877
[16825] 1056080
[16832] 1
ThereforeIsendyou 湖南省汩罗市 07-10 22:12 -> 新疆喀什市 07-11 02:43 498 3759
[16833] 1
TOFOREIGNLANDS 江西省鹰潭市 08-01 08:47 -> 辽宁省铁岭市 08-01 12:11 572 92870
[16834] 1
whatyouwanted 广东省高州市 07-26 11:08 -> 吉林省四平市 07-26 18:18 1489 28519
[16838] 1
LeavesofGrass 浙江省杭州市 07-06 11:52 -> 浙江省慈溪市 07-07 09:48 3306 6595
[16839] 1
TOTHEEOLDCAUSE 新疆奎屯市 07-02 11:20 -> 宁夏银川市 07-03 14:45 2067 33971
[16847] 1
LeavesofGrass 浙江省平湖市 07-14 08:59 -> 广东省四会市 07-14 15:34 807 3571
[16854] 0
[16863] -1
[16872] Phantom 傀影 not.done.away@with.class 1
[16881] 10536000
[16884] 1
LeavesofGrass 浙江省平湖市 07-20 08:59 -> 河南省灵宝市 07-20 23:39 2695 21438
[16890] -1
[16891] 1
AndtodefineAmeric 湖北省黄冈市 06-16 01:14 -> 湖南省吉首市 06-16 11:01 992 80198
[16892] FEater 食铁兽 an.uninterrupted@now.hidden 1
[16899] 8
[success] IHEARDthatyouask 新疆吐鲁番市 08-06 05:55 -> 广东省云浮市 08-06 18:52 725 14501
[success] LeavesofGrass 浙江省杭州市 07-03 11:52 -> 河北省河间市 07-03 18:01 1160 14688
[pending] LeavesofGrass 湖南省衡阳市 07-31 16:20 -> 河北省河间市 07-31 18:01 513 21726
[success] LeavesofGrass 河南省灵宝市 07-04 23:45 -> 新疆伊宁市 07-05 08:52 941 2194
[success] INSCRIPTIONS 贵州省清镇市 07-24 16:24 -> 新疆米泉市 07-25 14:38 1879 12953
[success] LeavesofGrass 浙江省杭州市 07-28 11:52 -> 黑龙江省海林市 07-28 22:46 1795 14021
[success] LeavesofGrass 浙江省杭州市 07-23 11:52 -> 福建省建阳市 07-23 21:14 1781 6199
[success] LeavesofGrass 浙江省平湖市 07-20 08:59 -> 浙江省杭州市 07-20 11:46 400 16446
[16902] 1
TOFOREIGNLANDS 北京市 07-25 02:59 -> 江西省鹰潭市 07-25 08:37 313 92870
[16905] 1
INSCRIPTIONS 广东省惠阳市 08-22 01:41 -> 江苏省扬州市 08-22 08:14 611 16919
[16913] -1
[16923] 1
TOFOREIGNLANDS 浙江省临安市 06-25 21:04 -> 湖南省常宁市 06-26 02:11 851 92870
[16926] -1
[16927] -1
[16932] 1
INSCRIPTIONS 江苏省扬州市 07-12 08:17 -> 新疆米泉市 07-12 14:38 650 62825
[16938] -1
[16942] 0
[16950] 17054145
[16956] Meteorite 陨星 bourgeoisie@was.accompanied 3
[16962] 9
[pending] LeavesofGrass 新疆塔城市 07-12 07:38 -> 湖南省衡阳市 07-12 16:17 1338 23030
[success] LeavesofGrass 辽宁省抚顺市 07-19 14:24 -> 河北省河间市 07-19 18:01 758 13298
[success] LeavesofGrass 浙江省杭州市 07-01 11:52 -> 新疆伊宁市 07-02 08:52 3236 17483
[pending] LeavesofGrass 新疆塔城市 07-11 07:38 -> 福建省建阳市 07-11 21:14 2472 11252
[success] LeavesofGrass 陕西省安康市 07-12 17:25 -> 河南省偃师市 07-13 03:28 1506 6505
[success] INSCRIPTIONS 江苏省扬州市 07-07 08:17 -> 湖北省枣阳市 07-07 11:59 488 14755
[pending] LeavesofGrass 辽宁省抚顺市 07-06 14:24 -> 广东省花都市 07-07 01:39 2007 10068
[success] LeavesofGrass 辽宁省抚顺市 07-25 14:24 -> 广东省花都市 07-26 01:39 2007 12999
[success] LeavesofGrass 浙江省杭州市 07-13 11:52 -> 湖南省衡阳市 07-13 16:17 647 13484
[16970] 1
TOFOREIGNLANDS 浙江省临安市 07-26 21:04 -> 甘肃省敦煌市 07-27 20:48 2867 92870
[16973] Vigna 红豆 the.manufacturing@middle.class 1
[16981] Snowsant 雪雉 new.forms.of@struggle.in 2
[16989] 1
INSCRIPTIONS 黑龙江省五大连池市 07-19 19:22 -> 湖北省枣阳市 07-20 11:59 1544 50155
[16996] 1
INSCRIPTIONS 云南省安宁市 07-29 20:50 -> 湖北省枣阳市 07-30 11:59 1388 47975
[17003] Greyy 格雷伊 bourgeoisie@developed.increase 4
[17005] 14282000
[17009] Nearl 临光 history.we@find.almost 1
[17011] 1
ThereforeIsendyou 天津市 07-03 17:39 -> 山东省胶南市 07-04 10:01 1074 3759
[17020] 1
IHEARDthatyouask 天津市 07-20 06:35 -> 广东省云浮市 07-20 18:52 229 91153
[17026] 1
puzzletheNewWorld 辽宁省辽阳市 07-28 13:05 -> 四川省绵竹市 07-29 14:44 1718 47885
[17027] Exusiai 能天使 of.America@the.rounding 1
[17034] -1
[17043] 1
TOTHEEOLDCAUSE 山东省聊城市 07-26 13:46 -> 山东省滕州市 07-27 01:56 977 33971
[17052] Plume 翎羽 serf.guildmaster@and.journeyma 2
[17054] 1
TOFOREIGNLANDS 甘肃省敦煌市 07-24 20:57 -> 重庆市江津市 07-25 00:04 486 92870
[17058] -1
[17059] FEater 食铁兽 an.uninterrupted@now.hidden 1
[17065] 0
[17068] 1
TOTHEEOLDCAUSE 山东省滕州市 06-27 02:06 -> 广东省湛江市 06-27 19:57 1443 33971
[17072] 1
TOFOREIGNLANDS 湖南省常宁市 06-12 02:20 -> 北京市 06-12 02:50 61 92870
[17074] 4152883
[17077] 22239879
[17079] 1
whatyouwanted 四川省华蓥市 07-07 09:39 -> 广东省高州市 07-07 10:58 643 30519
[17080] Beagle 米格 Europethe.spectre@of.Communism 4
[17090] 1
TOFOREIGNLANDS 浙江省临安市 07-18 21:04 -> 浙江省乐清市 07-19 16:23 2075 92870
[17091] 1
ThereforeIsendyou 湖南省汩罗市 07-05 22:12 -> 新疆喀什市 07-06 02:43 498 3759
[17101] 1
ThereforeIsendyou 新疆喀什市 07-21 02:53 -> 河南省驻马店市 07-21 13:30 789 3759
[17107] queue
[17112] 1
LeavesofGrass 新疆塔城市 07-17 07:38 -> 辽宁省抚顺市 07-17 14:21 1093 61739
[17117] -1
[17124] -1
[17131] 1
ThereforeIsendyou 山东省胶南市 07-18 10:07 -> 安徽省宁国市 07-18 19:16 632 3759
[17139] -1
[17145] -1
[17146] 1717569
[17155] 9247104
[17158] 1
AndtodefineAmeric 山东省胶州市 06-15 12:18 -> 江苏省吴江市 06-15 16:50 1215 80198
[17163] 7545392
[17166] -1
[17168] 6432300
[17172] 1
INSCRIPTIONS 贵州省清镇市 07-22 16:24 -> 湖北省枣阳市 07-23 11:59 1717 70655
[17177] 1
TOTHEEOLDCAUSE 河南省周口市 07-24 23:57 -> 四川省绵阳市 07-25 17:54 1267 33971
[17178] 11281516
[17180] 43828629
[17186] 1
ThereforeIsendyou 天津市 07-11 17:39 -> 新疆喀什市 07-12 02:43 729 3759
[17195] 1140300
[17199] 1952544
[17204] 1
INSCRIPTIONS 广东省惠阳市 07-27 01:41 -> 湖北省枣阳市 07-27 11:59 1099 51365
[17208] Frostleaf 霜叶 class.under@the.sway 1
[17212] Aak 阿阿 in.almost.all@of.these 1
[17213] 0
[17215] 7078192
[17224] 13149882
[17225] 4207072
[17234] queue
[17243] Vermeil 红云 production@The.place 1
[17251] 1
TOFOREIGNLANDS 河北省张家口市 07-27 22:51 -> 北京市 07-28 02:50 500 92870
[17259] 1
puzzletheNewWorld 辽宁省辽阳市 07-14 13:05 -> 北京市 07-15 02:45 964 47885
[17266] 1
IHEARDthatyouask 新疆吐鲁番市 07-08 05:55 -> 广东省云浮市 07-08 18:52 725 45820
[17267] 9793751
[17269] SilverAsh 银灰 feudal.lords@vassals.guildmast 1
[17278] queue
[17286] 4234292
[17289] 1404548
[17290] 1
LeavesofGrass 广东省四会市 07-09 15:39 -> 黑龙江省海林市 07-09 22:46 1388 1206
[17298] queue
[17303] 1
LeavesofGrass 湖南省衡阳市 07-09 16:20 -> 河南省灵宝市 07-09 23:39 1648 1206
[17306] 12599860
[17313] Istina 真理 commerce.navigation@railways.e 1
[17317] 1
AndtodefineAmeric 云南省保山市 07-24 09:33 -> 北京市 07-24 22:38 2183 62721
[17320] 1
IHEARDthatyouask 天津市 07-14 06:35 -> 四川省彭州市 07-14 23:13 249 78448
[17322] 1
ThereforeIsendyou 湖南省汩罗市 07-14 22:12 -> 新疆喀什市 07-15 02:43 498 3759
[17329] Scavenger 清道夫 division.of@labour.between 1
[17332] 1
INSCRIPTIONS 江苏省扬州市 07-24 08:17 -> 湖北省枣阳市 07-24 11:59 488 58179
[17337] queue
[17344] 7981185
[17354] 26325026
[17360] 1
IHEARDthatyouask 新疆吐鲁番市 07-15 05:55 -> 广东省云浮市 07-15 18:52 725 80293
[17363] 1
puzzletheNewWorld 辽宁省辽阳市 06-29 13:05 -> 湖南省岳阳市 06-29 16:56 379 47885
[17370] 1
whatyouwanted 辽宁省盖州市 07-27 20:30 -> 新疆阿克苏市 07-28 15:55 3088 30519
[17372] 9224039
[17373] 1
ThereforeIsendyou 天津市 07-06 17:39 -> 河南省驻马店市 07-07 13:30 1518 3759
[17380] 5551105
[17389] Broca 布洛卡 branding.reproach@of.Communism 1
[17395] -1
[17397] Warfarin 华法琳 the.different@corporate.guilds 1
[17404] queue
[17408] 980800
[17415] 4
[success] whatyouwanted 北京市 07-26 02:12 -> 内蒙东胜市 07-26 20:46 3056 2000
[success] LeavesofGrass 广东省花都市 07-05 01:43 -> 河南省偃师市 07-05 03:28 232 46
[pending] LeavesofGrass 宁夏石嘴山市 06-28 19:25 -> 新疆博乐市 06-29 06:04 1453 16354
[success] INSCRIPTIONS 广东省惠阳市 07-02 01:41 -> 江苏省扬州市 07-02 08:14 611 8513
[17421] 1
INSCRIPTIONS 北京市 08-05 06:46 -> 湖北省枣阳市 08-05 11:59 688 68919
[17431] Cutter 刻刀 antagonisms@Society.as 1
[17435] 1699101
[17443] 1
TOFOREIGNLANDS 浙江省临安市 06-16 21:04 -> 河北省张家口市 06-16 22:48 412 92870
[17452] 1
TOTHEEOLDCAUSE 山东省滕州市 07-10 02:06 -> 广东省湛江市 07-10 19:57 1443 33971
[17457] 1
INSCRIPTIONS 贵州省清镇市 07-13 16:24 -> 江苏省扬州市 07-14 08:14 1229 32159
[17465] 1
whatyouwanted 四川省华蓥市 07-31 09:39 -> 江西省高安市 07-31 17:46 1715 27213
[17470] 1
AndtodefineAmeric 湖北省孝感市 07-22 09:27 -> 湖南省吉首市 07-22 11:01 451 80198
[17473] Liskarm 雷蛇 well.as.against@its.reactionar 1
[17476] 14910700
[17484] 1
whatyouwanted 北京市 08-03 02:12 -> 河南省洛阳市 08-03 12:55 1595 30519
[17485] 1
INSCRIPTIONS 黑龙江省五大连池市 08-08 19:22 -> 江苏省扬州市 08-09 08:14 1056 44079
[17493] -1
[17503] queue
[17506] Rangers 巡林 arrangement@of.society 3
[17511] -1
[17515] queue
[17520] 33320
[17527] Courier 讯使 publish.their@views.their 1
[17529] 1
ThereforeIsendyou 山东省胶南市 07-22 10:07 -> 安徽省宁国市 07-22 19:16 632 3759
[17534] 1
TOTHEEOLDCAUSE 河南省周口市 07-14 23:57 -> 四川省绵阳市 07-15 17:54 1267 33971
[17538] 1
TOTHEEOLDCAUSE 湖北省麻城市 06-18 20:21 -> 宁夏银川市 06-19 14:45 1324 33971
[17539] 0
[17541] 16924596
[17551] 8442060
[17555] -1
[17558] 11087712
[17559] 17
[success] INSCRIPTIONS 黑龙江省五大连池市 07-19 19:22 -> 新疆米泉市 07-20 14:38 1706 2482
[success] INSCRIPTIONS 黑龙江省五大连池市 07-28 19:22 -> 湖北省枣阳市 07-29 11:59 1544 9250
[success] LeavesofGrass 陕西省安康市 07-03 17:25 -> 新疆博乐市 07-04 06:04 1699 6416
[success] puzzletheNewWorld 辽宁省辽阳市 06-26 13:05 -> 河南省登封市 06-27 09:52 1419 9948
[success] puzzletheNewWorld 黑龙江省尚志市 07-06 20:11 -> 河南省登封市 07-07 09:52 614 5473
[success] IHEARDthatyouask 天津市 07-17 06:35 -> 广东省云浮市 07-17 18:52 229 18324
[success] IHEARDthatyouask 新疆吐鲁番市 07-19 05:55 -> 天津市 07-19 06:30 496 3891
[success] LeavesofGrass 黑龙江省海林市 07-11 22:56 -> 新疆伊宁市 07-12 08:52 1441 20670
[success] INSCRIPTIONS 贵州省清镇市 07-23 16:24 -> 黑龙江省五大连池市 07-23 19:12 173 2543
[success] IHEARDthatyouask 天津市 07-08 06:35 -> 四川省彭州市 07-08 23:13 249 16978
[success] INSCRIPTIONS 云南省安宁市 07-23 20:50 -> 湖北省枣阳市 07-24 11:59 1388 9613
[success] INSCRIPTIONS 黑龙江省五大连池市 07-17 19:22 -> 江苏省扬州市 07-18 08:14 1056 7832
[success] INSCRIPTIONS 广东省高要市 06-17 21:40 -> 北京市 06-18 06:40 564 1448
[success] LeavesofGrass 新疆塔城市 07-09 07:38 -> 浙江省杭州市 07-09 11:46 691 10367
[pending] LeavesofGrass 新疆塔城市 07-31 07:38 -> 浙江省慈溪市 08-01 09:48 3997 22374
[success] IHEARDthatyouask 新疆吐鲁番市 07-11 05:55 -> 四川省彭州市 07-11 23:13 745 19915
[success] LeavesofGrass 黑龙江省海林市 07-30 22:56 -> 广东省花都市 07-31 01:39 614 20787
[17563] Vermeil 红云 production@The.place 1
[17573] -1
[17575] 864200
[17577] 13077388
[17578] 12729873
[17584] Savage 暴行 guilds.now@no.longer 2
[17589] Shaw 阿消 new.conditions@of.oppression 1
[17592] 1
IHEARDthatyouask 天津市 08-04 06:35 -> 广东省云浮市 08-04 18:52 229 64941
[17599] Mayer 梅尔 colonisation@of.America 1
[17602] 1
TOTHEEOLDCAUSE 山东省聊城市 08-03 13:46 -> 新疆库尔勒市 08-03 16:31 470 33971
[17608] 8047868
[17613] 1
INSCRIPTIONS 北京市 07-02 06:46 -> 新疆米泉市 07-02 14:38 850 35458
[17617] Executor 送葬人 history.of@all.hitherto 1
[17626] 1
puzzletheNewWorld 黑龙江省尚志市 08-03 20:11 -> 河南省登封市 08-04 09:52 614 46807
[17636] -1
[17639] -1
[17647] 24624810
[17653] ProjeKTRed 红红 everywhere@a.complicated 1
[17660] Nian 年年 wants.of.the@new.markets 1
[17666] 1
ThereforeIsendyou 天津市 07-12 17:39 -> 浙江省舟山市 07-13 10:35 1141 3759
[17675] -1
[17682] Liskarm 雷蛇 of.the.feudal@nobility.an 1
[17686] 17550301
[17693] 0
[17701] Nightmare 夜魔 policespies@Where.is 3
[17704] Nearl 临光 history.we@find.almost 1
[17710] ShiraYuki 白雪 and.Danish@languages.I 3
[17718] Orchid 梓兰 and.of.exchange@Each.step 1
[17720] 4979125
[17728] 0
[17729] 1
ThereforeIsendyou 新疆喀什市 07-31 02:53 -> 安徽省宁国市 07-31 19:16 977 3759
[17730] -1
[17736] 1640015
[17740] Popukar 泡普卡 and.Chinese@markets.the 4
[17741] Istina 真理 commerce.navigation@railways.e 1
[17748] 1
puzzletheNewWorld 湖南省岳阳市 07-22 17:01 -> 黑龙江省尚志市 07-22 20:04 426 47885
[17757] 128304
[17762] 1
LeavesofGrass 广东省四会市 07-05 15:39 -> 陕西省安康市 07-05 17:15 728 22265
[17771] 1094800
[17781] 30055740
[17782] 381365
[17790] 1
puzzletheNewWorld 北京市 07-12 02:54 -> 四川省绵竹市 07-12 14:44 754 47885
[17800] 1
IHEARDthatyouask 新疆吐鲁番市 07-11 05:55 -> 天津市 07-11 06:30 496 71238
[17803] 1
INSCRIPTIONS 黑龙江省五大连池市 08-12 19:22 -> 江苏省扬州市 08-13 08:14 1056 36274
[17808] 1636164
[17818] Ptilopsis 白面鸮 this.distinctive@feature.it 2
[17819] SilverAsh 银灰 feudal.lords@vassals.guildmast 1
[17820] 1
INSCRIPTIONS 黑龙江省五大连池市 08-02 19:22 -> 广东省高要市 08-02 21:36 292 70655
[17830] 5
[pending] LeavesofGrass 辽宁省抚顺市 07-29 14:24 -> 河南省偃师市 07-30 03:28 2239 22742
[success] LeavesofGrass 辽宁省抚顺市 07-05 14:24 -> 广东省四会市 07-05 15:34 5 10974
[success] LeavesofGrass 黑龙江省海林市 07-27 22:56 -> 新疆伊宁市 07-28 08:52 1441 12291
[success] LeavesofGrass 浙江省平湖市 08-01 08:59 -> 河南省灵宝市 08-01 23:39 2695 3708
[success] LeavesofGrass 宁夏石嘴山市 07-29 19:25 -> 广东省花都市 07-30 01:39 1028 6585
[17832] 1
ThereforeIsendyou 山东省胶南市 07-06 10:07 -> 浙江省舟山市 07-06 10:35 67 3759
[17840] Istina 真理 commerce.navigation@railways.e 1
[17844] -1
[17850] Rope 暗索 pushed.on.one@side.by 1
[17851] 0
[17859] 1
TOTHEEOLDCAUSE 山东省滕州市 06-22 02:06 -> 吉林省长春市 06-22 04:46 146 33971
[17863] 0
[17867] 85136
[17876] 0
[17881] queue
[17891] Grani 格拉尼 serfs.of.the@Middle.Ages 1
[17896] Phantom 傀影 not.done.away@with.class 1
[17900] 1
whatyouwanted 北京市 07-16 02:12 -> 河南省洛阳市 07-16 12:55 1595 30519
[17910] Myrtle 桃金娘 in.proportion@as.industry 1
[17916] Flamebringer 炎客 nationalities@have.assembled 2
[17922] Dobermann 杜宾 in.a.word.oppressor@and.oppres 1
[17926] 0
[17930] Firewatch 守林人 opponents.in@power.Where 2
[17938] 1
IHEARDthatyouask 天津市 07-12 06:35 -> 广东省云浮市 07-12 18:52 229 62110
[17939] Midnight 月见夜 longer.sufficed@Thereupon.stea 1
[17941] 1
TOTHEEOLDCAUSE 山东省聊城市 07-16 13:46 -> 山西省太原市 07-17 07:46 1531 30641
[17950] 2141100
[17956] 17962950
[17962] 3093432
[17965] 915239
[17974] Firewatch 守林人 opponents.in@power.Where 2
[17979] 16980626
[17983] 11835264
[17991] 0
[17998] 6
[success] puzzletheNewWorld 湖南省岳阳市 08-04 17:01 -> 河南省登封市 08-05 09:52 1040 7546
[pending] LeavesofGrass 宁夏石嘴山市 07-03 19:25 -> 河南省偃师市 07-04 03:28 1260 20736
[success] whatyouwanted 山东省乳山市 08-09 04:53 -> 四川省华蓥市 08-09 09:33 693 1300
[success] INSCRIPTIONS 江苏省扬州市 08-08 08:17 -> 新疆米泉市 08-08 14:38 650 14972
[success] INSCRIPTIONS 云南省安宁市 07-08 20:50 -> 北京市 07-09 06:40 700 9232
[success] LeavesofGrass 新疆塔城市 07-14 07:38 -> 河北省河间市 07-14 18:01 1851 23933
[18008] 14437596
[18017] 1
LeavesofGrass 辽宁省抚顺市 06-28 14:24 -> 陕西省安康市 06-28 17:15 733 8268
[18026] 1
IHEARDthatyouask 天津市 07-14 06:35 -> 四川省彭州市 07-14 23:13 249 78448
[18030] 10778922
[18035] 1
LeavesofGrass 辽宁省抚顺市 07-12 14:24 -> 陕西省安康市 07-12 17:15 733 5104
[18036] 15029630
[18043] -1
[18048] 41613264
[18052] 1
TOFOREIGNLANDS 湖南省常宁市 06-16 02:20 -> 海南省通什市 06-16 13:23 976 92870
[18060] -1
[18065] -1
[18069] 1
TOTHEEOLDCAUSE 湖北省麻城市 07-20 20:21 -> 河南省周口市 07-20 23:49 363 33971
[18073] 0
[18076] -1
[18084] 1
whatyouwanted 山东省乳山市 08-04 04:53 -> 吉林省双辽市 08-04 14:29 1565 23354
[18086] 8
[success] puzzletheNewWorld 河南省登封市 07-04 09:56 -> 四川省绵竹市 07-04 14:44 299 3061
[success] whatyouwanted 辽宁省盖州市 08-03 20:30 -> 安徽省阜阳市 08-04 08:17 1846 7165
[success] LeavesofGrass 湖南省衡阳市 07-18 16:20 -> 福建省建阳市 07-18 21:14 1134 8323
[pending] LeavesofGrass 陕西省安康市 07-11 17:25 -> 新疆博乐市 07-12 06:04 1699 6348
[success] INSCRIPTIONS 云南省安宁市 07-25 20:50 -> 新疆米泉市 07-26 14:38 1550 8126
[success] IHEARDthatyouask 天津市 07-08 06:35 -> 广东省云浮市 07-08 18:52 229 18347
[success] LeavesofGrass 陕西省安康市 07-02 17:25 -> 河南省灵宝市 07-02 23:39 1160 9184
[success] INSCRIPTIONS 广东省惠阳市 07-24 01:41 -> 湖北省枣阳市 07-24 11:59 1099 2863
[18089] 1
IHEARDthatyouask 广东省云浮市 08-04 19:00 -> 四川省彭州市 08-04 23:13 20 87991
[18095] 1
AndtodefineAmeric 天津市 06-26 08:57 -> 北京市 06-26 22:38 2583 80198
[18105] 10340186
[18109] 9556928
[18112] Savage 暴行 guilds.now@no.longer 2
[18114] 2379000
[18118] 14695976
[18119] queue
[18128] 26366243
[18132] 1
TOFOREIGNLANDS 湖南省常宁市 08-09 02:20 -> 北京市 08-09 02:50 61 92870
[18139] 0
[18148] queue
[18150] 46363616
[18159] Fang 芬芬 sufficed.for@the.growing 1
[18163] 5648316
[18166] 12390775
[18169] Catapult 空爆 two.great.hostile@camps.into 1
[18170] 13001784
[18180] 0
[18184] Mayer 梅尔 colonisation@of.America 1
[18185] 1
TOFOREIGNLANDS 浙江省临安市 07-13 21:04 -> 辽宁省铁岭市 07-14 12:11 1797 92870
[18189] 5524640
[18190] Platinum 白金 handed.down@from.the 2
[18195] 4418850
[18200] 2376038
[18205] 1
IHEARDthatyouask 新疆吐鲁番市 07-07 05:55 -> 四川省彭州市 07-07 23:13 745 91153
[18206] 1
TOTHEEOLDCAUSE 山东省聊城市 06-11 13:46 -> 河北省唐山市 06-11 15:26 143 33971
[18216] 1
ThereforeIsendyou 新疆喀什市 07-27 02:53 -> 山东省胶南市 07-27 10:01 345 3759
[18218] 9396240
[18220] 0
[18229] -1
[18237] 0
[18238] 1
puzzletheNewWorld 辽宁省辽阳市 07-31 13:05 -> 北京市 08-01 02:45 964 47885
[18246] 4321094
[18247] Purestream 清流 party.itself@To.this 1
[18248] queue
[18251] 20273680
[18259] 13
[success] TOFOREIGNLANDS 河北省张家口市 07-07 22:51 -> 四川省攀枝花市 07-08 20:01 2268 18348
[success] LeavesofGrass 辽宁省抚顺市 06-28 14:24 -> 黑龙江省海林市 06-28 22:46 1393 1233
[success] TOFOREIGNLANDS 浙江省临安市 07-28 21:04 -> 湖北省洪湖市 07-29 11:19 1713 12983
[success] IHEARDthatyouask 天津市 08-03 06:35 -> 广东省云浮市 08-03 18:52 229 9042
[success] LeavesofGrass 新疆塔城市 07-22 07:38 -> 浙江省杭州市 07-22 11:46 691 1160
[success] INSCRIPTIONS 江苏省扬州市 08-05 08:17 -> 新疆米泉市 08-05 14:38 650 1736
[success] INSCRIPTIONS 贵州省清镇市 08-03 16:24 -> 江苏省扬州市 08-04 08:14 1229 17489
[success] puzzletheNewWorld 湖南省岳阳市 07-11 17:01 -> 北京市 07-12 02:45 585 6682
[success] INSCRIPTIONS 北京市 08-22 06:46 -> 江苏省扬州市 08-22 08:14 200 16819
[success] LeavesofGrass 辽宁省抚顺市 07-22 14:24 -> 河南省灵宝市 07-22 23:39 1893 23313
[success] LeavesofGrass 浙江省杭州市 07-03 11:52 -> 河北省河间市 07-03 18:01 1160 1135
[success] LeavesofGrass 广东省四会市 07-22 15:39 -> 福建省建阳市 07-22 21:14 1374 1717
[success] LeavesofGrass 黑龙江省海林市 07-06 22:56 -> 广东省花都市 07-07 01:39 614 12429
[18265] -1
[18273] 0
[18274] 4784332
[18279] -1
[18281] Scavenger 清道夫 division.of@labour.between 1
[18284] Durin 杜林 armed.and.selfgoverning@associ 1
[18287] 1
IHEARDthatyouask 天津市 07-21 06:35 -> 广东省云浮市 07-21 18:52 229 70205
[18289] 2324096
[18298] -1
[18300] -1
[18306] Leizi 惊蛰 this.spectre@Pope.and 1
[18309] Lappland 拉普兰德 the.mediaeval@commune.here 1
[18316] 1
puzzletheNewWorld 湖南省岳阳市 07-24 17:01 -> 四川省绵竹市 07-25 14:44 1339 37782
[18318] 1
IHEARDthatyouask 天津市 07-08 06:35 -> 广东省云浮市 07-08 18:52 229 45820
[18320] 1
ThereforeIsendyou 天津市 07-17 17:39 -> 湖南省汩罗市 07-17 22:09 231 3759
[18329] -1
[18336] Elysium 极境 has.simplified@the.class 3
[18342] Istina 真理 commerce.navigation@railways.e 1
[18351] -1
[18359] 1
IHEARDthatyouask 广东省云浮市 08-02 19:00 -> 四川省彭州市 08-02 23:13 20 91153
[18362] 6459264
[18366] 0
[18375] -1
[18383] 0
[18391] 15374350
[18392] 4399715
[18400] 1
IHEARDthatyouask 新疆吐鲁番市 07-20 05:55 -> 广东省云浮市 07-20 18:52 725 91153
[18409] Manticore 狮蝎 not.hurled@back.the 2
[18415] 1
TOTHEEOLDCAUSE 河北省唐山市 07-10 15:34 -> 吉林省长春市 07-11 04:46 980 33971
[18416] 15769299
[18421] 13039188
[18428] 1
IHEARDthatyouask 新疆吐鲁番市 07-27 05:55 -> 天津市 07-27 06:30 496 45843
[18437] Gummy 古米 commerce.to@navigation.to 1
[18441] -1
[18444] -1
[18451] 1
whatyouwanted 甘肃省兰州市 07-30 21:27 -> 山东省乳山市 07-31 04:49 741 30519
[18459] 10077694
[18468] 1
INSCRIPTIONS 云南省安宁市 07-21 20:50 -> 广东省惠阳市 07-22 01:32 289 70655
[18474] queue
[18478] queue
[18479] Meteor 流星 but.established@new.classes 1
[18487] 1
IHEARDthatyouask 天津市 07-20 06:35 -> 四川省彭州市 07-20 23:13 249 91153
[18490] 14
[success] INSCRIPTIONS 广东省惠阳市 06-18 01:41 -> 湖北省枣阳市 06-18 11:59 1099 2162
[success] LeavesofGrass 浙江省平湖市 07-19 08:59 -> 黑龙江省海林市 07-19 22:46 2195 5645
[success] INSCRIPTIONS 云南省安宁市 07-07 20:50 -> 新疆米泉市 07-08 14:38 1550 11589
[success] IHEARDthatyouask 新疆吐鲁番市 07-12 05:55 -> 四川省彭州市 07-12 23:13 745 10713
[pending] LeavesofGrass 宁夏石嘴山市 06-29 19:25 -> 河南省偃师市 06-30 03:28 1260 5274
[success] LeavesofGrass 辽宁省抚顺市 07-18 14:24 -> 河南省灵宝市 07-18 23:39 1893 23153
[success] IHEARDthatyouask 新疆吐鲁番市 08-06 05:55 -> 广东省云浮市 08-06 18:52 725 14501
[success] LeavesofGrass 浙江省杭州市 07-03 11:52 -> 河北省河间市 07-03 18:01 1160 14688
[pending] LeavesofGrass 湖南省衡阳市 07-31 16:20 -> 河北省河间市 07-31 18:01 513 21726
[success] LeavesofGrass 河南省灵宝市 07-04 23:45 -> 新疆伊宁市 07-05 08:52 941 2194
[success] INSCRIPTIONS 贵州省清镇市 07-24 16:24 -> 新疆米泉市 07-25 14:38 1879 12953
[success] LeavesofGrass 浙江省杭州市 07-28 11:52 -> 黑龙江省海林市 07-28 22:46 1795 14021
[success] LeavesofGrass 浙江省杭州市 07-23 11:52 -> 福建省建阳市 07-23 21:14 1781 6199
[success] LeavesofGrass 浙江省平湖市 07-20 08:59 -> 浙江省杭州市 07-20 11:46 400 16446
[18491] 1
puzzletheNewWorld 辽宁省辽阳市 06-22 13:05 -> 黑龙江省尚志市 06-22 20:04 805 46269
[18500] Gummy 古米 commerce.to@navigation.to 1
[18507] 0
[18513] 10717392
[18521] Executor 送葬人 history.of@all.hitherto 1
[18531] Myrrh 末药 Proletariat@From.the 3
[18537] 3467640
[18541] Vermeil 红云 production@The.place 1
[18546] -1
[18553] 1
puzzletheNewWorld 辽宁省辽阳市 06-19 13:05 -> 四川省绵竹市 06-20 14:44 1718 37061
[18556] queue
[18566] 1
INSCRIPTIONS 黑龙江省五大连池市 07-14 19:22 -> 云南省安宁市 07-14 20:42 156 70655
[18574] -1
[18578] 1
puzzletheNewWorld 辽宁省辽阳市 08-05 13:05 -> 北京市 08-06 02:45 964 46686
[18585] 2562174
[18593] 1
TOFOREIGNLANDS 海南省通什市 07-19 13:26 -> 甘肃省敦煌市 07-19 20:48 1040 92870
[18599] 1
INSCRIPTIONS 黑龙江省五大连池市 08-14 19:22 -> 北京市 08-15 06:40 856 9637
[18600] 4087650
[18602] 10340112
[18612] 1
LeavesofGrass 广东省花都市 07-25 01:43 -> 新疆伊宁市 07-25 08:52 827 45110
[18617] 1
AndtodefineAmeric 山东省乐陵市 07-05 14:14 -> 江苏省吴江市 07-05 16:50 277 80198
[18626] 2646727
[18635] -1
[18638] Pramanix 初雪 means.of.exchange@and.in 1
[18642] 1
INSCRIPTIONS 黑龙江省五大连池市 08-17 19:22 -> 湖北省枣阳市 08-18 11:59 1544 40845
[18643] 1
LeavesofGrass 陕西省安康市 07-03 17:25 -> 新疆博乐市 07-04 06:04 1699 4980
[18649] 1
TOTHEEOLDCAUSE 新疆奎屯市 07-20 11:20 -> 湖北省麻城市 07-20 20:14 743 33971
[18659] 0
[18669] Angelina 安洁莉 two.great.classes@directly.fac 1
[18679] -1
[18687] Savage 暴行 guilds.now@no.longer 2
[18692] 1
LeavesofGrass 广东省四会市 07-06 15:39 -> 浙江省慈溪市 07-07 09:48 2899 2598
[18694] 1
IHEARDthatyouask 天津市 08-06 06:35 -> 广东省云浮市 08-06 18:52 229 73237
[18701] -1
[18706] 10
[success] INSCRIPTIONS 广东省惠阳市 07-12 01:41 -> 湖北省枣阳市 07-12 11:59 1099 7830
[success] INSCRIPTIONS 广东省惠阳市 07-25 01:41 -> 江苏省扬州市 07-25 08:14 611 3053
[success] LeavesofGrass 新疆塔城市 06-28 07:38 -> 广东省四会市 06-28 15:34 1098 3506
[success] LeavesofGrass 辽宁省抚顺市 07-23 14:24 -> 湖南省衡阳市 07-23 16:17 245 7244
[success] LeavesofGrass 福建省建阳市 07-07 21:19 -> 河南省灵宝市 07-07 23:39 514 6160
[success] LeavesofGrass 浙江省杭州市 07-25 11:52 -> 浙江省慈溪市 07-26 09:48 3306 2064
[success] INSCRIPTIONS 广东省高要市 08-02 21:40 -> 新疆米泉市 08-03 14:38 1414 1485
[success] INSCRIPTIONS 云南省安宁市 07-11 20:50 -> 广东省惠阳市 07-12 01:32 289 12298
[success] LeavesofGrass 陕西省安康市 07-01 17:25 -> 河北省河间市 07-01 18:01 25 6439
[success] LeavesofGrass 辽宁省抚顺市 07-27 14:24 -> 新疆伊宁市 07-28 08:52 2834 1108
[18710] -1
[18716] Broca 布洛 independent@urban.republic 1
[18724] Cutter 刻刀 antagonisms@Society.as 1
[18734] Indra 因陀罗 ruins.of.feudal@society.has 1
[18743] 1
AndtodefineAmeric 山东省胶州市 08-01 12:18 -> 北京市 08-01 22:38 1716 80198
[18748] -1
[18754] -1
[18762] SilverAsh 银灰 feudal.lords@vassals.guildmast 1
[18768] 8273642
[18778] 1
TOTHEEOLDCAUSE 山东省聊城市 07-01 13:46 -> 河北省唐山市 07-01 15:26 143 33971
[18779] -1
[18786] queue
[18790] Shining 闪灵 the.Spectre@of.Communism 2
[18795] 10542
[18796] 1
INSCRIPTIONS 云南省安宁市 06-28 20:50 -> 湖北省枣阳市 06-29 11:59 1388 53237
[18804] 1
whatyouwanted 广东省揭阳市 08-07 06:37 -> 四川省华蓥市 08-07 09:33 225 30519
[18812] 1
LeavesofGrass 福建省建阳市 07-24 21:19 -> 新疆博乐市 07-25 06:04 1053 38393
[18822] 19640200
[18826] 8642645
[18834] 2204865
[18841] Firewatch 守林人 opponents.in@power.Where 2
[18845] -1
[18853] -1
[18857] -1
[18863] Steward 史都华德 society.at@large.or 1
[18870] bye
