[18873] -1
[18883] 0
[18890] -1
[18899] -1
[18900] -1
[18910] 0
[18919] Lava 炎熔 modern.bourgeois@Modern.indust 1
[18928] Zima 凛冬 industrial@production.was 2
[18931] -1
[18941] Elysium 极境 has.simplified@the.class 3
[18942] -1
[18948] -1
[18951] -1
[18959] -1
[18965] 0
[18972] -1
[18973] Cuora 蛇屠 there.taxable@third.estate 1
[18982] 0
[18986] -1
[18990] 0
[18991] -1
[18999] Scavenger 清道夫 division.of@labour.between 1
[19006] -1
[19011] -1
[19014] Spot 斑点 with.a.Manifesto@of.the 1
[19015] Broca 布洛 independent@urban.republic 1
[19020] Exusiai 能天使 of.America@the.rounding 1
[19030] Midnight 月见夜 longer.sufficed@Thereupon.stea 1
[19037] Steward 史都华德 society.at@large.or 1
[19038] Earthspirit 地灵 of.the.monarchy@as.in 3
[19044] Ansel 安赛尔 now.open.fight@a.fight 2
[19051] Savage 暴行 guilds.now@no.longer 2
[19055] -1
[19058] Meteor 流星 but.established@new.classes 1
[19065] 0
[19069] -1
[19076] -1
[19082] Beehunter 猎蜂 these.burgesses@the.first 2
[19089] 0
[19092] Fang 芬芬 sufficed.for@the.growing 1
[19100] -1
[19107] -1
[19113] Zima 凛冬 industrial@production.was 2
[19121] Cutter 刻刀 France.afterwards@in.the 1
[19124] 0
[19127] Cuora 蛇屠 there.taxable@third.estate 1
[19130] Gummy 古米 commerce.to@navigation.to 1
[19133] -1
[19136] -1
[19144] -1
[19153] Midnight 月见夜 longer.sufficed@Thereupon.stea 1
[19160] Conviction 断罪 vanished.in@the.face 2
[19169] -1
[19179] -1
[19180] -1
[19183] -1
[19189] -1
[19191] Manticore 狮蝎 not.hurled@back.the 2
[19198] Sora 空空 have.patricians@knights.plebei 1
[19199] Exusiai 能天使 of.America@the.rounding 1
[19204] Scavenger 清道夫 division.of@labour.between 1
[19206] 0
[19213] Conviction 断罪 vanished.in@the.face 2
[19220] Nearl 临光 history.we@find.almost 1
[19224] Cardigan 卡缇 the.markets@kept.ever 1
[19230] Mousse 慕斯 history.of@class.struggles 1
[19232] -1
[19241] -1
[19243] Courier 讯使 publish.their@views.their 1
[19250] Broca 布洛 independent@urban.republic 1
[19256] Kroos 克洛丝 extension.of@industry.and 1
[19258] Pramanix 初雪 means.of.exchange@and.in 1
[19260] -1
[19265] Savage 暴行 guilds.now@no.longer 2
[19274] -1
[19283] Breeze 微风 America.paved@the.way 1
[19292] 0
[19301] Siege 推进之王 monopolised@by.closed 1
[19310] Leizi 惊蛰 this.spectre@Pope.and 1
[19318] -1
[19328] -1
[19338] Sideroca 铸铁 rising.bourgeoisie@The.EastInd 1
[19348] Courier 讯使 publish.their@views.their 1
[19358] -1
[19363] NoirCorne 黑角 its.time.reacted@on.the 1
[19371] Estelle 艾丝黛 Middle.Ages@We.see 3
[19373] W 达不溜 in.each.single@workshop.Meanti 1
[19376] Warfarin 华法琳 the.different@corporate.guilds 1
[19381] Texas 德克萨斯 of.whole.industrial@armies.the 1
[19389] Orchid 梓兰 either.the@semifeudal.or 1
[19392] GreyThroat 灰喉 Freeman.and@slave.patrician 1
[19401] Indra 因陀罗 ruins.of.feudal@society.has 1
[19404] -1
[19408] Meteor 流星 but.established@new.classes 1
[19409] Meteor 流星 but.established@new.classes 1
[19413] -1
[19420] -1
[19426] 0
[19429] Nian 年年 wants.of.the@new.markets 1
[19432] Leizi 惊蛰 this.spectre@Pope.and 1
[19442] 0
[19450] 0
[19458] 1
TOTHEEOLDCAUSE 山东省聊城市 06-09 13:46 -> 新疆库尔勒市 06-09 16:31 470 33971
[19460] queue
[19467] -1
[19469] -1
[19473] Cuora 蛇屠 there.taxable@third.estate 1
[19480] queue
[19490] 1
TOtheeoldcause 北京市 07-30 05:54 -> 湖北省宜昌市 07-30 10:47 424 90891
[19495] 1
AndtodefineAmeric 江苏省吴江市 07-04 17:00 -> 湖北省黄冈市 07-05 01:07 551 80198
[19500] -1
[19504] Phantom 傀影 not.done.away@with.class 1
[19509] -1
[19515] 1
LeavesofGrass 新疆博乐市 06-30 06:11 -> 新疆伊宁市 06-30 08:52 402 64109
[19517] -1
[19518] 7975680
[19524] 0
[19529] -1
[19530] 1
ThereforeIsendyou 天津市 07-31 17:39 -> 山东省胶南市 08-01 10:01 1074 3759
[19534] 3122120
[19543] -1
[19549] 1
IHEARDthatyouask 天津市 07-17 06:35 -> 四川省彭州市 07-17 23:13 249 72829
[19550] 1
IHEARDthatyouask 广东省云浮市 07-24 19:00 -> 四川省彭州市 07-24 23:13 20 73290
[19558] 1
whatyouwanted 江西省高安市 07-20 17:51 -> 湖北省松滋市 07-20 21:35 765 30519
[19564] 1
whatyouwanted 吉林省双辽市 08-05 14:32 -> 江西省高安市 08-05 17:46 843 30519
[19571] -1
[19576] -1
[19579] 43576380
[19582] Yato 夜刀 meet.this.nursery@tale.of 3
[19585] -1
[19589] -1
[19596] 1
IHEARDthatyouask 天津市 07-23 06:35 -> 广东省云浮市 07-23 18:52 229 53010
[19600] -1
[19607] 1
TOFOREIGNLANDS 江西省鹰潭市 07-20 08:47 -> 江苏省淮安市 07-20 19:12 1224 92870
[19617] 0
[19620] Liskarm 雷蛇 of.the.feudal@nobility.an 1
[19624] 1
puzzletheNewWorld 辽宁省辽阳市 06-26 13:05 -> 河南省登封市 06-27 09:52 1419 37937
[19631] 1
TOFOREIGNLANDS 广西凭祥市 08-10 06:08 -> 江西省鹰潭市 08-10 08:37 157 92870
[19635] 1
TOTHEEOLDCAUSE 山东省滕州市 08-03 02:06 -> 山西省太原市 08-03 07:46 554 33971
[19637] 5142735
[19643] Ptilopsis 白面鸮 this.distinctive@feature.it 2
[19650] -1
[19660] queue
[19669] Gitano 远山 sprang.the@chartered.burghers 1
[19672] Glaucus 格劳克斯 the.increase@in.the 2
[19677] 3
[success] LeavesofGrass 浙江省平湖市 07-23 08:59 -> 福建省建阳市 07-23 21:14 2181 19980
[success] puzzletheNewWorld 湖南省岳阳市 07-20 17:01 -> 黑龙江省尚志市 07-20 20:04 426 8140
[success] LeavesofGrass 陕西省安康市 07-12 17:25 -> 广东省花都市 07-13 01:39 1274 9890
[19682] -1
[19688] 9119583
[19691] 12087153
[19695] Utage 宴宴 and.machinery@revolutionised.i 2
[19701] 1
AndtodefineAmeric 云南省保山市 08-25 09:33 -> 辽宁省朝阳市 08-25 18:41 1721 80198
[19703] 1
IHEARDthatyouask 天津市 08-01 06:35 -> 广东省云浮市 08-01 18:52 229 75260
[19713] 5325120
[19723] -1
[19726] -1
[19731] 1
LeavesofGrass 河南省灵宝市 07-17 23:45 -> 新疆博乐市 07-18 06:04 539 80901
[19732] 3029478
[19736] 1
TOFOREIGNLANDS 河北省张家口市 06-09 22:51 -> 海南省通什市 06-10 13:23 1415 92870
[19743] 0
[19744] 1
puzzletheNewWorld 湖南省岳阳市 06-21 17:01 -> 四川省绵竹市 06-22 14:44 1339 47659
[19746] Beagle 米格 Europethe.spectre@of.Communism 4
[19754] 2566197
[19755] -1
[19759] Rope 暗索 pushed.on.one@side.by 1
[19763] 10921472
[19770] -1
[19775] -1
[19779] 4441930
[19785] 1
AndtodefineAmeric 山东省乐陵市 07-15 14:14 -> 辽宁省朝阳市 07-15 18:41 316 80198
[19786] -1
[19790] -1
[19796] 0
[19802] 1
TOFOREIGNLANDS 浙江省临安市 07-27 21:04 -> 江苏省淮安市 07-28 19:12 2449 92870
[19809] -1
[19811] 572850
[19817] -1
[19826] 1866294
[19832] 1
AndtodefineAmeric 吉林省图们市 06-28 10:50 -> 广东省高明市 06-28 13:28 567 80198
[19841] 18001578
[19847] 1
INSCRIPTIONS 贵州省清镇市 06-23 16:24 -> 新疆米泉市 06-24 14:38 1879 56771
[19848] 1
IHEARDthatyouask 新疆吐鲁番市 07-07 05:55 -> 广东省云浮市 07-07 18:52 725 91153
[19850] queue
[19853] -1
[19860] queue
[19866] Nightingale 夜莺 of.that.class@An.oppressed 1
[19873] -1
[19880] Ethan 伊桑 acknowledged@by.all 3
[19886] 1
ThereforeIsendyou 山东省胶南市 07-28 10:07 -> 安徽省宁国市 07-28 19:16 632 3759
[19887] 1
AndtodefineAmeric 辽宁省朝阳市 08-06 18:50 -> 北京市 08-06 22:38 462 80198
[19897] -1
[19904] 6419490
[19908] 2
TOtheeoldcause 天津市 08-21 17:57 -> 北京市 08-22 05:48 393 90891
AndtodefineAmeric 天津市 08-21 08:57 -> 北京市 08-21 22:38 2583 80198
[19909] 1
IHEARDthatyouask 天津市 08-02 06:35 -> 四川省彭州市 08-02 23:13 249 64160
[19912] 1
TOTHEEOLDCAUSE 山东省聊城市 07-24 13:46 -> 河南省周口市 07-24 23:49 972 33971
[19919] -1
[19920] Nian 年年 wants.of.the@new.markets 1
[19929] Nightingale 夜莺 of.that.class@An.oppressed 1
[19930] 1
puzzletheNewWorld 黑龙江省尚志市 08-11 20:11 -> 河南省登封市 08-12 09:52 614 47885
[19937] Schwarz 黑黑 of.manufacture@was.taken 1
[19945] 1
ThereforeIsendyou 新疆喀什市 06-30 02:53 -> 山东省胶南市 06-30 10:01 345 3759
[19952] 5998231
[19962] 7049900
[19970] queue
[19980] 1
whatyouwanted 福建省建阳市 07-23 00:03 -> 吉林省四平市 07-23 18:18 3359 30519
[19982] 2087784
[19986] 1
puzzletheNewWorld 辽宁省辽阳市 06-16 13:05 -> 四川省绵竹市 06-17 14:44 1718 46679
[19989] Durnar 坚雷 adversaries@Two.things 1
[19990] 1
[pending] LeavesofGrass 湖南省衡阳市 07-16 16:20 -> 浙江省慈溪市 07-17 09:48 2659 3227
[19998] 0
[20000] -1
[20005] 20
[success] LeavesofGrass 河南省灵宝市 07-17 23:45 -> 广东省花都市 07-18 01:39 114 16371
[success] IHEARDthatyouask 新疆吐鲁番市 08-06 05:55 -> 四川省彭州市 08-06 23:13 745 6903
[success] INSCRIPTIONS 广东省高要市 06-16 21:40 -> 江苏省扬州市 06-17 08:14 764 17067
[success] IHEARDthatyouask 新疆吐鲁番市 07-23 05:55 -> 广东省云浮市 07-23 18:52 725 21206
[success] LeavesofGrass 湖南省衡阳市 07-20 16:20 -> 黑龙江省海林市 07-20 22:46 1148 17660
[success] INSCRIPTIONS 黑龙江省五大连池市 06-30 19:22 -> 云南省安宁市 06-30 20:42 156 13725
[success] puzzletheNewWorld 黑龙江省尚志市 06-22 20:11 -> 四川省绵竹市 06-23 14:44 913 10727
[success] INSCRIPTIONS 广东省惠阳市 08-12 01:41 -> 湖北省枣阳市 08-12 11:59 1099 7
[success] LeavesofGrass 广东省四会市 07-12 15:39 -> 陕西省安康市 07-12 17:15 728 14694
[success] INSCRIPTIONS 北京市 06-28 06:46 -> 新疆米泉市 06-28 14:38 850 4993
[success] INSCRIPTIONS 广东省高要市 06-23 21:40 -> 广东省惠阳市 06-24 01:32 153 11751
[success] LeavesofGrass 福建省建阳市 08-02 21:19 -> 黑龙江省海林市 08-02 22:46 14 11306
[pending] LeavesofGrass 浙江省杭州市 07-07 11:52 -> 广东省花都市 07-08 01:39 2409 15419
[success] LeavesofGrass 浙江省杭州市 07-20 11:52 -> 广东省花都市 07-21 01:39 2409 22689
[success] INSCRIPTIONS 广东省高要市 08-08 21:40 -> 新疆米泉市 08-09 14:38 1414 14797
[success] INSCRIPTIONS 云南省安宁市 06-19 20:50 -> 北京市 06-20 06:40 700 42
[success] INSCRIPTIONS 贵州省清镇市 08-06 16:24 -> 北京市 08-07 06:40 1029 17460
[success] LeavesofGrass 浙江省杭州市 07-05 11:52 -> 宁夏石嘴山市 07-05 19:18 1381 18329
[success] LeavesofGrass 河北省河间市 07-10 18:11 -> 河南省偃师市 07-11 03:28 1481 11152
[success] LeavesofGrass 浙江省平湖市 07-17 08:59 -> 河北省河间市 07-17 18:01 1560 22056
[20010] -1
[20012] Hung 吽吽 itself.a.Power@II.It 1
[20022] -1
[20026] -1
[20036] 1
INSCRIPTIONS 江苏省扬州市 06-17 08:17 -> 新疆米泉市 06-17 14:38 650 69102
[20041] 1
AndtodefineAmeric 北京市 07-09 22:48 -> 湖北省黄冈市 07-10 01:07 50 80198
[20047] 1
IHEARDthatyouask 天津市 08-03 06:35 -> 广东省云浮市 08-03 18:52 229 42852
[20054] 1
whatyouwanted 山东省乳山市 07-10 04:53 -> 广东省揭阳市 07-10 06:33 468 30519
[20056] 439800
[20063] 1
puzzletheNewWorld 北京市 06-20 02:54 -> 河南省登封市 06-20 09:52 455 28034
[20072] queue
[20082] 8249280
[20091] Mostima 莫斯提马 of.the.earliest@towns.From 2
[20096] 1
IHEARDthatyouask 广东省云浮市 07-10 19:00 -> 四川省彭州市 07-10 23:13 20 68721
[20100] Yato 夜刀 meet.this.nursery@tale.of 3
[20104] 1
whatyouwanted 山东省乳山市 07-26 04:53 -> 新疆阿克苏市 07-26 15:55 1916 28519
[20113] Grani 格拉尼 serfs.of.the@Middle.Ages 1
[20122] -1
[20123] 2
TOtheeoldcause 天津市 07-27 17:57 -> 北京市 07-28 05:48 393 90891
AndtodefineAmeric 天津市 07-27 08:57 -> 北京市 07-27 22:38 2583 80198
[20130] -1
[20132] 1
AndtodefineAmeric 江西省吉安市 08-16 21:19 -> 北京市 08-16 22:38 265 80198
[20134] 1
LeavesofGrass 河南省偃师市 08-03 03:31 -> 新疆博乐市 08-03 06:04 193 70150
[20142] -1
[20147] Istina 真理 a.counterpoise@against.the 1
[20155] 12575850
[20164] 832542
[20167] 1
AndtodefineAmeric 山东省胶州市 06-29 12:18 -> 山东省高密市 06-29 12:55 266 80198
[20168] Aak 阿阿 in.almost.all@of.these 1
[20172] 1
INSCRIPTIONS 江苏省扬州市 08-04 08:17 -> 湖北省枣阳市 08-04 11:59 488 70655
[20181] -1
[20188] 1
ThereforeIsendyou 天津市 07-25 17:39 -> 河南省驻马店市 07-26 13:30 1518 3759
[20197] 0
[20204] Meteor 流星 but.established@new.classes 1
[20211] 1
ThereforeIsendyou 湖南省汩罗市 07-09 22:12 -> 安徽省宁国市 07-10 19:16 1475 3759
[20215] 0
[20218] queue
[20227] 2509080
[20230] Ambriel 安比尔 millionaires@the.leaders 1
[20234] Sesa 慑砂 This.market@has.given 1
[20237] queue
[20241] 0
[20248] -1
[20252] Reed 苇草 has.established@the.worldmarke 2
[20262] -1
[20269] 0
[20275] 1
whatyouwanted 湖北省利川市 07-07 22:30 -> 新疆阿克苏市 07-08 15:55 2585 30519
[20285] Provence 普罗旺 face.of.the@whole.world 1
[20292] 1
TOFOREIGNLANDS 浙江省临安市 07-04 21:04 -> 河北省张家口市 07-04 22:48 412 92870
[20300] queue
[20309] 1
TOtheeoldcause 北京市 08-05 05:54 -> 湖北省宜昌市 08-05 10:47 424 90891
[20315] 1
ThereforeIsendyou 湖南省汩罗市 07-10 22:12 -> 浙江省舟山市 07-11 10:35 910 3759
[20321] 1
LeavesofGrass 浙江省平湖市 07-03 08:59 -> 陕西省安康市 07-03 17:15 1535 29482
[20325] 2380242
[20330] 14460244
[20333] Istina 真理 a.counterpoise@against.the 1
[20342] queue
[20344] 7252872
[20347] Matoimaru 缠丸 in.the.same@proportion.the 1
[20354] Matterhorn 角峰 an.immense@development.to 1
[20358] 1
IHEARDthatyouask 广东省云浮市 07-13 19:00 -> 四川省彭州市 07-13 23:13 20 87957
[20360] 110416
[20366] -1
[20374] 1
AndtodefineAmeric 山西省榆次市 07-12 16:15 -> 辽宁省朝阳市 07-12 18:41 179 80198
[20383] 1
ThereforeIsendyou 湖南省汩罗市 06-29 22:12 -> 山东省胶南市 06-30 10:01 843 3759
[20385] -1
[20394] 224400
[20398] 1
IHEARDthatyouask 新疆吐鲁番市 08-03 05:55 -> 四川省彭州市 08-03 23:13 745 42852
[20403] 50347990
[20410] 23702600
[20413] 7
[success] LeavesofGrass 浙江省平湖市 07-21 08:59 -> 河南省灵宝市 07-21 23:39 2695 18682
[success] LeavesofGrass 湖南省衡阳市 08-02 16:20 -> 河南省灵宝市 08-02 23:39 1648 67
[success] LeavesofGrass 新疆塔城市 07-18 07:38 -> 陕西省安康市 07-18 17:15 1826 3972
[pending] LeavesofGrass 河北省河间市 07-10 18:11 -> 广东省花都市 07-11 01:39 1249 21311
[success] INSCRIPTIONS 北京市 06-21 06:46 -> 湖北省枣阳市 06-21 11:59 688 7740
[success] LeavesofGrass 广东省四会市 07-27 15:39 -> 河北省河间市 07-27 18:01 753 12111
[pending] LeavesofGrass 河北省河间市 07-11 18:11 -> 浙江省慈溪市 07-12 09:48 2146 13129
[20423] 1
ThereforeIsendyou 新疆喀什市 07-07 02:53 -> 浙江省舟山市 07-07 10:35 412 3759
[20430] queue
[20436] 12284622
[20439] 11
[pending] LeavesofGrass 河北省河间市 07-09 18:11 -> 新疆博乐市 07-10 06:04 1674 22349
[pending] INSCRIPTIONS 北京市 08-22 06:46 -> 湖北省枣阳市 08-22 11:59 688 10582
[success] LeavesofGrass 浙江省平湖市 07-12 08:59 -> 浙江省杭州市 07-12 11:46 400 12220
[success] INSCRIPTIONS 广东省高要市 08-05 21:40 -> 广东省惠阳市 08-06 01:32 153 5563
[success] INSCRIPTIONS 湖北省枣阳市 06-19 12:03 -> 新疆米泉市 06-19 14:38 162 17014
[success] IHEARDthatyouask 新疆吐鲁番市 08-04 05:55 -> 广东省云浮市 08-04 18:52 725 14320
[success] LeavesofGrass 浙江省杭州市 07-01 11:52 -> 陕西省安康市 07-01 17:15 1135 14384
[success] LeavesofGrass 新疆塔城市 08-01 07:38 -> 广东省花都市 08-02 01:39 3100 2877
[success] LeavesofGrass 浙江省杭州市 07-15 11:52 -> 广东省花都市 07-16 01:39 2409 2196
[success] LeavesofGrass 广东省四会市 07-16 15:39 -> 新疆伊宁市 07-17 08:52 2829 14699
[success] LeavesofGrass 宁夏石嘴山市 07-04 19:25 -> 黑龙江省海林市 07-04 22:46 414 17697
[20444] 1
TOFOREIGNLANDS 湖北省洪湖市 06-13 11:29 -> 甘肃省敦煌市 06-13 20:48 1154 92870
[20450] 1
TOTHEEOLDCAUSE 湖北省麻城市 07-23 20:21 -> 安徽省桐城市 07-24 11:13 1291 33971
[20460] -1
[20466] 1
whatyouwanted 山东省莱州市 07-17 10:08 -> 吉林省双辽市 07-17 14:29 405 30519
[20476] ProjeKTRed 红红 everywhere@a.complicated 1
[20478] -1
[20479] 16
[success] LeavesofGrass 陕西省安康市 07-22 17:25 -> 河南省灵宝市 07-22 23:39 1160 2163
[success] LeavesofGrass 湖南省衡阳市 07-30 16:20 -> 福建省建阳市 07-30 21:14 1134 5696
[success] INSCRIPTIONS 广东省高要市 06-25 21:40 -> 湖北省枣阳市 06-26 11:59 1252 68
[success] INSCRIPTIONS 广东省高要市 06-14 21:40 -> 北京市 06-15 06:40 564 2901
[pending] LeavesofGrass 辽宁省抚顺市 07-05 14:24 -> 新疆博乐市 07-06 06:04 2432 16673
[success] INSCRIPTIONS 黑龙江省五大连池市 07-26 19:22 -> 江苏省扬州市 07-27 08:14 1056 1849
[success] LeavesofGrass 黑龙江省海林市 07-06 22:56 -> 新疆博乐市 07-07 06:04 1039 3997
[success] INSCRIPTIONS 北京市 08-11 06:46 -> 新疆米泉市 08-11 14:38 850 2599
[success] LeavesofGrass 广东省四会市 07-12 15:39 -> 河北省河间市 07-12 18:01 753 14800
[success] LeavesofGrass 新疆塔城市 08-04 07:38 -> 河北省河间市 08-04 18:01 1851 345
[success] INSCRIPTIONS 广东省高要市 06-27 21:40 -> 北京市 06-28 06:40 564 17243
[success] INSCRIPTIONS 广东省惠阳市 07-18 01:41 -> 江苏省扬州市 07-18 08:14 611 12368
[success] LeavesofGrass 河北省河间市 07-02 18:11 -> 浙江省慈溪市 07-03 09:48 2146 351
[success] LeavesofGrass 广东省四会市 07-18 15:39 -> 陕西省安康市 07-18 17:15 728 23660
[success] LeavesofGrass 广东省四会市 07-09 15:39 -> 湖南省衡阳市 07-09 16:17 240 21015
[success] LeavesofGrass 湖南省衡阳市 07-02 16:20 -> 河南省偃师市 07-03 03:28 1994 4407
[20485] Nightingale 夜莺 of.that.class@An.oppressed 1
[20488] 8885615
[20492] -1
[20501] queue
[20510] -1
[20516] 1
IHEARDthatyouask 天津市 07-15 06:35 -> 四川省彭州市 07-15 23:13 249 80293
[20521] Nightingale 夜莺 of.that.class@An.oppressed 1
[20528] 1
LeavesofGrass 河北省河间市 07-31 18:11 -> 浙江省慈溪市 08-01 09:48 2146 3758
[20533] 1
ThereforeIsendyou 新疆喀什市 07-02 02:53 -> 安徽省宁国市 07-02 19:16 977 3759
[20537] 15
[pending] LeavesofGrass 浙江省杭州市 08-01 11:52 -> 黑龙江省海林市 08-01 22:46 1795 13201
[success] LeavesofGrass 广东省花都市 08-02 01:43 -> 新疆伊宁市 08-02 08:52 827 7253
[success] INSCRIPTIONS 云南省安宁市 07-01 20:50 -> 广东省惠阳市 07-02 01:32 289 15370
[success] LeavesofGrass 浙江省平湖市 08-01 08:59 -> 湖南省衡阳市 08-01 16:17 1047 2451
[pending] LeavesofGrass 浙江省平湖市 07-04 08:59 -> 河南省偃师市 07-05 03:28 3041 16680
[success] INSCRIPTIONS 广东省高要市 07-09 21:40 -> 新疆米泉市 07-10 14:38 1414 7623
[success] puzzletheNewWorld 辽宁省辽阳市 07-27 13:05 -> 北京市 07-28 02:45 964 1457
[success] LeavesofGrass 新疆博乐市 07-31 06:11 -> 浙江省慈溪市 07-31 09:48 472 15986
[success] INSCRIPTIONS 黑龙江省五大连池市 08-04 19:22 -> 广东省惠阳市 08-05 01:32 445 1123
[pending] LeavesofGrass 河南省灵宝市 07-26 23:45 -> 新疆伊宁市 07-27 08:52 941 24332
[success] LeavesofGrass 河南省灵宝市 06-30 23:45 -> 浙江省慈溪市 07-01 09:48 1011 7239
[success] INSCRIPTIONS 云南省安宁市 08-15 20:50 -> 新疆米泉市 08-16 14:38 1550 11880
[success] IHEARDthatyouask 广东省云浮市 07-10 19:00 -> 四川省彭州市 07-10 23:13 20 12581
[success] LeavesofGrass 浙江省平湖市 07-31 08:59 -> 新疆博乐市 08-01 06:04 3234 4582
[success] LeavesofGrass 福建省建阳市 07-12 21:19 -> 新疆伊宁市 07-13 08:52 1455 22986
[20542] WaaiFu 槐琥 French.Radicals@and.German 2
[20547] Matoimaru 缠丸 nobility.and@in.fact 1
[20557] Greyy 格雷伊 bourgeoisie@developed.increase 4
[20565] -1
[20568] queue
[20571] -1
[20572] 0
[20574] 1
INSCRIPTIONS 贵州省清镇市 07-11 16:24 -> 黑龙江省五大连池市 07-11 19:12 173 50897
[20577] 2868585
[20584] 1
TOFOREIGNLANDS 河北省张家口市 06-22 22:51 -> 湖南省常宁市 06-23 02:11 439 92870
[20588] 0
[20594] -1
[20597] -1
[20602] 1
ThereforeIsendyou 山东省胶南市 07-02 10:07 -> 安徽省宁国市 07-02 19:16 632 3759
[20604] 1
TOTHEEOLDCAUSE 新疆奎屯市 07-07 11:20 -> 宁夏银川市 07-08 14:45 2067 33971
[20608] -1
[20614] 1
whatyouwanted 山东省乳山市 07-25 04:53 -> 广东省揭阳市 07-25 06:33 468 30519
[20624] 1
IHEARDthatyouask 天津市 07-29 06:35 -> 广东省云浮市 07-29 18:52 229 76107
[20629] 1
INSCRIPTIONS 北京市 06-17 06:46 -> 湖北省枣阳市 06-17 11:59 688 52035
[20638] Shaw 阿消 new.conditions@of.oppression 1
[20647] 1
puzzletheNewWorld 辽宁省辽阳市 08-08 13:05 -> 湖南省岳阳市 08-08 16:56 379 47885
[20651] Courier 讯使 publish.their@views.their 1
[20657] Cutter 刻刀 France.afterwards@in.the 1
[20665] 0
[20673] -1
[20681] queue
[20687] 1
puzzletheNewWorld 湖南省岳阳市 06-27 17:01 -> 河南省登封市 06-28 09:52 1040 47885
[20694] 1
AndtodefineAmeric 天津市 07-14 08:57 -> 辽宁省朝阳市 07-14 18:41 2121 80198
[20697] 0
[20698] 0
[20707] FEater 食铁兽 an.uninterrupted@now.hidden 1
[20711] 1
IHEARDthatyouask 天津市 07-24 06:35 -> 四川省彭州市 07-24 23:13 249 73290
[20718] Nightingale 夜莺 of.that.class@An.oppressed 1
[20726] 16255551
[20735] 678300
[20745] 1
TOTHEEOLDCAUSE 山东省聊城市 07-11 13:46 -> 安徽省桐城市 07-12 11:13 1900 33971
[20748] 1
AndtodefineAmeric 广东省高明市 08-05 13:35 -> 湖北省孝感市 08-06 09:22 1833 80198
[20750] 1
TOtheeoldcause 北京市 08-26 05:54 -> 湖北省宜昌市 08-26 10:47 424 90891
[20758] Gravel 砾砾 that.each.time@ended.either 1
[20760] 1
ThereforeIsendyou 天津市 07-28 17:39 -> 山东省胶南市 07-29 10:01 1074 3759
[20763] 1
TOTHEEOLDCAUSE 湖北省麻城市 07-21 20:21 -> 吉林省长春市 07-22 04:46 514 33971
[20770] 475600
[20776] 12770380
[20783] 2937520
[20788] -1
[20795] 5
[success] whatyouwanted 北京市 08-03 02:12 -> 新疆阿克苏市 08-03 15:55 2012 7187
[pending] LeavesofGrass 宁夏石嘴山市 07-02 19:25 -> 新疆伊宁市 07-03 08:52 1855 12725
[success] LeavesofGrass 河南省灵宝市 07-01 23:45 -> 广东省花都市 07-02 01:39 114 7303
[success] LeavesofGrass 河南省灵宝市 07-23 23:45 -> 广东省花都市 07-24 01:39 114 5025
[success] LeavesofGrass 福建省建阳市 07-05 21:19 -> 河南省灵宝市 07-05 23:39 514 21248
[20797] Catapult 空爆 two.great.hostile@camps.into 1
[20802] 1
TOTHEEOLDCAUSE 新疆库尔勒市 07-02 16:36 -> 湖北省麻城市 07-02 20:14 139 33971
[20806] 1
IHEARDthatyouask 新疆吐鲁番市 08-02 05:55 -> 天津市 08-02 06:30 496 87042
[20812] 1
ThereforeIsendyou 浙江省舟山市 07-15 10:45 -> 河南省驻马店市 07-15 13:30 377 3759
[20821] 1
LeavesofGrass 新疆塔城市 06-28 07:38 -> 宁夏石嘴山市 06-28 19:18 2072 8268
[20827] 900912
[20830] Leizi 惊蛰 this.spectre@Pope.and 1
[20831] 2
TOtheeoldcause 天津市 08-28 17:57 -> 北京市 08-29 05:48 393 90891
AndtodefineAmeric 天津市 08-28 08:57 -> 北京市 08-28 22:38 2583 80198
[20838] Nightingale 夜莺 of.that.class@An.oppressed 1
[20841] 1
puzzletheNewWorld 黑龙江省尚志市 06-23 20:11 -> 河南省登封市 06-24 09:52 614 36432
[20848] 3301493
[20856] 1
INSCRIPTIONS 贵州省清镇市 06-14 16:24 -> 黑龙江省五大连池市 06-14 19:12 173 54547
[20860] 1
puzzletheNewWorld 湖南省岳阳市 08-17 17:01 -> 黑龙江省尚志市 08-17 20:04 426 42922
[20867] 1
whatyouwanted 山东省乳山市 07-09 04:53 -> 河南省洛阳市 07-09 12:55 1499 30519
[20876] -1
[20885] 1
TOTHEEOLDCAUSE 新疆奎屯市 06-26 11:20 -> 山东省聊城市 06-26 13:37 134 33971
[20889] 8784307
[20898] Cliffheart 崖心 in.London.and@sketched.the 1
[20901] 529125
[20911] 0
[20918] -1
[20927] Nightmare 夜魔 policespies@Where.is 3
[20936] -1
[20946] queue
[20950] 1
ThereforeIsendyou 山东省胶南市 07-06 10:07 -> 河南省驻马店市 07-06 13:30 444 3759
[20951] 2
TOtheeoldcause 天津市 07-24 17:57 -> 北京市 07-25 05:48 393 90891
AndtodefineAmeric 天津市 07-24 08:57 -> 北京市 07-24 22:38 2583 62721
[20955] 1
LeavesofGrass 新疆塔城市 08-03 07:38 -> 新疆博乐市 08-04 06:04 3525 29879
[20962] 1
INSCRIPTIONS 北京市 06-30 06:46 -> 新疆米泉市 06-30 14:38 850 67112
[20966] Hellagur 赫拉格 The.manufacturing@system.took 1
[20971] Catapult 空爆 two.great.hostile@camps.into 1
[20974] 1
AndtodefineAmeric 湖北省孝感市 07-16 09:27 -> 湖南省吉首市 07-16 11:01 451 80198
[20975] 1
whatyouwanted 辽宁省盖州市 07-07 20:30 -> 安徽省阜阳市 07-08 08:17 1846 30519
[20978] 20637104
[20982] 8
[success] IHEARDthatyouask 天津市 07-12 06:35 -> 四川省彭州市 07-12 23:13 249 2125
[success] INSCRIPTIONS 云南省安宁市 08-15 20:50 -> 新疆米泉市 08-16 14:38 1550 15292
[pending] LeavesofGrass 河北省河间市 07-28 18:11 -> 广东省花都市 07-29 01:39 1249 19458
[success] LeavesofGrass 浙江省平湖市 07-05 08:59 -> 新疆博乐市 07-06 06:04 3234 1985
[success] LeavesofGrass 浙江省平湖市 07-26 08:59 -> 广东省四会市 07-26 15:34 807 3754
[success] IHEARDthatyouask 新疆吐鲁番市 07-31 05:55 -> 天津市 07-31 06:30 496 16080
[success] LeavesofGrass 浙江省平湖市 07-14 08:59 -> 陕西省安康市 07-14 17:15 1535 22086
[success] LeavesofGrass 福建省建阳市 07-19 21:19 -> 新疆博乐市 07-20 06:04 1053 2478
[20991] 1
TOFOREIGNLANDS 北京市 07-03 02:59 -> 江苏省淮安市 07-03 19:12 1537 92870
[20995] 1
INSCRIPTIONS 贵州省清镇市 07-09 16:24 -> 北京市 07-10 06:40 1029 17824
[21002] 1
INSCRIPTIONS 广东省惠阳市 07-15 01:41 -> 北京市 07-15 06:40 411 70655
[21010] 1
IHEARDthatyouask 广东省云浮市 07-08 19:00 -> 四川省彭州市 07-08 23:13 20 62955
[21017] Platinum 白金 handed.down@from.the 2
[21025] 1
TOFOREIGNLANDS 海南省通什市 07-07 13:26 -> 浙江省乐清市 07-07 16:23 248 92870
[21026] -1
[21032] -1
[21036] 1
AndtodefineAmeric 山西省榆次市 06-17 16:15 -> 河南省周口市 06-18 06:51 1082 80198
[21040] 1515033
[21047] 20795040
[21049] Cuora 蛇屠 there.taxable@third.estate 1
[21057] 1867885
[21064] 1
puzzletheNewWorld 黑龙江省尚志市 07-23 20:11 -> 四川省绵竹市 07-24 14:44 913 47885
[21074] 4563000
[21079] Swire 诗怀 the.place.of@the.industrial 1
[21084] -1
[21093] 1
LeavesofGrass 宁夏石嘴山市 07-19 19:25 -> 河南省偃师市 07-20 03:28 1260 28475
[21102] 15
[success] INSCRIPTIONS 江苏省扬州市 07-07 08:17 -> 新疆米泉市 07-07 14:38 650 7020
[success] INSCRIPTIONS 黑龙江省五大连池市 08-20 19:22 -> 湖北省枣阳市 08-21 11:59 1544 13366
[success] whatyouwanted 安徽省阜阳市 07-16 08:24 -> 湖北省松滋市 07-16 21:35 2499 4736
[success] LeavesofGrass 浙江省杭州市 07-16 11:52 -> 河南省灵宝市 07-16 23:39 2295 7431
[success] TOFOREIGNLANDS 浙江省临安市 06-24 21:04 -> 河北省张家口市 06-24 22:48 412 15426
[success] INSCRIPTIONS 云南省安宁市 07-17 20:50 -> 广东省高要市 07-17 21:36 136 3332
[success] INSCRIPTIONS 云南省安宁市 06-30 20:50 -> 广东省惠阳市 07-01 01:32 289 5304
[pending] LeavesofGrass 浙江省杭州市 07-10 11:52 -> 广东省花都市 07-11 01:39 2409 8959
[success] AndtodefineAmeric 山东省胶州市 07-01 12:18 -> 江西省南康市 07-02 05:58 1984 5581
[pending] LeavesofGrass 浙江省平湖市 07-25 08:59 -> 陕西省安康市 07-25 17:15 1535 6601
[success] INSCRIPTIONS 黑龙江省五大连池市 07-16 19:22 -> 云南省安宁市 07-16 20:42 156 12411
[success] INSCRIPTIONS 黑龙江省五大连池市 06-20 19:22 -> 湖北省枣阳市 06-21 11:59 1544 4811
[success] LeavesofGrass 广东省四会市 07-12 15:39 -> 陕西省安康市 07-12 17:15 728 21737
[success] LeavesofGrass 湖南省衡阳市 07-13 16:20 -> 陕西省安康市 07-13 17:15 488 19551
[success] LeavesofGrass 湖南省衡阳市 07-29 16:20 -> 河南省偃师市 07-30 03:28 1994 10233
[21111] -1
[21113] 10011140
[21116] 22
[pending] LeavesofGrass 浙江省杭州市 07-30 11:52 -> 新疆伊宁市 07-31 08:52 3236 14305
[success] puzzletheNewWorld 湖南省岳阳市 07-20 17:01 -> 河南省登封市 07-21 09:52 1040 7932
[success] LeavesofGrass 河南省灵宝市 07-17 23:45 -> 广东省花都市 07-18 01:39 114 16371
[success] IHEARDthatyouask 新疆吐鲁番市 08-06 05:55 -> 四川省彭州市 08-06 23:13 745 6903
[success] INSCRIPTIONS 广东省高要市 06-16 21:40 -> 江苏省扬州市 06-17 08:14 764 17067
[success] IHEARDthatyouask 新疆吐鲁番市 07-23 05:55 -> 广东省云浮市 07-23 18:52 725 21206
[success] LeavesofGrass 湖南省衡阳市 07-20 16:20 -> 黑龙江省海林市 07-20 22:46 1148 17660
[success] INSCRIPTIONS 黑龙江省五大连池市 06-30 19:22 -> 云南省安宁市 06-30 20:42 156 13725
[success] puzzletheNewWorld 黑龙江省尚志市 06-22 20:11 -> 四川省绵竹市 06-23 14:44 913 10727
[success] INSCRIPTIONS 广东省惠阳市 08-12 01:41 -> 湖北省枣阳市 08-12 11:59 1099 7
[success] LeavesofGrass 广东省四会市 07-12 15:39 -> 陕西省安康市 07-12 17:15 728 14694
[success] INSCRIPTIONS 北京市 06-28 06:46 -> 新疆米泉市 06-28 14:38 850 4993
[success] INSCRIPTIONS 广东省高要市 06-23 21:40 -> 广东省惠阳市 06-24 01:32 153 11751
[success] LeavesofGrass 福建省建阳市 08-02 21:19 -> 黑龙江省海林市 08-02 22:46 14 11306
[pending] LeavesofGrass 浙江省杭州市 07-07 11:52 -> 广东省花都市 07-08 01:39 2409 15419
[success] LeavesofGrass 浙江省杭州市 07-20 11:52 -> 广东省花都市 07-21 01:39 2409 22689
[success] INSCRIPTIONS 广东省高要市 08-08 21:40 -> 新疆米泉市 08-09 14:38 1414 14797
[success] INSCRIPTIONS 云南省安宁市 06-19 20:50 -> 北京市 06-20 06:40 700 42
[success] INSCRIPTIONS 贵州省清镇市 08-06 16:24 -> 北京市 08-07 06:40 1029 17460
[success] LeavesofGrass 浙江省杭州市 07-05 11:52 -> 宁夏石嘴山市 07-05 19:18 1381 18329
[success] LeavesofGrass 河北省河间市 07-10 18:11 -> 河南省偃师市 07-11 03:28 1481 11152
[success] LeavesofGrass 浙江省平湖市 07-17 08:59 -> 河北省河间市 07-17 18:01 1560 22056
[21118] queue
[21128] 1
AndtodefineAmeric 江西省南康市 06-17 06:07 -> 湖南省吉首市 06-17 11:01 774 80198
[21134] 14454446
[21141] 1
TOtheeoldcause 北京市 08-15 05:54 -> 湖北省宜昌市 08-15 10:47 424 90891
[21149] 12417974
[21151] 1
AndtodefineAmeric 辽宁省朝阳市 07-09 18:50 -> 江西省南康市 07-10 05:58 730 80198
[21157] 0
[21165] 17
[pending] LeavesofGrass 浙江省平湖市 07-16 08:59 -> 河南省偃师市 07-17 03:28 3041 13100
[pending] LeavesofGrass 湖南省衡阳市 07-25 16:20 -> 浙江省慈溪市 07-26 09:48 2659 16438
[pending] LeavesofGrass 浙江省平湖市 07-02 08:59 -> 浙江省慈溪市 07-03 09:48 3706 22938
[pending] LeavesofGrass 河南省灵宝市 06-28 23:45 -> 河南省偃师市 06-29 03:28 346 15759
[success] IHEARDthatyouask 天津市 07-22 06:35 -> 四川省彭州市 07-22 23:13 249 22684
[success] IHEARDthatyouask 新疆吐鲁番市 07-10 05:55 -> 广东省云浮市 07-10 18:52 725 1192
[pending] LeavesofGrass 新疆塔城市 07-04 07:38 -> 陕西省安康市 07-04 17:15 1826 15136
[success] AndtodefineAmeric 山东省高密市 07-06 13:02 -> 湖北省孝感市 07-07 09:22 2041 11326
[success] LeavesofGrass 浙江省平湖市 07-15 08:59 -> 河南省偃师市 07-16 03:28 3041 1685
[success] puzzletheNewWorld 湖南省岳阳市 06-16 17:01 -> 河南省登封市 06-17 09:52 1040 1206
[success] INSCRIPTIONS 广东省惠阳市 07-27 01:41 -> 湖北省枣阳市 07-27 11:59 1099 12462
[success] LeavesofGrass 辽宁省抚顺市 07-19 14:24 -> 广东省四会市 07-19 15:34 5 6788
[success] LeavesofGrass 浙江省杭州市 07-09 11:52 -> 新疆伊宁市 07-10 08:52 3236 10124
[success] INSCRIPTIONS 广东省惠阳市 08-19 01:41 -> 新疆米泉市 08-19 14:38 1261 1644
[success] IHEARDthatyouask 天津市 07-16 06:35 -> 四川省彭州市 07-16 23:13 249 1577
[success] IHEARDthatyouask 广东省云浮市 07-09 19:00 -> 四川省彭州市 07-09 23:13 20 15100
[success] INSCRIPTIONS 贵州省清镇市 08-15 16:24 -> 黑龙江省五大连池市 08-15 19:12 173 7453
[21170] 1
TOFOREIGNLANDS 江西省鹰潭市 07-17 08:47 -> 重庆市江津市 07-18 00:04 2128 92870
[21175] WaaiFu 槐琥 French.Radicals@and.German 2
[21182] 11
[success] INSCRIPTIONS 云南省安宁市 08-21 20:50 -> 江苏省扬州市 08-22 08:14 900 3705
[success] LeavesofGrass 陕西省安康市 07-18 17:25 -> 新疆伊宁市 07-19 08:52 2101 17020
[success] LeavesofGrass 新疆塔城市 08-02 07:38 -> 宁夏石嘴山市 08-02 19:18 2072 1646
[success] IHEARDthatyouask 新疆吐鲁番市 07-27 05:55 -> 天津市 07-27 06:30 496 7779
[success] IHEARDthatyouask 新疆吐鲁番市 08-05 05:55 -> 四川省彭州市 08-05 23:13 745 2862
[success] LeavesofGrass 浙江省平湖市 08-01 08:59 -> 广东省四会市 08-01 15:34 807 6363
[success] IHEARDthatyouask 新疆吐鲁番市 07-19 05:55 -> 广东省云浮市 07-19 18:52 725 15388
[success] LeavesofGrass 宁夏石嘴山市 07-01 19:25 -> 河南省偃师市 07-02 03:28 1260 10402
[success] LeavesofGrass 广东省四会市 07-04 15:39 -> 福建省建阳市 07-04 21:14 1374 43
[success] LeavesofGrass 辽宁省抚顺市 07-02 14:24 -> 河南省偃师市 07-03 03:28 2239 5334
[refunded] LeavesofGrass 宁夏石嘴山市 07-20 19:25 -> 新疆伊宁市 07-21 08:52 1855 9001
[21185] 1
puzzletheNewWorld 辽宁省辽阳市 07-23 13:05 -> 黑龙江省尚志市 07-23 20:04 805 47885
[21193] Cardigan 卡缇 the.markets@kept.ever 1
[21199] 1
INSCRIPTIONS 云南省安宁市 08-04 20:50 -> 广东省高要市 08-04 21:36 136 69532
[21209] -1
[21210] FEater 食铁兽 an.uninterrupted@now.hidden 1
[21215] Istina 真理 a.counterpoise@against.the 1
[21216] 1
TOtheeoldcause 天津市 08-08 17:57 -> 湖北省宜昌市 08-09 10:47 817 90891
[21225] Ambriel 安比 cornerstone@of.the 1
[21229] Mousse 慕斯 great.monarchies@in.general 1
[21233] 8123248
[21242] 9935400
[21251] 11031504
[21258] queue
[21263] -1
[21270] 2193652
[21275] 1
ThereforeIsendyou 天津市 07-19 17:39 -> 山东省胶南市 07-20 10:01 1074 3759
[21285] -1
[21290] Savage 暴行 guilds.now@no.longer 2
[21292] queue
[21302] ProjeKTRed 红红 everywhere@a.complicated 1
[21303] 0
[21305] 1
INSCRIPTIONS 湖北省枣阳市 07-30 12:03 -> 新疆米泉市 07-30 14:38 162 70655
[21310] 3373055
[21314] Ambriel 安比 cornerstone@of.the 1
[21318] 1
TOFOREIGNLANDS 湖南省常宁市 08-05 02:20 -> 江西省鹰潭市 08-05 08:37 374 92870
[21325] Shaw 阿消 new.conditions@of.oppression 1
[21331] 1129752
[21337] 0
[21342] 0
[21349] -1
[21357] Cutter 刻刀 France.afterwards@in.the 1
[21360] 1
INSCRIPTIONS 黑龙江省五大连池市 07-12 19:22 -> 广东省高要市 07-12 21:36 292 69882
[21365] Meteor 流星 but.established@new.classes 1
[21370] -1
[21373] 1
INSCRIPTIONS 贵州省清镇市 08-18 16:24 -> 云南省安宁市 08-18 20:42 329 70655
[21378] 1
AndtodefineAmeric 天津市 07-07 08:57 -> 湖南省吉首市 07-08 11:01 3625 80198
[21383] -1
[21384] 1
ThereforeIsendyou 河南省驻马店市 07-14 13:35 -> 安徽省宁国市 07-14 19:16 188 3759
[21391] -1
[21400] 0
[21402] 5196980
[21403] queue
[21406] 1
IHEARDthatyouask 新疆吐鲁番市 07-29 05:55 -> 广东省云浮市 07-29 18:52 725 76107
[21414] 1
puzzletheNewWorld 辽宁省辽阳市 07-01 13:05 -> 河南省登封市 07-02 09:52 1419 47885
[21421] 1
TOFOREIGNLANDS 河北省张家口市 07-22 22:51 -> 江西省鹰潭市 07-23 08:37 813 92870
[21427] 1
puzzletheNewWorld 河南省登封市 08-06 09:56 -> 四川省绵竹市 08-06 14:44 299 47885
[21428] 0
[21434] 1
INSCRIPTIONS 云南省安宁市 08-18 20:50 -> 江苏省扬州市 08-19 08:14 900 69011
[21440] 1
ThereforeIsendyou 新疆喀什市 07-24 02:53 -> 安徽省宁国市 07-24 19:16 977 3759
[21450] 14794780
[21459] 7323350
[21466] 1
TOTHEEOLDCAUSE 新疆奎屯市 06-10 11:20 -> 山东省滕州市 06-11 01:56 1111 33971
[21475] 1
TOTHEEOLDCAUSE 山东省聊城市 07-05 13:46 -> 河北省唐山市 07-05 15:26 143 33971
[21481] 3527516
[21484] Rope 暗索 pushed.on.one@side.by 1
[21487] Utage 宴宴 and.machinery@revolutionised.i 2
[21491] 3834565
[21499] 3167200
[21509] 1
TOtheeoldcause 天津市 07-25 17:57 -> 湖北省宜昌市 07-26 10:47 817 90891
[21518] 9752050
[21527] -1
[21529] 0
[21531] -1
[21539] 3512400
[21549] 0
[21558] queue
[21566] 1
LeavesofGrass 广东省四会市 08-01 15:39 -> 浙江省慈溪市 08-02 09:48 2899 116
[21573] Provence 普罗旺 face.of.the@whole.world 1
[21579] Durin 杜林 armed.and.selfgoverning@associ 1
[21584] -1
[21589] queue
[21596] Beagle 米格 Europethe.spectre@of.Communism 4
[21599] 1
whatyouwanted 辽宁省盖州市 07-19 20:30 -> 山东省乳山市 07-20 04:49 1172 30519
[21602] -1
[21605] -1
[21610] 5543736
[21618] 1
ThereforeIsendyou 天津市 07-01 17:39 -> 浙江省舟山市 07-02 10:35 1141 3759
[21621] 1
INSCRIPTIONS 广东省高要市 07-14 21:40 -> 北京市 07-15 06:40 564 70655
[21623] 1
ThereforeIsendyou 湖南省汩罗市 06-30 22:12 -> 山东省胶南市 07-01 10:01 843 3759
[21631] 1
TOFOREIGNLANDS 浙江省临安市 08-06 21:04 -> 北京市 08-07 02:50 912 92870
[21641] 1
TOTHEEOLDCAUSE 河北省唐山市 07-03 15:34 -> 安徽省桐城市 07-04 11:13 1757 26385
[21648] 12
[pending] LeavesofGrass 浙江省平湖市 07-29 08:59 -> 新疆博乐市 07-30 06:04 3234 3621
[success] INSCRIPTIONS 广东省高要市 08-12 21:40 -> 江苏省扬州市 08-13 08:14 764 14028
[success] LeavesofGrass 浙江省平湖市 07-06 08:59 -> 辽宁省抚顺市 07-06 14:21 802 12893
[success] puzzletheNewWorld 湖南省岳阳市 06-15 17:01 -> 四川省绵竹市 06-16 14:44 1339 9507
[success] LeavesofGrass 浙江省杭州市 07-21 11:52 -> 新疆博乐市 07-22 06:04 2834 9289
[success] LeavesofGrass 广东省四会市 07-19 15:39 -> 广东省花都市 07-20 01:39 2002 14706
[success] LeavesofGrass 广东省四会市 08-01 15:39 -> 福建省建阳市 08-01 21:14 1374 14176
[success] INSCRIPTIONS 广东省高要市 08-15 21:40 -> 江苏省扬州市 08-16 08:14 764 4012
[success] LeavesofGrass 浙江省杭州市 07-23 11:52 -> 河南省偃师市 07-24 03:28 2641 1580
[success] LeavesofGrass 浙江省平湖市 07-24 08:59 -> 新疆伊宁市 07-25 08:52 3636 6341
[success] LeavesofGrass 陕西省安康市 08-03 17:25 -> 福建省建阳市 08-03 21:14 646 12367
[success] LeavesofGrass 新疆塔城市 07-05 07:38 -> 新疆伊宁市 07-06 08:52 3927 16537
[21655] Mayer 梅尔 colonisation@of.America 1
[21656] -1
[21658] 5
[success] whatyouwanted 北京市 08-03 02:12 -> 新疆阿克苏市 08-03 15:55 2012 7187
[pending] LeavesofGrass 宁夏石嘴山市 07-02 19:25 -> 新疆伊宁市 07-03 08:52 1855 12725
[success] LeavesofGrass 河南省灵宝市 07-01 23:45 -> 广东省花都市 07-02 01:39 114 7303
[success] LeavesofGrass 河南省灵宝市 07-23 23:45 -> 广东省花都市 07-24 01:39 114 5025
[success] LeavesofGrass 福建省建阳市 07-05 21:19 -> 河南省灵宝市 07-05 23:39 514 21248
[21659] 1
whatyouwanted 辽宁省盖州市 08-05 20:30 -> 山东省莱州市 08-06 10:04 2332 30519
[21668] 1
INSCRIPTIONS 北京市 08-20 06:46 -> 新疆米泉市 08-20 14:38 850 67478
[21674] 0
[21681] 3448825
[21689] 1
ThereforeIsendyou 湖南省汩罗市 06-30 22:12 -> 浙江省舟山市 07-01 10:35 910 3759
[21691] 1
IHEARDthatyouask 天津市 07-11 06:35 -> 四川省彭州市 07-11 23:13 249 71238
[21694] 5292602
[21700] 10
[pending] LeavesofGrass 黑龙江省海林市 06-28 22:56 -> 浙江省慈溪市 06-29 09:48 1511 20244
[success] INSCRIPTIONS 黑龙江省五大连池市 07-23 19:22 -> 新疆米泉市 07-24 14:38 1706 7279
[success] IHEARDthatyouask 天津市 07-20 06:35 -> 广东省云浮市 07-20 18:52 229 14417
[success] LeavesofGrass 浙江省平湖市 07-21 08:59 -> 河南省灵宝市 07-21 23:39 2695 18682
[success] LeavesofGrass 湖南省衡阳市 08-02 16:20 -> 河南省灵宝市 08-02 23:39 1648 67
[success] LeavesofGrass 新疆塔城市 07-18 07:38 -> 陕西省安康市 07-18 17:15 1826 3972
[pending] LeavesofGrass 河北省河间市 07-10 18:11 -> 广东省花都市 07-11 01:39 1249 21311
[success] INSCRIPTIONS 北京市 06-21 06:46 -> 湖北省枣阳市 06-21 11:59 688 7740
[success] LeavesofGrass 广东省四会市 07-27 15:39 -> 河北省河间市 07-27 18:01 753 12111
[pending] LeavesofGrass 河北省河间市 07-11 18:11 -> 浙江省慈溪市 07-12 09:48 2146 13129
[21703] FEater 食铁兽 the.bourgeoisie@has.at 1
[21705] 10
[pending] LeavesofGrass 黑龙江省海林市 06-28 22:56 -> 浙江省慈溪市 06-29 09:48 1511 20244
[success] INSCRIPTIONS 黑龙江省五大连池市 07-23 19:22 -> 新疆米泉市 07-24 14:38 1706 7279
[success] IHEARDthatyouask 天津市 07-20 06:35 -> 广东省云浮市 07-20 18:52 229 14417
[success] LeavesofGrass 浙江省平湖市 07-21 08:59 -> 河南省灵宝市 07-21 23:39 2695 18682
[success] LeavesofGrass 湖南省衡阳市 08-02 16:20 -> 河南省灵宝市 08-02 23:39 1648 67
[success] LeavesofGrass 新疆塔城市 07-18 07:38 -> 陕西省安康市 07-18 17:15 1826 3972
[pending] LeavesofGrass 河北省河间市 07-10 18:11 -> 广东省花都市 07-11 01:39 1249 21311
[success] INSCRIPTIONS 北京市 06-21 06:46 -> 湖北省枣阳市 06-21 11:59 688 7740
[success] LeavesofGrass 广东省四会市 07-27 15:39 -> 河北省河间市 07-27 18:01 753 12111
[pending] LeavesofGrass 河北省河间市 07-11 18:11 -> 浙江省慈溪市 07-12 09:48 2146 13129
[21707] Utage 宴宴 and.machinery@revolutionised.i 2
[21710] 1
LeavesofGrass 新疆博乐市 07-10 06:11 -> 浙江省慈溪市 07-10 09:48 472 73777
[21712] 1
ThereforeIsendyou 湖南省汩罗市 07-09 22:12 -> 河南省驻马店市 07-10 13:30 1287 3759
[21715] Dobermann 杜宾 in.a.word.oppressor@and.oppres 1
[21723] 1
whatyouwanted 湖北省利川市 08-06 22:30 -> 江西省高安市 08-07 17:46 3077 30519
[21733] -1
[21736] 2
TOtheeoldcause 天津市 07-27 17:57 -> 北京市 07-28 05:48 393 90891
AndtodefineAmeric 天津市 07-27 08:57 -> 北京市 07-27 22:38 2583 80198
[21739] 0
[21743] 1
TOTHEEOLDCAUSE 湖北省麻城市 06-11 20:21 -> 广东省湛江市 06-12 19:57 1811 33971
[21748] 2
[success] INSCRIPTIONS 云南省安宁市 07-01 20:50 -> 江苏省扬州市 07-02 08:14 900 8877
[success] LeavesofGrass 广东省四会市 07-06 15:39 -> 浙江省慈溪市 07-07 09:48 2899 6508
[21751] 1
TOFOREIGNLANDS 北京市 07-31 02:59 -> 江西省鹰潭市 07-31 08:37 313 92870
[21759] 19
[pending] LeavesofGrass 浙江省杭州市 06-29 11:52 -> 新疆博乐市 06-30 06:04 2834 4682
[success] puzzletheNewWorld 辽宁省辽阳市 07-09 13:05 -> 湖南省岳阳市 07-09 16:56 379 5788
[success] INSCRIPTIONS 广东省惠阳市 06-29 01:41 -> 新疆米泉市 06-29 14:38 1261 12891
[pending] LeavesofGrass 新疆塔城市 07-16 07:38 -> 河南省偃师市 07-17 03:28 3332 12669
[pending] LeavesofGrass 浙江省杭州市 08-01 11:52 -> 黑龙江省海林市 08-01 22:46 1795 13201
[success] LeavesofGrass 广东省花都市 08-02 01:43 -> 新疆伊宁市 08-02 08:52 827 7253
[success] INSCRIPTIONS 云南省安宁市 07-01 20:50 -> 广东省惠阳市 07-02 01:32 289 15370
[success] LeavesofGrass 浙江省平湖市 08-01 08:59 -> 湖南省衡阳市 08-01 16:17 1047 2451
[pending] LeavesofGrass 浙江省平湖市 07-04 08:59 -> 河南省偃师市 07-05 03:28 3041 16680
[success] INSCRIPTIONS 广东省高要市 07-09 21:40 -> 新疆米泉市 07-10 14:38 1414 7623
[success] puzzletheNewWorld 辽宁省辽阳市 07-27 13:05 -> 北京市 07-28 02:45 964 1457
[success] LeavesofGrass 新疆博乐市 07-31 06:11 -> 浙江省慈溪市 07-31 09:48 472 15986
[success] INSCRIPTIONS 黑龙江省五大连池市 08-04 19:22 -> 广东省惠阳市 08-05 01:32 445 1123
[pending] LeavesofGrass 河南省灵宝市 07-26 23:45 -> 新疆伊宁市 07-27 08:52 941 24332
[success] LeavesofGrass 河南省灵宝市 06-30 23:45 -> 浙江省慈溪市 07-01 09:48 1011 7239
[success] INSCRIPTIONS 云南省安宁市 08-15 20:50 -> 新疆米泉市 08-16 14:38 1550 11880
[success] IHEARDthatyouask 广东省云浮市 07-10 19:00 -> 四川省彭州市 07-10 23:13 20 12581
[success] LeavesofGrass 浙江省平湖市 07-31 08:59 -> 新疆博乐市 08-01 06:04 3234 4582
[success] LeavesofGrass 福建省建阳市 07-12 21:19 -> 新疆伊宁市 07-13 08:52 1455 22986
[21764] 138035
[21771] 13240910
[21776] queue
[21783] 20207775
[21786] -1
[21795] queue
[21797] 26208832
[21803] 1
TOFOREIGNLANDS 广西凭祥市 06-20 06:08 -> 辽宁省铁岭市 06-20 12:11 729 92870
[21812] -1
[21818] Sora 空空 have.patricians@knights.plebei 1
[21826] -1
[21836] 1
puzzletheNewWorld 辽宁省辽阳市 06-29 13:05 -> 湖南省岳阳市 06-29 16:56 379 47885
[21846] Ansel 安赛尔 now.open.fight@a.fight 2
[21852] Meteor 流星 but.established@new.classes 1
[21856] 24285450
[21859] 9436914
[21861] 9271644
[21865] Exusiai 能天使 of.America@the.rounding 1
[21866] 1
whatyouwanted 吉林省双辽市 07-06 14:32 -> 江西省高安市 07-06 17:46 843 30519
[21874] queue
[21879] 8847900
[21881] 9138185
[21888] Meteor 流星 but.established@new.classes 1
[21898] 10308958
[21899] -1
[21909] 1
ThereforeIsendyou 湖南省汩罗市 07-03 22:12 -> 河南省驻马店市 07-04 13:30 1287 3759
[21913] 0
[21914] 1
ThereforeIsendyou 湖南省汩罗市 06-29 22:12 -> 新疆喀什市 06-30 02:43 498 3759
[21920] -1
[21927] 1
LeavesofGrass 黑龙江省海林市 07-25 22:56 -> 浙江省慈溪市 07-26 09:48 1511 42604
[21935] 5
[success] INSCRIPTIONS 贵州省清镇市 07-27 16:24 -> 云南省安宁市 07-27 20:42 329 10001
[success] INSCRIPTIONS 广东省惠阳市 07-04 01:41 -> 江苏省扬州市 07-04 08:14 611 12010
[success] LeavesofGrass 黑龙江省海林市 07-27 22:56 -> 河南省偃师市 07-28 03:28 846 16728
[success] LeavesofGrass 浙江省平湖市 06-28 08:59 -> 宁夏石嘴山市 06-28 19:18 1781 1158
[pending] LeavesofGrass 河北省河间市 07-29 18:11 -> 新疆博乐市 07-30 06:04 1674 18081
[21939] queue
[21949] FEater 食铁兽 the.worldmarket@conquered.for 1
[21959] 1
Afterastrangesad 黑龙江省绥芬河市 08-07 19:36 -> 山西省太原市 08-08 10:29 2317 68496
[21964] 1
IHEARDthatyouask 天津市 07-08 06:35 -> 广东省云浮市 07-08 18:52 229 45820
[21974] 1
whatyouwanted 广东省高州市 07-29 11:08 -> 吉林省四平市 07-29 18:18 1489 30519
[21977] 1
TOTHEEOLDCAUSE 河南省周口市 06-13 23:57 -> 山东省滕州市 06-14 01:56 5 33971
[21983] 1
TOTHEEOLDCAUSE 安徽省桐城市 07-18 11:16 -> 广东省湛江市 07-18 19:57 520 33971
[21992] 0
[21995] 1
TOTHEEOLDCAUSE 吉林省长春市 07-13 04:55 -> 四川省绵阳市 07-13 17:54 1116 33971
[21999] 1
TOFOREIGNLANDS 广西凭祥市 08-07 06:08 -> 浙江省乐清市 08-07 16:23 1007 92870
[22007] 780078
[22012] 1
TOTHEEOLDCAUSE 新疆奎屯市 07-31 11:20 -> 广东省湛江市 08-01 19:57 2554 33971
[22015] 1
IHEARDthatyouask 天津市 08-02 06:35 -> 广东省云浮市 08-02 18:52 229 64160
[22022] 1
TOFOREIGNLANDS 河北省张家口市 06-20 22:51 -> 湖北省洪湖市 06-21 11:19 1301 92870
[22025] 1
Afterastrangesad 湖北省荆门市 08-10 00:40 -> 山东省胶州市 08-10 11:06 1634 68496
[22030] Shamare 巫恋 rising.Even@manufacture.no 1
[22034] 7518616
[22042] Sesa 慑砂 This.market@has.given 1
[22046] queue
[22048] 4327472
[22049] Specter 幽灵鲨 and.plebeian@lord.and 1
[22052] Bagpipe 风笛 bourgeoisie@is.itself 2
[22060] 1
ThereforeIsendyou 新疆喀什市 07-26 02:53 -> 山东省胶南市 07-26 10:01 345 3759
[22068] Ambriel 安比 itself.in.the@modern.represent 1
[22075] 1
INSCRIPTIONS 黑龙江省五大连池市 06-18 19:22 -> 广东省高要市 06-18 21:36 292 62405
[22085] ProjeKTRed 红红 everywhere@a.complicated 1
[22095] -1
[22097] queue
[22100] 1
INSCRIPTIONS 云南省安宁市 07-22 20:50 -> 广东省惠阳市 07-23 01:32 289 60595
[22103] Vulcan 火神 commodities@generally.gave 2
[22109] 11714774
[22115] 1
TOTHEEOLDCAUSE 河南省周口市 06-17 23:57 -> 吉林省长春市 06-18 04:46 151 33971
[22116] 1
AndtodefineAmeric 山东省高密市 08-23 13:02 -> 山东省乐陵市 08-23 14:08 672 80198
[22117] 1
TOTHEEOLDCAUSE 河北省唐山市 07-22 15:34 -> 湖北省麻城市 07-22 20:14 466 33971
[22126] queue
[22136] 1
ThereforeIsendyou 新疆喀什市 07-23 02:53 -> 山东省胶南市 07-23 10:01 345 3759
[22137] 1
IHEARDthatyouask 广东省云浮市 07-09 19:00 -> 四川省彭州市 07-09 23:13 20 61481
[22147] 10454192
[22150] 1
IHEARDthatyouask 新疆吐鲁番市 07-09 05:55 -> 广东省云浮市 07-09 18:52 725 32053
[22157] 1
TOTHEEOLDCAUSE 吉林省长春市 07-12 04:55 -> 山西省太原市 07-12 07:46 408 33971
[22165] 1
LeavesofGrass 辽宁省抚顺市 07-15 14:24 -> 陕西省安康市 07-15 17:15 733 23574
[22167] 1
whatyouwanted 福建省建阳市 07-14 00:03 -> 吉林省双辽市 07-14 14:29 2099 30519
[22172] 35347975
[22182] 1
Afterastrangesad 湖北省荆门市 08-01 00:40 -> 四川省巴中市 08-01 08:20 1278 68496
[22191] 17776146
[22195] 3
TOtheeoldcause 天津市 08-16 17:57 -> 北京市 08-17 05:48 393 90891
AndtodefineAmeric 天津市 08-16 08:57 -> 北京市 08-16 22:38 2583 80198
Afterastrangesad 天津市 08-16 16:53 -> 北京市 08-17 20:52 4494 68496
[22197] 1
LeavesofGrass 河北省河间市 07-11 18:11 -> 黑龙江省海林市 07-11 22:46 635 1098
[22199] 1
INSCRIPTIONS 北京市 06-16 06:46 -> 湖北省枣阳市 06-16 11:59 688 67686
[22207] 9725150
[22217] Beehunter 猎蜂 these.burgesses@the.first 2
[22223] 9479012
[22231] Glaucus 格劳克斯 the.increase@in.the 2
[22232] Pramanix 初雪 means.of.exchange@and.in 1
[22236] Estelle 艾丝黛 Middle.Ages@We.see 3
[22239] 1
IHEARDthatyouask 新疆吐鲁番市 08-07 05:55 -> 天津市 08-07 06:30 496 91153
[22242] 609246
[22248] Warfarin 华法琳 the.different@corporate.guilds 1
[22255] -1
[22258] Orchid 梓兰 either.the@semifeudal.or 1
[22265] -1
[22275] Rope 暗索 pushed.on.one@side.by 1
[22285] 5799264
[22287] 0
[22297] 610610
[22299] 1
puzzletheNewWorld 河南省登封市 08-04 09:56 -> 四川省绵竹市 08-04 14:44 299 43564
[22306] -1
[22309] 1
IHEARDthatyouask 广东省云浮市 07-15 19:00 -> 四川省彭州市 07-15 23:13 20 91153
[22310] 1
TOFOREIGNLANDS 湖北省洪湖市 07-09 11:29 -> 浙江省乐清市 07-09 16:23 362 92870
[22319] 1
INSCRIPTIONS 黑龙江省五大连池市 08-14 19:22 -> 北京市 08-15 06:40 856 9637
[22324] 2994040
[22334] 0
[22340] 1
Afterastrangesad 黑龙江省穆棱市 08-29 03:55 -> 新疆库尔勒市 08-29 05:46 487 68496
[22349] -1
[22350] 19202976
[22356] Nearl 临光 history.we@find.almost 1
[22361] 3
[pending] LeavesofGrass 浙江省杭州市 07-26 11:52 -> 宁夏石嘴山市 07-26 19:18 1381 16894
[success] INSCRIPTIONS 云南省安宁市 07-01 20:50 -> 江苏省扬州市 07-02 08:14 900 8877
[success] LeavesofGrass 广东省四会市 07-06 15:39 -> 浙江省慈溪市 07-07 09:48 2899 6508
[22365] 1
whatyouwanted 山东省乳山市 07-24 04:53 -> 广东省揭阳市 07-24 06:33 468 30519
[22375] 1
LeavesofGrass 浙江省杭州市 07-16 11:52 -> 湖南省衡阳市 07-16 16:17 647 27794
[22384] 3
TOtheeoldcause 天津市 08-02 17:57 -> 北京市 08-03 05:48 393 90891
AndtodefineAmeric 天津市 08-02 08:57 -> 北京市 08-02 22:38 2583 80198
Afterastrangesad 天津市 08-02 16:53 -> 北京市 08-03 20:52 4494 68496
[22392] Ambriel 安比 itself.in.the@modern.represent 1
[22401] 1
Deathlessthroughout 北京市 06-27 04:18 -> 浙江省余姚市 06-27 13:09 828 73160
[22407] 1
TOtheeoldcause 北京市 08-11 05:54 -> 湖北省宜昌市 08-11 10:47 424 90891
[22412] 1
puzzletheNewWorld 辽宁省辽阳市 06-18 13:05 -> 四川省绵竹市 06-19 14:44 1718 47885
[22418] 12562656
[22422] Durnar 坚雷 adversaries@Two.things 1
[22431] 12534695
[22433] 1
AndtodefineAmeric 江苏省吴江市 07-01 17:00 -> 湖北省孝感市 07-02 09:22 1092 74617
[22435] queue
[22437] 0
[22446] 26002800
[22455] -1
[22462] Rangers 巡林 arrangement@of.society 3
[22469] 1
Afterastrangesad 四川省宜宾市 08-21 22:24 -> 四川省巴中市 08-22 08:20 1748 68496
[22473] Texas 德克萨斯 of.whole.industrial@armies.the 1
[22483] Catapult 空爆 State.exclusive@political.sway 1
[22490] 1
LeavesofGrass 辽宁省抚顺市 07-19 14:24 -> 河南省灵宝市 07-19 23:39 1893 22677
[22491] 1
INSCRIPTIONS 黑龙江省五大连池市 07-05 19:22 -> 广东省惠阳市 07-06 01:32 445 45203
[22500] Catapult 空爆 State.exclusive@political.sway 1
[22510] 8675040
[22517] 1
whatyouwanted 广东省高州市 07-26 11:08 -> 内蒙东胜市 07-26 20:46 1624 28519
[22518] 7503512
[22522] Manticore 狮蝎 not.hurled@back.the 2
[22526] Steward 史都华德 society.at@large.or 1
[22532] -1
[22537] 2595028
[22543] Courier 讯使 publish.their@views.their 1
[22552] 1
puzzletheNewWorld 北京市 06-22 02:54 -> 四川省绵竹市 06-22 14:44 754 47659
[22556] Leizi 惊蛰 this.spectre@Pope.and 1
[22558] 14183754
[22568] 397660
[22577] 1
whatyouwanted 内蒙东胜市 07-23 20:49 -> 湖北省松滋市 07-23 21:35 213 30519
[22581] 3
TOtheeoldcause 天津市 08-23 17:57 -> 北京市 08-24 05:48 393 90891
AndtodefineAmeric 天津市 08-23 08:57 -> 北京市 08-23 22:38 2583 80198
Afterastrangesad 天津市 08-23 16:53 -> 北京市 08-24 20:52 4494 68496
[22582] 1
TOFOREIGNLANDS 广西凭祥市 08-03 06:08 -> 重庆市江津市 08-04 00:04 2285 92870
[22591] 1
AndtodefineAmeric 山东省胶州市 07-06 12:18 -> 山西省榆次市 07-06 16:11 1075 68872
[22593] Catapult 空爆 State.exclusive@political.sway 1
[22602] -1
[22603] 493425
[22613] 1
TOtheeoldcause 天津市 08-25 17:57 -> 湖北省宜昌市 08-26 10:47 817 90891
[22621] 1
Deathlessthroughout 广东省高要市 08-15 01:15 -> 江西省南昌市 08-16 03:32 1702 73160
[22626] -1
[22629] 0
[22633] Breeze 微风 America.paved@the.way 1
[22637] 0
[22644] Nightingale 夜莺 of.that.class@An.oppressed 1
[22651] 1
TOTHEEOLDCAUSE 山西省太原市 07-28 07:56 -> 宁夏银川市 07-28 14:45 402 33971
[22652] 1
Afterastrangesad 天津市 08-13 16:53 -> 四川省巴中市 08-14 08:20 2314 68496
[22658] Myrtle 桃金娘 in.proportion@as.industry 1
[22660] 1
AndtodefineAmeric 吉林省图们市 08-19 10:50 -> 吉林省榆树市 08-20 03:30 1994 80198
[22664] -1
[22668] Hibiscus 芙蓉 Communistic@by.its 1
[22671] 1
AndtodefineAmeric 山西省榆次市 06-28 16:15 -> 江西省吉安市 06-28 21:09 376 80198
[22674] 14809344
[22678] -1
[22688] 1269900
[22696] 1867255
[22702] -1
[22706] 1
INSCRIPTIONS 云南省安宁市 07-28 20:50 -> 广东省高要市 07-28 21:36 136 52941
[22715] Cliffheart 崖心 in.London.and@sketched.the 1
[22720] 1
LeavesofGrass 辽宁省抚顺市 07-18 14:24 -> 浙江省慈溪市 07-19 09:48 2904 6397
[22722] 0
[22732] 1
IHEARDthatyouask 天津市 07-30 06:35 -> 四川省彭州市 07-30 23:13 249 68880
[22737] 1
LeavesofGrass 辽宁省抚顺市 07-19 14:24 -> 陕西省安康市 07-19 17:15 733 27260
[22746] 1
Afterastrangesad 四川省宜宾市 07-23 22:24 -> 北京市 07-24 20:52 3928 68496
[22748] 1
AndtodefineAmeric 广东省高明市 07-13 13:35 -> 江西省南康市 07-14 05:58 1510 80198
[22757] 3585045
[22763] Meteor 流星 The.executive@of.the 1
[22766] 1
[success] LeavesofGrass 新疆博乐市 07-28 06:11 -> 浙江省慈溪市 07-28 09:48 472 20266
[22769] Savage 暴行 guilds.now@no.longer 2
[22774] 1
INSCRIPTIONS 北京市 08-18 06:46 -> 新疆米泉市 08-18 14:38 850 49037
[22777] BluePoison 蓝毒 that.has.sprouted@from.the 1
[22778] Rangers 巡林 arrangement@of.society 3
[22788] 240580
[22796] Hung 吽吽 itself.a.Power@II.It 1
[22800] 1
whatyouwanted 湖北省利川市 07-29 22:30 -> 北京市 07-30 02:07 573 30519
[22809] 1724983
[22810] Cliffheart 崖心 in.London.and@sketched.the 1
[22816] -1
[22825] 1
Deathlessthroughout 广东省高要市 08-02 01:15 -> 山东省威海市 08-02 21:57 1548 73160
[22830] 1
IHEARDthatyouask 新疆吐鲁番市 07-11 05:55 -> 天津市 07-11 06:30 496 71238
[22834] Fang 芬芬 sufficed.for@the.growing 1
[22836] 1
Deathlessthroughout 山东省威海市 06-30 22:06 -> 江西省南昌市 07-01 03:32 154 73160
[22841] Vigna 红豆 the.manufacturing@middle.class 1
[22846] -1
[22848] Ambriel 安比 itself.in.the@modern.represent 1
[22853] Sideroca 铸铁 rising.bourgeoisie@The.EastInd 1
[22854] 1
ThereforeIsendyou 新疆喀什市 07-01 02:53 -> 浙江省舟山市 07-01 10:35 412 3759
[22860] -1
[22861] Blaze 煌煌 of.a.series@of.revolutions 4
[22864] 7572944
[22866] queue
[22873] 25177
[22879] 1
TOFOREIGNLANDS 湖南省常宁市 07-22 02:20 -> 甘肃省敦煌市 07-22 20:48 2016 92870
[22881] 9632808
[22888] 0
[22896] 1
LeavesofGrass 广东省四会市 07-16 15:39 -> 宁夏石嘴山市 07-16 19:18 974 2521
[22899] SilverAsh 银灰 feudal.lords@vassals.guildmast 1
[22903] 7019110
[22904] -1
[22905] 0
[22914] queue
[22921] 1
ThereforeIsendyou 浙江省舟山市 07-26 10:45 -> 安徽省宁国市 07-26 19:16 565 3759
[22928] -1
[22935] queue
[22944] 1
INSCRIPTIONS 云南省安宁市 07-12 20:50 -> 新疆米泉市 07-13 14:38 1550 61281
[22947] Purestream 清流 party.itself@To.this 1
[22953] 1
Deathlessthroughout 广东省高要市 06-28 01:15 -> 吉林省长春市 06-28 23:22 1600 73160
[22961] 1
Afterastrangesad 新疆库尔勒市 08-03 05:56 -> 黑龙江省海伦市 08-03 13:32 1115 68496
[22966] 1
TOtheeoldcause 北京市 08-16 05:54 -> 湖北省宜昌市 08-16 10:47 424 90891
[22972] -1
[22981] 244720
[22983] Phantom 傀影 not.done.away@with.class 1
[22991] Gravel 砾砾 that.each.time@ended.either 1
[22993] -1
[22999] 3221977
[23006] 3
TOtheeoldcause 天津市 08-13 17:57 -> 北京市 08-14 05:48 393 90891
AndtodefineAmeric 天津市 08-13 08:57 -> 北京市 08-13 22:38 2583 80198
Afterastrangesad 天津市 08-13 16:53 -> 北京市 08-14 20:52 4494 68496
[23010] 1
TOTHEEOLDCAUSE 湖北省麻城市 07-19 20:21 -> 安徽省桐城市 07-20 11:13 1291 33971
[23019] 1
LeavesofGrass 新疆塔城市 07-15 07:38 -> 新疆博乐市 07-16 06:04 3525 2991
[23029] Glaucus 格劳克斯 the.increase@in.the 2
[23031] 17497588
[23039] 0
[23045] -1
[23046] -1
[23053] 1
AndtodefineAmeric 云南省保山市 06-15 09:33 -> 湖南省吉首市 06-16 11:01 3225 80198
[23062] 7980050
[23070] NoirCorne 黑角 its.time.reacted@on.the 1
[23073] -1
[23079] -1
[23089] 1
puzzletheNewWorld 辽宁省辽阳市 07-23 13:05 -> 黑龙江省尚志市 07-23 20:04 805 47885
[23094] 8487675
[23103] 9
[success] INSCRIPTIONS 云南省安宁市 07-11 20:50 -> 广东省惠阳市 07-12 01:32 289 12405
[success] puzzletheNewWorld 辽宁省辽阳市 08-04 13:05 -> 四川省绵竹市 08-05 14:44 1718 10347
[success] LeavesofGrass 辽宁省抚顺市 07-23 14:24 -> 广东省花都市 07-24 01:39 2007 4702
[success] LeavesofGrass 浙江省平湖市 07-30 08:59 -> 浙江省杭州市 07-30 11:46 400 7918
[success] INSCRIPTIONS 黑龙江省五大连池市 07-17 19:22 -> 广东省惠阳市 07-18 01:32 445 8617
[success] INSCRIPTIONS 黑龙江省五大连池市 07-22 19:22 -> 广东省高要市 07-22 21:36 292 10060
[success] INSCRIPTIONS 广东省惠阳市 06-28 01:41 -> 湖北省枣阳市 06-28 11:59 1099 11620
[success] LeavesofGrass 新疆塔城市 06-29 07:38 -> 河南省偃师市 06-30 03:28 3332 19401
[success] LeavesofGrass 湖南省衡阳市 07-09 16:20 -> 广东省花都市 07-10 01:39 1762 21243
[23111] -1
[23121] 384680
[23128] 1
Ithinkallwarthr 山东省栖霞市 07-12 21:55 -> 河南省汝州市 07-13 09:13 1925 86945
[23134] Steward 史都华德 society.at@large.or 1
[23144] ProjeKTRed 红红 everywhere@a.complicated 1
[23152] Indra 因陀罗 ruins.of.feudal@society.has 1
[23153] Specter 幽灵鲨 and.plebeian@lord.and 1
[23163] -1
[23169] Zima 凛冬 industrial@production.was 2
[23176] 1
LeavesofGrass 陕西省安康市 08-03 17:25 -> 河北省河间市 08-03 18:01 25 47463
[23179] 0
[23185] 1
ThereforeIsendyou 山东省胶南市 07-02 10:07 -> 安徽省宁国市 07-02 19:16 632 3759
[23194] 22
[success] IHEARDthatyouask 广东省云浮市 07-21 19:00 -> 四川省彭州市 07-21 23:13 20 12236
[success] puzzletheNewWorld 黑龙江省尚志市 07-22 20:11 -> 河南省登封市 07-23 09:52 614 7048
[pending] LeavesofGrass 辽宁省抚顺市 07-07 14:24 -> 河南省偃师市 07-08 03:28 2239 23230
[pending] LeavesofGrass 浙江省杭州市 06-29 11:52 -> 新疆博乐市 06-30 06:04 2834 4682
[success] puzzletheNewWorld 辽宁省辽阳市 07-09 13:05 -> 湖南省岳阳市 07-09 16:56 379 5788
[success] INSCRIPTIONS 广东省惠阳市 06-29 01:41 -> 新疆米泉市 06-29 14:38 1261 12891
[pending] LeavesofGrass 新疆塔城市 07-16 07:38 -> 河南省偃师市 07-17 03:28 3332 12669
[pending] LeavesofGrass 浙江省杭州市 08-01 11:52 -> 黑龙江省海林市 08-01 22:46 1795 13201
[success] LeavesofGrass 广东省花都市 08-02 01:43 -> 新疆伊宁市 08-02 08:52 827 7253
[success] INSCRIPTIONS 云南省安宁市 07-01 20:50 -> 广东省惠阳市 07-02 01:32 289 15370
[success] LeavesofGrass 浙江省平湖市 08-01 08:59 -> 湖南省衡阳市 08-01 16:17 1047 2451
[pending] LeavesofGrass 浙江省平湖市 07-04 08:59 -> 河南省偃师市 07-05 03:28 3041 16680
[success] INSCRIPTIONS 广东省高要市 07-09 21:40 -> 新疆米泉市 07-10 14:38 1414 7623
[success] puzzletheNewWorld 辽宁省辽阳市 07-27 13:05 -> 北京市 07-28 02:45 964 1457
[success] LeavesofGrass 新疆博乐市 07-31 06:11 -> 浙江省慈溪市 07-31 09:48 472 15986
[success] INSCRIPTIONS 黑龙江省五大连池市 08-04 19:22 -> 广东省惠阳市 08-05 01:32 445 1123
[pending] LeavesofGrass 河南省灵宝市 07-26 23:45 -> 新疆伊宁市 07-27 08:52 941 24332
[success] LeavesofGrass 河南省灵宝市 06-30 23:45 -> 浙江省慈溪市 07-01 09:48 1011 7239
[success] INSCRIPTIONS 云南省安宁市 08-15 20:50 -> 新疆米泉市 08-16 14:38 1550 11880
[success] IHEARDthatyouask 广东省云浮市 07-10 19:00 -> 四川省彭州市 07-10 23:13 20 12581
[success] LeavesofGrass 浙江省平湖市 07-31 08:59 -> 新疆博乐市 08-01 06:04 3234 4582
[success] LeavesofGrass 福建省建阳市 07-12 21:19 -> 新疆伊宁市 07-13 08:52 1455 22986
[23195] 1
ThereforeIsendyou 浙江省舟山市 07-07 10:45 -> 河南省驻马店市 07-07 13:30 377 3759
[23196] 1
Deathlessthroughout 吉林省长春市 07-29 23:28 -> 江西省南昌市 07-30 03:32 102 73160
[23197] Exusiai 能天使 of.America@the.rounding 1
[23206] Kroos 克洛丝 extension.of@industry.and 1
[23210] GreyThroat 灰喉 Freeman.and@slave.patrician 1
[23218] -1
[23228] -1
[23234] 1
IHEARDthatyouask 广东省云浮市 07-21 19:00 -> 四川省彭州市 07-21 23:13 20 74686
[23242] 909636
[23250] 1
ThereforeIsendyou 新疆喀什市 07-31 02:53 -> 浙江省舟山市 07-31 10:35 412 3759
[23259] 14111652
[23265] Shaw 阿消 new.conditions@of.oppression 1
[23274] -1
[23275] Manticore 狮蝎 not.hurled@back.the 2
[23284] 1
TOTHEEOLDCAUSE 吉林省长春市 06-10 04:55 -> 山西省太原市 06-10 07:46 408 33971
[23286] 1
IHEARDthatyouask 新疆吐鲁番市 07-23 05:55 -> 广东省云浮市 07-23 18:52 725 53010
[23289] queue
[23297] 8383680
[23299] 1
IHEARDthatyouask 新疆吐鲁番市 07-20 05:55 -> 广东省云浮市 07-20 18:52 725 59390
[23301] queue
[23310] NoirCorne 黑角 its.time.reacted@on.the 1
[23313] 616233
[23318] Manticore 狮蝎 not.hurled@back.the 2
[23321] 1
whatyouwanted 安徽省阜阳市 07-12 08:24 -> 吉林省双辽市 07-12 14:29 891 30519
[23330] Aak 阿阿 in.almost.all@of.these 1
[23338] 4116777
[23348] 1
Afterastrangesad 山东省乳山市 08-21 18:58 -> 湖北省荆门市 08-22 00:32 949 68496
[23354] 858195
[23363] 1
puzzletheNewWorld 黑龙江省尚志市 06-22 20:11 -> 河南省登封市 06-23 09:52 614 27325
[23373] Spot 斑点 with.a.Manifesto@of.the 1
[23380] Zima 凛冬 industrial@production.was 2
[23388] -1
[23397] 1
LeavesofGrass 浙江省杭州市 07-20 11:52 -> 新疆博乐市 07-21 06:04 2834 3778
[23402] queue
[23411] ShiraYuki 白雪 and.Danish@languages.I 3
[23412] 4
[success] puzzletheNewWorld 辽宁省辽阳市 08-17 13:05 -> 湖南省岳阳市 08-17 16:56 379 7640
[success] LeavesofGrass 广东省四会市 07-04 15:39 -> 新疆博乐市 07-05 06:04 2427 81
[success] INSCRIPTIONS 广东省惠阳市 06-21 01:41 -> 新疆米泉市 06-21 14:38 1261 3863
[success] LeavesofGrass 浙江省平湖市 07-10 08:59 -> 浙江省慈溪市 07-11 09:48 3706 329
[23419] -1
[23427] Dobermann 杜宾 in.a.word.oppressor@and.oppres 1
[23435] 1
INSCRIPTIONS 贵州省清镇市 06-29 16:24 -> 湖北省枣阳市 06-30 11:59 1717 54599
[23439] 1
whatyouwanted 辽宁省盖州市 07-12 20:30 -> 河南省洛阳市 07-13 12:55 2671 30519
[23443] Snowsant 雪雉 new.forms.of@struggle.in 2
[23449] 1
AndtodefineAmeric 山东省高密市 08-21 13:02 -> 湖南省吉首市 08-22 11:01 2492 80198
[23450] -1
[23456] -1
[23461] Shamare 巫恋 rising.Even@manufacture.no 1
[23468] 1
TOFOREIGNLANDS 浙江省临安市 08-10 21:04 -> 湖北省洪湖市 08-11 11:19 1713 92870
[23478] 1680503
[23488] 1
INSCRIPTIONS 贵州省清镇市 06-14 16:24 -> 黑龙江省五大连池市 06-14 19:12 173 54547
[23492] 1408704
[23493] 34600
[23500] 15190514
[23503] Scavenger 清道夫 division.of@labour.between 1
[23507] -1
[23511] 1
TOFOREIGNLANDS 湖北省洪湖市 06-15 11:29 -> 重庆市江津市 06-16 00:04 1640 92870
[23521] 1
IHEARDthatyouask 天津市 07-24 06:35 -> 四川省彭州市 07-24 23:13 249 73290
[23529] 8312718
[23536] 1
AndtodefineAmeric 江苏省吴江市 08-27 17:00 -> 江西省南康市 08-28 05:58 769 80198
[23545] 1
LeavesofGrass 湖南省衡阳市 06-29 16:20 -> 河北省河间市 06-29 18:01 513 6530
[23552] 2465506
[23558] 1878381
[23565] 1
whatyouwanted 辽宁省盖州市 08-01 20:30 -> 山东省乳山市 08-02 04:49 1172 30519
[23575] 80145
[23578] -1
[23585] queue
[23587] 29
[success] puzzletheNewWorld 湖南省岳阳市 07-22 17:01 -> 北京市 07-23 02:45 585 1467
[success] LeavesofGrass 浙江省平湖市 06-28 08:59 -> 辽宁省抚顺市 06-28 14:21 802 18023
[success] puzzletheNewWorld 辽宁省辽阳市 08-17 13:05 -> 北京市 08-18 02:45 964 4963
[success] LeavesofGrass 广东省四会市 08-01 15:39 -> 河南省灵宝市 08-01 23:39 1888 24557
[success] INSCRIPTIONS 黑龙江省五大连池市 07-22 19:22 -> 云南省安宁市 07-22 20:42 156 15250
[success] INSCRIPTIONS 黑龙江省五大连池市 06-30 19:22 -> 广东省惠阳市 07-01 01:32 445 857
[success] IHEARDthatyouask 新疆吐鲁番市 08-03 05:55 -> 天津市 08-03 06:30 496 9496
[success] whatyouwanted 新疆阿克苏市 08-04 15:58 -> 湖北省松滋市 08-04 21:35 1257 7001
[success] LeavesofGrass 新疆塔城市 07-21 07:38 -> 宁夏石嘴山市 07-21 19:18 2072 13403
[success] IHEARDthatyouask 天津市 08-06 06:35 -> 四川省彭州市 08-06 23:13 249 3415
[success] INSCRIPTIONS 北京市 07-01 06:46 -> 湖北省枣阳市 07-01 11:59 688 2304
[pending] LeavesofGrass 浙江省平湖市 07-29 08:59 -> 黑龙江省海林市 07-29 22:46 2195 19208
[success] LeavesofGrass 陕西省安康市 08-04 17:25 -> 广东省花都市 08-05 01:39 1274 14176
[success] LeavesofGrass 陕西省安康市 06-29 17:25 -> 福建省建阳市 06-29 21:14 646 19093
[success] LeavesofGrass 河南省偃师市 07-16 03:31 -> 浙江省慈溪市 07-16 09:48 665 22201
[success] INSCRIPTIONS 黑龙江省五大连池市 08-01 19:22 -> 江苏省扬州市 08-02 08:14 1056 5163
[success] IHEARDthatyouask 新疆吐鲁番市 07-25 05:55 -> 四川省彭州市 07-25 23:13 745 18745
[success] LeavesofGrass 新疆塔城市 07-04 07:38 -> 河北省河间市 07-04 18:01 1851 5208
[success] INSCRIPTIONS 北京市 06-17 06:46 -> 湖北省枣阳市 06-17 11:59 688 1553
[success] INSCRIPTIONS 云南省安宁市 07-05 20:50 -> 广东省惠阳市 07-06 01:32 289 9367
[pending] LeavesofGrass 浙江省平湖市 07-04 08:59 -> 陕西省安康市 07-04 17:15 1535 23018
[success] LeavesofGrass 新疆塔城市 07-25 07:38 -> 广东省四会市 07-25 15:34 1098 2919
[success] LeavesofGrass 河北省河间市 07-29 18:11 -> 宁夏石嘴山市 07-29 19:18 221 13309
[success] INSCRIPTIONS 贵州省清镇市 07-13 16:24 -> 北京市 07-14 06:40 1029 15171
[success] LeavesofGrass 广东省花都市 07-29 01:43 -> 新疆伊宁市 07-29 08:52 827 16611
[success] LeavesofGrass 浙江省杭州市 07-23 11:52 -> 黑龙江省海林市 07-23 22:46 1795 13472
[success] LeavesofGrass 河南省灵宝市 06-28 23:45 -> 新疆博乐市 06-29 06:04 539 22553
[success] INSCRIPTIONS 贵州省清镇市 08-12 16:24 -> 新疆米泉市 08-13 14:38 1879 7632
[success] LeavesofGrass 广东省四会市 07-05 15:39 -> 福建省建阳市 07-05 21:14 1374 21326
[23588] 1
TOTHEEOLDCAUSE 河南省周口市 07-14 23:57 -> 广东省湛江市 07-15 19:57 1448 33971
[23594] 9541285
[23604] Rope 暗索 pushed.on.one@side.by 1
[23607] Greyy 格雷 a.committee@for.managing 4
[23614] 0
[23619] 1
LeavesofGrass 福建省建阳市 07-11 21:19 -> 黑龙江省海林市 07-11 22:46 14 15149
[23629] 5738800
[23634] 1
ThereforeIsendyou 山东省胶南市 07-26 10:07 -> 安徽省宁国市 07-26 19:16 632 3759
[23641] Zima 凛冬 industrial@production.was 2
[23651] 34679632
[23659] 1212966
[23661] -1
[23671] 1
IHEARDthatyouask 新疆吐鲁番市 08-01 05:55 -> 四川省彭州市 08-01 23:13 745 59067
[23681] 1
AndtodefineAmeric 江西省吉安市 06-25 21:19 -> 湖北省孝感市 06-26 09:22 856 80198
[23691] 23
[success] INSCRIPTIONS 黑龙江省五大连池市 08-15 19:22 -> 新疆米泉市 08-16 14:38 1706 711
[success] whatyouwanted 辽宁省盖州市 08-02 20:30 -> 广东省揭阳市 08-03 06:33 1640 5112
[success] puzzletheNewWorld 黑龙江省尚志市 07-16 20:11 -> 四川省绵竹市 07-17 14:44 913 3529
[success] puzzletheNewWorld 河南省登封市 08-08 09:56 -> 四川省绵竹市 08-08 14:44 299 6245
[success] IHEARDthatyouask 天津市 07-27 06:35 -> 广东省云浮市 07-27 18:52 229 11332
[success] INSCRIPTIONS 云南省安宁市 08-06 20:50 -> 新疆米泉市 08-07 14:38 1550 16776
[pending] LeavesofGrass 浙江省平湖市 07-16 08:59 -> 河南省偃师市 07-17 03:28 3041 13100
[pending] LeavesofGrass 湖南省衡阳市 07-25 16:20 -> 浙江省慈溪市 07-26 09:48 2659 16438
[pending] LeavesofGrass 浙江省平湖市 07-02 08:59 -> 浙江省慈溪市 07-03 09:48 3706 22938
[pending] LeavesofGrass 河南省灵宝市 06-28 23:45 -> 河南省偃师市 06-29 03:28 346 15759
[success] IHEARDthatyouask 天津市 07-22 06:35 -> 四川省彭州市 07-22 23:13 249 22684
[success] IHEARDthatyouask 新疆吐鲁番市 07-10 05:55 -> 广东省云浮市 07-10 18:52 725 1192
[pending] LeavesofGrass 新疆塔城市 07-04 07:38 -> 陕西省安康市 07-04 17:15 1826 15136
[success] AndtodefineAmeric 山东省高密市 07-06 13:02 -> 湖北省孝感市 07-07 09:22 2041 11326
[success] LeavesofGrass 浙江省平湖市 07-15 08:59 -> 河南省偃师市 07-16 03:28 3041 1685
[success] puzzletheNewWorld 湖南省岳阳市 06-16 17:01 -> 河南省登封市 06-17 09:52 1040 1206
[success] INSCRIPTIONS 广东省惠阳市 07-27 01:41 -> 湖北省枣阳市 07-27 11:59 1099 12462
[success] LeavesofGrass 辽宁省抚顺市 07-19 14:24 -> 广东省四会市 07-19 15:34 5 6788
[success] LeavesofGrass 浙江省杭州市 07-09 11:52 -> 新疆伊宁市 07-10 08:52 3236 10124
[success] INSCRIPTIONS 广东省惠阳市 08-19 01:41 -> 新疆米泉市 08-19 14:38 1261 1644
[success] IHEARDthatyouask 天津市 07-16 06:35 -> 四川省彭州市 07-16 23:13 249 1577
[success] IHEARDthatyouask 广东省云浮市 07-09 19:00 -> 四川省彭州市 07-09 23:13 20 15100
[success] INSCRIPTIONS 贵州省清镇市 08-15 16:24 -> 黑龙江省五大连池市 08-15 19:12 173 7453
[23700] 2674573
[23707] 0
[23709] Sora 空空 have.patricians@knights.plebei 1
[23710] 1
AndtodefineAmeric 山东省乐陵市 07-24 14:14 -> 辽宁省朝阳市 07-24 18:41 316 62721
[23716] 908650
[23723] Cardigan 卡缇 the.markets@kept.ever 1
[23724] 1
Deathlessthroughout 河北省安国市 07-31 10:54 -> 浙江省余姚市 07-31 13:09 393 73160
[23727] 1
TOTHEEOLDCAUSE 新疆奎屯市 07-11 11:20 -> 新疆库尔勒市 07-11 16:31 604 33971
[23731] -1
[23737] 1
ThereforeIsendyou 新疆喀什市 07-31 02:53 -> 山东省胶南市 07-31 10:01 345 3028
[23740] 14380740
[23745] 1395385
[23747] 16086950
[23752] 1
Afterastrangesad 四川省宜宾市 08-28 22:24 -> 贵州省清镇市 08-29 02:00 507 68496
[23754] -1
[23758] 1
ThereforeIsendyou 天津市 07-13 17:39 -> 湖南省汩罗市 07-13 22:09 231 3759
[23764] 2190584
[23771] Scavenger 清道夫 the.common@affairs.of 1
[23774] Ambriel 安比 itself.in.the@modern.represent 1
[23784] 1
IHEARDthatyouask 新疆吐鲁番市 07-19 05:55 -> 四川省彭州市 07-19 23:13 745 59947
[23787] -1
[23793] 1
Ithinkallwarthr 北京市 07-03 07:42 -> 湖北省丹江口市 07-03 15:37 740 86945
[23794] 16806213
[23798] 5
[success] LeavesofGrass 广东省四会市 07-05 15:39 -> 福建省建阳市 07-05 21:14 1374 9112
[success] LeavesofGrass 湖南省衡阳市 07-13 16:20 -> 新疆博乐市 07-14 06:04 2187 21931
[success] LeavesofGrass 河北省河间市 07-08 18:11 -> 福建省建阳市 07-08 21:14 621 6692
[success] INSCRIPTIONS 江苏省扬州市 08-16 08:17 -> 新疆米泉市 08-16 14:38 650 8148
[success] LeavesofGrass 浙江省平湖市 07-06 08:59 -> 陕西省安康市 07-06 17:15 1535 13122
[23802] WaaiFu 槐琥 French.Radicals@and.German 2
[23810] Vulcan 火神 commodities@generally.gave 2
[23812] Perfumer 调香师 the.earlier@epochs.of 1
[23819] -1
[23826] 3630669
[23827] 12
[success] LeavesofGrass 湖南省衡阳市 07-25 16:20 -> 浙江省慈溪市 07-26 09:48 2659 6050
[success] LeavesofGrass 宁夏石嘴山市 07-15 19:25 -> 广东省花都市 07-16 01:39 1028 17021
[pending] LeavesofGrass 辽宁省抚顺市 06-28 14:24 -> 福建省建阳市 06-28 21:14 1379 13928
[success] IHEARDthatyouask 新疆吐鲁番市 07-22 05:55 -> 四川省彭州市 07-22 23:13 745 9830
[success] LeavesofGrass 河南省偃师市 07-22 03:31 -> 新疆伊宁市 07-22 08:52 595 5669
[success] IHEARDthatyouask 新疆吐鲁番市 07-19 05:55 -> 四川省彭州市 07-19 23:13 745 11927
[success] TOTHEEOLDCAUSE 新疆奎屯市 07-03 11:20 -> 四川省绵阳市 07-04 17:54 2373 7586
[pending] LeavesofGrass 新疆塔城市 06-28 07:38 -> 河南省灵宝市 06-28 23:39 2986 21682
[success] whatyouwanted 湖北省利川市 07-05 22:30 -> 河南省洛阳市 07-06 12:55 2168 1072
[success] puzzletheNewWorld 黑龙江省尚志市 08-06 20:11 -> 河南省登封市 08-07 09:52 614 11528
[success] IHEARDthatyouask 新疆吐鲁番市 08-01 05:55 -> 天津市 08-01 06:30 496 22003
[success] LeavesofGrass 福建省建阳市 07-13 21:19 -> 河南省偃师市 07-14 03:28 860 5793
[23830] -1
[23839] 1178125
[23840] 3936814
[23844] 8
[success] LeavesofGrass 浙江省平湖市 07-23 08:59 -> 浙江省杭州市 07-23 11:46 400 14347
[pending] LeavesofGrass 宁夏石嘴山市 07-12 19:25 -> 黑龙江省海林市 07-12 22:46 414 3394
[pending] LeavesofGrass 宁夏石嘴山市 07-04 19:25 -> 新疆博乐市 07-05 06:04 1453 12320
[success] INSCRIPTIONS 贵州省清镇市 07-27 16:24 -> 云南省安宁市 07-27 20:42 329 10001
[success] INSCRIPTIONS 广东省惠阳市 07-04 01:41 -> 江苏省扬州市 07-04 08:14 611 12010
[success] LeavesofGrass 黑龙江省海林市 07-27 22:56 -> 河南省偃师市 07-28 03:28 846 16728
[success] LeavesofGrass 浙江省平湖市 06-28 08:59 -> 宁夏石嘴山市 06-28 19:18 1781 1158
[pending] LeavesofGrass 河北省河间市 07-29 18:11 -> 新疆博乐市 07-30 06:04 1674 18081
[23850] Ptilopsis 白面鸮 this.distinctive@feature.it 2
[23856] -1
[23863] Rangers 巡林 arrangement@of.society 3
[23866] Lava 炎熔 modern.bourgeois@Modern.indust 1
[23868] 1
Ithinkallwarthr 北京市 07-24 07:42 -> 陕西省华阴市 07-24 12:17 270 86945
[23873] Exusiai 能天使 of.America@the.rounding 1
[23877] -1
[23885] 0
[23895] Plume 翎羽 serf.guildmaster@and.journeyma 2
[23904] -1
[23909] 1
Afterastrangesad 湖北省荆门市 08-15 00:40 -> 山东省胶州市 08-15 11:06 1634 68496
[23912] Croissant 可颂 French.German@Italian.Flemish 1
[23918] 4543035
[23923] Flamebringer 炎客 nationalities@have.assembled 2
[23928] 1
IHEARDthatyouask 天津市 08-06 06:35 -> 广东省云浮市 08-06 18:52 229 50930
[23933] Texas 德克萨斯 of.whole.industrial@armies.the 1
[23939] 4490558
[23944] 1
Ithinkallwarthr 黑龙江省五大连池市 07-11 09:51 -> 福建省永安市 07-12 12:09 3464 86945
[23950] -1
[23960] 3
TOtheeoldcause 天津市 08-08 17:57 -> 北京市 08-09 05:48 393 90891
AndtodefineAmeric 天津市 08-08 08:57 -> 北京市 08-08 22:38 2583 80198
Afterastrangesad 天津市 08-08 16:53 -> 北京市 08-09 20:52 4494 68496
[23970] 14386036
[23976] Earthspirit 地灵 of.the.monarchy@as.in 3
[23979] 5305548
[23985] Cutter 刻刀 France.afterwards@in.the 1
[23992] 1914800
[23998] 25072800
[24004] 2885498
[24014] -1
[24023] 1
TOTHEEOLDCAUSE 河南省周口市 06-14 23:57 -> 安徽省桐城市 06-15 11:13 928 33971
[24025] 535780
[24028] Executor 送葬人 history.of@all.hitherto 1
[24034] -1
[24035] Bison 拜松 classes.again@subordinate.grad 1
[24039] 66599
[24044] queue
[24049] 8840510
[24054] 0
[24064] 1
puzzletheNewWorld 辽宁省辽阳市 07-15 13:05 -> 黑龙江省尚志市 07-15 20:04 805 47885
[24065] -1
[24068] -1
[24073] -1
[24082] 1
Deathlessthroughout 广东省高要市 07-05 01:15 -> 河北省安国市 07-05 10:51 457 73160
[24085] 16489493
[24092] Fang 芬芬 sufficed.for@the.growing 1
[24098] 1
Deathlessthroughout 湖北省黄冈市 06-30 17:45 -> 河北省安国市 07-01 10:51 912 73160
[24102] 11007213
[24110] Meteorite 陨星 bourgeoisie@was.accompanied 3
[24116] 1
AndtodefineAmeric 天津市 06-24 08:57 -> 河南省周口市 06-25 06:51 3024 80198
[24117] 0
[24127] 1
Deathlessthroughout 湖北省黄冈市 08-06 17:45 -> 北京市 08-07 04:10 477 73160
[24132] 1
INSCRIPTIONS 黑龙江省五大连池市 07-08 19:22 -> 广东省惠阳市 07-09 01:32 445 41350
[24139] 1
Deathlessthroughout 广东省高要市 07-11 01:15 -> 河北省安国市 07-11 10:51 457 73160
[24147] 5049610
[24154] 11
[success] IHEARDthatyouask 新疆吐鲁番市 07-26 05:55 -> 天津市 07-26 06:30 496 21077
[pending] LeavesofGrass 黑龙江省海林市 06-28 22:56 -> 浙江省慈溪市 06-29 09:48 1511 20244
[success] INSCRIPTIONS 黑龙江省五大连池市 07-23 19:22 -> 新疆米泉市 07-24 14:38 1706 7279
[success] IHEARDthatyouask 天津市 07-20 06:35 -> 广东省云浮市 07-20 18:52 229 14417
[success] LeavesofGrass 浙江省平湖市 07-21 08:59 -> 河南省灵宝市 07-21 23:39 2695 18682
[success] LeavesofGrass 湖南省衡阳市 08-02 16:20 -> 河南省灵宝市 08-02 23:39 1648 67
[success] LeavesofGrass 新疆塔城市 07-18 07:38 -> 陕西省安康市 07-18 17:15 1826 3972
[pending] LeavesofGrass 河北省河间市 07-10 18:11 -> 广东省花都市 07-11 01:39 1249 21311
[success] INSCRIPTIONS 北京市 06-21 06:46 -> 湖北省枣阳市 06-21 11:59 688 7740
[success] LeavesofGrass 广东省四会市 07-27 15:39 -> 河北省河间市 07-27 18:01 753 12111
[pending] LeavesofGrass 河北省河间市 07-11 18:11 -> 浙江省慈溪市 07-12 09:48 2146 13129
[24157] 17431473
[24161] 1
TOtheeoldcause 北京市 08-01 05:54 -> 湖北省宜昌市 08-01 10:47 424 90891
[24169] Cuora 蛇屠 there.taxable@third.estate 1
[24179] 1
INSCRIPTIONS 云南省安宁市 08-11 20:50 -> 广东省高要市 08-11 21:36 136 70655
[24182] 6057936
[24186] 0
[24188] Frostleaf 霜叶 class.under@the.sway 1
[24191] 2
INSCRIPTIONS 贵州省清镇市 08-11 16:24 -> 北京市 08-12 06:40 1029 62164
Afterastrangesad 贵州省清镇市 08-11 02:07 -> 北京市 08-11 20:52 3421 53611
[24198] 1
TOTHEEOLDCAUSE 山东省滕州市 06-13 02:06 -> 安徽省桐城市 06-13 11:13 923 33971
[24203] -1
[24212] 1
TOFOREIGNLANDS 湖北省洪湖市 08-10 11:29 -> 江苏省淮安市 08-10 19:12 736 92870
[24213] Matterhorn 角峰 an.immense@development.to 1
[24221] -1
[24225] 1
TOtheeoldcause 天津市 07-22 17:57 -> 湖北省宜昌市 07-23 10:47 817 90891
[24230] 8300544
[24233] -1
[24237] 11831345
[24238] Popukar 泡普卡 and.Chinese@markets.the 4
[24242] queue
[24252] Broca 布洛 independent@urban.republic 1
[24256] queue
[24266] 11167251
[24274] Swire 诗怀 the.place.of@the.industrial 1
[24281] Gummy 古米 commerce.to@navigation.to 1
[24289] 7119463
[24299] 1
Deathlessthroughout 浙江省余姚市 06-29 13:19 -> 江西省南昌市 06-30 03:32 852 73160
[24308] Beehunter 猎蜂 these.burgesses@the.first 2
[24311] 18885128
[24318] 17862
[24320] Courier 讯使 publish.their@views.their 1
[24330] Shamare 巫恋 rising.Even@manufacture.no 1
[24340] 1552551
[24346] 1
ThereforeIsendyou 山东省胶南市 07-11 10:07 -> 安徽省宁国市 07-11 19:16 632 3759
[24354] Hibiscus 芙蓉 Communistic@by.its 1
[24361] Indra 因陀罗 ruins.of.feudal@society.has 1
[24367] 4198180
[24371] -1
[24373] 0
[24377] 1
puzzletheNewWorld 辽宁省辽阳市 06-12 13:05 -> 湖南省岳阳市 06-12 16:56 379 47885
[24382] 11764248
[24388] 1
IHEARDthatyouask 天津市 07-23 06:35 -> 四川省彭州市 07-23 23:13 249 53010
[24393] 1
puzzletheNewWorld 辽宁省辽阳市 07-14 13:05 -> 湖南省岳阳市 07-14 16:56 379 47885
[24399] Shaw 阿消 new.conditions@of.oppression 1
[24404] 1
AndtodefineAmeric 天津市 08-25 08:57 -> 广东省高明市 08-25 13:28 1341 80198
[24414] Shamare 巫恋 rising.Even@manufacture.no 1
[24420] 1
TOTHEEOLDCAUSE 山西省太原市 07-17 07:56 -> 安徽省桐城市 07-17 11:13 369 30641
[24430] Franka 芙兰 of.division@of.labour 1
[24434] GreyThroat 灰喉 Freeman.and@slave.patrician 1
[24442] 1
LeavesofGrass 广东省花都市 07-05 01:43 -> 新疆伊宁市 07-05 08:52 827 18613
[24447] 7
[success] INSCRIPTIONS 云南省安宁市 06-22 20:50 -> 新疆米泉市 06-23 14:38 1550 16176
[success] LeavesofGrass 浙江省平湖市 08-02 08:59 -> 广东省四会市 08-02 15:34 807 17820
[success] LeavesofGrass 浙江省杭州市 06-30 11:52 -> 福建省建阳市 06-30 21:14 1781 19472
[success] puzzletheNewWorld 辽宁省辽阳市 08-17 13:05 -> 湖南省岳阳市 08-17 16:56 379 7640
[success] LeavesofGrass 广东省四会市 07-04 15:39 -> 新疆博乐市 07-05 06:04 2427 81
[success] INSCRIPTIONS 广东省惠阳市 06-21 01:41 -> 新疆米泉市 06-21 14:38 1261 3863
[success] LeavesofGrass 浙江省平湖市 07-10 08:59 -> 浙江省慈溪市 07-11 09:48 3706 329
[24453] 1
IHEARDthatyouask 新疆吐鲁番市 08-04 05:55 -> 天津市 08-04 06:30 496 64941
[24456] 28924964
[24466] Utage 宴宴 and.machinery@revolutionised.i 2
[24475] 1
puzzletheNewWorld 黑龙江省尚志市 08-04 20:11 -> 四川省绵竹市 08-05 14:44 913 25514
[24476] Conviction 断罪 vanished.in@the.face 2
[24478] 11936585
[24482] 6147428
[24490] 1
INSCRIPTIONS 黑龙江省五大连池市 08-12 19:22 -> 江苏省扬州市 08-13 08:14 1056 20047
[24496] Liskarm 雷蛇 of.the.feudal@nobility.an 1
[24499] Breeze 微风 America.paved@the.way 1
[24502] 8
[success] INSCRIPTIONS 广东省惠阳市 07-25 01:41 -> 江苏省扬州市 07-25 08:14 611 109
[success] INSCRIPTIONS 广东省高要市 07-19 21:40 -> 新疆米泉市 07-20 14:38 1414 10174
[success] INSCRIPTIONS 广东省高要市 06-29 21:40 -> 广东省惠阳市 06-30 01:32 153 12277
[success] INSCRIPTIONS 黑龙江省五大连池市 07-31 19:22 -> 江苏省扬州市 08-01 08:14 1056 1334
[success] IHEARDthatyouask 广东省云浮市 07-14 19:00 -> 四川省彭州市 07-14 23:13 20 19883
[pending] LeavesofGrass 浙江省平湖市 07-15 08:59 -> 广东省花都市 07-16 01:39 2809 14712
[success] LeavesofGrass 河北省河间市 07-01 18:11 -> 河南省灵宝市 07-01 23:39 1135 11666
[success] LeavesofGrass 浙江省平湖市 08-03 08:59 -> 广东省花都市 08-04 01:39 2809 5992
[24508] Cardigan 卡缇 the.markets@kept.ever 1
[24517] 1
Deathlessthroughout 辽宁省沈阳市 08-12 21:55 -> 浙江省余姚市 08-13 13:09 965 73160
[24523] 302445
[24527] -1
[24537] 4723281
[24544] 74200
[24547] 1
AndtodefineAmeric 山东省高密市 08-11 13:02 -> 江西省南康市 08-12 05:58 1718 80198
[24552] 1
AndtodefineAmeric 山西省榆次市 07-10 16:15 -> 河南省周口市 07-11 06:51 1082 80198
[24557] Ambriel 安比 itself.in.the@modern.represent 1
[24559] Durnar 坚雷 adversaries@Two.things 1
[24564] -1
[24571] 4104191
[24577] Popukar 泡普卡 and.Chinese@markets.the 4
[24585] 931860
[24587] Estelle 艾丝黛 Middle.Ages@We.see 3
[24591] 1
TOFOREIGNLANDS 河北省张家口市 06-30 22:51 -> 浙江省乐清市 07-01 16:23 1663 92870
[24593] 1
Afterastrangesad 山东省胶州市 08-19 11:16 -> 黑龙江省海伦市 08-19 13:32 432 68496
[24599] -1
[24607] -1
[24617] 1
ThereforeIsendyou 湖南省汩罗市 07-29 22:12 -> 新疆喀什市 07-30 02:43 498 3759
[24620] Croissant 可颂 French.German@Italian.Flemish 1
[24625] 1555416
[24629] 1
TOTHEEOLDCAUSE 新疆奎屯市 06-17 11:20 -> 广东省湛江市 06-18 19:57 2554 33971
[24633] Midnight 月见夜 longer.sufficed@Thereupon.stea 1
[24636] 497728
[24643] 3719016
[24647] Skyfire 天火 published.in@the.English 1
[24657] 1
puzzletheNewWorld 湖南省岳阳市 07-02 17:01 -> 北京市 07-03 02:45 585 47885
[24662] Purestream 清流 party.itself@To.this 1
[24670] 1
puzzletheNewWorld 辽宁省辽阳市 08-05 13:05 -> 湖南省岳阳市 08-05 16:56 379 47885
[24674] Beehunter 猎蜂 these.burgesses@the.first 2
[24680] Gitano 远山 sprang.the@chartered.burghers 1
[24688] 13239054
[24690] 18089568
[24695] GreyThroat 灰喉 Freeman.and@slave.patrician 1
[24697] queue
[24702] queue
[24708] Vigna 红豆 the.manufacturing@middle.class 1
[24714] 562731
[24717] 1
puzzletheNewWorld 黑龙江省尚志市 08-16 20:11 -> 河南省登封市 08-17 09:52 614 47885
[24725] 135682
[24729] 3317800
[24739] 4061688
[24740] 10496917
[24747] 1
LeavesofGrass 福建省建阳市 07-05 21:19 -> 河南省灵宝市 07-05 23:39 514 31522
[24757] 2830383
[24763] Myrtle 桃金娘 in.proportion@as.industry 1
[24764] 1
Deathlessthroughout 浙江省余姚市 08-01 13:19 -> 山东省威海市 08-01 21:57 698 73160
[24772] Phantom 傀影 not.done.away@with.class 1
[24780] 1
Deathlessthroughout 广东省高要市 07-30 01:15 -> 福建省长乐市 07-30 07:11 162 73160
[24784] 119263
[24789] 1
puzzletheNewWorld 湖南省岳阳市 07-01 17:01 -> 北京市 07-02 02:45 585 47885
[24796] 31962788
[24804] 0
[24809] -1
[24818] -1
[24823] Skadi 斯卡 slaves.in.the@Middle.Ages 2
[24830] -1
[24834] 1
whatyouwanted 甘肃省兰州市 07-13 21:27 -> 内蒙东胜市 07-14 20:46 3701 18207
[24837] -1
[24847] 9371424
[24855] Estelle 艾丝黛 Middle.Ages@We.see 3
[24865] 8780310
[24872] 1
Afterastrangesad 四川省巴中市 08-08 08:26 -> 山东省胶州市 08-08 11:06 356 68496
[24873] 1
AndtodefineAmeric 天津市 07-17 08:57 -> 云南省保山市 07-17 09:23 400 80198
[24875] 5710825
[24880] 1
whatyouwanted 福建省建阳市 07-10 00:03 -> 北京市 07-10 02:07 438 30519
[24885] 15219333
[24889] 1
INSCRIPTIONS 广东省惠阳市 07-22 01:41 -> 湖北省枣阳市 07-22 11:59 1099 56986
[24897] Ifrit 伊芙利特 one.another@carried.on 2
[24906] 1
puzzletheNewWorld 湖南省岳阳市 07-28 17:01 -> 四川省绵竹市 07-29 14:44 1339 47885
[24912] 1
LeavesofGrass 浙江省平湖市 07-30 08:59 -> 广东省花都市 07-31 01:39 2809 2353
[24914] 1
Afterastrangesad 黑龙江省绥芬河市 07-22 19:36 -> 黑龙江省穆棱市 07-23 03:49 1349 68496
[24921] 0
[24931] Beehunter 猎蜂 these.burgesses@the.first 2
[24932] queue
[24934] 12871287
[24936] 1
LeavesofGrass 河北省河间市 07-23 18:11 -> 新疆伊宁市 07-24 08:52 2076 22077
[24946] -1
[24956] 1
LeavesofGrass 浙江省平湖市 06-28 08:59 -> 浙江省杭州市 06-28 11:46 400 49491
[24957] -1
[24959] Warfarin 华法琳 the.different@corporate.guilds 1
[24964] Saria 塞雷娅 in.the.common@ruin.of 1
[24969] Cardigan 卡缇 the.markets@kept.ever 1
[24970] 1
whatyouwanted 山东省乳山市 07-26 04:53 -> 河南省洛阳市 07-26 12:55 1499 28519
[24977] Vermeil 红云 production@The.place 1
[24979] 1
whatyouwanted 湖北省利川市 07-20 22:30 -> 河南省洛阳市 07-21 12:55 2168 30519
[24983] -1
[24992] 1
LeavesofGrass 新疆塔城市 07-08 07:38 -> 辽宁省抚顺市 07-08 14:21 1093 76954
[24995] 1
TOTHEEOLDCAUSE 山东省滕州市 06-11 02:06 -> 四川省绵阳市 06-11 17:54 1262 33971
[25000] 1
Afterastrangesad 湖北省荆门市 08-24 00:40 -> 山西省太原市 08-24 10:29 1432 68496
[25001] Provence 普罗旺 face.of.the@whole.world 1
[25010] Manticore 狮蝎 not.hurled@back.the 2
[25016] 4313036
[25019] 14008980
[25025] 1
IHEARDthatyouask 天津市 07-10 06:35 -> 广东省云浮市 07-10 18:52 229 89961
[25031] 1
Afterastrangesad 四川省巴中市 08-15 08:26 -> 四川省崇州市 08-15 17:38 1574 68496
[25041] bye
