[25046] -1
[25047] -1
[25052] -1
[25054] 0
[25064] -1
[25070] -1
[25075] -1
[25078] -1
[25081] -1
[25088] -1
[25098] -1
[25101] -1
[25109] -1
[25117] -1
[25121] -1
[25125] -1
[25131] -1
[25134] -1
[25139] -1
[25140] -1
[25146] -1
[25154] -1
[25161] 0
[25162] 0
[25165] -1
[25167] -1
[25176] -1
[25184] -1
[25192] -1
[25199] -1
[25207] -1
[25213] 0
[25219] -1
[25229] -1
[25230] -1
[25237] -1
[25245] 0
[25251] Estelle 艾丝黛 Middle.Ages@We.see 3
[25261] 0
[25265] -1
[25268] 0
[25271] Bibeak 柏喙 in.the.development@of.the 1
[25276] Cliffheart 崖心 in.London.and@sketched.the 1
[25282] Nightingale 夜莺 of.that.class@An.oppressed 1
[25287] Scavenger 清道夫 the.common@affairs.of 1
[25297] -1
[25307] -1
[25314] -1
[25321] -1
[25325] -1
[25335] Hung 吽吽 itself.a.Power@II.It 1
[25344] -1
[25352] -1
[25360] -1
[25362] -1
[25368] -1
[25372] -1
[25375] -1
[25384] -1
[25386] -1
[25393] -1
[25400] 0
[25402] -1
[25411] -1
[25412] Durin 杜林 armed.and.selfgoverning@associ 1
[25421] Purestream 清流 party.itself@To.this 1
[25428] 0
[25432] Earthspirit 地灵 of.the.monarchy@as.in 3
[25439] ProjeKTRed 红红 everywhere@a.complicated 1
[25446] -1
[25452] Magallan 麦哲 existing.societies@is.the 1
[25453] -1
[25458] -1
[25467] Sora 空空 have.patricians@knights.plebei 1
[25475] 0
[25479] -1
[25483] Myrtle 桃金娘 in.proportion@as.industry 1
[25489] -1
[25492] -1
[25496] -1
[25504] Spot 斑点 with.a.Manifesto@of.the 1
[25508] Spot 斑点 with.a.Manifesto@of.the 1
[25509] -1
[25515] -1
[25518] Shaw 阿消 new.conditions@of.oppression 1
[25520] 0
[25529] -1
[25533] Siege 推进之王 monopolised@by.closed 1
[25541] Meteorite 陨星 bourgeoisie@was.accompanied 3
[25548] Catapult 空爆 State.exclusive@political.sway 1
[25550] Zima 凛冬 industrial@production.was 2
[25552] -1
[25555] -1
[25562] -1
[25570] Ethan 伊桑 acknowledged@by.all 3
[25580] Platinum 白金 handed.down@from.the 2
[25586] 0
[25587] -1
[25591] -1
[25596] Skadi 斯卡 slaves.in.the@Middle.Ages 2
[25601] 0
[25608] 0
[25613] 1
AndtodefineAmeric 山东省高密市 08-09 13:02 -> 江西省吉安市 08-09 21:09 1185 80198
[25620] 354080
[25628] -1
[25629] -1
[25634] queue
[25638] -1
[25640] Bibeak 柏喙 in.the.development@of.the 1
[25644] 4
[success] LeavesofGrass 浙江省平湖市 07-28 08:59 -> 宁夏石嘴山市 07-28 19:18 1781 20473
[success] LeavesofGrass 浙江省杭州市 07-14 11:52 -> 河北省河间市 07-14 18:01 1160 6176
[success] LeavesofGrass 浙江省平湖市 07-28 08:59 -> 辽宁省抚顺市 07-28 14:21 802 8883
[success] LeavesofGrass 湖南省衡阳市 08-04 16:20 -> 宁夏石嘴山市 08-04 19:18 734 7136
[25650] Schwarz 黑黑 of.manufacture@was.taken 1
[25654] 451000
[25659] 15250823
[25663] 2
[success] LeavesofGrass 新疆塔城市 07-07 07:38 -> 陕西省安康市 07-07 17:15 1826 20614
[success] LeavesofGrass 广东省四会市 07-06 15:39 -> 新疆伊宁市 07-07 08:52 2829 2707
[25671] Phantom 傀影 not.done.away@with.class 1
[25675] -1
[25679] 409400
[25689] -1
[25698] 4202496
[25705] -1
[25709] 28000
[25717] Bagpipe 风笛 bourgeoisie@is.itself 2
[25725] 5656062
[25726] Cardigan 卡缇 the.markets@kept.ever 1
[25733] 1
INSCRIPTIONS 黑龙江省五大连池市 08-18 19:22 -> 云南省安宁市 08-18 20:42 156 70655
[25737] 1
ThereforeIsendyou 新疆喀什市 07-09 02:53 -> 安徽省宁国市 07-09 19:16 977 3759
[25747] Exusiai 能天使 of.America@the.rounding 1
[25757] queue
[25765] 1
INSCRIPTIONS 黑龙江省五大连池市 08-02 19:22 -> 广东省高要市 08-02 21:36 292 70655
[25769] 5077135
[25778] 5409376
[25782] 2335571
[25789] 1
ThereforeIsendyou 湖南省汩罗市 07-31 22:12 -> 新疆喀什市 08-01 02:43 498 3759
[25790] 1
AndtodefineAmeric 山东省胶州市 06-21 12:18 -> 江苏省吴江市 06-21 16:50 1215 80198
[25791] 4006688
[25798] 1
Ithinkallwarthr 湖北省石首市 06-28 19:21 -> 河南省濮阳市 06-29 03:47 1298 86945
[25805] -1
[25808] 19
[pending] LeavesofGrass 辽宁省抚顺市 07-10 14:24 -> 浙江省慈溪市 07-11 09:48 2904 2898
[success] LeavesofGrass 福建省建阳市 07-15 21:19 -> 浙江省慈溪市 07-16 09:48 1525 3265
[success] INSCRIPTIONS 北京市 08-21 06:46 -> 新疆米泉市 08-21 14:38 850 17542
[success] INSCRIPTIONS 贵州省清镇市 07-18 16:24 -> 云南省安宁市 07-18 20:42 329 9642
[pending] LeavesofGrass 湖南省衡阳市 07-01 16:20 -> 浙江省慈溪市 07-02 09:48 2659 14037
[success] LeavesofGrass 新疆塔城市 06-28 07:38 -> 陕西省安康市 06-28 17:15 1826 11926
[success] puzzletheNewWorld 黑龙江省尚志市 06-11 20:11 -> 河南省登封市 06-12 09:52 614 839
[success] puzzletheNewWorld 北京市 07-05 02:54 -> 河南省登封市 07-05 09:52 455 6010
[success] LeavesofGrass 湖南省衡阳市 07-23 16:20 -> 宁夏石嘴山市 07-23 19:18 734 3005
[success] puzzletheNewWorld 黑龙江省尚志市 08-06 20:11 -> 河南省登封市 08-07 09:52 614 5803
[pending] LeavesofGrass 广东省四会市 07-25 15:39 -> 浙江省慈溪市 07-26 09:48 2899 5249
[success] whatyouwanted 新疆阿克苏市 08-09 15:58 -> 湖北省松滋市 08-09 21:35 1257 7599
[success] puzzletheNewWorld 湖南省岳阳市 08-03 17:01 -> 河南省登封市 08-04 09:52 1040 1078
[success] IHEARDthatyouask 天津市 08-03 06:35 -> 广东省云浮市 08-03 18:52 229 19653
[success] LeavesofGrass 浙江省杭州市 07-26 11:52 -> 福建省建阳市 07-26 21:14 1781 4781
[success] LeavesofGrass 陕西省安康市 07-22 17:25 -> 河南省偃师市 07-23 03:28 1506 22830
[success] LeavesofGrass 河北省河间市 07-07 18:11 -> 黑龙江省海林市 07-07 22:46 635 13391
[success] IHEARDthatyouask 新疆吐鲁番市 08-03 05:55 -> 广东省云浮市 08-03 18:52 725 1078
[success] LeavesofGrass 浙江省杭州市 07-29 11:52 -> 河南省灵宝市 07-29 23:39 2295 10916
[25811] 1
Deathlessthroughout 湖北省黄冈市 07-09 17:45 -> 福建省长乐市 07-10 07:11 617 73160
[25815] 1
whatyouwanted 四川省华蓥市 07-19 09:39 -> 广东省高州市 07-19 10:58 643 30519
[25816] 1
TOTHEEOLDCAUSE 新疆库尔勒市 06-24 16:36 -> 山西省太原市 06-25 07:46 1061 33971
[25821] -1
[25829] queue
[25838] 1
IHEARDthatyouask 新疆吐鲁番市 07-13 05:55 -> 广东省云浮市 07-13 18:52 725 72294
[25841] 9991009
[25847] 1
puzzletheNewWorld 湖南省岳阳市 08-05 17:01 -> 四川省绵竹市 08-06 14:44 1339 46686
[25854] 3779195
[25859] 6507968
[25867] 1
Ithinkallwarthr 辽宁省沈阳市 08-01 07:11 -> 河南省汝州市 08-01 09:13 315 86945
[25869] Saria 塞雷娅 in.the.common@ruin.of 1
[25872] 18595350
[25882] 1
IHEARDthatyouask 新疆吐鲁番市 08-06 05:55 -> 四川省彭州市 08-06 23:13 745 50930
[25886] Aak 阿阿 in.almost.all@of.these 1
[25896] 1
LeavesofGrass 黑龙江省海林市 08-01 22:56 -> 广东省花都市 08-02 01:39 614 260
[25903] 1
INSCRIPTIONS 贵州省清镇市 08-17 16:24 -> 新疆米泉市 08-18 14:38 1879 40845
[25907] 0
[25917] 1
Afterastrangesad 贵州省清镇市 07-25 02:07 -> 山东省胶州市 07-25 11:06 1597 68496
[25920] 1
Deathlessthroughout 福建省长乐市 07-13 07:14 -> 江西省南昌市 07-14 03:32 1540 73160
[25929] 3647776
[25937] 3
TOtheeoldcause 天津市 08-15 17:57 -> 北京市 08-16 05:48 393 90891
AndtodefineAmeric 天津市 08-15 08:57 -> 北京市 08-15 22:38 2583 80198
Afterastrangesad 天津市 08-15 16:53 -> 北京市 08-16 20:52 4494 68496
[25942] queue
[25945] -1
[25946] 1
AndtodefineAmeric 江苏省吴江市 06-15 17:00 -> 湖北省黄冈市 06-16 01:07 551 80198
[25950] 1114583
[25960] -1
[25962] -1
[25966] 2924075
[25976] 1
everwillbereally 山东省莱阳市 08-22 21:05 -> 河南省林州市 08-23 18:20 3742 91355
[25984] 1
TOtheeoldcause 天津市 07-25 17:57 -> 湖北省宜昌市 07-26 10:47 817 90891
[25988] 19
[success] LeavesofGrass 新疆塔城市 07-20 07:38 -> 浙江省杭州市 07-20 11:46 691 1613
[success] INSCRIPTIONS 广东省惠阳市 07-13 01:41 -> 湖北省枣阳市 07-13 11:59 1099 13877
[success] IHEARDthatyouask 广东省云浮市 07-21 19:00 -> 四川省彭州市 07-21 23:13 20 17704
[success] whatyouwanted 安徽省阜阳市 07-14 08:24 -> 四川省华蓥市 07-14 09:33 19 6277
[success] puzzletheNewWorld 辽宁省辽阳市 07-27 13:05 -> 湖南省岳阳市 07-27 16:56 379 10829
[success] puzzletheNewWorld 湖南省岳阳市 06-24 17:01 -> 四川省绵竹市 06-25 14:44 1339 5317
[success] INSCRIPTIONS 贵州省清镇市 06-27 16:24 -> 北京市 06-28 06:40 1029 10697
[pending] LeavesofGrass 广东省四会市 07-16 15:39 -> 广东省花都市 07-17 01:39 2002 7242
[success] LeavesofGrass 黑龙江省海林市 07-01 22:56 -> 新疆博乐市 07-02 06:04 1039 4322
[pending] LeavesofGrass 湖南省衡阳市 07-27 16:20 -> 新疆伊宁市 07-28 08:52 2589 14381
[success] INSCRIPTIONS 云南省安宁市 07-11 20:50 -> 广东省惠阳市 07-12 01:32 289 12405
[success] puzzletheNewWorld 辽宁省辽阳市 08-04 13:05 -> 四川省绵竹市 08-05 14:44 1718 10347
[success] LeavesofGrass 辽宁省抚顺市 07-23 14:24 -> 广东省花都市 07-24 01:39 2007 4702
[success] LeavesofGrass 浙江省平湖市 07-30 08:59 -> 浙江省杭州市 07-30 11:46 400 7918
[success] INSCRIPTIONS 黑龙江省五大连池市 07-17 19:22 -> 广东省惠阳市 07-18 01:32 445 8617
[success] INSCRIPTIONS 黑龙江省五大连池市 07-22 19:22 -> 广东省高要市 07-22 21:36 292 10060
[success] INSCRIPTIONS 广东省惠阳市 06-28 01:41 -> 湖北省枣阳市 06-28 11:59 1099 11620
[success] LeavesofGrass 新疆塔城市 06-29 07:38 -> 河南省偃师市 06-30 03:28 3332 19401
[success] LeavesofGrass 湖南省衡阳市 07-09 16:20 -> 广东省花都市 07-10 01:39 1762 21243
[25993] 1
Ithinkallwarthr 北京市 07-29 07:42 -> 湖北省丹江口市 07-29 15:37 740 86945
[26003] 2289225
[26010] 413436
[26016] queue
[26017] Dobermann 杜宾 in.a.word.oppressor@and.oppres 1
[26018] FEater 食铁兽 the.worldmarket@conquered.for 1
[26021] -1
[26030] Bison 拜松 classes.again@subordinate.grad 1
[26035] 1
puzzletheNewWorld 辽宁省辽阳市 06-25 13:05 -> 黑龙江省尚志市 06-25 20:04 805 47885
[26041] 12
[success] INSCRIPTIONS 北京市 07-30 06:46 -> 湖北省枣阳市 07-30 11:59 688 5302
[success] IHEARDthatyouask 广东省云浮市 07-24 19:00 -> 四川省彭州市 07-24 23:13 20 22550
[success] INSCRIPTIONS 云南省安宁市 08-15 20:50 -> 湖北省枣阳市 08-16 11:59 1388 14150
[success] INSCRIPTIONS 黑龙江省五大连池市 06-24 19:22 -> 广东省惠阳市 06-25 01:32 445 9930
[pending] LeavesofGrass 辽宁省抚顺市 07-28 14:24 -> 宁夏石嘴山市 07-28 19:18 979 17392
[success] INSCRIPTIONS 云南省安宁市 08-17 20:50 -> 北京市 08-18 06:40 700 8192
[success] LeavesofGrass 新疆塔城市 07-03 07:38 -> 辽宁省抚顺市 07-03 14:21 1093 9058
[success] puzzletheNewWorld 湖南省岳阳市 08-04 17:01 -> 河南省登封市 08-05 09:52 1040 4478
[success] LeavesofGrass 黑龙江省海林市 08-04 22:56 -> 新疆伊宁市 08-05 08:52 1441 16615
[pending] LeavesofGrass 湖南省衡阳市 07-24 16:20 -> 宁夏石嘴山市 07-24 19:18 734 23689
[success] LeavesofGrass 浙江省杭州市 07-06 11:52 -> 广东省四会市 07-06 15:34 407 24144
[success] LeavesofGrass 湖南省衡阳市 07-31 16:20 -> 广东省花都市 08-01 01:39 1762 22133
[26043] Mostima 莫斯提马 of.the.earliest@towns.From 2
[26051] 1
TOTHEEOLDCAUSE 新疆奎屯市 06-27 11:20 -> 山东省聊城市 06-27 13:37 134 33971
[26057] -1
[26067] 1
Deathlessthroughout 山东省莱芜市 08-06 17:36 -> 江西省南昌市 08-07 03:32 449 73160
[26069] ShiraYuki 白雪 and.Danish@languages.I 3
[26079] 1
ThereforeIsendyou 湖南省汩罗市 07-01 22:12 -> 浙江省舟山市 07-02 10:35 910 3759
[26083] -1
[26084] 1
AndtodefineAmeric 辽宁省朝阳市 07-11 18:50 -> 吉林省榆树市 07-12 03:30 647 80198
[26093] 19
[success] LeavesofGrass 新疆塔城市 07-20 07:38 -> 浙江省杭州市 07-20 11:46 691 1613
[success] INSCRIPTIONS 广东省惠阳市 07-13 01:41 -> 湖北省枣阳市 07-13 11:59 1099 13877
[success] IHEARDthatyouask 广东省云浮市 07-21 19:00 -> 四川省彭州市 07-21 23:13 20 17704
[success] whatyouwanted 安徽省阜阳市 07-14 08:24 -> 四川省华蓥市 07-14 09:33 19 6277
[success] puzzletheNewWorld 辽宁省辽阳市 07-27 13:05 -> 湖南省岳阳市 07-27 16:56 379 10829
[success] puzzletheNewWorld 湖南省岳阳市 06-24 17:01 -> 四川省绵竹市 06-25 14:44 1339 5317
[success] INSCRIPTIONS 贵州省清镇市 06-27 16:24 -> 北京市 06-28 06:40 1029 10697
[pending] LeavesofGrass 广东省四会市 07-16 15:39 -> 广东省花都市 07-17 01:39 2002 7242
[success] LeavesofGrass 黑龙江省海林市 07-01 22:56 -> 新疆博乐市 07-02 06:04 1039 4322
[pending] LeavesofGrass 湖南省衡阳市 07-27 16:20 -> 新疆伊宁市 07-28 08:52 2589 14381
[success] INSCRIPTIONS 云南省安宁市 07-11 20:50 -> 广东省惠阳市 07-12 01:32 289 12405
[success] puzzletheNewWorld 辽宁省辽阳市 08-04 13:05 -> 四川省绵竹市 08-05 14:44 1718 10347
[success] LeavesofGrass 辽宁省抚顺市 07-23 14:24 -> 广东省花都市 07-24 01:39 2007 4702
[success] LeavesofGrass 浙江省平湖市 07-30 08:59 -> 浙江省杭州市 07-30 11:46 400 7918
[success] INSCRIPTIONS 黑龙江省五大连池市 07-17 19:22 -> 广东省惠阳市 07-18 01:32 445 8617
[success] INSCRIPTIONS 黑龙江省五大连池市 07-22 19:22 -> 广东省高要市 07-22 21:36 292 10060
[success] INSCRIPTIONS 广东省惠阳市 06-28 01:41 -> 湖北省枣阳市 06-28 11:59 1099 11620
[success] LeavesofGrass 新疆塔城市 06-29 07:38 -> 河南省偃师市 06-30 03:28 3332 19401
[success] LeavesofGrass 湖南省衡阳市 07-09 16:20 -> 广东省花都市 07-10 01:39 1762 21243
[26102] 0
[26110] 1743220
[26115] 22272352
[26122] Siege 推进之王 monopolised@by.closed 1
[26129] -1
[26130] -1
[26132] 1
IHEARDthatyouask 新疆吐鲁番市 07-31 05:55 -> 天津市 07-31 06:30 496 75073
[26136] 1
Deathlessthroughout 福建省长乐市 07-03 07:14 -> 江西省南昌市 07-04 03:32 1540 73160
[26139] -1
[26141] 1
TOTHEEOLDCAUSE 新疆奎屯市 06-16 11:20 -> 安徽省桐城市 06-17 11:13 2034 33971
[26150] 1
Deathlessthroughout 河北省安国市 07-03 10:54 -> 山东省威海市 07-03 21:57 1091 73160
[26157] 0
[26159] 1
INSCRIPTIONS 广东省高要市 06-29 21:40 -> 湖北省枣阳市 06-30 11:59 1252 54835
[26162] 1
IHEARDthatyouask 新疆吐鲁番市 08-07 05:55 -> 四川省彭州市 08-07 23:13 745 72349
[26167] 2404432
[26177] Bibeak 柏喙 in.the.development@of.the 1
[26186] 5935980
[26190] queue
[26191] -1
[26192] 0
[26195] 1
TOtheeoldcause 北京市 07-26 05:54 -> 湖北省宜昌市 07-26 10:47 424 90891
[26199] 4
[success] ThereforeIsendyou 新疆喀什市 06-30 02:53 -> 河南省驻马店市 06-30 13:30 789 524
[success] IHEARDthatyouask 广东省云浮市 07-17 19:00 -> 四川省彭州市 07-17 23:13 20 1400
[success] LeavesofGrass 新疆塔城市 08-01 07:38 -> 河南省灵宝市 08-01 23:39 2986 20534
[success] LeavesofGrass 陕西省安康市 07-19 17:25 -> 浙江省慈溪市 07-20 09:48 2171 4583
[26206] 1
Afterastrangesad 黑龙江省绥芬河市 08-21 19:36 -> 山西省太原市 08-22 10:29 2317 68496
[26209] Indra 因陀罗 ruins.of.feudal@society.has 1
[26215] 1
INSCRIPTIONS 黑龙江省五大连池市 06-17 19:22 -> 江苏省扬州市 06-18 08:14 1056 33528
[26221] Platinum 白金 handed.down@from.the 2
[26225] 1
TOTHEEOLDCAUSE 湖北省麻城市 07-31 20:21 -> 广东省湛江市 08-01 19:57 1811 33971
[26227] -1
[26229] 5410272
[26238] 5045140
[26246] 1
INSCRIPTIONS 黑龙江省五大连池市 07-05 19:22 -> 北京市 07-06 06:40 856 45203
[26253] 1
Ithinkallwarthr 陕西省华阴市 07-26 12:21 -> 河南省汝州市 07-27 09:13 3342 86945
[26262] 1930190
[26271] Snowsant 雪雉 new.forms.of@struggle.in 2
[26277] 10
[pending] LeavesofGrass 广东省四会市 06-30 15:39 -> 新疆伊宁市 07-01 08:52 2829 9295
[success] LeavesofGrass 辽宁省抚顺市 07-23 14:24 -> 湖南省衡阳市 07-23 16:17 245 11935
[success] IHEARDthatyouask 新疆吐鲁番市 07-17 05:55 -> 天津市 07-17 06:30 496 8078
[success] LeavesofGrass 浙江省杭州市 08-03 11:52 -> 福建省建阳市 08-03 21:14 1781 7227
[pending] LeavesofGrass 陕西省安康市 07-15 17:25 -> 新疆博乐市 07-16 06:04 1699 9883
[success] IHEARDthatyouask 新疆吐鲁番市 08-05 05:55 -> 广东省云浮市 08-05 18:52 725 1625
[success] INSCRIPTIONS 贵州省清镇市 07-22 16:24 -> 广东省惠阳市 07-23 01:32 618 13451
[success] LeavesofGrass 浙江省杭州市 07-04 11:52 -> 广东省四会市 07-04 15:34 407 4129
[success] LeavesofGrass 河北省河间市 07-30 18:11 -> 河南省偃师市 07-31 03:28 1481 17
[success] LeavesofGrass 新疆博乐市 07-28 06:11 -> 浙江省慈溪市 07-28 09:48 472 20266
[26281] 1
Ithinkallwarthr 湖北省石首市 08-10 19:21 -> 河南省濮阳市 08-11 03:47 1298 86945
[26290] Lappland 拉普兰德 the.mediaeval@commune.here 1
[26299] 13448490
[26300] 1
TOtheeoldcause 北京市 07-31 05:54 -> 湖北省宜昌市 07-31 10:47 424 90891
[26302] 36540078
[26305] 1
puzzletheNewWorld 辽宁省辽阳市 07-28 13:05 -> 湖南省岳阳市 07-28 16:56 379 47885
[26315] 15625582
[26318] 1
whatyouwanted 山东省乳山市 07-10 04:53 -> 广东省高州市 07-10 10:58 1336 30519
[26320] -1
[26325] 1
Afterastrangesad 贵州省清镇市 08-04 02:07 -> 黑龙江省穆棱市 08-04 03:49 427 68496
[26331] Skadi 斯卡 slaves.in.the@Middle.Ages 2
[26341] 1
ThereforeIsendyou 浙江省舟山市 07-03 10:45 -> 河南省驻马店市 07-03 13:30 377 3759
[26346] Indra 因陀罗 ruins.of.feudal@society.has 1
[26347] 21089640
[26356] Midnight 月见夜 longer.sufficed@Thereupon.stea 1
[26363] 1
AndtodefineAmeric 天津市 08-11 08:57 -> 江西省吉安市 08-11 21:09 2318 80198
[26368] 14883190
[26376] -1
[26385] -1
[26387] 133760
[26397] 4
[success] TOtheeoldcause 天津市 08-10 17:57 -> 北京市 08-11 05:48 393 5825
[success] IHEARDthatyouask 天津市 07-08 06:35 -> 广东省云浮市 07-08 18:52 229 10199
[success] LeavesofGrass 新疆塔城市 07-07 07:38 -> 陕西省安康市 07-07 17:15 1826 20614
[success] LeavesofGrass 广东省四会市 07-06 15:39 -> 新疆伊宁市 07-07 08:52 2829 2707
[26399] queue
[26409] 8591024
[26414] 7277967
[26416] Nearl 临光 history.we@find.almost 1
[26426] 8536704
[26428] queue
[26437] 1
everwillbereally 云南省保山市 07-24 02:47 -> 贵州省铜仁市 07-24 03:12 346 91355
[26447] 2660532
[26456] -1
[26463] 1
Afterastrangesad 湖北省荆门市 07-25 00:40 -> 山西省太原市 07-25 10:29 1432 68496
[26466] 170272
[26469] 4893466
[26474] 1
Ithinkallwarthr 黑龙江省五大连池市 07-30 09:51 -> 湖北省石首市 07-30 19:18 1085 86945
[26482] Aak 阿阿 in.almost.all@of.these 1
[26483] 1
TOTHEEOLDCAUSE 吉林省长春市 07-15 04:55 -> 四川省绵阳市 07-15 17:54 1116 33971
[26488] Aak 阿阿 in.almost.all@of.these 1
[26490] TOTHEEOLDCAUSE V
新疆奎屯市 xx-xx xx:xx -> 07-09 11:20 0 33971
山东省聊城市 07-09 13:37 -> 07-09 13:46 134 33971
河北省唐山市 07-09 15:26 -> 07-09 15:34 277 33971
新疆库尔勒市 07-09 16:31 -> 07-09 16:36 604 33971
湖北省麻城市 07-09 20:14 -> 07-09 20:21 743 33971
河南省周口市 07-09 23:49 -> 07-09 23:57 1106 33971
山东省滕州市 07-10 01:56 -> 07-10 02:06 1111 33971
吉林省长春市 07-10 04:46 -> 07-10 04:55 1257 33971
山西省太原市 07-10 07:46 -> 07-10 07:56 1665 33971
安徽省桐城市 07-10 11:13 -> 07-10 11:16 2034 33971
宁夏银川市 07-10 14:45 -> 07-10 14:55 2067 33971
四川省绵阳市 07-10 17:54 -> 07-10 17:59 2373 33971
广东省湛江市 07-10 19:57 -> xx-xx xx:xx 2554 x
[26492] -1
[26498] -1
[26501] 1481456
[26507] 78472152
[26512] 1
everwillbereally 广西贵港市 07-11 11:06 -> 山东省青州市 07-12 00:11 1438 91355
[26514] 1
LeavesofGrass 浙江省杭州市 07-08 11:52 -> 广东省花都市 07-09 01:39 2409 25049
[26519] 7
[success] LeavesofGrass 浙江省平湖市 07-21 08:59 -> 新疆伊宁市 07-22 08:52 3636 21582
[success] Afterastrangesad 四川省广元市 07-31 16:17 -> 山东省淄博市 07-31 19:22 466 10501
[success] LeavesofGrass 湖南省衡阳市 08-04 16:20 -> 河南省灵宝市 08-04 23:39 1648 5213
[success] TOtheeoldcause 天津市 08-10 17:57 -> 北京市 08-11 05:48 393 5825
[success] IHEARDthatyouask 天津市 07-08 06:35 -> 广东省云浮市 07-08 18:52 229 10199
[success] LeavesofGrass 新疆塔城市 07-07 07:38 -> 陕西省安康市 07-07 17:15 1826 20614
[success] LeavesofGrass 广东省四会市 07-06 15:39 -> 新疆伊宁市 07-07 08:52 2829 2707
[26525] Schwarz 黑黑 of.manufacture@was.taken 1
[26534] queue
[26542] 1
Afterastrangesad 四川省广元市 08-23 16:17 -> 四川省崇州市 08-23 17:38 316 68496
[26549] queue
[26556] 1
AndtodefineAmeric 山东省胶州市 08-14 12:18 -> 山东省乐陵市 08-14 14:08 938 80198
[26557] 1
IHEARDthatyouask 新疆吐鲁番市 07-30 05:55 -> 四川省彭州市 07-30 23:13 745 41632
[26565] 0
[26573] -1
[26580] -1
[26584] 67669
[26585] 2
INSCRIPTIONS 贵州省清镇市 08-01 16:24 -> 北京市 08-02 06:40 1029 60484
Afterastrangesad 贵州省清镇市 08-01 02:07 -> 北京市 08-01 20:52 3421 68496
[26586] 22108347
[26594] Mayer 梅尔 colonisation@of.America 1
[26596] Specter 幽灵鲨 has.put.an@end.to 1
[26598] 4590369
[26602] Executor 送葬人 history.of@all.hitherto 1
[26605] 1
LeavesofGrass 陕西省安康市 07-29 17:25 -> 河北省河间市 07-29 18:01 25 16044
[26606] 13904906
[26607] Mayer 梅尔 colonisation@of.America 1
[26617] -1
[26625] 1
AndtodefineAmeric 江苏省吴江市 08-13 17:00 -> 湖南省吉首市 08-14 11:01 1543 80198
[26626] 260208
[26627] 1
Ithinkallwarthr 安徽省宣州市 07-09 20:07 -> 海南省万宁市 07-10 00:48 799 86945
[26635] -1
[26640] queue
[26647] Spot 斑点 with.a.Manifesto@of.the 1
[26649] Manticore 狮蝎 not.hurled@back.the 2
[26654] Adnachiel 安德切尔 elements.of@the.bourgeoisie 2
[26658] 250420
[26659] Scavenger 清道夫 the.common@affairs.of 1
[26668] Purestream 清流 party.itself@To.this 1
[26675] 1
everwillbereally 湖南省汩罗市 07-10 09:18 -> 甘肃省玉门市 07-10 16:02 789 91355
[26678] 0
[26684] Istina 真理 a.counterpoise@against.the 1
[26688] 5307204
[26694] 17446437
[26696] 0
[26704] -1
[26710] 1
LeavesofGrass 浙江省平湖市 07-02 08:59 -> 福建省建阳市 07-02 21:14 2181 11670
[26716] -1
[26725] 1
ThereforeIsendyou 天津市 07-24 17:39 -> 河南省驻马店市 07-25 13:30 1518 3759
[26728] -1
[26731] queue
[26741] 14289982
[26749] queue
[26752] Bison 拜松 classes.again@subordinate.grad 1
[26762] 9227088
[26770] queue
[26775] 2
Afterastrangesad 北京市 07-23 20:55 -> 四川省绵竹市 07-23 22:36 17 68496
puzzletheNewWorld 北京市 07-23 02:54 -> 四川省绵竹市 07-23 14:44 754 40837
[26781] Glaucus 格劳克斯 the.increase@in.the 2
[26782] Bibeak 柏喙 in.the.development@of.the 1
[26791] 1
INSCRIPTIONS 云南省安宁市 07-23 20:50 -> 广东省高要市 07-23 21:36 136 43520
[26797] 193980
[26805] Weedy 温蒂 development@The.feudal 2
[26809] queue
[26816] 1264980
[26820] 15943817
[26830] -1
[26840] -1
[26845] 1
everwillbereally 广西贵港市 07-27 11:06 -> 新疆乌鲁木齐市 07-27 20:24 1055 91355
[26852] -1
[26861] Durnar 坚雷 adversaries@Two.things 1
[26871] Ifrit 伊芙利特 one.another@carried.on 2
[26873] 381520
[26875] Weedy 温蒂 development@The.feudal 2
[26877] 1
IHEARDthatyouask 新疆吐鲁番市 07-23 05:55 -> 四川省彭州市 07-23 23:13 745 45133
[26887] -1
[26888] -1
[26894] Eyjafjalla 艾雅法拉 its.place.The@guildmasters.wer 2
[26898] -1
[26906] -1
[26911] 14
[pending] LeavesofGrass 河南省灵宝市 07-15 23:45 -> 广东省花都市 07-16 01:39 114 14312
[success] INSCRIPTIONS 北京市 07-16 06:46 -> 新疆米泉市 07-16 14:38 850 1288
[success] INSCRIPTIONS 广东省高要市 08-05 21:40 -> 新疆米泉市 08-06 14:38 1414 17415
[success] INSCRIPTIONS 云南省安宁市 06-21 20:50 -> 广东省高要市 06-21 21:36 136 16093
[success] INSCRIPTIONS 云南省安宁市 08-22 20:50 -> 新疆米泉市 08-23 14:38 1550 15202
[success] LeavesofGrass 辽宁省抚顺市 07-11 14:24 -> 陕西省安康市 07-11 17:15 733 6915
[success] IHEARDthatyouask 新疆吐鲁番市 08-04 05:55 -> 广东省云浮市 08-04 18:52 725 11892
[success] IHEARDthatyouask 天津市 08-05 06:35 -> 四川省彭州市 08-05 23:13 249 9858
[success] INSCRIPTIONS 广东省高要市 06-25 21:40 -> 新疆米泉市 06-26 14:38 1414 10904
[success] LeavesofGrass 辽宁省抚顺市 07-06 14:24 -> 新疆伊宁市 07-07 08:52 2834 8777
[success] LeavesofGrass 广东省四会市 08-03 15:39 -> 广东省花都市 08-04 01:39 2002 11377
[success] INSCRIPTIONS 贵州省清镇市 07-09 16:24 -> 广东省高要市 07-09 21:36 465 15846
[success] INSCRIPTIONS 贵州省清镇市 08-14 16:24 -> 北京市 08-15 06:40 1029 17445
[success] LeavesofGrass 福建省建阳市 06-28 21:19 -> 浙江省慈溪市 06-29 09:48 1525 15842
[26918] queue
[26920] -1
[26925] 0
[26929] 1772204
[26934] 1727811
[26941] 10351432
[26950] 0
[26958] 738555
[26962] Skyfire 天火 published.in@the.English 1
[26968] 1830626
[26975] Silence 赫默 stood.in.constant@opposition.t 1
[26977] -1
[26983] 10889759
[26986] Istina 真理 a.counterpoise@against.the 1
[26989] 1
LeavesofGrass 黑龙江省海林市 07-06 22:56 -> 河南省偃师市 07-07 03:28 846 2598
[26995] -1
[27004] Swire 诗怀 the.place.of@the.industrial 1
[27014] 4060450
[27019] 1
ThereforeIsendyou 新疆喀什市 07-30 02:53 -> 安徽省宁国市 07-30 19:16 977 3759
[27021] Greyy 格雷 a.committee@for.managing 4
[27027] -1
[27028] 1
IHEARDthatyouask 天津市 07-29 06:35 -> 四川省彭州市 07-29 23:13 249 76107
[27033] 1265532
[27037] -1
[27040] 1
LeavesofGrass 黑龙江省海林市 07-06 22:56 -> 河南省灵宝市 07-06 23:39 500 2598
[27047] Leizi 惊蛰 this.spectre@Pope.and 1
[27057] -1
[27060] 14
[pending] LeavesofGrass 河南省灵宝市 07-15 23:45 -> 广东省花都市 07-16 01:39 114 14312
[success] INSCRIPTIONS 北京市 07-16 06:46 -> 新疆米泉市 07-16 14:38 850 1288
[success] INSCRIPTIONS 广东省高要市 08-05 21:40 -> 新疆米泉市 08-06 14:38 1414 17415
[success] INSCRIPTIONS 云南省安宁市 06-21 20:50 -> 广东省高要市 06-21 21:36 136 16093
[success] INSCRIPTIONS 云南省安宁市 08-22 20:50 -> 新疆米泉市 08-23 14:38 1550 15202
[success] LeavesofGrass 辽宁省抚顺市 07-11 14:24 -> 陕西省安康市 07-11 17:15 733 6915
[success] IHEARDthatyouask 新疆吐鲁番市 08-04 05:55 -> 广东省云浮市 08-04 18:52 725 11892
[success] IHEARDthatyouask 天津市 08-05 06:35 -> 四川省彭州市 08-05 23:13 249 9858
[success] INSCRIPTIONS 广东省高要市 06-25 21:40 -> 新疆米泉市 06-26 14:38 1414 10904
[success] LeavesofGrass 辽宁省抚顺市 07-06 14:24 -> 新疆伊宁市 07-07 08:52 2834 8777
[success] LeavesofGrass 广东省四会市 08-03 15:39 -> 广东省花都市 08-04 01:39 2002 11377
[success] INSCRIPTIONS 贵州省清镇市 07-09 16:24 -> 广东省高要市 07-09 21:36 465 15846
[success] INSCRIPTIONS 贵州省清镇市 08-14 16:24 -> 北京市 08-15 06:40 1029 17445
[success] LeavesofGrass 福建省建阳市 06-28 21:19 -> 浙江省慈溪市 06-29 09:48 1525 15842
[27069] 1
Afterastrangesad 四川省宜宾市 07-23 22:24 -> 四川省广元市 07-24 16:10 3006 68496
[27076] -1
[27086] queue
[27093] 1
TOTHEEOLDCAUSE 吉林省长春市 07-27 04:55 -> 山西省太原市 07-27 07:46 408 33971
[27094] 4206576
[27104] 0
[27111] 7221285
[27117] Weedy 温蒂 development@The.feudal 2
[27118] 6198750
[27119] 1
AndtodefineAmeric 云南省保山市 07-17 09:33 -> 辽宁省朝阳市 07-17 18:41 1721 80198
[27123] Skadi 斯卡 slaves.in.the@Middle.Ages 2
[27132] 12557922
[27136] Steward 史都华德 society.at@large.or 1
[27142] 1
LeavesofGrass 辽宁省抚顺市 07-23 14:24 -> 福建省建阳市 07-23 21:14 1379 5903
[27144] -1
[27152] 1
Afterastrangesad 天津市 07-27 16:53 -> 黑龙江省绥芬河市 07-27 19:30 151 68496
[27156] 1
Afterastrangesad 山东省淄博市 08-02 19:31 -> 云南省昆明市 08-03 01:11 641 68496
[27160] Matterhorn 角峰 an.immense@development.to 1
[27168] -1
[27175] 6613056
[27180] 1
INSCRIPTIONS 云南省安宁市 08-15 20:50 -> 广东省高要市 08-15 21:36 136 15649
[27185] 1
AndtodefineAmeric 湖北省黄冈市 07-17 01:14 -> 河南省周口市 07-17 06:51 391 80198
[27195] 252620
[27205] queue
[27210] -1
[27220] Vulcan 火神 commodities@generally.gave 2
[27227] 0
[27235] 1
INSCRIPTIONS 广东省惠阳市 06-22 01:41 -> 湖北省枣阳市 06-22 11:59 1099 44388
[27240] 15
[pending] LeavesofGrass 湖南省衡阳市 07-14 16:20 -> 河北省河间市 07-14 18:01 513 4991
[success] IHEARDthatyouask 天津市 07-17 06:35 -> 广东省云浮市 07-17 18:52 229 7994
[success] puzzletheNewWorld 辽宁省辽阳市 06-16 13:05 -> 湖南省岳阳市 06-16 16:56 379 4676
[success] LeavesofGrass 陕西省安康市 07-14 17:25 -> 河南省偃师市 07-15 03:28 1506 24263
[success] LeavesofGrass 新疆塔城市 07-20 07:38 -> 陕西省安康市 07-20 17:15 1826 7365
[pending] LeavesofGrass 广东省四会市 06-30 15:39 -> 新疆伊宁市 07-01 08:52 2829 9295
[success] LeavesofGrass 辽宁省抚顺市 07-23 14:24 -> 湖南省衡阳市 07-23 16:17 245 11935
[success] IHEARDthatyouask 新疆吐鲁番市 07-17 05:55 -> 天津市 07-17 06:30 496 8078
[success] LeavesofGrass 浙江省杭州市 08-03 11:52 -> 福建省建阳市 08-03 21:14 1781 7227
[pending] LeavesofGrass 陕西省安康市 07-15 17:25 -> 新疆博乐市 07-16 06:04 1699 9883
[success] IHEARDthatyouask 新疆吐鲁番市 08-05 05:55 -> 广东省云浮市 08-05 18:52 725 1625
[success] INSCRIPTIONS 贵州省清镇市 07-22 16:24 -> 广东省惠阳市 07-23 01:32 618 13451
[success] LeavesofGrass 浙江省杭州市 07-04 11:52 -> 广东省四会市 07-04 15:34 407 4129
[success] LeavesofGrass 河北省河间市 07-30 18:11 -> 河南省偃师市 07-31 03:28 1481 17
[success] LeavesofGrass 新疆博乐市 07-28 06:11 -> 浙江省慈溪市 07-28 09:48 472 20266
[27245] 25
[success] IHEARDthatyouask 新疆吐鲁番市 07-27 05:55 -> 天津市 07-27 06:30 496 8481
[success] LeavesofGrass 浙江省平湖市 07-07 08:59 -> 福建省建阳市 07-07 21:14 2181 580
[success] TOtheeoldcause 北京市 07-26 05:54 -> 湖北省宜昌市 07-26 10:47 424 3494
[success] TOtheeoldcause 天津市 08-08 17:57 -> 北京市 08-09 05:48 393 18519
[success] IHEARDthatyouask 新疆吐鲁番市 07-13 05:55 -> 四川省彭州市 07-13 23:13 745 6772
[success] LeavesofGrass 湖南省衡阳市 07-15 16:20 -> 河南省灵宝市 07-15 23:39 1648 1459
[success] LeavesofGrass 新疆塔城市 07-20 07:38 -> 浙江省杭州市 07-20 11:46 691 1613
[success] INSCRIPTIONS 广东省惠阳市 07-13 01:41 -> 湖北省枣阳市 07-13 11:59 1099 13877
[success] IHEARDthatyouask 广东省云浮市 07-21 19:00 -> 四川省彭州市 07-21 23:13 20 17704
[success] whatyouwanted 安徽省阜阳市 07-14 08:24 -> 四川省华蓥市 07-14 09:33 19 6277
[success] puzzletheNewWorld 辽宁省辽阳市 07-27 13:05 -> 湖南省岳阳市 07-27 16:56 379 10829
[success] puzzletheNewWorld 湖南省岳阳市 06-24 17:01 -> 四川省绵竹市 06-25 14:44 1339 5317
[success] INSCRIPTIONS 贵州省清镇市 06-27 16:24 -> 北京市 06-28 06:40 1029 10697
[pending] LeavesofGrass 广东省四会市 07-16 15:39 -> 广东省花都市 07-17 01:39 2002 7242
[success] LeavesofGrass 黑龙江省海林市 07-01 22:56 -> 新疆博乐市 07-02 06:04 1039 4322
[pending] LeavesofGrass 湖南省衡阳市 07-27 16:20 -> 新疆伊宁市 07-28 08:52 2589 14381
[success] INSCRIPTIONS 云南省安宁市 07-11 20:50 -> 广东省惠阳市 07-12 01:32 289 12405
[success] puzzletheNewWorld 辽宁省辽阳市 08-04 13:05 -> 四川省绵竹市 08-05 14:44 1718 10347
[success] LeavesofGrass 辽宁省抚顺市 07-23 14:24 -> 广东省花都市 07-24 01:39 2007 4702
[success] LeavesofGrass 浙江省平湖市 07-30 08:59 -> 浙江省杭州市 07-30 11:46 400 7918
[success] INSCRIPTIONS 黑龙江省五大连池市 07-17 19:22 -> 广东省惠阳市 07-18 01:32 445 8617
[success] INSCRIPTIONS 黑龙江省五大连池市 07-22 19:22 -> 广东省高要市 07-22 21:36 292 10060
[success] INSCRIPTIONS 广东省惠阳市 06-28 01:41 -> 湖北省枣阳市 06-28 11:59 1099 11620
[success] LeavesofGrass 新疆塔城市 06-29 07:38 -> 河南省偃师市 06-30 03:28 3332 19401
[success] LeavesofGrass 湖南省衡阳市 07-09 16:20 -> 广东省花都市 07-10 01:39 1762 21243
[27255] 1250808
[27258] 11200732
[27259] 4181983
[27263] 1
LeavesofGrass 浙江省平湖市 07-14 08:59 -> 河北省河间市 07-14 18:01 1560 1723
[27268] 1
TOFOREIGNLANDS 江西省鹰潭市 07-02 08:47 -> 浙江省乐清市 07-02 16:23 850 92870
[27276] 1
everwillbereally 福建省莆田市 08-08 22:28 -> 天津市 08-09 08:41 2023 91355
[27282] 1
Ithinkallwarthr 陕西省华阴市 08-08 12:21 -> 山东省栖霞市 08-08 21:48 1417 86945
[27291] Vulcan 火神 commodities@generally.gave 2
[27293] queue
[27297] 2202720
[27306] queue
[27315] ProjeKTRed 红红 all.feudal@patriarchal.idyllic 1
[27319] Flamebringer 炎客 nationalities@have.assembled 2
[27322] queue
[27323] Liskarm 雷蛇 of.the.feudal@nobility.an 1
[27327] 1
INSCRIPTIONS 广东省惠阳市 07-25 01:41 -> 北京市 07-25 06:40 411 34660
[27337] Chen 陈陈 into.various@orders.a 2
[27339] 1
IHEARDthatyouask 新疆吐鲁番市 07-28 05:55 -> 天津市 07-28 06:30 496 71499
[27345] Cardigan 卡缇 the.markets@kept.ever 1
[27348] queue
[27355] 1
IHEARDthatyouask 新疆吐鲁番市 08-05 05:55 -> 四川省彭州市 08-05 23:13 745 76808
[27364] 1
Afterastrangesad 四川省崇州市 08-12 17:42 -> 云南省昆明市 08-13 01:11 791 68496
[27365] 1059270
[27366] 9414009
[27371] 4540841
[27376] 1
IHEARDthatyouask 广东省云浮市 07-14 19:00 -> 四川省彭州市 07-14 23:13 20 31452
[27381] Vermeil 红云 production@The.place 1
[27391] 1380954
[27394] 5624993
[27397] 2219350
[27407] 1
everwillbereally 贵州省铜仁市 08-12 03:20 -> 天津市 08-12 08:41 1021 91355
[27416] 13
[success] LeavesofGrass 浙江省平湖市 06-28 08:59 -> 辽宁省抚顺市 06-28 14:21 802 13966
[success] INSCRIPTIONS 北京市 07-21 06:46 -> 湖北省枣阳市 07-21 11:59 688 9612
[success] INSCRIPTIONS 贵州省清镇市 07-20 16:24 -> 江苏省扬州市 07-21 08:14 1229 10218
[success] LeavesofGrass 浙江省杭州市 07-26 11:52 -> 黑龙江省海林市 07-26 22:46 1795 4023
[success] INSCRIPTIONS 北京市 06-15 06:46 -> 新疆米泉市 06-15 14:38 850 4777
[success] LeavesofGrass 辽宁省抚顺市 07-08 14:24 -> 河南省灵宝市 07-08 23:39 1893 11679
[success] LeavesofGrass 浙江省平湖市 07-21 08:59 -> 新疆伊宁市 07-22 08:52 3636 21582
[success] Afterastrangesad 四川省广元市 07-31 16:17 -> 山东省淄博市 07-31 19:22 466 10501
[success] LeavesofGrass 湖南省衡阳市 08-04 16:20 -> 河南省灵宝市 08-04 23:39 1648 5213
[success] TOtheeoldcause 天津市 08-10 17:57 -> 北京市 08-11 05:48 393 5825
[success] IHEARDthatyouask 天津市 07-08 06:35 -> 广东省云浮市 07-08 18:52 229 10199
[success] LeavesofGrass 新疆塔城市 07-07 07:38 -> 陕西省安康市 07-07 17:15 1826 20614
[success] LeavesofGrass 广东省四会市 07-06 15:39 -> 新疆伊宁市 07-07 08:52 2829 2707
[27423] 1
Afterastrangesad 天津市 08-22 16:53 -> 四川省绵竹市 08-23 22:36 4511 68496
[27427] -1
[27436] 1
LeavesofGrass 浙江省平湖市 07-17 08:59 -> 福建省建阳市 07-17 21:14 2181 40273
[27437] 25426800
[27443] 1
Afterastrangesad 山西省太原市 08-04 10:36 -> 四川省绵竹市 08-04 22:36 2043 68496
[27452] 1
everwillbereally 云南省保山市 06-10 02:47 -> 安徽省亳州市 06-10 22:12 3148 91355
[27459] 1
everwillbereally 辽宁省朝阳市 06-28 00:55 -> 江苏省南京市 06-28 02:11 251 91355
[27462] -1
[27464] -1
[27465] 6379593
[27475] 1433769
[27477] 0
[27479] 1
puzzletheNewWorld 辽宁省辽阳市 06-29 13:05 -> 黑龙江省尚志市 06-29 20:04 805 47885
[27481] -1
[27482] 1
whatyouwanted 湖北省利川市 08-03 22:30 -> 山东省莱州市 08-04 10:04 1829 23354
[27486] 1
ThereforeIsendyou 新疆喀什市 07-16 02:53 -> 安徽省宁国市 07-16 19:16 977 3759
[27492] 22778315
[27500] Durnar 坚雷 adversaries@Two.things 1
[27505] 1
everwillbereally 云南省大理市 06-22 06:41 -> 广西贵港市 06-22 11:02 686 91355
[27511] Breeze 微风 America.paved@the.way 1
[27520] 288306
[27526] 0
[27530] 1
IHEARDthatyouask 天津市 07-12 06:35 -> 四川省彭州市 07-12 23:13 249 46203
[27539] Lappland 拉普兰德 the.mediaeval@commune.here 1
[27545] -1
[27554] queue
[27562] 1
Ithinkallwarthr 山东省栖霞市 07-20 21:55 -> 江苏省宿迁市 07-21 14:50 2222 86945
[27572] -1
[27575] 1
Deathlessthroughout 湖北省黄冈市 07-15 17:45 -> 北京市 07-16 04:10 477 73160
[27584] Vermeil 红云 production@The.place 1
[27592] Meteor 流星 The.executive@of.the 1
[27599] 1
TOFOREIGNLANDS 湖南省常宁市 06-29 02:20 -> 湖北省洪湖市 06-29 11:19 862 92870
[27600] -1
[27606] Frostleaf 霜叶 class.under@the.sway 1
[27611] 1
LEAVESOFGRASS 四川省崇州市 07-17 09:17 -> 广东省南海市 07-18 02:03 2836 67839
[27614] 26799500
[27616] 1
ThereforeIsendyou 天津市 06-30 17:39 -> 安徽省宁国市 07-01 19:16 1706 3759
[27626] -1
[27633] Breeze 微风 America.paved@the.way 1
[27641] 10458125
[27648] -1
[27653] Leizi 惊蛰 this.spectre@Pope.and 1
[27662] Rangers 巡林 arrangement@of.society 3
[27665] 268720
[27667] 1
LEAVESOFGRASS 新疆乌苏市 08-06 12:59 -> 河南省安阳市 08-06 18:14 1133 67839
[27670] 1
puzzletheNewWorld 湖南省岳阳市 08-11 17:01 -> 北京市 08-12 02:45 585 47885
[27676] -1
[27684] 1
TOTHEEOLDCAUSE 山西省太原市 07-22 07:56 -> 四川省绵阳市 07-22 17:54 708 33971
[27688] 15422500
[27691] Bibeak 柏喙 in.the.development@of.the 1
[27694] -1
[27701] 1
puzzletheNewWorld 北京市 08-04 02:54 -> 河南省登封市 08-04 09:52 455 46807
[27702] 1
Afterastrangesad 湖北省荆门市 07-21 00:40 -> 北京市 07-21 20:52 3458 68496
[27707] 1
LeavesofGrass 宁夏石嘴山市 07-05 19:25 -> 新疆博乐市 07-06 06:04 1453 16233
[27713] 1
Thesechantsforthe 湖南省岳阳市 08-03 20:27 -> 福建省福安市 08-04 19:41 3080 60930
[27718] 1
LEAVESOFGRASS 新疆乌苏市 07-22 12:59 -> 甘肃省张掖市 07-23 00:10 1910 67839
[27721] 4801356
[27724] 6561160
[27731] -1
[27738] Franka 芙兰 relations.It@has.pitilessly 1
[27747] 3
TOtheeoldcause 天津市 08-04 17:57 -> 北京市 08-05 05:48 393 90891
AndtodefineAmeric 天津市 08-04 08:57 -> 北京市 08-04 22:38 2583 80198
Afterastrangesad 天津市 08-04 16:53 -> 北京市 08-05 20:52 4494 68496
[27752] 1
Thesechantsforthe 江苏省常熟市 07-12 14:37 -> 河南省南阳市 07-12 16:26 288 60930
[27760] Bagpipe 风笛 bourgeoisie@is.itself 2
[27761] 19689871
[27763] Myrtle 桃金娘 in.proportion@as.industry 1
[27767] Grani 格拉尼 serfs.of.the@Middle.Ages 1
[27771] Lava 炎熔 modern.bourgeois@Modern.indust 1
[27778] Croissant 可颂 torn.asunder@the.motley 1
[27785] 1
whatyouwanted 安徽省阜阳市 07-19 08:24 -> 湖北省松滋市 07-19 21:35 2499 30519
[27791] 1
TOFOREIGNLANDS 广西凭祥市 07-23 06:08 -> 四川省攀枝花市 07-23 20:01 1612 92870
[27797] 1
Thesechantsforthe 浙江省江山市 08-08 16:55 -> 内蒙临河市 08-09 01:46 1209 60930
[27800] 1
TOTHEEOLDCAUSE 安徽省桐城市 07-12 11:16 -> 四川省绵阳市 07-12 17:54 339 33971
[27807] 15811666
[27814] 1
ThereforeIsendyou 新疆喀什市 07-24 02:53 -> 安徽省宁国市 07-24 19:16 977 3759
[27815] -1
[27816] 1
TOFOREIGNLANDS 河北省张家口市 07-16 22:51 -> 湖北省洪湖市 07-17 11:19 1301 92870
[27825] 6722800
[27830] 1914185
[27838] 11902356
[27846] 1
Afterastrangesad 山东省胶州市 08-03 11:16 -> 黑龙江省海伦市 08-03 13:32 432 68496
[27853] 2
INSCRIPTIONS 贵州省清镇市 07-22 16:24 -> 北京市 07-23 06:40 1029 24652
Afterastrangesad 贵州省清镇市 07-22 02:07 -> 北京市 07-22 20:52 3421 68496
[27860] 935136
[27861] Glaucus 格劳克斯 the.increase@in.the 2
[27864] -1
[27865] 1
TOFOREIGNLANDS 湖北省洪湖市 07-31 11:29 -> 甘肃省敦煌市 07-31 20:48 1154 92870
[27869] 4248615
[27873] Skadi 斯卡 slaves.in.the@Middle.Ages 2
[27874] 1
TOTHEEOLDCAUSE 吉林省长春市 07-14 04:55 -> 广东省湛江市 07-14 19:57 1297 33971
[27884] 1
Ithinkallwarthr 北京市 08-07 07:42 -> 安徽省宣州市 08-07 20:02 1327 86945
[27894] Saria 塞雷娅 in.the.common@ruin.of 1
[27896] 1
Ithinkallwarthr 安徽省宣州市 07-21 20:07 -> 四川省绵阳市 07-22 06:27 1604 86945
[27905] queue
[27914] Cutter 刻刀 France.afterwards@in.the 1
[27920] 3063296
[27930] -1
[27935] -1
[27938] 4181037
[27946] 1
puzzletheNewWorld 辽宁省辽阳市 07-17 13:05 -> 黑龙江省尚志市 07-17 20:04 805 47885
[27949] 23669016
[27952] -1
[27958] Ptilopsis 白面鸮 this.distinctive@feature.it 2
[27967] Mayer 梅尔 colonisation@of.America 1
[27969] 14979564
[27973] -1
[27979] 33
[success] INSCRIPTIONS 广东省高要市 07-13 21:40 -> 江苏省扬州市 07-14 08:14 764 15579
[success] INSCRIPTIONS 贵州省清镇市 08-10 16:24 -> 江苏省扬州市 08-11 08:14 1229 12831
[success] IHEARDthatyouask 新疆吐鲁番市 07-14 05:55 -> 四川省彭州市 07-14 23:13 745 20174
[success] LeavesofGrass 福建省建阳市 07-07 21:19 -> 黑龙江省海林市 07-07 22:46 14 2380
[success] LeavesofGrass 湖南省衡阳市 07-31 16:20 -> 浙江省慈溪市 08-01 09:48 2659 639
[success] LeavesofGrass 宁夏石嘴山市 07-06 19:25 -> 河南省灵宝市 07-06 23:39 914 1423
[success] LeavesofGrass 陕西省安康市 07-07 17:25 -> 河北省河间市 07-07 18:01 25 18368
[success] LeavesofGrass 河南省偃师市 07-26 03:31 -> 浙江省慈溪市 07-26 09:48 665 15766
[success] puzzletheNewWorld 湖南省岳阳市 06-15 17:01 -> 四川省绵竹市 06-16 14:44 1339 4148
[pending] LeavesofGrass 河北省河间市 07-31 18:11 -> 河南省灵宝市 07-31 23:39 1135 14907
[success] LeavesofGrass 浙江省平湖市 08-03 08:59 -> 湖南省衡阳市 08-03 16:17 1047 24365
[pending] LeavesofGrass 辽宁省抚顺市 07-15 14:24 -> 福建省建阳市 07-15 21:14 1379 22116
[success] LeavesofGrass 广东省四会市 07-17 15:39 -> 河南省偃师市 07-18 03:28 2234 17405
[success] LeavesofGrass 浙江省平湖市 07-26 08:59 -> 新疆博乐市 07-27 06:04 3234 19221
[success] LeavesofGrass 河南省灵宝市 07-18 23:45 -> 浙江省慈溪市 07-19 09:48 1011 15960
[success] LeavesofGrass 河南省偃师市 07-29 03:31 -> 新疆伊宁市 07-29 08:52 595 14170
[success] LeavesofGrass 广东省四会市 07-30 15:39 -> 陕西省安康市 07-30 17:15 728 16112
[success] LeavesofGrass 福建省建阳市 07-18 21:19 -> 河南省偃师市 07-19 03:28 860 3894
[success] LeavesofGrass 浙江省杭州市 07-08 11:52 -> 河南省灵宝市 07-08 23:39 2295 3624
[success] IHEARDthatyouask 新疆吐鲁番市 07-09 05:55 -> 广东省云浮市 07-09 18:52 725 18440
[success] INSCRIPTIONS 湖北省枣阳市 07-11 12:03 -> 新疆米泉市 07-11 14:38 162 17176
[success] LeavesofGrass 陕西省安康市 07-22 17:25 -> 河南省偃师市 07-23 03:28 1506 3718
[success] puzzletheNewWorld 湖南省岳阳市 06-30 17:01 -> 黑龙江省尚志市 06-30 20:04 426 1454
[pending] LeavesofGrass 浙江省杭州市 07-13 11:52 -> 河南省偃师市 07-14 03:28 2641 11233
[success] LeavesofGrass 福建省建阳市 07-24 21:19 -> 浙江省慈溪市 07-25 09:48 1525 10455
[success] LeavesofGrass 广东省四会市 07-06 15:39 -> 河南省偃师市 07-07 03:28 2234 14906
[success] INSCRIPTIONS 贵州省清镇市 08-06 16:24 -> 新疆米泉市 08-07 14:38 1879 5641
[success] INSCRIPTIONS 黑龙江省五大连池市 06-17 19:22 -> 湖北省枣阳市 06-18 11:59 1544 8923
[success] LeavesofGrass 河南省灵宝市 07-15 23:45 -> 广东省花都市 07-16 01:39 114 2769
[success] LeavesofGrass 广东省四会市 07-12 15:39 -> 新疆博乐市 07-13 06:04 2427 9684
[pending] LeavesofGrass 湖南省衡阳市 07-14 16:20 -> 新疆博乐市 07-15 06:04 2187 24112
[success] INSCRIPTIONS 广东省惠阳市 07-13 01:41 -> 湖北省枣阳市 07-13 11:59 1099 9374
[success] INSCRIPTIONS 黑龙江省五大连池市 06-18 19:22 -> 江苏省扬州市 06-19 08:14 1056 8250
[27982] 1
everwillbereally 北京市 06-11 18:42 -> 新疆乌鲁木齐市 06-12 20:24 3962 91355
[27990] Cardigan 卡缇 the.markets@kept.ever 1
[27995] -1
[27999] 1788834
[28000] -1
[28002] Provence 普罗旺 face.of.the@whole.world 1
[28012] 1
TOTHEEOLDCAUSE 山西省太原市 07-15 07:56 -> 四川省绵阳市 07-15 17:54 708 33971
[28020] 14
[success] LeavesofGrass 浙江省平湖市 07-29 08:59 -> 河北省河间市 07-29 18:01 1560 1412
[pending] LeavesofGrass 辽宁省抚顺市 07-07 14:24 -> 新疆博乐市 07-08 06:04 2432 6299
[success] puzzletheNewWorld 黑龙江省尚志市 07-03 20:11 -> 北京市 07-04 02:45 159 4645
[success] LeavesofGrass 新疆塔城市 08-04 07:38 -> 浙江省慈溪市 08-05 09:48 3997 2517
[success] puzzletheNewWorld 辽宁省辽阳市 07-29 13:05 -> 河南省登封市 07-30 09:52 1419 8831
[success] LeavesofGrass 湖南省衡阳市 07-20 16:20 -> 广东省花都市 07-21 01:39 1762 1642
[success] INSCRIPTIONS 贵州省清镇市 07-02 16:24 -> 广东省惠阳市 07-03 01:32 618 4782
[success] LeavesofGrass 辽宁省抚顺市 07-20 14:24 -> 宁夏石嘴山市 07-20 19:18 979 10955
[success] LeavesofGrass 浙江省杭州市 07-16 11:52 -> 宁夏石嘴山市 07-16 19:18 1381 1292
[success] LeavesofGrass 广东省花都市 07-06 01:43 -> 河南省偃师市 07-06 03:28 232 4211
[success] LeavesofGrass 浙江省平湖市 07-25 08:59 -> 新疆博乐市 07-26 06:04 3234 18135
[success] INSCRIPTIONS 广东省惠阳市 07-05 01:41 -> 新疆米泉市 07-05 14:38 1261 11666
[success] LeavesofGrass 陕西省安康市 07-14 17:25 -> 新疆伊宁市 07-15 08:52 2101 1354
[success] LeavesofGrass 新疆博乐市 08-01 06:11 -> 新疆伊宁市 08-01 08:52 402 13810
[28021] 1
whatyouwanted 湖北省利川市 07-12 22:30 -> 河南省洛阳市 07-13 12:55 2168 30519
[28023] -1
[28025] 1
TOtheeoldcause 天津市 07-24 17:57 -> 湖北省宜昌市 07-25 10:47 817 90891
[28033] 1
puzzletheNewWorld 辽宁省辽阳市 07-10 13:05 -> 黑龙江省尚志市 07-10 20:04 805 47885
[28037] Adnachiel 安德切尔 elements.of@the.bourgeoisie 2
[28046] 24458800
[28051] queue
[28053] 14156350
[28061] ShiraYuki 白雪 and.Danish@languages.I 3
[28068] 0
[28074] -1
[28080] 1
LEAVESOFGRASS 山西省介休市 07-13 11:40 -> 河北省霸州市 07-13 20:55 1918 67839
[28085] Myrrh 末药 Proletariat@From.the 3
[28093] 57200
[28095] Ambriel 安比 itself.in.the@modern.represent 1
[28102] 1
Thesechantsforthe 辽宁省凌源市 07-16 17:43 -> 福建省福安市 07-16 19:41 437 60930
[28105] 1
everwillbereally 甘肃省玉门市 08-20 16:12 -> 河南省林州市 08-20 18:20 186 91355
[28107] 1
puzzletheNewWorld 辽宁省辽阳市 08-07 13:05 -> 河南省登封市 08-08 09:52 1419 35708
[28113] Jessica 杰西卡 has.not.been@decried.as 2
[28120] 1
LeavesofGrass 浙江省平湖市 07-14 08:59 -> 广东省花都市 07-15 01:39 2809 1723
[28125] Hoshiguma 星熊 is.high.time@that.Communists 2
[28126] 360512
[28129] 1121905
[28131] 1
TOFOREIGNLANDS 浙江省临安市 07-31 21:04 -> 江苏省淮安市 08-01 19:12 2449 92870
[28132] -1
[28135] 1
TOtheeoldcause 北京市 08-27 05:54 -> 湖北省宜昌市 08-27 10:47 424 90891
[28141] 4056520
[28145] 1
INSCRIPTIONS 黑龙江省五大连池市 07-13 19:22 -> 湖北省枣阳市 07-14 11:59 1544 32159
[28155] 4260280
[28159] queue
[28165] 1
TOTHEEOLDCAUSE 河北省唐山市 07-19 15:34 -> 广东省湛江市 07-20 19:57 2277 33971
[28166] NoirCorne 黑角 its.time.reacted@on.the 1
[28176] 0
[28183] 0
[28190] 1
TOtheeoldcause 北京市 08-13 05:54 -> 湖北省宜昌市 08-13 10:47 424 90891
[28196] -1
[28206] 1
LeavesofGrass 广东省四会市 07-28 15:39 -> 湖南省衡阳市 07-28 16:17 240 22049
[28209] 1
Deathlessthroughout 河北省安国市 08-03 10:54 -> 吉林省长春市 08-03 23:22 1143 73160
[28214] 29
[success] INSCRIPTIONS 黑龙江省五大连池市 08-13 19:22 -> 广东省高要市 08-13 21:36 292 14590
[success] IHEARDthatyouask 新疆吐鲁番市 07-21 05:55 -> 天津市 07-21 06:30 496 6176
[success] IHEARDthatyouask 新疆吐鲁番市 07-26 05:55 -> 广东省云浮市 07-26 18:52 725 14425
[pending] LeavesofGrass 河北省河间市 07-05 18:11 -> 浙江省慈溪市 07-06 09:48 2146 20487
[success] IHEARDthatyouask 新疆吐鲁番市 07-27 05:55 -> 天津市 07-27 06:30 496 8481
[success] LeavesofGrass 浙江省平湖市 07-07 08:59 -> 福建省建阳市 07-07 21:14 2181 580
[success] TOtheeoldcause 北京市 07-26 05:54 -> 湖北省宜昌市 07-26 10:47 424 3494
[success] TOtheeoldcause 天津市 08-08 17:57 -> 北京市 08-09 05:48 393 18519
[success] IHEARDthatyouask 新疆吐鲁番市 07-13 05:55 -> 四川省彭州市 07-13 23:13 745 6772
[success] LeavesofGrass 湖南省衡阳市 07-15 16:20 -> 河南省灵宝市 07-15 23:39 1648 1459
[success] LeavesofGrass 新疆塔城市 07-20 07:38 -> 浙江省杭州市 07-20 11:46 691 1613
[success] INSCRIPTIONS 广东省惠阳市 07-13 01:41 -> 湖北省枣阳市 07-13 11:59 1099 13877
[success] IHEARDthatyouask 广东省云浮市 07-21 19:00 -> 四川省彭州市 07-21 23:13 20 17704
[success] whatyouwanted 安徽省阜阳市 07-14 08:24 -> 四川省华蓥市 07-14 09:33 19 6277
[success] puzzletheNewWorld 辽宁省辽阳市 07-27 13:05 -> 湖南省岳阳市 07-27 16:56 379 10829
[success] puzzletheNewWorld 湖南省岳阳市 06-24 17:01 -> 四川省绵竹市 06-25 14:44 1339 5317
[success] INSCRIPTIONS 贵州省清镇市 06-27 16:24 -> 北京市 06-28 06:40 1029 10697
[pending] LeavesofGrass 广东省四会市 07-16 15:39 -> 广东省花都市 07-17 01:39 2002 7242
[success] LeavesofGrass 黑龙江省海林市 07-01 22:56 -> 新疆博乐市 07-02 06:04 1039 4322
[pending] LeavesofGrass 湖南省衡阳市 07-27 16:20 -> 新疆伊宁市 07-28 08:52 2589 14381
[success] INSCRIPTIONS 云南省安宁市 07-11 20:50 -> 广东省惠阳市 07-12 01:32 289 12405
[success] puzzletheNewWorld 辽宁省辽阳市 08-04 13:05 -> 四川省绵竹市 08-05 14:44 1718 10347
[success] LeavesofGrass 辽宁省抚顺市 07-23 14:24 -> 广东省花都市 07-24 01:39 2007 4702
[success] LeavesofGrass 浙江省平湖市 07-30 08:59 -> 浙江省杭州市 07-30 11:46 400 7918
[success] INSCRIPTIONS 黑龙江省五大连池市 07-17 19:22 -> 广东省惠阳市 07-18 01:32 445 8617
[success] INSCRIPTIONS 黑龙江省五大连池市 07-22 19:22 -> 广东省高要市 07-22 21:36 292 10060
[success] INSCRIPTIONS 广东省惠阳市 06-28 01:41 -> 湖北省枣阳市 06-28 11:59 1099 11620
[success] LeavesofGrass 新疆塔城市 06-29 07:38 -> 河南省偃师市 06-30 03:28 3332 19401
[success] LeavesofGrass 湖南省衡阳市 07-09 16:20 -> 广东省花都市 07-10 01:39 1762 21243
[28220] 3561435
[28228] -1
[28235] 1
Deathlessthroughout 湖北省黄冈市 07-01 17:45 -> 广东省高要市 07-02 01:11 455 73160
[28241] Istina 真理 a.counterpoise@against.the 1
[28249] 1
LEAVESOFGRASS 广西河池市 08-01 17:42 -> 北京市 08-02 03:47 1236 67839
[28251] -1
[28258] Mousse 慕斯 great.monarchies@in.general 1
[28261] 1
TOFOREIGNLANDS 河北省张家口市 06-25 22:51 -> 广西凭祥市 06-26 06:01 656 92870
[28263] 1488591
[28271] Ansel 安赛尔 now.open.fight@a.fight 2
[28280] 1
IHEARDthatyouask 广东省云浮市 07-20 19:00 -> 四川省彭州市 07-20 23:13 20 91153
[28290] 1
LEAVESOFGRASS 贵州省赤水市 07-12 15:23 -> 广西河池市 07-12 17:32 263 67839
[28300] -1
[28307] WaaiFu 槐琥 French.Radicals@and.German 2
[28315] 9945502
[28322] 1
AwarOsoldiersno 河南省偃师市 07-25 12:00 -> 吉林省吉林市 07-26 01:09 2281 34034
[28332] -1
[28335] Bibeak 柏喙 in.the.development@of.the 1
[28341] 14504064
[28342] 5145916
[28350] Gravel 砾砾 that.each.time@ended.either 1
[28358] 95100
[28361] 1
TOFOREIGNLANDS 广西凭祥市 07-16 06:08 -> 海南省通什市 07-16 13:23 759 92870
[28364] 1
Ithinkallwarthr 北京市 07-24 07:42 -> 陕西省华阴市 07-24 12:17 270 86945
[28371] 1
INSCRIPTIONS 北京市 07-19 06:46 -> 江苏省扬州市 07-19 08:14 200 65879
[28381] 0
[28384] Popukar 泡普卡 and.Chinese@markets.the 4
[28387] 1
TOTHEEOLDCAUSE 湖北省麻城市 06-17 20:21 -> 四川省绵阳市 06-18 17:54 1630 33971
[28397] 1
ThereforeIsendyou 天津市 07-12 17:39 -> 浙江省舟山市 07-13 10:35 1141 3759
[28398] 1
Ithinkallwarthr 北京市 08-10 07:42 -> 浙江省东阳市 08-10 12:59 680 86945
[28408] 4273089
[28413] 1
INSCRIPTIONS 北京市 06-22 06:46 -> 新疆米泉市 06-22 14:38 850 56304
[28418] queue
[28427] 1
INSCRIPTIONS 广东省惠阳市 07-20 01:41 -> 新疆米泉市 07-20 14:38 1261 31798
[28428] Cuora 蛇屠 there.taxable@third.estate 1
[28430] 1475868
[28436] 1
ThereforeIsendyou 湖南省汩罗市 07-13 22:12 -> 山东省胶南市 07-14 10:01 843 3759
[28443] 0
[28451] 0
[28455] Ambriel 安比 itself.in.the@modern.represent 1
[28457] -1
[28466] 1266500
[28469] -1
[28470] 1
ThereforeIsendyou 天津市 07-01 17:39 -> 新疆喀什市 07-02 02:43 729 3759
[28471] 1
Thesechantsforthe 浙江省江山市 08-09 16:55 -> 吉林省图们市 08-10 11:16 1732 60930
[28476] 1
whatyouwanted 福建省建阳市 08-02 00:03 -> 河南省洛阳市 08-02 12:55 2033 30519
[28482] 3311880
[28483] -1
[28488] Nearl 临光 history.we@find.almost 1
[28496] 21
[success] whatyouwanted 吉林省四平市 07-21 18:24 -> 湖北省松滋市 07-21 21:35 348 4241
[success] INSCRIPTIONS 黑龙江省五大连池市 08-17 19:22 -> 北京市 08-18 06:40 856 16944
[success] puzzletheNewWorld 辽宁省辽阳市 08-18 13:05 -> 四川省绵竹市 08-19 14:44 1718 5789
[success] INSCRIPTIONS 贵州省清镇市 07-01 16:24 -> 黑龙江省五大连池市 07-01 19:12 173 6485
[success] IHEARDthatyouask 新疆吐鲁番市 08-04 05:55 -> 广东省云浮市 08-04 18:52 725 19526
[success] puzzletheNewWorld 北京市 08-18 02:54 -> 河南省登封市 08-18 09:52 455 4207
[success] INSCRIPTIONS 云南省安宁市 08-21 20:50 -> 北京市 08-22 06:40 700 9604
[pending] LeavesofGrass 河南省灵宝市 07-15 23:45 -> 广东省花都市 07-16 01:39 114 14312
[success] INSCRIPTIONS 北京市 07-16 06:46 -> 新疆米泉市 07-16 14:38 850 1288
[success] INSCRIPTIONS 广东省高要市 08-05 21:40 -> 新疆米泉市 08-06 14:38 1414 17415
[success] INSCRIPTIONS 云南省安宁市 06-21 20:50 -> 广东省高要市 06-21 21:36 136 16093
[success] INSCRIPTIONS 云南省安宁市 08-22 20:50 -> 新疆米泉市 08-23 14:38 1550 15202
[success] LeavesofGrass 辽宁省抚顺市 07-11 14:24 -> 陕西省安康市 07-11 17:15 733 6915
[success] IHEARDthatyouask 新疆吐鲁番市 08-04 05:55 -> 广东省云浮市 08-04 18:52 725 11892
[success] IHEARDthatyouask 天津市 08-05 06:35 -> 四川省彭州市 08-05 23:13 249 9858
[success] INSCRIPTIONS 广东省高要市 06-25 21:40 -> 新疆米泉市 06-26 14:38 1414 10904
[success] LeavesofGrass 辽宁省抚顺市 07-06 14:24 -> 新疆伊宁市 07-07 08:52 2834 8777
[success] LeavesofGrass 广东省四会市 08-03 15:39 -> 广东省花都市 08-04 01:39 2002 11377
[success] INSCRIPTIONS 贵州省清镇市 07-09 16:24 -> 广东省高要市 07-09 21:36 465 15846
[success] INSCRIPTIONS 贵州省清镇市 08-14 16:24 -> 北京市 08-15 06:40 1029 17445
[success] LeavesofGrass 福建省建阳市 06-28 21:19 -> 浙江省慈溪市 06-29 09:48 1525 15842
[28497] queue
[28502] 15891354
[28511] Chen 陈陈 into.various@orders.a 2
[28518] 16
[success] INSCRIPTIONS 黑龙江省五大连池市 07-07 19:22 -> 广东省高要市 07-07 21:36 292 17623
[pending] LeavesofGrass 宁夏石嘴山市 07-07 19:25 -> 新疆伊宁市 07-08 08:52 1855 13113
[success] LeavesofGrass 浙江省平湖市 07-29 08:59 -> 河北省河间市 07-29 18:01 1560 1412
[pending] LeavesofGrass 辽宁省抚顺市 07-07 14:24 -> 新疆博乐市 07-08 06:04 2432 6299
[success] puzzletheNewWorld 黑龙江省尚志市 07-03 20:11 -> 北京市 07-04 02:45 159 4645
[success] LeavesofGrass 新疆塔城市 08-04 07:38 -> 浙江省慈溪市 08-05 09:48 3997 2517
[success] puzzletheNewWorld 辽宁省辽阳市 07-29 13:05 -> 河南省登封市 07-30 09:52 1419 8831
[success] LeavesofGrass 湖南省衡阳市 07-20 16:20 -> 广东省花都市 07-21 01:39 1762 1642
[success] INSCRIPTIONS 贵州省清镇市 07-02 16:24 -> 广东省惠阳市 07-03 01:32 618 4782
[success] LeavesofGrass 辽宁省抚顺市 07-20 14:24 -> 宁夏石嘴山市 07-20 19:18 979 10955
[success] LeavesofGrass 浙江省杭州市 07-16 11:52 -> 宁夏石嘴山市 07-16 19:18 1381 1292
[success] LeavesofGrass 广东省花都市 07-06 01:43 -> 河南省偃师市 07-06 03:28 232 4211
[success] LeavesofGrass 浙江省平湖市 07-25 08:59 -> 新疆博乐市 07-26 06:04 3234 18135
[success] INSCRIPTIONS 广东省惠阳市 07-05 01:41 -> 新疆米泉市 07-05 14:38 1261 11666
[success] LeavesofGrass 陕西省安康市 07-14 17:25 -> 新疆伊宁市 07-15 08:52 2101 1354
[success] LeavesofGrass 新疆博乐市 08-01 06:11 -> 新疆伊宁市 08-01 08:52 402 13810
[28521] Matoimaru 缠丸 nobility.and@in.fact 1
[28529] 0
[28536] -1
[28546] 1
TOtheeoldcause 北京市 08-24 05:54 -> 湖北省宜昌市 08-24 10:47 424 90891
[28549] 1
puzzletheNewWorld 辽宁省辽阳市 08-07 13:05 -> 河南省登封市 08-08 09:52 1419 35708
[28554] queue
[28556] 1
puzzletheNewWorld 河南省登封市 07-09 09:56 -> 四川省绵竹市 07-09 14:44 299 43263
[28563] 1
LeavesofGrass 浙江省平湖市 07-16 08:59 -> 河南省灵宝市 07-16 23:39 2695 2521
[28564] 6212555
[28574] -1
[28584] -1
[28590] Vermeil 红云 production@The.place 1
[28592] 1
AwarOsoldiersno 广东省潮州市 07-16 22:04 -> 湖北省广水市 07-17 04:39 1603 34034
[28600] Texas 德克萨斯 of.whole.industrial@armies.the 1
[28604] -1
[28610] 805968
[28616] 1
INSCRIPTIONS 贵州省清镇市 07-03 16:24 -> 广东省高要市 07-03 21:36 465 59745
[28618] Beagle 米格 Europethe.spectre@of.Communism 4
[28625] Rope 暗索 pushed.on.one@side.by 1
[28630] Silence 赫默 stood.in.constant@opposition.t 1
[28635] 1
TOFOREIGNLANDS 北京市 07-03 02:59 -> 江西省鹰潭市 07-03 08:37 313 92870
[28637] Mostima 莫斯提马 of.the.earliest@towns.From 2
[28639] -1
[28643] 1
whatyouwanted 辽宁省盖州市 07-29 20:30 -> 广东省高州市 07-30 10:58 2508 30519
[28651] 5421080
[28652] 1
INSCRIPTIONS 北京市 07-22 06:46 -> 湖北省枣阳市 07-22 11:59 688 56986
[28661] 2
everwillbereally 天津市 07-17 08:47 -> 湖南省汩罗市 07-17 09:12 395 91355
ThereforeIsendyou 天津市 07-17 17:39 -> 湖南省汩罗市 07-17 22:09 231 3759
[28671] 1
TOFOREIGNLANDS 浙江省临安市 08-03 21:04 -> 四川省攀枝花市 08-04 20:01 2680 82002
[28676] 1
LEAVESOFGRASS 山西省介休市 07-23 11:40 -> 浙江省兰溪市 07-24 09:00 3266 67839
[28685] 2388540
[28686] 0
[28696] 1
Afterastrangesad 黑龙江省穆棱市 08-07 03:55 -> 北京市 08-07 20:52 2994 68496
[28703] Gravel 砾砾 that.each.time@ended.either 1
[28705] 26779809
[28713] 1
TOTHEEOLDCAUSE 山东省聊城市 06-12 13:46 -> 安徽省桐城市 06-13 11:13 1900 28590
[28720] Conviction 断罪 vanished.in@the.face 2
[28729] 1
puzzletheNewWorld 湖南省岳阳市 08-11 17:01 -> 四川省绵竹市 08-12 14:44 1339 47885
[28739] 1
TOtheeoldcause 北京市 08-02 05:54 -> 湖北省宜昌市 08-02 10:47 424 90891
[28748] FEater 食铁兽 the.worldmarket@conquered.for 1
[28750] 1
Deathlessthroughout 河北省安国市 07-07 10:54 -> 山东省莱芜市 07-07 17:32 796 73160
[28760] 1
INSCRIPTIONS 云南省安宁市 07-29 20:50 -> 广东省惠阳市 07-30 01:32 289 35865
[28769] Cutter 刻刀 France.afterwards@in.the 1
[28771] -1
[28777] Estelle 艾丝黛 Middle.Ages@We.see 3
[28785] 1
TOtheeoldcause 北京市 08-15 05:54 -> 湖北省宜昌市 08-15 10:47 424 90891
[28792] -1
[28797] -1
[28804] 2617020
[28813] 1
Afterastrangesad 黑龙江省绥芬河市 08-23 19:36 -> 云南省昆明市 08-25 01:11 4528 68496
[28821] 1
TOFOREIGNLANDS 浙江省临安市 07-11 21:04 -> 北京市 07-12 02:50 912 92870
[28824] queue
[28830] 1
Deathlessthroughout 福建省长乐市 07-26 07:14 -> 山东省威海市 07-26 21:57 1386 73160
[28838] -1
[28846] 35
[pending] LeavesofGrass 浙江省杭州市 07-01 11:52 -> 浙江省慈溪市 07-02 09:48 3306 20491
[success] TOFOREIGNLANDS 河北省张家口市 07-14 22:51 -> 湖北省洪湖市 07-15 11:19 1301 18800
[success] INSCRIPTIONS 广东省高要市 07-13 21:40 -> 江苏省扬州市 07-14 08:14 764 15579
[success] INSCRIPTIONS 贵州省清镇市 08-10 16:24 -> 江苏省扬州市 08-11 08:14 1229 12831
[success] IHEARDthatyouask 新疆吐鲁番市 07-14 05:55 -> 四川省彭州市 07-14 23:13 745 20174
[success] LeavesofGrass 福建省建阳市 07-07 21:19 -> 黑龙江省海林市 07-07 22:46 14 2380
[success] LeavesofGrass 湖南省衡阳市 07-31 16:20 -> 浙江省慈溪市 08-01 09:48 2659 639
[success] LeavesofGrass 宁夏石嘴山市 07-06 19:25 -> 河南省灵宝市 07-06 23:39 914 1423
[success] LeavesofGrass 陕西省安康市 07-07 17:25 -> 河北省河间市 07-07 18:01 25 18368
[success] LeavesofGrass 河南省偃师市 07-26 03:31 -> 浙江省慈溪市 07-26 09:48 665 15766
[success] puzzletheNewWorld 湖南省岳阳市 06-15 17:01 -> 四川省绵竹市 06-16 14:44 1339 4148
[pending] LeavesofGrass 河北省河间市 07-31 18:11 -> 河南省灵宝市 07-31 23:39 1135 14907
[success] LeavesofGrass 浙江省平湖市 08-03 08:59 -> 湖南省衡阳市 08-03 16:17 1047 24365
[pending] LeavesofGrass 辽宁省抚顺市 07-15 14:24 -> 福建省建阳市 07-15 21:14 1379 22116
[success] LeavesofGrass 广东省四会市 07-17 15:39 -> 河南省偃师市 07-18 03:28 2234 17405
[success] LeavesofGrass 浙江省平湖市 07-26 08:59 -> 新疆博乐市 07-27 06:04 3234 19221
[success] LeavesofGrass 河南省灵宝市 07-18 23:45 -> 浙江省慈溪市 07-19 09:48 1011 15960
[success] LeavesofGrass 河南省偃师市 07-29 03:31 -> 新疆伊宁市 07-29 08:52 595 14170
[success] LeavesofGrass 广东省四会市 07-30 15:39 -> 陕西省安康市 07-30 17:15 728 16112
[success] LeavesofGrass 福建省建阳市 07-18 21:19 -> 河南省偃师市 07-19 03:28 860 3894
[success] LeavesofGrass 浙江省杭州市 07-08 11:52 -> 河南省灵宝市 07-08 23:39 2295 3624
[success] IHEARDthatyouask 新疆吐鲁番市 07-09 05:55 -> 广东省云浮市 07-09 18:52 725 18440
[success] INSCRIPTIONS 湖北省枣阳市 07-11 12:03 -> 新疆米泉市 07-11 14:38 162 17176
[success] LeavesofGrass 陕西省安康市 07-22 17:25 -> 河南省偃师市 07-23 03:28 1506 3718
[success] puzzletheNewWorld 湖南省岳阳市 06-30 17:01 -> 黑龙江省尚志市 06-30 20:04 426 1454
[pending] LeavesofGrass 浙江省杭州市 07-13 11:52 -> 河南省偃师市 07-14 03:28 2641 11233
[success] LeavesofGrass 福建省建阳市 07-24 21:19 -> 浙江省慈溪市 07-25 09:48 1525 10455
[success] LeavesofGrass 广东省四会市 07-06 15:39 -> 河南省偃师市 07-07 03:28 2234 14906
[success] INSCRIPTIONS 贵州省清镇市 08-06 16:24 -> 新疆米泉市 08-07 14:38 1879 5641
[success] INSCRIPTIONS 黑龙江省五大连池市 06-17 19:22 -> 湖北省枣阳市 06-18 11:59 1544 8923
[success] LeavesofGrass 河南省灵宝市 07-15 23:45 -> 广东省花都市 07-16 01:39 114 2769
[success] LeavesofGrass 广东省四会市 07-12 15:39 -> 新疆博乐市 07-13 06:04 2427 9684
[pending] LeavesofGrass 湖南省衡阳市 07-14 16:20 -> 新疆博乐市 07-15 06:04 2187 24112
[success] INSCRIPTIONS 广东省惠阳市 07-13 01:41 -> 湖北省枣阳市 07-13 11:59 1099 9374
[success] INSCRIPTIONS 黑龙江省五大连池市 06-18 19:22 -> 江苏省扬州市 06-19 08:14 1056 8250
[28851] 9601952
[28860] 13
[success] INSCRIPTIONS 广东省高要市 06-21 21:40 -> 北京市 06-22 06:40 564 4235
[success] INSCRIPTIONS 黑龙江省五大连池市 07-24 19:22 -> 湖北省枣阳市 07-25 11:59 1544 2145
[success] LeavesofGrass 河北省河间市 07-07 18:11 -> 福建省建阳市 07-07 21:14 621 5735
[success] Afterastrangesad 天津市 08-24 16:53 -> 山东省淄博市 08-25 19:22 4038 443
[success] IHEARDthatyouask 天津市 07-28 06:35 -> 广东省云浮市 07-28 18:52 229 6261
[success] IHEARDthatyouask 新疆吐鲁番市 07-16 05:55 -> 天津市 07-16 06:30 496 18603
[success] LeavesofGrass 宁夏石嘴山市 07-11 19:25 -> 新疆伊宁市 07-12 08:52 1855 68
[success] puzzletheNewWorld 北京市 08-18 02:54 -> 河南省登封市 08-18 09:52 455 4397
[success] LeavesofGrass 陕西省安康市 06-29 17:25 -> 河北省河间市 06-29 18:01 25 18897
[success] LeavesofGrass 陕西省安康市 07-13 17:25 -> 福建省建阳市 07-13 21:14 646 2201
[success] LeavesofGrass 宁夏石嘴山市 07-03 19:25 -> 浙江省慈溪市 07-04 09:48 1925 10671
[success] LeavesofGrass 辽宁省抚顺市 07-16 14:24 -> 黑龙江省海林市 07-16 22:46 1393 906
[success] LeavesofGrass 浙江省平湖市 07-13 08:59 -> 宁夏石嘴山市 07-13 19:18 1781 12437
[28867] 34610
[28877] 25990404
[28879] 1
AwarOsoldiersno 甘肃省临夏市 07-15 17:10 -> 河南省登封市 07-16 03:48 2086 34034
[28883] 904284
[28892] 1
Thesechantsforthe 吉林省梅河口市 07-10 23:57 -> 甘肃省白银市 07-11 06:13 1057 60930
[28897] 0
[28903] 1
Ithinkallwarthr 辽宁省沈阳市 07-18 07:11 -> 江苏省宿迁市 07-18 14:50 612 86945
[28911] Skyfire 天火 published.in@the.English 1
[28915] 1
Ithinkallwarthr 湖北省丹江口市 07-17 15:47 -> 辽宁省沈阳市 07-18 07:05 2557 86945
[28925] 1
INSCRIPTIONS 广东省惠阳市 06-22 01:41 -> 湖北省枣阳市 06-22 11:59 1099 40153
[28935] Skyfire 天火 published.in@the.English 1
[28941] Ethan 伊桑 acknowledged@by.all 3
[28950] queue
[28959] 6065381
[28969] Yato 夜刀 meet.this.nursery@tale.of 3
[28979] 1
Afterastrangesad 山西省太原市 08-07 10:36 -> 山东省胶州市 08-07 11:06 202 68496
[28989] -1
[28998] 1
LeavesofGrass 河北省河间市 07-23 18:11 -> 浙江省慈溪市 07-24 09:48 2146 2008
[29008] Angelina 安洁莉 two.great.classes@directly.fac 1
[29011] -1
[29016] 6759350
[29018] 0
[29028] 1
Thesechantsforthe 浙江省江山市 07-19 16:55 -> 天津市 07-20 13:37 2198 60930
[29032] 15405855
[29042] 1
TOtheeoldcause 北京市 07-31 05:54 -> 湖北省宜昌市 07-31 10:47 424 90891
[29049] -1
[29055] -1
[29062] 8513227
[29063] 1
IHEARDthatyouask 天津市 07-10 06:35 -> 广东省云浮市 07-10 18:52 229 89961
[29072] 1
INSCRIPTIONS 广东省高要市 07-12 21:40 -> 湖北省枣阳市 07-13 11:59 1252 47404
[29080] -1
[29081] Beagle 米格 feudal.ties@that.bound 4
[29083] 5
[success] LeavesofGrass 新疆塔城市 07-07 07:38 -> 浙江省杭州市 07-07 11:46 691 654
[success] INSCRIPTIONS 贵州省清镇市 07-19 16:24 -> 广东省高要市 07-19 21:36 465 7635
[success] LeavesofGrass 湖南省衡阳市 07-28 16:20 -> 陕西省安康市 07-28 17:15 488 16540
[success] LeavesofGrass 湖南省衡阳市 07-16 16:20 -> 河北省河间市 07-16 18:01 513 10010
[success] LeavesofGrass 新疆博乐市 07-31 06:11 -> 浙江省慈溪市 07-31 09:48 472 14194
[29088] -1
[29094] Gummy 古米 commerce.to@navigation.to 1
[29101] 1
LeavesofGrass 湖南省衡阳市 07-16 16:20 -> 陕西省安康市 07-16 17:15 488 17784
[29104] -1
[29111] 1
IHEARDthatyouask 天津市 07-15 06:35 -> 四川省彭州市 07-15 23:13 249 70683
[29118] 877346
[29122] 2529162
[29129] 2
Deathlessthroughout 广东省高要市 08-09 01:15 -> 北京市 08-09 04:10 22 73160
INSCRIPTIONS 广东省高要市 08-09 21:40 -> 北京市 08-10 06:40 564 50245
[29137] 9701980
[29146] 1
LEAVESOFGRASS 贵州省赤水市 07-22 15:23 -> 广东省南海市 07-23 02:03 1374 67839
[29153] 0
[29157] -1
[29160] 0
[29163] queue
[29173] 9
[success] IHEARDthatyouask 天津市 07-28 06:35 -> 广东省云浮市 07-28 18:52 229 17850
[success] puzzletheNewWorld 北京市 07-27 02:54 -> 四川省绵竹市 07-27 14:44 754 6514
[success] INSCRIPTIONS 广东省惠阳市 08-22 01:41 -> 新疆米泉市 08-22 14:38 1261 11178
[success] INSCRIPTIONS 云南省安宁市 07-09 20:50 -> 新疆米泉市 07-10 14:38 1550 15196
[success] LeavesofGrass 浙江省杭州市 07-13 11:52 -> 辽宁省抚顺市 07-13 14:21 402 8537
[success] IHEARDthatyouask 天津市 08-02 06:35 -> 广东省云浮市 08-02 18:52 229 4630
[success] INSCRIPTIONS 贵州省清镇市 06-25 16:24 -> 广东省惠阳市 06-26 01:32 618 2934
[success] IHEARDthatyouask 新疆吐鲁番市 07-29 05:55 -> 广东省云浮市 07-29 18:52 725 6789
[success] IHEARDthatyouask 天津市 08-01 06:35 -> 广东省云浮市 08-01 18:52 229 15893
[29175] Ethan 伊桑 acknowledged@by.all 3
[29179] 415638
[29189] Gummy 古米 commerce.to@navigation.to 1
[29194] Executor 送葬人 history.of@all.hitherto 1
[29198] 1
AndtodefineAmeric 吉林省图们市 08-12 10:50 -> 北京市 08-12 22:38 1809 80198
[29208] Greyy 格雷 a.committee@for.managing 4
[29214] 9645753
[29221] 15657222
[29227] 0
[29237] 1
IHEARDthatyouask 新疆吐鲁番市 08-04 05:55 -> 广东省云浮市 08-04 18:52 725 45415
[29238] 14
[success] LeavesofGrass 陕西省安康市 07-13 17:25 -> 河北省河间市 07-13 18:01 25 2288
[success] LeavesofGrass 浙江省平湖市 06-28 08:59 -> 辽宁省抚顺市 06-28 14:21 802 13966
[success] INSCRIPTIONS 北京市 07-21 06:46 -> 湖北省枣阳市 07-21 11:59 688 9612
[success] INSCRIPTIONS 贵州省清镇市 07-20 16:24 -> 江苏省扬州市 07-21 08:14 1229 10218
[success] LeavesofGrass 浙江省杭州市 07-26 11:52 -> 黑龙江省海林市 07-26 22:46 1795 4023
[success] INSCRIPTIONS 北京市 06-15 06:46 -> 新疆米泉市 06-15 14:38 850 4777
[success] LeavesofGrass 辽宁省抚顺市 07-08 14:24 -> 河南省灵宝市 07-08 23:39 1893 11679
[success] LeavesofGrass 浙江省平湖市 07-21 08:59 -> 新疆伊宁市 07-22 08:52 3636 21582
[success] Afterastrangesad 四川省广元市 07-31 16:17 -> 山东省淄博市 07-31 19:22 466 10501
[success] LeavesofGrass 湖南省衡阳市 08-04 16:20 -> 河南省灵宝市 08-04 23:39 1648 5213
[success] TOtheeoldcause 天津市 08-10 17:57 -> 北京市 08-11 05:48 393 5825
[success] IHEARDthatyouask 天津市 07-08 06:35 -> 广东省云浮市 07-08 18:52 229 10199
[success] LeavesofGrass 新疆塔城市 07-07 07:38 -> 陕西省安康市 07-07 17:15 1826 20614
[success] LeavesofGrass 广东省四会市 07-06 15:39 -> 新疆伊宁市 07-07 08:52 2829 2707
[29247] 2026480
[29249] 1
AndtodefineAmeric 吉林省图们市 06-30 10:50 -> 湖北省孝感市 07-01 09:22 2400 80198
[29257] 1
Ithinkallwarthr 海南省万宁市 07-17 00:56 -> 河南省濮阳市 07-17 03:47 419 86945
[29261] Hellagur 赫拉格 The.manufacturing@system.took 1
[29262] -1
[29271] 1
TOFOREIGNLANDS 浙江省乐清市 07-13 16:28 -> 重庆市江津市 07-14 00:04 1278 92870
[29279] 1
Deathlessthroughout 广东省高要市 07-18 01:15 -> 浙江省余姚市 07-18 13:09 850 73160
[29287] Beagle 米格 feudal.ties@that.bound 4
[29290] 0
[29299] Aak 阿阿 in.almost.all@of.these 1
[29309] -1
[29316] -1
[29318] 36375918
[29319] 16438980
[29322] 1
Afterastrangesad 贵州省清镇市 08-26 02:07 -> 四川省巴中市 08-26 08:20 1241 68496
[29328] 1
TOFOREIGNLANDS 辽宁省铁岭市 06-16 12:14 -> 浙江省乐清市 06-16 16:23 278 92870
[29332] 2039277
[29333] queue
[29342] 1
Deathlessthroughout 湖北省黄冈市 07-08 17:45 -> 辽宁省沈阳市 07-08 21:47 340 73160
[29352] 11538405
[29355] 1167985
[29359] -1
[29363] 241900
[29364] 1
TOTHEEOLDCAUSE 吉林省长春市 07-18 04:55 -> 广东省湛江市 07-18 19:57 1297 33971
[29367] Ethan 伊桑 acknowledged@by.all 3
[29372] 1
puzzletheNewWorld 辽宁省辽阳市 08-11 13:05 -> 北京市 08-12 02:45 964 47885
[29378] 27461766
[29386] 1143974
[29396] Estelle 艾丝黛 Middle.Ages@We.see 3
[29406] Lappland 拉普兰德 the.mediaeval@commune.here 1
[29415] 14817301
[29421] Plume 翎羽 serf.guildmaster@and.journeyma 2
[29423] Firewatch 守林人 opponents.in@power.Where 2
[29429] 13
[success] INSCRIPTIONS 广东省高要市 06-21 21:40 -> 北京市 06-22 06:40 564 4235
[success] INSCRIPTIONS 黑龙江省五大连池市 07-24 19:22 -> 湖北省枣阳市 07-25 11:59 1544 2145
[success] LeavesofGrass 河北省河间市 07-07 18:11 -> 福建省建阳市 07-07 21:14 621 5735
[success] Afterastrangesad 天津市 08-24 16:53 -> 山东省淄博市 08-25 19:22 4038 443
[success] IHEARDthatyouask 天津市 07-28 06:35 -> 广东省云浮市 07-28 18:52 229 6261
[success] IHEARDthatyouask 新疆吐鲁番市 07-16 05:55 -> 天津市 07-16 06:30 496 18603
[success] LeavesofGrass 宁夏石嘴山市 07-11 19:25 -> 新疆伊宁市 07-12 08:52 1855 68
[success] puzzletheNewWorld 北京市 08-18 02:54 -> 河南省登封市 08-18 09:52 455 4397
[success] LeavesofGrass 陕西省安康市 06-29 17:25 -> 河北省河间市 06-29 18:01 25 18897
[success] LeavesofGrass 陕西省安康市 07-13 17:25 -> 福建省建阳市 07-13 21:14 646 2201
[success] LeavesofGrass 宁夏石嘴山市 07-03 19:25 -> 浙江省慈溪市 07-04 09:48 1925 10671
[success] LeavesofGrass 辽宁省抚顺市 07-16 14:24 -> 黑龙江省海林市 07-16 22:46 1393 906
[success] LeavesofGrass 浙江省平湖市 07-13 08:59 -> 宁夏石嘴山市 07-13 19:18 1781 12437
[29438] 2073691
[29440] 0
[29441] -1
[29450] 1
IHEARDthatyouask 新疆吐鲁番市 07-26 05:55 -> 天津市 07-26 06:30 496 24179
[29455] Shining 闪灵 the.Spectre@of.Communism 2
[29463] 1786190
[29466] 1
Deathlessthroughout 广东省高要市 07-13 01:15 -> 吉林省长春市 07-13 23:22 1600 73160
[29475] Ambriel 安比 itself.in.the@modern.represent 1
[29476] queue
[29479] 11099040
[29484] SilverAsh 银灰 feudal.lords@vassals.guildmast 1
[29493] 1724976
[29497] -1
[29505] -1
[29507] -1
[29510] Firewatch 守林人 opponents.in@power.Where 2
[29518] Cardigan 卡缇 the.markets@kept.ever 1
[29520] 13372612
[29528] W 达不溜 in.each.single@workshop.Meanti 1
[29538] INSCRIPTIONS 广东省惠阳市 06-16 01:41 -> 北京市 06-16 06:40 411 67686
LEAVESOFGRASS 北京市 07-06 03:56 -> 江苏省高邮市 07-06 10:34 974 67839
[29543] -1
[29548] -1
[29553] Cuora 蛇屠 there.taxable@third.estate 1
[29556] 0
[29560] -1
[29565] -1
[29568] -1
[29577] 5054030
[29582] queue
[29586] 25
[success] ThereforeIsendyou 新疆喀什市 07-21 02:53 -> 安徽省宁国市 07-21 19:16 977 898
[success] IHEARDthatyouask 新疆吐鲁番市 08-07 05:55 -> 四川省彭州市 08-07 23:13 745 18804
[pending] LeavesofGrass 宁夏石嘴山市 07-11 19:25 -> 福建省建阳市 07-11 21:14 400 17791
[success] IHEARDthatyouask 广东省云浮市 07-21 19:00 -> 四川省彭州市 07-21 23:13 20 12236
[success] puzzletheNewWorld 黑龙江省尚志市 07-22 20:11 -> 河南省登封市 07-23 09:52 614 7048
[pending] LeavesofGrass 辽宁省抚顺市 07-07 14:24 -> 河南省偃师市 07-08 03:28 2239 23230
[pending] LeavesofGrass 浙江省杭州市 06-29 11:52 -> 新疆博乐市 06-30 06:04 2834 4682
[success] puzzletheNewWorld 辽宁省辽阳市 07-09 13:05 -> 湖南省岳阳市 07-09 16:56 379 5788
[success] INSCRIPTIONS 广东省惠阳市 06-29 01:41 -> 新疆米泉市 06-29 14:38 1261 12891
[pending] LeavesofGrass 新疆塔城市 07-16 07:38 -> 河南省偃师市 07-17 03:28 3332 12669
[pending] LeavesofGrass 浙江省杭州市 08-01 11:52 -> 黑龙江省海林市 08-01 22:46 1795 13201
[success] LeavesofGrass 广东省花都市 08-02 01:43 -> 新疆伊宁市 08-02 08:52 827 7253
[success] INSCRIPTIONS 云南省安宁市 07-01 20:50 -> 广东省惠阳市 07-02 01:32 289 15370
[success] LeavesofGrass 浙江省平湖市 08-01 08:59 -> 湖南省衡阳市 08-01 16:17 1047 2451
[pending] LeavesofGrass 浙江省平湖市 07-04 08:59 -> 河南省偃师市 07-05 03:28 3041 16680
[success] INSCRIPTIONS 广东省高要市 07-09 21:40 -> 新疆米泉市 07-10 14:38 1414 7623
[success] puzzletheNewWorld 辽宁省辽阳市 07-27 13:05 -> 北京市 07-28 02:45 964 1457
[success] LeavesofGrass 新疆博乐市 07-31 06:11 -> 浙江省慈溪市 07-31 09:48 472 15986
[success] INSCRIPTIONS 黑龙江省五大连池市 08-04 19:22 -> 广东省惠阳市 08-05 01:32 445 1123
[pending] LeavesofGrass 河南省灵宝市 07-26 23:45 -> 新疆伊宁市 07-27 08:52 941 24332
[success] LeavesofGrass 河南省灵宝市 06-30 23:45 -> 浙江省慈溪市 07-01 09:48 1011 7239
[success] INSCRIPTIONS 云南省安宁市 08-15 20:50 -> 新疆米泉市 08-16 14:38 1550 11880
[success] IHEARDthatyouask 广东省云浮市 07-10 19:00 -> 四川省彭州市 07-10 23:13 20 12581
[success] LeavesofGrass 浙江省平湖市 07-31 08:59 -> 新疆博乐市 08-01 06:04 3234 4582
[success] LeavesofGrass 福建省建阳市 07-12 21:19 -> 新疆伊宁市 07-13 08:52 1455 22986
[29590] 1401372
[29592] -1
[29596] Meteorite 陨星 bourgeoisie@was.accompanied 3
[29604] -1
[29608] 10720544
[29614] 412480
[29619] 1
LEAVESOFGRASS 新疆乌苏市 07-27 12:59 -> 河南省安阳市 07-27 18:14 1133 67839
[29621] Angelina 安洁莉 two.great.classes@directly.fac 1
[29630] -1
[29633] 1
LEAVESOFGRASS 北京市 08-10 03:56 -> 内蒙额尔古纳市 08-10 11:22 1126 67839
[29638] 18
[success] LeavesofGrass 河南省偃师市 07-07 03:31 -> 新疆伊宁市 07-07 08:52 595 3002
[success] INSCRIPTIONS 云南省安宁市 08-19 20:50 -> 湖北省枣阳市 08-20 11:59 1388 1460
[success] INSCRIPTIONS 黑龙江省五大连池市 07-07 19:22 -> 广东省高要市 07-07 21:36 292 17623
[pending] LeavesofGrass 宁夏石嘴山市 07-07 19:25 -> 新疆伊宁市 07-08 08:52 1855 13113
[success] LeavesofGrass 浙江省平湖市 07-29 08:59 -> 河北省河间市 07-29 18:01 1560 1412
[pending] LeavesofGrass 辽宁省抚顺市 07-07 14:24 -> 新疆博乐市 07-08 06:04 2432 6299
[success] puzzletheNewWorld 黑龙江省尚志市 07-03 20:11 -> 北京市 07-04 02:45 159 4645
[success] LeavesofGrass 新疆塔城市 08-04 07:38 -> 浙江省慈溪市 08-05 09:48 3997 2517
[success] puzzletheNewWorld 辽宁省辽阳市 07-29 13:05 -> 河南省登封市 07-30 09:52 1419 8831
[success] LeavesofGrass 湖南省衡阳市 07-20 16:20 -> 广东省花都市 07-21 01:39 1762 1642
[success] INSCRIPTIONS 贵州省清镇市 07-02 16:24 -> 广东省惠阳市 07-03 01:32 618 4782
[success] LeavesofGrass 辽宁省抚顺市 07-20 14:24 -> 宁夏石嘴山市 07-20 19:18 979 10955
[success] LeavesofGrass 浙江省杭州市 07-16 11:52 -> 宁夏石嘴山市 07-16 19:18 1381 1292
[success] LeavesofGrass 广东省花都市 07-06 01:43 -> 河南省偃师市 07-06 03:28 232 4211
[success] LeavesofGrass 浙江省平湖市 07-25 08:59 -> 新疆博乐市 07-26 06:04 3234 18135
[success] INSCRIPTIONS 广东省惠阳市 07-05 01:41 -> 新疆米泉市 07-05 14:38 1261 11666
[success] LeavesofGrass 陕西省安康市 07-14 17:25 -> 新疆伊宁市 07-15 08:52 2101 1354
[success] LeavesofGrass 新疆博乐市 08-01 06:11 -> 新疆伊宁市 08-01 08:52 402 13810
[29645] Hibiscus 芙蓉 Communistic@by.its 1
[29650] -1
[29656] Shamare 巫恋 rising.Even@manufacture.no 1
[29658] 9994128
[29664] 8117613
[29665] Liskarm 雷蛇 of.the.feudal@nobility.an 1
[29670] -1
[29677] -1
[29683] 20917302
[29686] 129019
[29687] -1
[29691] 1
TOtheeoldcause 北京市 08-29 05:54 -> 湖北省宜昌市 08-29 10:47 424 90891
[29700] 0
[29703] 12
[success] LeavesofGrass 河南省灵宝市 08-04 23:45 -> 新疆伊宁市 08-05 08:52 941 9047
[pending] LeavesofGrass 陕西省安康市 07-07 17:25 -> 福建省建阳市 07-07 21:14 646 22951
[pending] LeavesofGrass 浙江省平湖市 07-10 08:59 -> 福建省建阳市 07-10 21:14 2181 4392
[success] ThereforeIsendyou 湖南省汩罗市 07-31 22:12 -> 山东省胶南市 08-01 10:01 843 342
[pending] LeavesofGrass 福建省建阳市 07-30 21:19 -> 新疆伊宁市 07-31 08:52 1455 11899
[success] LeavesofGrass 河北省河间市 07-01 18:11 -> 宁夏石嘴山市 07-01 19:18 221 18923
[success] INSCRIPTIONS 广东省惠阳市 07-03 01:41 -> 新疆米泉市 07-03 14:38 1261 821
[success] LeavesofGrass 福建省建阳市 07-10 21:19 -> 河南省灵宝市 07-10 23:39 514 11446
[success] LeavesofGrass 湖南省衡阳市 06-30 16:20 -> 河南省偃师市 07-01 03:28 1994 5461
[success] LeavesofGrass 辽宁省抚顺市 07-01 14:24 -> 陕西省安康市 07-01 17:15 733 9467
[success] LeavesofGrass 广东省四会市 07-04 15:39 -> 陕西省安康市 07-04 17:15 728 719
[success] LeavesofGrass 新疆塔城市 07-16 07:38 -> 黑龙江省海林市 07-16 22:46 2486 3890
[29709] 1
AndtodefineAmeric 吉林省图们市 08-11 10:50 -> 山东省胶州市 08-11 12:15 93 80198
[29713] 1
Deathlessthroughout 福建省长乐市 08-06 07:14 -> 山东省威海市 08-06 21:57 1386 73160
[29720] queue
[29726] 10631600
[29731] 1140608
[29740] -1
[29742] queue
[29745] -1
[29753] 1
IHEARDthatyouask 新疆吐鲁番市 07-17 05:55 -> 四川省彭州市 07-17 23:13 745 64835
[29754] 17
[success] INSCRIPTIONS 黑龙江省五大连池市 07-11 19:22 -> 湖北省枣阳市 07-12 11:59 1544 522
[success] IHEARDthatyouask 新疆吐鲁番市 07-20 05:55 -> 四川省彭州市 07-20 23:13 745 1700
[success] INSCRIPTIONS 北京市 07-23 06:46 -> 湖北省枣阳市 07-23 11:59 688 524
[success] TOTHEEOLDCAUSE 吉林省长春市 06-13 04:55 -> 安徽省桐城市 06-13 11:13 777 5381
[success] TOTHEEOLDCAUSE 新疆库尔勒市 06-09 16:36 -> 四川省绵阳市 06-10 17:54 1769 8078
[success] INSCRIPTIONS 贵州省清镇市 06-28 16:24 -> 湖北省枣阳市 06-29 11:59 1717 10161
[success] LeavesofGrass 黑龙江省海林市 07-28 22:56 -> 浙江省慈溪市 07-29 09:48 1511 6947
[success] INSCRIPTIONS 云南省安宁市 06-19 20:50 -> 湖北省枣阳市 06-20 11:59 1388 13606
[success] IHEARDthatyouask 广东省云浮市 07-19 19:00 -> 四川省彭州市 07-19 23:13 20 12029
[success] LeavesofGrass 广东省四会市 07-08 15:39 -> 广东省花都市 07-09 01:39 2002 7390
[success] INSCRIPTIONS 贵州省清镇市 08-08 16:24 -> 江苏省扬州市 08-09 08:14 1229 8976
[success] IHEARDthatyouask 新疆吐鲁番市 07-12 05:55 -> 广东省云浮市 07-12 18:52 725 13704
[success] puzzletheNewWorld 河南省登封市 08-11 09:56 -> 四川省绵竹市 08-11 14:44 299 5067
[success] INSCRIPTIONS 黑龙江省五大连池市 08-10 19:22 -> 北京市 08-11 06:40 856 2439
[success] LeavesofGrass 浙江省平湖市 07-23 08:59 -> 福建省建阳市 07-23 21:14 2181 19980
[success] puzzletheNewWorld 湖南省岳阳市 07-20 17:01 -> 黑龙江省尚志市 07-20 20:04 426 8140
[success] LeavesofGrass 陕西省安康市 07-12 17:25 -> 广东省花都市 07-13 01:39 1274 9890
[29760] 1
Ithinkallwarthr 北京市 07-07 07:42 -> 河南省濮阳市 07-08 03:47 2545 86945
[29770] queue
[29779] -1
[29784] 12838606
[29787] 4921020
[29794] -1
[29800] 29585380
[29806] -1
[29809] 478203
[29810] queue
[29811] 1
puzzletheNewWorld 辽宁省辽阳市 06-29 13:05 -> 四川省绵竹市 06-30 14:44 1718 47885
[29819] 16
[pending] LeavesofGrass 陕西省安康市 07-09 17:25 -> 新疆伊宁市 07-10 08:52 2101 10111
[success] LeavesofGrass 河北省河间市 07-14 18:11 -> 河南省灵宝市 07-14 23:39 1135 8548
[success] IHEARDthatyouask 新疆吐鲁番市 07-22 05:55 -> 四川省彭州市 07-22 23:13 745 20679
[success] TOFOREIGNLANDS 河北省张家口市 07-07 22:51 -> 四川省攀枝花市 07-08 20:01 2268 18348
[success] LeavesofGrass 辽宁省抚顺市 06-28 14:24 -> 黑龙江省海林市 06-28 22:46 1393 1233
[success] TOFOREIGNLANDS 浙江省临安市 07-28 21:04 -> 湖北省洪湖市 07-29 11:19 1713 12983
[success] IHEARDthatyouask 天津市 08-03 06:35 -> 广东省云浮市 08-03 18:52 229 9042
[success] LeavesofGrass 新疆塔城市 07-22 07:38 -> 浙江省杭州市 07-22 11:46 691 1160
[success] INSCRIPTIONS 江苏省扬州市 08-05 08:17 -> 新疆米泉市 08-05 14:38 650 1736
[success] INSCRIPTIONS 贵州省清镇市 08-03 16:24 -> 江苏省扬州市 08-04 08:14 1229 17489
[success] puzzletheNewWorld 湖南省岳阳市 07-11 17:01 -> 北京市 07-12 02:45 585 6682
[success] INSCRIPTIONS 北京市 08-22 06:46 -> 江苏省扬州市 08-22 08:14 200 16819
[success] LeavesofGrass 辽宁省抚顺市 07-22 14:24 -> 河南省灵宝市 07-22 23:39 1893 23313
[success] LeavesofGrass 浙江省杭州市 07-03 11:52 -> 河北省河间市 07-03 18:01 1160 1135
[success] LeavesofGrass 广东省四会市 07-22 15:39 -> 福建省建阳市 07-22 21:14 1374 1717
[success] LeavesofGrass 黑龙江省海林市 07-06 22:56 -> 广东省花都市 07-07 01:39 614 12429
[29825] 0
[29833] 0
[29840] 1
Ithinkallwarthr 湖北省石首市 08-10 19:21 -> 安徽省宣州市 08-10 20:02 80 86945
[29849] Elysium 极境 has.simplified@the.class 3
[29854] 1
AwarOsoldiersno 黑龙江省富锦市 07-06 01:02 -> 甘肃省临夏市 07-06 17:02 2295 34034
[29863] 1474308
[29872] 1
everwillbereally 辽宁省朝阳市 08-14 00:55 -> 云南省瑞丽市 08-14 04:32 838 91355
[29881] Sideroca 铸铁 rising.bourgeoisie@The.EastInd 1
[29882] -1
[29888] 1
IHEARDthatyouask 广东省云浮市 07-25 19:00 -> 四川省彭州市 07-25 23:13 20 53174
[29894] 3150225
[29896] 5180370
[29899] -1
[29900] 0
[29909] Vulcan 火神 commodities@generally.gave 2
[29912] -1
[29915] Beagle 米格 feudal.ties@that.bound 4
[29921] 73538286
[29925] 18
[success] LeavesofGrass 河南省偃师市 07-07 03:31 -> 新疆伊宁市 07-07 08:52 595 3002
[success] INSCRIPTIONS 云南省安宁市 08-19 20:50 -> 湖北省枣阳市 08-20 11:59 1388 1460
[success] INSCRIPTIONS 黑龙江省五大连池市 07-07 19:22 -> 广东省高要市 07-07 21:36 292 17623
[pending] LeavesofGrass 宁夏石嘴山市 07-07 19:25 -> 新疆伊宁市 07-08 08:52 1855 13113
[success] LeavesofGrass 浙江省平湖市 07-29 08:59 -> 河北省河间市 07-29 18:01 1560 1412
[pending] LeavesofGrass 辽宁省抚顺市 07-07 14:24 -> 新疆博乐市 07-08 06:04 2432 6299
[success] puzzletheNewWorld 黑龙江省尚志市 07-03 20:11 -> 北京市 07-04 02:45 159 4645
[success] LeavesofGrass 新疆塔城市 08-04 07:38 -> 浙江省慈溪市 08-05 09:48 3997 2517
[success] puzzletheNewWorld 辽宁省辽阳市 07-29 13:05 -> 河南省登封市 07-30 09:52 1419 8831
[success] LeavesofGrass 湖南省衡阳市 07-20 16:20 -> 广东省花都市 07-21 01:39 1762 1642
[success] INSCRIPTIONS 贵州省清镇市 07-02 16:24 -> 广东省惠阳市 07-03 01:32 618 4782
[success] LeavesofGrass 辽宁省抚顺市 07-20 14:24 -> 宁夏石嘴山市 07-20 19:18 979 10955
[success] LeavesofGrass 浙江省杭州市 07-16 11:52 -> 宁夏石嘴山市 07-16 19:18 1381 1292
[success] LeavesofGrass 广东省花都市 07-06 01:43 -> 河南省偃师市 07-06 03:28 232 4211
[success] LeavesofGrass 浙江省平湖市 07-25 08:59 -> 新疆博乐市 07-26 06:04 3234 18135
[success] INSCRIPTIONS 广东省惠阳市 07-05 01:41 -> 新疆米泉市 07-05 14:38 1261 11666
[success] LeavesofGrass 陕西省安康市 07-14 17:25 -> 新疆伊宁市 07-15 08:52 2101 1354
[success] LeavesofGrass 新疆博乐市 08-01 06:11 -> 新疆伊宁市 08-01 08:52 402 13810
[29929] 17
[success] Ithinkallwarthr 浙江省东阳市 07-06 13:07 -> 江西省丰城市 07-06 16:52 481 10770
[success] puzzletheNewWorld 湖南省岳阳市 07-25 17:01 -> 北京市 07-26 02:45 585 5385
[success] INSCRIPTIONS 湖北省枣阳市 08-21 12:03 -> 新疆米泉市 08-21 14:38 162 5582
[pending] LeavesofGrass 陕西省安康市 07-06 17:25 -> 河北省河间市 07-06 18:01 25 12305
[success] whatyouwanted 安徽省阜阳市 07-11 08:24 -> 吉林省四平市 07-11 18:18 2151 6964
[pending] LeavesofGrass 辽宁省抚顺市 07-04 14:24 -> 宁夏石嘴山市 07-04 19:18 979 7709
[success] LeavesofGrass 新疆塔城市 07-22 07:38 -> 辽宁省抚顺市 07-22 14:21 1093 8613
[pending] LeavesofGrass 浙江省平湖市 07-19 08:59 -> 广东省花都市 07-20 01:39 2809 8089
[success] puzzletheNewWorld 辽宁省辽阳市 07-08 13:05 -> 北京市 07-09 02:45 964 10738
[pending] LeavesofGrass 河南省灵宝市 07-11 23:45 -> 新疆博乐市 07-12 06:04 539 14357
[success] IHEARDthatyouask 广东省云浮市 07-10 19:00 -> 四川省彭州市 07-10 23:13 20 12521
[success] INSCRIPTIONS 贵州省清镇市 07-29 16:24 -> 江苏省扬州市 07-30 08:14 1229 12110
[success] INSCRIPTIONS 贵州省清镇市 07-20 16:24 -> 江苏省扬州市 07-21 08:14 1229 17160
[success] ThereforeIsendyou 新疆喀什市 06-30 02:53 -> 河南省驻马店市 06-30 13:30 789 524
[success] IHEARDthatyouask 广东省云浮市 07-17 19:00 -> 四川省彭州市 07-17 23:13 20 1400
[success] LeavesofGrass 新疆塔城市 08-01 07:38 -> 河南省灵宝市 08-01 23:39 2986 20534
[success] LeavesofGrass 陕西省安康市 07-19 17:25 -> 浙江省慈溪市 07-20 09:48 2171 4583
[29938] 0
[29948] 9
[pending] LeavesofGrass 浙江省杭州市 07-26 11:52 -> 新疆伊宁市 07-27 08:52 3236 20325
[success] LeavesofGrass 辽宁省抚顺市 08-02 14:24 -> 黑龙江省海林市 08-02 22:46 1393 3985
[success] LeavesofGrass 浙江省平湖市 07-18 08:59 -> 黑龙江省海林市 07-18 22:46 2195 4800
[pending] LeavesofGrass 新疆塔城市 07-06 07:38 -> 广东省花都市 07-07 01:39 3100 13331
[success] LeavesofGrass 陕西省安康市 07-11 17:25 -> 黑龙江省海林市 07-11 22:46 660 1436
[success] INSCRIPTIONS 广东省惠阳市 06-29 01:41 -> 北京市 06-29 06:40 411 8641
[success] LeavesofGrass 辽宁省抚顺市 07-23 14:24 -> 河南省灵宝市 07-23 23:39 1893 18081
[success] LeavesofGrass 广东省四会市 07-28 15:39 -> 陕西省安康市 07-28 17:15 728 341
[success] LeavesofGrass 宁夏石嘴山市 07-19 19:25 -> 福建省建阳市 07-19 21:14 400 16862
[29951] Croissant 可颂 torn.asunder@the.motley 1
[29957] Hoshiguma 星熊 is.high.time@that.Communists 2
[29962] 20647480
[29964] 1
ThereforeIsendyou 天津市 08-01 17:39 -> 山东省胶南市 08-02 10:01 1074 3759
[29966] Zima 凛冬 industrial@production.was 2
[29975] Bagpipe 风笛 bourgeoisie@is.itself 2
[29978] 5052032
[29979] queue
[29984] 1
AndtodefineAmeric 山东省高密市 07-13 13:02 -> 辽宁省朝阳市 07-13 18:41 988 80198
[29989] 4509840
[29998] 4517304
[30003] 1009008
[30007] 1
AwarOsoldiersno 安徽省宁国市 07-29 06:18 -> 吉林省龙井市 07-29 14:03 1087 34034
[30015] -1
[30016] Matoimaru 缠丸 nobility.and@in.fact 1
[30020] 0
[30030] 16482875
[30040] 0
[30043] Lava 炎熔 modern.bourgeois@Modern.indust 1
[30046] Grani 格拉尼 serfs.of.the@Middle.Ages 1
[30048] 1
LeavesofGrass 陕西省安康市 07-22 17:25 -> 河南省灵宝市 07-22 23:39 1160 4602
[30050] -1
[30056] 1580832
[30060] 7486800
[30065] 1
whatyouwanted 湖北省利川市 07-15 22:30 -> 四川省华蓥市 07-16 09:33 1362 25783
[30070] 1
whatyouwanted 甘肃省兰州市 07-19 21:27 -> 吉林省双辽市 07-20 14:29 2306 30519
[30080] -1
[30088] Meteor 流星 The.executive@of.the 1
[30094] 1
AndtodefineAmeric 山东省胶州市 07-11 12:18 -> 北京市 07-11 22:38 1716 80198
[30095] -1
[30100] Cutter 刻刀 France.afterwards@in.the 1
[30110] Sesa 慑砂 This.market@has.given 1
[30113] 1
AndtodefineAmeric 云南省保山市 07-31 09:33 -> 辽宁省朝阳市 07-31 18:41 1721 80198
[30121] 0
[30123] 1262493
[30132] 1
INSCRIPTIONS 云南省安宁市 06-22 20:50 -> 广东省惠阳市 06-23 01:32 289 43798
[30135] 1
ThereforeIsendyou 湖南省汩罗市 07-01 22:12 -> 河南省驻马店市 07-02 13:30 1287 3759
[30140] Aak 阿阿 in.almost.all@of.these 1
[30145] Franka 芙兰 relations.It@has.pitilessly 1
[30154] Sussurro 苏苏 to.industry@an.impulse 2
[30155] 0
[30160] 1
TOFOREIGNLANDS 北京市 08-08 02:59 -> 辽宁省铁岭市 08-08 12:11 885 92870
[30165] 1
whatyouwanted 湖北省利川市 08-01 22:30 -> 新疆阿克苏市 08-02 15:55 2585 30519
[30175] -1
[30185] GreyThroat 灰喉 Freeman.and@slave.patrician 1
[30191] 8371565
[30196] Bagpipe 风笛 bourgeoisie@is.itself 2
[30201] 1
TOtheeoldcause 北京市 08-22 05:54 -> 湖北省宜昌市 08-22 10:47 424 90891
[30210] 11257216
[30220] 1
Farfarmorestood 辽宁省沈阳市 07-28 18:29 -> 河南省焦作市 07-29 05:03 2382 82959
[30224] 1
Thesechantsforthe 宁夏银川市 08-14 00:55 -> 吉林省图们市 08-14 11:16 839 60930
[30230] Adnachiel 安德切 and.has.left@remaining.no 2
[30231] -1
[30232] 1
Ithinkallwarthr 北京市 07-05 07:42 -> 湖北省石首市 07-05 19:18 1247 86945
[30240] Firewatch 守林人 opponents.in@power.Where 2
[30241] Grani 格拉尼 serfs.of.the@Middle.Ages 1
[30246] 19
[success] LeavesofGrass 湖南省衡阳市 07-08 16:20 -> 河北省河间市 07-08 18:01 513 2461
[success] LeavesofGrass 河南省偃师市 07-07 03:31 -> 新疆伊宁市 07-07 08:52 595 3002
[success] INSCRIPTIONS 云南省安宁市 08-19 20:50 -> 湖北省枣阳市 08-20 11:59 1388 1460
[success] INSCRIPTIONS 黑龙江省五大连池市 07-07 19:22 -> 广东省高要市 07-07 21:36 292 17623
[pending] LeavesofGrass 宁夏石嘴山市 07-07 19:25 -> 新疆伊宁市 07-08 08:52 1855 13113
[success] LeavesofGrass 浙江省平湖市 07-29 08:59 -> 河北省河间市 07-29 18:01 1560 1412
[pending] LeavesofGrass 辽宁省抚顺市 07-07 14:24 -> 新疆博乐市 07-08 06:04 2432 6299
[success] puzzletheNewWorld 黑龙江省尚志市 07-03 20:11 -> 北京市 07-04 02:45 159 4645
[success] LeavesofGrass 新疆塔城市 08-04 07:38 -> 浙江省慈溪市 08-05 09:48 3997 2517
[success] puzzletheNewWorld 辽宁省辽阳市 07-29 13:05 -> 河南省登封市 07-30 09:52 1419 8831
[success] LeavesofGrass 湖南省衡阳市 07-20 16:20 -> 广东省花都市 07-21 01:39 1762 1642
[success] INSCRIPTIONS 贵州省清镇市 07-02 16:24 -> 广东省惠阳市 07-03 01:32 618 4782
[success] LeavesofGrass 辽宁省抚顺市 07-20 14:24 -> 宁夏石嘴山市 07-20 19:18 979 10955
[success] LeavesofGrass 浙江省杭州市 07-16 11:52 -> 宁夏石嘴山市 07-16 19:18 1381 1292
[success] LeavesofGrass 广东省花都市 07-06 01:43 -> 河南省偃师市 07-06 03:28 232 4211
[success] LeavesofGrass 浙江省平湖市 07-25 08:59 -> 新疆博乐市 07-26 06:04 3234 18135
[success] INSCRIPTIONS 广东省惠阳市 07-05 01:41 -> 新疆米泉市 07-05 14:38 1261 11666
[success] LeavesofGrass 陕西省安康市 07-14 17:25 -> 新疆伊宁市 07-15 08:52 2101 1354
[success] LeavesofGrass 新疆博乐市 08-01 06:11 -> 新疆伊宁市 08-01 08:52 402 13810
[30247] -1
[30251] -1
[30258] 1
AwarOsoldiersno 内蒙集宁市 08-10 23:00 -> 广东省潮州市 08-11 21:57 3455 34034
[30268] Reed 苇草 has.established@the.worldmarke 2
[30275] 1
TOFOREIGNLANDS 广西凭祥市 07-15 06:08 -> 甘肃省敦煌市 07-15 20:48 1799 74070
[30278] -1
[30282] 1
Thesechantsforthe 吉林省梅河口市 08-14 23:57 -> 黑龙江省黑河市 08-15 04:31 806 60930
[30288] 2098400
[30297] 1
LeavesofGrass 河北省河间市 07-23 18:11 -> 河南省灵宝市 07-23 23:39 1135 2008
[30305] 3630000
[30312] Cliffheart 崖心 in.London.and@sketched.the 1
[30315] Shamare 巫恋 rising.Even@manufacture.no 1
[30323] queue
[30331] 1
Thesechantsforthe 宁夏银川市 08-11 00:55 -> 黑龙江省黑河市 08-11 04:31 348 60930
[30336] 13432352
[30339] Durnar 坚雷 adversaries@Two.things 1
[30340] queue
[30349] 1
TOtheeoldcause 北京市 08-18 05:54 -> 湖北省宜昌市 08-18 10:47 424 90891
[30350] 7292688
[30356] 1
TOFOREIGNLANDS 辽宁省铁岭市 06-13 12:14 -> 江苏省淮安市 06-13 19:12 652 92870
[30366] Lappland 拉普兰德 the.mediaeval@commune.here 1
[30373] 5414238
[30379] 2323050
[30384] 1
TOFOREIGNLANDS 北京市 08-03 02:59 -> 辽宁省铁岭市 08-03 12:11 885 92870
[30394] -1
[30403] 0
[30409] 1157052
[30416] 1
LeavesofGrass 浙江省平湖市 07-08 08:59 -> 河南省偃师市 07-09 03:28 3041 13862
[30421] queue
[30425] Matoimaru 缠丸 nobility.and@in.fact 1
[30431] -1
[30439] Durin 杜林 armed.and.selfgoverning@associ 1
[30446] 1
Farfarmorestood 广东省台山市 06-21 01:39 -> 浙江省萧山市 06-21 17:13 3440 82959
[30452] Spot 斑点 with.a.Manifesto@of.the 1
[30459] -1
[30461] -1
[30462] -1
[30464] 19408424
[30470] 1
Farfarmorestood 辽宁省阜新市 08-11 10:56 -> 福建省厦门市 08-11 12:19 342 82959
[30475] 3247850
[30482] 1
Ithinkallwarthr 黑龙江省五大连池市 06-27 09:51 -> 陕西省华阴市 06-27 12:17 108 86945
[30484] 1
everwillbereally 湖南省汩罗市 07-01 09:18 -> 山东省青州市 07-02 00:11 1484 91355
[30485] 10425530
[30491] 389593
[30495] 3739056
[30500] Croissant 可颂 torn.asunder@the.motley 1
[30510] Manticore 狮蝎 other.nexus@between.man 2
[30512] 14771150
[30513] 1
LeavesofGrass 黑龙江省海林市 07-07 22:56 -> 新疆伊宁市 07-08 08:52 1441 11768
[30515] 16
[success] AndtodefineAmeric 山东省胶州市 06-18 12:18 -> 山东省乐陵市 06-18 14:08 938 1216
[pending] LeavesofGrass 陕西省安康市 07-25 17:25 -> 新疆伊宁市 07-26 08:52 2101 13401
[success] LeavesofGrass 浙江省杭州市 08-04 11:52 -> 河北省河间市 08-04 18:01 1160 3497
[success] INSCRIPTIONS 江苏省扬州市 07-16 08:17 -> 湖北省枣阳市 07-16 11:59 488 13445
[success] INSCRIPTIONS 黑龙江省五大连池市 08-20 19:22 -> 广东省高要市 08-20 21:36 292 16443
[success] LeavesofGrass 河南省偃师市 07-31 03:31 -> 新疆伊宁市 07-31 08:52 595 3730
[success] IHEARDthatyouask 天津市 07-26 06:35 -> 广东省云浮市 07-26 18:52 229 19829
[pending] LeavesofGrass 宁夏石嘴山市 07-16 19:25 -> 新疆博乐市 07-17 06:04 1453 12080
[success] LeavesofGrass 浙江省杭州市 06-29 11:52 -> 湖南省衡阳市 06-29 16:17 647 1956
[success] LeavesofGrass 黑龙江省海林市 08-03 22:56 -> 新疆博乐市 08-04 06:04 1039 10481
[success] INSCRIPTIONS 北京市 07-23 06:46 -> 江苏省扬州市 07-23 08:14 200 4904
[pending] LeavesofGrass 广东省四会市 07-04 15:39 -> 陕西省安康市 07-04 17:15 728 16656
[success] INSCRIPTIONS 贵州省清镇市 07-11 16:24 -> 新疆米泉市 07-12 14:38 1879 6004
[success] INSCRIPTIONS 黑龙江省五大连池市 06-21 19:22 -> 北京市 06-22 06:40 856 9686
[success] INSCRIPTIONS 云南省安宁市 07-03 20:50 -> 江苏省扬州市 07-04 08:14 900 4964
[success] LeavesofGrass 陕西省安康市 07-11 17:25 -> 河南省偃师市 07-12 03:28 1506 13565
[30524] 0
[30528] 1
AndtodefineAmeric 山东省胶州市 08-15 12:18 -> 江苏省吴江市 08-15 16:50 1215 80198
[30532] 3159028
[30536] 5943808
[30537] 0
[30539] 2216205
[30548] 1
Afterastrangesad 贵州省清镇市 08-21 02:07 -> 四川省崇州市 08-21 17:38 2815 68496
[30554] 1
AndtodefineAmeric 江西省吉安市 06-27 21:19 -> 北京市 06-27 22:38 265 80198
[30562] Sideroca 铸铁 rising.bourgeoisie@The.EastInd 1
[30570] Cliffheart 崖心 in.London.and@sketched.the 1
[30577] 6152880
[30584] 902643
[30587] Plume 翎羽 and.man.than@naked.selfinteres 2
[30589] Hung 吽吽 itself.a.Power@II.It 1
[30590] 1
Thesechantsforthe 吉林省图们市 08-05 11:26 -> 河南省南阳市 08-05 16:26 1176 60930
[30598] Savage 暴行 guilds.now@no.longer 2
[30600] 1
Afterastrangesad 山东省淄博市 07-28 19:31 -> 云南省昆明市 07-29 01:11 641 68496
[30603] Shaw 阿消 new.conditions@of.oppression 1
[30612] 17701536
[30620] Gummy 古米 commerce.to@navigation.to 1
[30623] 8544600
[30624] 14901304
[30633] Swire 诗怀 the.place.of@the.industrial 1
[30634] 8544159
[30638] Savage 暴行 guilds.now@no.longer 2
[30646] 22477072
[30651] Meteorite 陨星 than.callous@cash.payment 3
[30660] 1
TOFOREIGNLANDS 湖南省常宁市 06-13 02:20 -> 海南省通什市 06-13 13:23 976 92870
[30667] Gravel 砾砾 that.each.time@ended.either 1
[30675] Myrrh 末药 Proletariat@From.the 3
[30682] -1
[30689] 1
TOFOREIGNLANDS 江西省鹰潭市 08-01 08:47 -> 湖北省洪湖市 08-01 11:19 488 92870
[30697] -1
[30702] 1
Afterastrangesad 山东省乳山市 07-25 18:58 -> 云南省昆明市 07-27 01:11 4592 65297
[30709] -1
[30713] 1
Ithinkallwarthr 江西省丰城市 08-03 17:00 -> 安徽省宣州市 08-03 20:02 166 86945
[30721] Lappland 拉普兰德 the.mediaeval@commune.here 1
[30727] 343300
[30730] 1
Thesechantsforthe 甘肃省白银市 07-22 06:16 -> 天津市 07-22 13:37 706 60930
[30739] 1
AndtodefineAmeric 江苏省吴江市 08-22 17:00 -> 湖北省黄冈市 08-23 01:07 551 80198
[30744] 1
Deathlessthroughout 辽宁省沈阳市 07-30 21:55 -> 吉林省长春市 07-31 23:22 1715 73160
[30746] 1
Ithinkallwarthr 江西省丰城市 07-25 17:00 -> 海南省万宁市 07-26 00:48 965 86945
[30754] -1
[30760] queue
[30763] 1
Ithinkallwarthr 辽宁省沈阳市 07-17 07:11 -> 江苏省宿迁市 07-17 14:50 612 86945
[30770] 1
puzzletheNewWorld 湖南省岳阳市 06-20 17:01 -> 四川省绵竹市 06-21 14:44 1339 47885
[30774] 21025738
[30777] 45700
[30778] 20
[success] INSCRIPTIONS 黑龙江省五大连池市 08-06 19:22 -> 北京市 08-07 06:40 856 15692
[success] LeavesofGrass 湖南省衡阳市 07-08 16:20 -> 河北省河间市 07-08 18:01 513 2461
[success] LeavesofGrass 河南省偃师市 07-07 03:31 -> 新疆伊宁市 07-07 08:52 595 3002
[success] INSCRIPTIONS 云南省安宁市 08-19 20:50 -> 湖北省枣阳市 08-20 11:59 1388 1460
[success] INSCRIPTIONS 黑龙江省五大连池市 07-07 19:22 -> 广东省高要市 07-07 21:36 292 17623
[pending] LeavesofGrass 宁夏石嘴山市 07-07 19:25 -> 新疆伊宁市 07-08 08:52 1855 13113
[success] LeavesofGrass 浙江省平湖市 07-29 08:59 -> 河北省河间市 07-29 18:01 1560 1412
[pending] LeavesofGrass 辽宁省抚顺市 07-07 14:24 -> 新疆博乐市 07-08 06:04 2432 6299
[success] puzzletheNewWorld 黑龙江省尚志市 07-03 20:11 -> 北京市 07-04 02:45 159 4645
[success] LeavesofGrass 新疆塔城市 08-04 07:38 -> 浙江省慈溪市 08-05 09:48 3997 2517
[success] puzzletheNewWorld 辽宁省辽阳市 07-29 13:05 -> 河南省登封市 07-30 09:52 1419 8831
[success] LeavesofGrass 湖南省衡阳市 07-20 16:20 -> 广东省花都市 07-21 01:39 1762 1642
[success] INSCRIPTIONS 贵州省清镇市 07-02 16:24 -> 广东省惠阳市 07-03 01:32 618 4782
[success] LeavesofGrass 辽宁省抚顺市 07-20 14:24 -> 宁夏石嘴山市 07-20 19:18 979 10955
[success] LeavesofGrass 浙江省杭州市 07-16 11:52 -> 宁夏石嘴山市 07-16 19:18 1381 1292
[success] LeavesofGrass 广东省花都市 07-06 01:43 -> 河南省偃师市 07-06 03:28 232 4211
[success] LeavesofGrass 浙江省平湖市 07-25 08:59 -> 新疆博乐市 07-26 06:04 3234 18135
[success] INSCRIPTIONS 广东省惠阳市 07-05 01:41 -> 新疆米泉市 07-05 14:38 1261 11666
[success] LeavesofGrass 陕西省安康市 07-14 17:25 -> 新疆伊宁市 07-15 08:52 2101 1354
[success] LeavesofGrass 新疆博乐市 08-01 06:11 -> 新疆伊宁市 08-01 08:52 402 13810
[30788] 1
Afterastrangesad 天津市 08-16 16:53 -> 四川省崇州市 08-17 17:38 3888 68496
[30794] 0
[30799] 17
[success] INSCRIPTIONS 黑龙江省五大连池市 07-19 19:22 -> 新疆米泉市 07-20 14:38 1706 2482
[success] INSCRIPTIONS 黑龙江省五大连池市 07-28 19:22 -> 湖北省枣阳市 07-29 11:59 1544 9250
[success] LeavesofGrass 陕西省安康市 07-03 17:25 -> 新疆博乐市 07-04 06:04 1699 6416
[success] puzzletheNewWorld 辽宁省辽阳市 06-26 13:05 -> 河南省登封市 06-27 09:52 1419 9948
[success] puzzletheNewWorld 黑龙江省尚志市 07-06 20:11 -> 河南省登封市 07-07 09:52 614 5473
[success] IHEARDthatyouask 天津市 07-17 06:35 -> 广东省云浮市 07-17 18:52 229 18324
[success] IHEARDthatyouask 新疆吐鲁番市 07-19 05:55 -> 天津市 07-19 06:30 496 3891
[success] LeavesofGrass 黑龙江省海林市 07-11 22:56 -> 新疆伊宁市 07-12 08:52 1441 20670
[success] INSCRIPTIONS 贵州省清镇市 07-23 16:24 -> 黑龙江省五大连池市 07-23 19:12 173 2543
[success] IHEARDthatyouask 天津市 07-08 06:35 -> 四川省彭州市 07-08 23:13 249 16978
[success] INSCRIPTIONS 云南省安宁市 07-23 20:50 -> 湖北省枣阳市 07-24 11:59 1388 9613
[success] INSCRIPTIONS 黑龙江省五大连池市 07-17 19:22 -> 江苏省扬州市 07-18 08:14 1056 7832
[success] INSCRIPTIONS 广东省高要市 06-17 21:40 -> 北京市 06-18 06:40 564 1448
[success] LeavesofGrass 新疆塔城市 07-09 07:38 -> 浙江省杭州市 07-09 11:46 691 10367
[pending] LeavesofGrass 新疆塔城市 07-31 07:38 -> 浙江省慈溪市 08-01 09:48 3997 22374
[success] IHEARDthatyouask 新疆吐鲁番市 07-11 05:55 -> 四川省彭州市 07-11 23:13 745 19915
[success] LeavesofGrass 黑龙江省海林市 07-30 22:56 -> 广东省花都市 07-31 01:39 614 20787
[30802] 1
LeavesofGrass 浙江省平湖市 07-30 08:59 -> 浙江省杭州市 07-30 11:46 400 79670
[30804] 1
advanceinthisbook 广东省深圳市 08-01 13:47 -> 河南省济源市 08-02 09:15 2360 47673
[30806] 1
AwarOsoldiersno 安徽省宁国市 07-23 06:18 -> 北京市 07-23 08:56 631 34034
[30813] 1
IHEARDthatyouask 广东省云浮市 07-24 19:00 -> 四川省彭州市 07-24 23:13 20 31771
[30817] 1
advanceinthisbook 广东省阳春市 07-24 05:02 -> 河南省济源市 07-24 09:15 615 47673
[30818] Vermeil 红云 production@The.place 1
[30826] Nian 年年 wants.of.the@new.markets 1
[30832] 17
[success] puzzletheNewWorld 辽宁省辽阳市 07-30 13:05 -> 北京市 07-31 02:45 964 3277
[pending] LeavesofGrass 陕西省安康市 07-09 17:25 -> 新疆伊宁市 07-10 08:52 2101 10111
[success] LeavesofGrass 河北省河间市 07-14 18:11 -> 河南省灵宝市 07-14 23:39 1135 8548
[success] IHEARDthatyouask 新疆吐鲁番市 07-22 05:55 -> 四川省彭州市 07-22 23:13 745 20679
[success] TOFOREIGNLANDS 河北省张家口市 07-07 22:51 -> 四川省攀枝花市 07-08 20:01 2268 18348
[success] LeavesofGrass 辽宁省抚顺市 06-28 14:24 -> 黑龙江省海林市 06-28 22:46 1393 1233
[success] TOFOREIGNLANDS 浙江省临安市 07-28 21:04 -> 湖北省洪湖市 07-29 11:19 1713 12983
[success] IHEARDthatyouask 天津市 08-03 06:35 -> 广东省云浮市 08-03 18:52 229 9042
[success] LeavesofGrass 新疆塔城市 07-22 07:38 -> 浙江省杭州市 07-22 11:46 691 1160
[success] INSCRIPTIONS 江苏省扬州市 08-05 08:17 -> 新疆米泉市 08-05 14:38 650 1736
[success] INSCRIPTIONS 贵州省清镇市 08-03 16:24 -> 江苏省扬州市 08-04 08:14 1229 17489
[success] puzzletheNewWorld 湖南省岳阳市 07-11 17:01 -> 北京市 07-12 02:45 585 6682
[success] INSCRIPTIONS 北京市 08-22 06:46 -> 江苏省扬州市 08-22 08:14 200 16819
[success] LeavesofGrass 辽宁省抚顺市 07-22 14:24 -> 河南省灵宝市 07-22 23:39 1893 23313
[success] LeavesofGrass 浙江省杭州市 07-03 11:52 -> 河北省河间市 07-03 18:01 1160 1135
[success] LeavesofGrass 广东省四会市 07-22 15:39 -> 福建省建阳市 07-22 21:14 1374 1717
[success] LeavesofGrass 黑龙江省海林市 07-06 22:56 -> 广东省花都市 07-07 01:39 614 12429
[30837] Pramanix 初雪 means.of.exchange@and.in 1
[30847] 0
[30851] Broca 布洛 independent@urban.republic 1
[30861] 1
LeavesofGrass 广东省四会市 07-14 15:39 -> 黑龙江省海林市 07-14 22:46 1388 1723
[30869] 1
INSCRIPTIONS 云南省安宁市 07-04 20:50 -> 湖北省枣阳市 07-05 11:59 1388 34614
[30877] -1
[30882] Blaze 煌煌 of.a.series@of.revolutions 4
[30885] 0
[30892] -1
[30897] Beehunter 猎蜂 these.burgesses@the.first 2
[30901] 2881288
[30902] 6480240
[30907] queue
[30910] 1
LeavesofGrass 河北省河间市 07-23 18:11 -> 浙江省慈溪市 07-24 09:48 2146 2008
[30919] -1
[30926] Blaze 煌煌 of.a.series@of.revolutions 4
[30932] 36
[success] IHEARDthatyouask 新疆吐鲁番市 08-03 05:55 -> 四川省彭州市 08-03 23:13 745 11237
[success] LeavesofGrass 广东省花都市 07-09 01:43 -> 河南省偃师市 07-09 03:28 232 21776
[success] INSCRIPTIONS 云南省安宁市 07-19 20:50 -> 北京市 07-20 06:40 700 15188
[success] INSCRIPTIONS 广东省高要市 07-27 21:40 -> 江苏省扬州市 07-28 08:14 764 12568
[success] LeavesofGrass 新疆塔城市 08-04 07:38 -> 广东省四会市 08-04 15:34 1098 14473
[success] INSCRIPTIONS 云南省安宁市 06-29 20:50 -> 广东省高要市 06-29 21:36 136 6876
[success] TOFOREIGNLANDS 湖南省常宁市 06-28 02:20 -> 湖北省洪湖市 06-28 11:19 862 18343
[success] IHEARDthatyouask 广东省云浮市 08-01 19:00 -> 四川省彭州市 08-01 23:13 20 13436
[success] INSCRIPTIONS 云南省安宁市 07-11 20:50 -> 新疆米泉市 07-12 14:38 1550 17290
[success] LeavesofGrass 河北省河间市 07-23 18:11 -> 河南省灵宝市 07-23 23:39 1135 20069
[success] LeavesofGrass 新疆塔城市 07-03 07:38 -> 浙江省平湖市 07-03 08:52 291 21923
[success] IHEARDthatyouask 天津市 07-09 06:35 -> 四川省彭州市 07-09 23:13 249 5546
[success] LeavesofGrass 新疆博乐市 07-16 06:11 -> 新疆伊宁市 07-16 08:52 402 2635
[success] IHEARDthatyouask 新疆吐鲁番市 07-15 05:55 -> 广东省云浮市 07-15 18:52 725 8550
[success] INSCRIPTIONS 贵州省清镇市 08-15 16:24 -> 江苏省扬州市 08-16 08:14 1229 12973
[pending] LeavesofGrass 浙江省平湖市 07-07 08:59 -> 河南省灵宝市 07-07 23:39 2695 19230
[success] LeavesofGrass 浙江省杭州市 07-22 11:52 -> 宁夏石嘴山市 07-22 19:18 1381 49
[success] LeavesofGrass 河南省灵宝市 07-17 23:45 -> 广东省花都市 07-18 01:39 114 23338
[pending] LeavesofGrass 广东省四会市 06-28 15:39 -> 河南省偃师市 06-29 03:28 2234 22167
[success] puzzletheNewWorld 辽宁省辽阳市 08-07 13:05 -> 河南省登封市 08-08 09:52 1419 6016
[success] AndtodefineAmeric 江苏省吴江市 07-20 17:00 -> 江西省南康市 07-21 05:58 769 2510
[success] LeavesofGrass 广东省四会市 07-08 15:39 -> 河北省河间市 07-08 18:01 753 14
[success] IHEARDthatyouask 新疆吐鲁番市 07-25 05:55 -> 天津市 07-25 06:30 496 20847
[success] INSCRIPTIONS 广东省惠阳市 07-25 01:41 -> 新疆米泉市 07-25 14:38 1261 13466
[success] LeavesofGrass 新疆塔城市 07-26 07:38 -> 辽宁省抚顺市 07-26 14:21 1093 16057
[success] LeavesofGrass 广东省花都市 08-02 01:43 -> 浙江省慈溪市 08-02 09:48 897 18868
[pending] LeavesofGrass 辽宁省抚顺市 06-29 14:24 -> 浙江省慈溪市 06-30 09:48 2904 14607
[pending] LeavesofGrass 新疆塔城市 07-12 07:38 -> 湖南省衡阳市 07-12 16:17 1338 23030
[success] LeavesofGrass 辽宁省抚顺市 07-19 14:24 -> 河北省河间市 07-19 18:01 758 13298
[success] LeavesofGrass 浙江省杭州市 07-01 11:52 -> 新疆伊宁市 07-02 08:52 3236 17483
[pending] LeavesofGrass 新疆塔城市 07-11 07:38 -> 福建省建阳市 07-11 21:14 2472 11252
[success] LeavesofGrass 陕西省安康市 07-12 17:25 -> 河南省偃师市 07-13 03:28 1506 6505
[success] INSCRIPTIONS 江苏省扬州市 07-07 08:17 -> 湖北省枣阳市 07-07 11:59 488 14755
[pending] LeavesofGrass 辽宁省抚顺市 07-06 14:24 -> 广东省花都市 07-07 01:39 2007 10068
[success] LeavesofGrass 辽宁省抚顺市 07-25 14:24 -> 广东省花都市 07-26 01:39 2007 12999
[success] LeavesofGrass 浙江省杭州市 07-13 11:52 -> 湖南省衡阳市 07-13 16:17 647 13484
[30940] 1
Afterastrangesad 四川省广元市 08-09 16:17 -> 云南省昆明市 08-10 01:11 1107 68496
[30942] 1
INSCRIPTIONS 贵州省清镇市 06-17 16:24 -> 广东省惠阳市 06-18 01:32 618 33528
[30944] 0
[30947] 1
everwillbereally 江苏省南京市 06-30 02:19 -> 黑龙江省虎林市 06-30 05:34 894 91355
[30949] Istina 真理 a.counterpoise@against.the 1
[30955] queue
[30964] 11007799
[30974] 1
advanceinthisbook 广东省深圳市 07-11 13:47 -> 江西省瑞金市 07-11 16:05 523 47673
[30984] Fang 芬芬 sufficed.for@the.growing 1
[30988] 4356548
[30995] queue
[31001] 33555
[31011] Greyy 格雷 a.committee@for.managing 4
[31013] 0
[31023] Mostima 莫斯提马 of.the.earliest@towns.From 2
[31026] 1
Afterastrangesad 贵州省清镇市 08-22 02:07 -> 云南省昆明市 08-23 01:11 3606 68496
[31036] 1
advanceinthisbook 北京市 07-14 13:04 -> 江西省瑞金市 07-14 16:05 620 47673
[31038] 3
[success] INSCRIPTIONS 广东省高要市 06-14 21:40 -> 江苏省扬州市 06-15 08:14 764 3681
[success] LeavesofGrass 河南省灵宝市 07-23 23:45 -> 河南省偃师市 07-24 03:28 346 6277
[success] LeavesofGrass 辽宁省抚顺市 07-01 14:24 -> 广东省花都市 07-02 01:39 2007 17299
[31048] 3834998
[31050] 1
INSCRIPTIONS 广东省高要市 06-19 21:40 -> 新疆米泉市 06-20 14:38 1414 47120
[31054] queue
[31061] 8
[success] LeavesofGrass 陕西省安康市 06-28 17:25 -> 福建省建阳市 06-28 21:14 646 6689
[pending] LeavesofGrass 河北省河间市 07-15 18:11 -> 广东省花都市 07-16 01:39 1249 22828
[success] INSCRIPTIONS 湖北省枣阳市 06-19 12:03 -> 新疆米泉市 06-19 14:38 162 792
[success] INSCRIPTIONS 广东省高要市 06-21 21:40 -> 湖北省枣阳市 06-22 11:59 1252 8856
[success] AndtodefineAmeric 云南省保山市 07-24 09:33 -> 吉林省榆树市 07-25 03:30 2368 17477
[success] LeavesofGrass 浙江省杭州市 08-01 11:52 -> 福建省建阳市 08-01 21:14 1781 7628
[success] LeavesofGrass 辽宁省抚顺市 07-15 14:24 -> 河南省偃师市 07-16 03:28 2239 19633
[success] LeavesofGrass 湖南省衡阳市 07-07 16:20 -> 宁夏石嘴山市 07-07 19:18 734 3232
[31067] 1
TOTHEEOLDCAUSE 山西省太原市 06-26 07:56 -> 宁夏银川市 06-26 14:45 402 33971
[31071] 1
AwarOsoldiersno 黑龙江省富锦市 07-28 01:02 -> 山东省寿光市 07-28 20:15 2675 34034
[31076] 729015
[31085] queue
[31090] Hung 吽吽 itself.a.Power@II.It 1
[31097] -1
[31098] 10524128
[31099] 1
whatyouwanted 甘肃省兰州市 07-20 21:27 -> 山东省莱州市 07-21 10:04 1901 30519
[31107] 10523201
[31115] Vulcan 火神 commodities@generally.gave 2
[31117] 1
Deathlessthroughout 山东省莱芜市 07-13 17:36 -> 江西省南昌市 07-14 03:32 449 73160
[31120] bye
